 ##################################################################################
 # INFO.    [fnlo-tk-cppread] Program to read fastNLO tables and derive
 # INFO.    [fnlo-tk-cppread] QCD cross sections using PDFs e.g. from LHAPDF
 #---------------------------------------------------------------------------------
 # INFO.    [fnlo-tk-cppread] For more explanations type:
 # INFO.    [fnlo-tk-cppread] ./fnlo-tk-cppread -h
 # INFO.    [fnlo-tk-cppread] For version number printout type:
 # INFO.    [fnlo-tk-cppread] ./fnlo-tk-cppread -v
 ##################################################################################

 ##################################################################################
 # [fnlo-tk-cppread] fastNLO Cross-Section Calculator
 #---------------------------------------------------------------------------------
 # [fnlo-tk-cppread] Evaluating table: 2jet.NNLO.fnl5662j_mjj2_chi.tab.gz
 # [fnlo-tk-cppread] Using PDF set   : CT14nnlo
 # [fnlo-tk-cppread] If possible, will try to do 7 scale factor variations.
 # [fnlo-tk-cppread] Using alpha_s evolution code: LHAPDF
 # [fnlo-tk-cppread] Preparing unnormalized cross sections,
 # [fnlo-tk-cppread] Using scale definition kScale1
 # [fnlo-tk-cppread] No request given for no. of flavours,
 #             using default value for LHAPDF or Nf = 5.
 # [fnlo-tk-cppread] No request given for no. of loops,
 #             using default value for LHAPDF or NLoop = 2.
 # [fnlo-tk-cppread] No request given for value of alpha_s(M_Z),
 #             using default value for LHAPDF or asMz = 0.1181.
 # [fnlo-tk-cppread] No request given for value of M_Z,
 #             using default value for LHAPDF or Mz = 91.1876.
 ##################################################################################

 ##################################################################################
 #
 # [0;31mfast[0;34mNLO[0m_toolkit
 # Version 2.3.1_2771
 #
 # C++ program and toolkit to read and create fastNLO v2 tables and
 # derive QCD cross sections using PDFs, e.g. from LHAPDF
 #
 #---------------------------------------------------------------------------------
 #
 # Copyright © 2005-2020 [0;31mfast[0;34mNLO[0m Collaboration
 # D. Britzger, T. Kluge, K. Rabbertz, F. Stober, G. Sieber, M. Wobisch
 #
 # This program is free software: you can redistribute it and/or modify
 # it under the terms of the GNU General Public License as published by
 # the Free Software Foundation, either version 3 of the License, or
 # (at your option) any later version.
 #
 # This program is distributed in the hope that it will be useful,
 # but WITHOUT ANY WARRANTY; without even the implied warranty of
 # MERCHANTABILITY or FITNESS FOR A PARTICULAR PURPOSE. See the
 # GNU General Public License for more details.
 #
 # You should have received a copy of the GNU General Public License
 # along with this program. If not, see <http://www.gnu.org/licenses/>.
 #
 #---------------------------------------------------------------------------------
 #
 # The projects web page can be found at:
 #   http://projects.hepforge.org/fastnlo
 #
 # If you use this code, please cite:
 #   T. Kluge, K. Rabbertz, M. Wobisch, hep-ph/0609285
 #   D. Britzger, T. Kluge, K. Rabbertz, F. Stober, M. Wobisch, arXiv:1109.1310
 #
 ##################################################################################

 ##################################################################################
 # Overview on contribution types and numbers contained in table: 2jet.NNLO.fnl5662j_mjj2_chi.tab.gz
 #---------------------------------------------------------------------------------
 # Total number of contributions:  3
 #   No.: 1, type: Fixed order calculation       , Id: 0, order: LO                  , by: NNLOJET_rev_5088
 #   No.: 2, type: Fixed order calculation       , Id: 1, order: NLO                 , by: NNLOJET_rev_5088
 #   No.: 3, type: Fixed order calculation       , Id: 2, order: NNLO                , by: NNLOJET_rev_5088
 ##################################################################################

 ##################################################################################
 # Information on table header
 #---------------------------------------------------------------------------------
 #===================== fastNLO Table: Header ====================
 # Table version (Itabversion)         23600
 # Scenario name (ScenName)            fnl5662j
 # Theory contributions (Ncontrib)     3
 # Data contribution 0/1 (Ndata)       0
 ##################################################################################

 ##################################################################################
 # Information on fastNLO scenario: fnl5662j
 #---------------------------------------------------------------------------------
 #===================== fastNLO Table: Scenario ====================
 # Scenario description (ScDescript)
 #   0	d2sigma-dijet_dChi_dMjj_[pb_GeV]
 #   1	CMS_Collaboration
 #   2	Dijet_Chi
 #   3	anti-kT_R=0.4
 #   4	THEORY_LABEL=NNLOJET
 #   5	provided by:
 #   6	fastNLO_2.3.1
 #   7	If you use this table, please cite:
 #   8	  D. Britzger, T. Kluge, K. Rabbertz, F. Stober, M. Wobisch, arXiv:1109.1310
 #
 # Publ. x section (10^-Ipublunits b)  12
 # Centre-of-mass energy (Ecms/GeV)    13000
 # Power in a_s of LO process (ILOord) 2
 # No. of observable bins (NObsBin)    12
 # Dim. of observable binning (NDim)   1
 #
 # Dimension labels (DimLabel)
 #   0	Chi
 # Differential dimension (IDiffBin)
 #   0	2
 #
 # Total no. of contributions (theory + optional data) in this table: 3
 ##################################################################################

 ##################################################################################
 # Information on table contribution no. 0: LO
 #---------------------------------------------------------------------------------
 #===================== fastNLO Table: CoeffBase ====================
 # Contribution description (CtrbDescript)
 #   0	LO
 # Code description (CodeDescript)
 #   0	NNLOJET_rev_5088
 #   1	Example for single jet inclusive production.
 #   2	Please adapt to selected process: 2jet
 #   3	Please cite:
 #   4	Currie, J.; Glover, E.W.N. & Pires, J., Phys. Rev. Lett., 2017, 118, 072002 [arXiv:1611.01460]
 #   5	2jet
 #   6	PC: Please check and modify NNLOJET references according to selected process.
 #===================== fastNLO Table: CoeffAddBase ====================
 # No. of events (Nevt)                0.000000
 # Weight of table [=Nevt] (fWgtNevt)  0.000000
 # Number of tables merged together    150
 # No. of filled events (WgtNumEv)     86328845595
 # Sum of weights squared (WgtSumW2)   86736612000000.000000
 # Sum of sigma squared (SigSumW2)     57089.674000
 # Sum of sigma (SigSum)               7216098.600000
 # Sigma / Nevt (SigSum/WgtNevt)       3491135703757573093542001797720261671153320329216.000000
 # Abs. order in a_s (Npow)            2
 # No. of hadrons involved (NPDF)      2
 # Type(s) of hadrons (NPDFPDG)
 #   0	2212
 #   1	2212
 # PDF storage format (NPDFDim)        2
 #   --> x-interpolation storage format: Full-Matrix
 # Observable bin no. 1
 #   No. of X1 nodes (XNode1[i].size())          20
 # Observable bin no. 12
 #   No. of X1 nodes (XNode1[i].size())          20
 # No. of scales involved (NScales)    1
 # Scale descriptions (ScaleDescript)
 #   0	ptavg_j12_[GeV]
 #   1	m12_[GeV]
 # No. of subprocess contributions     13
 #ISub  Processes
 #   0: (0,0), 
 #   1: (1,0), (2,0), (3,0), (4,0), (5,0), 
 #   2: (1,-1), (2,-2), (3,-3), (4,-4), (5,-5), 
 #   3: (0,1), (0,2), (0,3), (0,4), (0,5), 
 #   4: (-1,1), (-2,2), (-3,3), (-4,4), (-5,5), 
 #   5: (0,-1), (0,-2), (0,-3), (0,-4), (0,-5), 
 #   6: (-1,0), (-2,0), (-3,0), (-4,0), (-5,0), 
 #   7: (1,-1), (1,-2), (1,-3), (1,-4), (1,-5), (2,-1), (2,-2), (2,-3), (2,-4), (2,-5), (3,-1), (3,-2), (3,-3), (3,-4), (3,-5), (4,-1), (4,-2), (4,-3), (4,-4), (4,-5), (5,-1), (5,-2), (5,-3), (5,-4), (5,-5), 
 #   8: (1,1), (1,2), (1,3), (1,4), (1,5), (2,1), (2,2), (2,3), (2,4), (2,5), (3,1), (3,2), (3,3), (3,4), (3,5), (4,1), (4,2), (4,3), (4,4), (4,5), (5,1), (5,2), (5,3), (5,4), (5,5), 
 #   9: (-1,-1), (-1,-2), (-1,-3), (-1,-4), (-1,-5), (-2,-1), (-2,-2), (-2,-3), (-2,-4), (-2,-5), (-3,-1), (-3,-2), (-3,-3), (-3,-4), (-3,-5), (-4,-1), (-4,-2), (-4,-3), (-4,-4), (-4,-5), (-5,-1), (-5,-2), (-5,-3), (-5,-4), (-5,-5), 
 #  10: (-1,1), (-1,2), (-1,3), (-1,4), (-1,5), (-2,1), (-2,2), (-2,3), (-2,4), (-2,5), (-3,1), (-3,2), (-3,3), (-3,4), (-3,5), (-4,1), (-4,2), (-4,3), (-4,4), (-4,5), (-5,1), (-5,2), (-5,3), (-5,4), (-5,5), 
 #  11: (1,1), (2,2), (3,3), (4,4), (5,5), 
 #  12: (-1,-1), (-2,-2), (-3,-3), (-4,-4), (-5,-5), 
 #===================== fastNLO Table: CoeffAddFlex ====================
 # No. of scale1 nodes (Nscalenode1)   6
 # No. of scale2 nodes (Nscalenode2)   6
 ##################################################################################

 ##################################################################################
 # Information on table contribution no. 1: NLO
 #---------------------------------------------------------------------------------
 #===================== fastNLO Table: CoeffBase ====================
 # Contribution description (CtrbDescript)
 #   0	NLO
 # Code description (CodeDescript)
 #   0	NNLOJET_rev_5088
 #   1	Example for single jet inclusive production.
 #   2	Please adapt to selected process: 2jet
 #   3	Please cite:
 #   4	Currie, J.; Glover, E.W.N. & Pires, J., Phys. Rev. Lett., 2017, 118, 072002 [arXiv:1611.01460]
 #   5	2jet
 #   6	PC: Please check and modify NNLOJET references according to selected process.
 #===================== fastNLO Table: CoeffAddBase ====================
 # No. of events (Nevt)                1.000000
 # Weight of table [=Nevt] (fWgtNevt)  1.000000
 # Number of tables merged together    550
 # No. of filled events (WgtNumEv)     808251265215
 # Sum of weights squared (WgtSumW2)   589225760000000012742295552.000000
 # Sum of sigma squared (SigSumW2)     186814550000000.000000
 # Sum of sigma (SigSum)               -702043.600000
 # Sigma / Nevt (SigSum/WgtNevt)       -702043.600000
 # Abs. order in a_s (Npow)            3
 # No. of hadrons involved (NPDF)      2
 # Type(s) of hadrons (NPDFPDG)
 #   0	2212
 #   1	2212
 # PDF storage format (NPDFDim)        2
 #   --> x-interpolation storage format: Full-Matrix
 # Observable bin no. 1
 #   No. of X1 nodes (XNode1[i].size())          20
 # Observable bin no. 12
 #   No. of X1 nodes (XNode1[i].size())          20
 # No. of scales involved (NScales)    1
 # Scale descriptions (ScaleDescript)
 #   0	ptavg_j12_[GeV]
 #   1	m12_[GeV]
 # No. of subprocess contributions     13
 #ISub  Processes
 #   0: (0,0), 
 #   1: (1,0), (2,0), (3,0), (4,0), (5,0), 
 #   2: (1,-1), (2,-2), (3,-3), (4,-4), (5,-5), 
 #   3: (0,1), (0,2), (0,3), (0,4), (0,5), 
 #   4: (-1,1), (-2,2), (-3,3), (-4,4), (-5,5), 
 #   5: (0,-1), (0,-2), (0,-3), (0,-4), (0,-5), 
 #   6: (-1,0), (-2,0), (-3,0), (-4,0), (-5,0), 
 #   7: (1,1), (1,2), (1,3), (1,4), (1,5), (2,1), (2,2), (2,3), (2,4), (2,5), (3,1), (3,2), (3,3), (3,4), (3,5), (4,1), (4,2), (4,3), (4,4), (4,5), (5,1), (5,2), (5,3), (5,4), (5,5), 
 #   8: (1,-1), (1,-2), (1,-3), (1,-4), (1,-5), (2,-1), (2,-2), (2,-3), (2,-4), (2,-5), (3,-1), (3,-2), (3,-3), (3,-4), (3,-5), (4,-1), (4,-2), (4,-3), (4,-4), (4,-5), (5,-1), (5,-2), (5,-3), (5,-4), (5,-5), 
 #   9: (-1,1), (-1,2), (-1,3), (-1,4), (-1,5), (-2,1), (-2,2), (-2,3), (-2,4), (-2,5), (-3,1), (-3,2), (-3,3), (-3,4), (-3,5), (-4,1), (-4,2), (-4,3), (-4,4), (-4,5), (-5,1), (-5,2), (-5,3), (-5,4), (-5,5), 
 #  10: (-1,-1), (-1,-2), (-1,-3), (-1,-4), (-1,-5), (-2,-1), (-2,-2), (-2,-3), (-2,-4), (-2,-5), (-3,-1), (-3,-2), (-3,-3), (-3,-4), (-3,-5), (-4,-1), (-4,-2), (-4,-3), (-4,-4), (-4,-5), (-5,-1), (-5,-2), (-5,-3), (-5,-4), (-5,-5), 
 #  11: (1,1), (2,2), (3,3), (4,4), (5,5), 
 #  12: (-1,-1), (-2,-2), (-3,-3), (-4,-4), (-5,-5), 
 #===================== fastNLO Table: CoeffAddFlex ====================
 # No. of scale1 nodes (Nscalenode1)   6
 # No. of scale2 nodes (Nscalenode2)   6
 ##################################################################################

 ##################################################################################
 # Information on table contribution no. 2: NNLO
 #---------------------------------------------------------------------------------
 #===================== fastNLO Table: CoeffBase ====================
 # Contribution description (CtrbDescript)
 #   0	NNLO
 # Code description (CodeDescript)
 #   0	NNLOJET_rev_5088
 #   1	Example for single jet inclusive production.
 #   2	Please adapt to selected process: 2jet
 #   3	Please cite:
 #   4	Currie, J.; Glover, E.W.N. & Pires, J., Phys. Rev. Lett., 2017, 118, 072002 [arXiv:1611.01460]
 #   5	2jet
 #   6	PC: Please check and modify NNLOJET references according to selected process.
 #===================== fastNLO Table: CoeffAddBase ====================
 # No. of events (Nevt)                1.000000
 # Weight of table [=Nevt] (fWgtNevt)  1.000000
 # Number of tables merged together    7750
 # No. of filled events (WgtNumEv)     5187042320116
 # Sum of weights squared (WgtSumW2)   3477634899999999959593269749702721536.000000
 # Sum of sigma squared (SigSumW2)     70173987000000004096.000000
 # Sum of sigma (SigSum)               -30386890.000000
 # Sigma / Nevt (SigSum/WgtNevt)       -30386890.000000
 # Abs. order in a_s (Npow)            4
 # No. of hadrons involved (NPDF)      2
 # Type(s) of hadrons (NPDFPDG)
 #   0	2212
 #   1	2212
 # PDF storage format (NPDFDim)        2
 #   --> x-interpolation storage format: Full-Matrix
 # Observable bin no. 1
 #   No. of X1 nodes (XNode1[i].size())          20
 # Observable bin no. 12
 #   No. of X1 nodes (XNode1[i].size())          20
 # No. of scales involved (NScales)    1
 # Scale descriptions (ScaleDescript)
 #   0	ptavg_j12_[GeV]
 #   1	m12_[GeV]
 # No. of subprocess contributions     13
 #ISub  Processes
 #   0: (0,0), 
 #   1: (1,0), (2,0), (3,0), (4,0), (5,0), 
 #   2: (1,-1), (2,-2), (3,-3), (4,-4), (5,-5), 
 #   3: (0,1), (0,2), (0,3), (0,4), (0,5), 
 #   4: (-1,1), (-2,2), (-3,3), (-4,4), (-5,5), 
 #   5: (0,-1), (0,-2), (0,-3), (0,-4), (0,-5), 
 #   6: (-1,0), (-2,0), (-3,0), (-4,0), (-5,0), 
 #   7: (1,1), (1,2), (1,3), (1,4), (1,5), (2,1), (2,2), (2,3), (2,4), (2,5), (3,1), (3,2), (3,3), (3,4), (3,5), (4,1), (4,2), (4,3), (4,4), (4,5), (5,1), (5,2), (5,3), (5,4), (5,5), 
 #   8: (1,-1), (1,-2), (1,-3), (1,-4), (1,-5), (2,-1), (2,-2), (2,-3), (2,-4), (2,-5), (3,-1), (3,-2), (3,-3), (3,-4), (3,-5), (4,-1), (4,-2), (4,-3), (4,-4), (4,-5), (5,-1), (5,-2), (5,-3), (5,-4), (5,-5), 
 #   9: (-1,1), (-1,2), (-1,3), (-1,4), (-1,5), (-2,1), (-2,2), (-2,3), (-2,4), (-2,5), (-3,1), (-3,2), (-3,3), (-3,4), (-3,5), (-4,1), (-4,2), (-4,3), (-4,4), (-4,5), (-5,1), (-5,2), (-5,3), (-5,4), (-5,5), 
 #  10: (-1,-1), (-1,-2), (-1,-3), (-1,-4), (-1,-5), (-2,-1), (-2,-2), (-2,-3), (-2,-4), (-2,-5), (-3,-1), (-3,-2), (-3,-3), (-3,-4), (-3,-5), (-4,-1), (-4,-2), (-4,-3), (-4,-4), (-4,-5), (-5,-1), (-5,-2), (-5,-3), (-5,-4), (-5,-5), 
 #  11: (1,1), (2,2), (3,3), (4,4), (5,5), 
 #  12: (-1,-1), (-2,-2), (-3,-3), (-4,-4), (-5,-5), 
 #===================== fastNLO Table: CoeffAddFlex ====================
 # No. of scale1 nodes (Nscalenode1)   6
 # No. of scale2 nodes (Nscalenode2)   6
 ##################################################################################
LHAPDF 6.3.0 loading /home/rabbertz/local/share/LHAPDF/CT14nnlo/CT14nnlo_0000.dat
CT14nnlo PDF set, member #0, version 1; LHAPDF ID = 13000
LHAPDF 6.3.0 loading /home/rabbertz/local/share/LHAPDF/CT14nnlo/CT14nnlo_0000.dat
CT14nnlo PDF set, member #0, version 1; LHAPDF ID = 13000

 ##################################################################################################################################################################
 # [fnlo-tk-cppread] Calculate my cross sections
 ##################################################################################################################################################################
 #=================================================================================================================================================================
 # My Cross Sections
 # The scale factors xmur, xmuf chosen here are:      1.000,      1.000
 #-----------------------------------------------------------------------------------------------------------------------------------------------------------------
 #IObs  BinSize  IODimO  [ Chi               ]  < ptavg_j12_ >  LO_cross_section   NLO_cross_section  NNLO_cross_section   KNLO      KNNLO
 #-----------------------------------------------------------------------------------------------------------------------------------------------------------------
     1  1.000         1   1.000       2.000      1025.          3.86635232478E+00  3.76342839373E+00  3.44310550810E+00    0.97338   0.91489
     2  1.000         2   2.000       3.000      947.0          3.30036291811E+00  3.13837533889E+00  2.86363316478E+00    0.95092   0.91246
     3  1.000         3   3.000       4.000      871.5          3.31559347781E+00  3.08611708169E+00  2.83570777273E+00    0.93079   0.91886
     4  1.000         4   4.000       5.000      808.7          3.41431318870E+00  3.11070441648E+00  2.76208979131E+00    0.91108   0.88793
     5  1.000         5   5.000       6.000      756.7          3.52726289356E+00  3.15797431421E+00  2.77616765072E+00    0.89530   0.87910
     6  1.000         6   6.000       7.000      713.0          3.63731009366E+00  3.19411912096E+00  3.07755989463E+00    0.87815   0.96351
     7  1.000         7   7.000       8.000      675.9          3.74061115982E+00  3.25166577166E+00  2.98618713071E+00    0.86929   0.91836
     8  1.000         8   8.000       9.000      643.8          3.83654242422E+00  3.28352318589E+00  2.75920046301E+00    0.85585   0.84032
     9  1.000         9   9.000       10.00      616.1          3.92670178369E+00  3.32113924532E+00  2.94443735126E+00    0.84578   0.88657
    10  2.000        10   10.00       12.00      580.6          4.05094808466E+00  3.36882137061E+00  3.05709034867E+00    0.83161   0.90747
    11  2.000        11   12.00       14.00      541.0          4.19852505782E+00  3.42973275429E+00  3.12446990058E+00    0.81689   0.91100
    12  2.000        12   14.00       16.00      508.7          4.33306362231E+00  3.49000885459E+00  3.24600665148E+00    0.80544   0.93009
 #=================================================================================================================================================================
 # My Cross Sections
 # The scale factors xmur, xmuf chosen here are:      0.500,      0.500
 #-----------------------------------------------------------------------------------------------------------------------------------------------------------------
 #IObs  BinSize  IODimO  [ Chi               ]  < ptavg_j12_ >  LO_cross_section   NLO_cross_section  NNLO_cross_section   KNLO      KNNLO
 #-----------------------------------------------------------------------------------------------------------------------------------------------------------------
     1  1.000         1   1.000       2.000      513.7          5.09589981453E+00  3.50926352826E+00  3.32981331661E+00    0.68864   0.94886
     2  1.000         2   2.000       3.000      474.7          4.35530975970E+00  2.89177401828E+00  2.76869451542E+00    0.66397   0.95744
     3  1.000         3   3.000       4.000      436.9          4.38356743796E+00  2.80947007637E+00  2.75715617993E+00    0.64091   0.98138
     4  1.000         4   4.000       5.000      405.5          4.52295560986E+00  2.79486218845E+00  2.64542949603E+00    0.61793   0.94653
     5  1.000         5   5.000       6.000      379.5          4.68137558733E+00  2.80473084727E+00  2.65410568678E+00    0.59913   0.94630
     6  1.000         6   6.000       7.000      357.7          4.83599446767E+00  2.79977910538E+00  3.09132923001E+00    0.57895   1.10413
     7  1.000         7   7.000       8.000      339.1          4.98162587062E+00  2.82850969732E+00  2.95278863084E+00    0.56779   1.04394
     8  1.000         8   8.000       9.000      323.1          5.11737788327E+00  2.82327828788E+00  2.52461381464E+00    0.55170   0.89421
     9  1.000         9   9.000       10.00      309.4          5.24531109932E+00  2.82900570158E+00  2.84780109907E+00    0.53934   1.00664
    10  2.000        10   10.00       12.00      291.6          5.42221165577E+00  2.83058564385E+00  2.98237061554E+00    0.52204   1.05362
    11  2.000        11   12.00       14.00      271.8          5.63335891992E+00  2.83592521032E+00  3.06330974480E+00    0.50342   1.08018
    12  2.000        12   14.00       16.00      255.7          5.82637418547E+00  2.84748577126E+00  3.25109623732E+00    0.48872   1.14174
 #=================================================================================================================================================================
 # My Cross Sections
 # The scale factors xmur, xmuf chosen here are:      2.000,      2.000
 #-----------------------------------------------------------------------------------------------------------------------------------------------------------------
 #IObs  BinSize  IODimO  [ Chi               ]  < ptavg_j12_ >  LO_cross_section   NLO_cross_section  NNLO_cross_section   KNLO      KNNLO
 #-----------------------------------------------------------------------------------------------------------------------------------------------------------------
     1  1.000         1   1.000       2.000      2048.          2.99280688304E+00  3.64783306904E+00  3.53677752935E+00    1.21887   0.96956
     2  1.000         2   2.000       3.000      1892.          2.55226042110E+00  3.05781042176E+00  2.94710666172E+00    1.19808   0.96380
     3  1.000         3   3.000       4.000      1741.          2.56016823557E+00  3.02149177207E+00  2.91437539580E+00    1.18019   0.96455
     4  1.000         4   4.000       5.000      1615.          2.63203941511E+00  3.06113528629E+00  2.87268659645E+00    1.16303   0.93844
     5  1.000         5   5.000       6.000      1511.          2.71469574349E+00  3.12084131765E+00  2.89771535159E+00    1.14961   0.92850
     6  1.000         6   6.000       7.000      1424.          2.79509784895E+00  3.17193793997E+00  3.12217471209E+00    1.13482   0.98431
     7  1.000         7   7.000       8.000      1350.          2.87038175081E+00  3.23694687627E+00  3.06951106090E+00    1.12771   0.94827
     8  1.000         8   8.000       9.000      1286.          2.94010421034E+00  3.28212354139E+00  2.95930022394E+00    1.11633   0.90164
     9  1.000         9   9.000       10.00      1230.          3.00550238366E+00  3.33017258323E+00  3.07688632062E+00    1.10803   0.92394
    10  2.000        10   10.00       12.00      1159.          3.09538358095E+00  3.39337181871E+00  3.18202659489E+00    1.09627   0.93772
    11  2.000        11   12.00       14.00      1080.          3.20163014415E+00  3.47236404287E+00  3.25132205155E+00    1.08456   0.93634
    12  2.000        12   14.00       16.00      1015.          3.29817066282E+00  3.54745375504E+00  3.34762014627E+00    1.07558   0.94367
 #=================================================================================================================================================================
 # My Cross Sections
 # The scale factors xmur, xmuf chosen here are:      0.500,      1.000
 #-----------------------------------------------------------------------------------------------------------------------------------------------------------------
 #IObs  BinSize  IODimO  [ Chi               ]  < ptavg_j12_ >  LO_cross_section   NLO_cross_section  NNLO_cross_section   KNLO      KNNLO
 #-----------------------------------------------------------------------------------------------------------------------------------------------------------------
     1  1.000         1   1.000       2.000      513.2          4.52861962164E+00  3.67923315508E+00  3.33884497072E+00    0.81244   0.90748
     2  1.000         2   2.000       3.000      474.1          3.87158356618E+00  3.04534576530E+00  2.77365924595E+00    0.78659   0.91079
     3  1.000         3   3.000       4.000      436.4          3.89572747188E+00  2.97289298954E+00  2.75551255740E+00    0.76312   0.92688
     4  1.000         4   4.000       5.000      405.0          4.01762995255E+00  2.97373868236E+00  2.65381844103E+00    0.74017   0.89242
     5  1.000         5   5.000       6.000      379.0          4.15602343158E+00  2.99894848998E+00  2.66089817967E+00    0.72159   0.88728
     6  1.000         6   6.000       7.000      357.2          4.29083403173E+00  3.01106772933E+00  3.04975370296E+00    0.70174   1.01285
     7  1.000         7   7.000       8.000      338.6          4.41757266656E+00  3.05215990716E+00  2.93117729588E+00    0.69091   0.96036
     8  1.000         8   8.000       9.000      322.5          4.53549895262E+00  3.06241056104E+00  2.56065295764E+00    0.67521   0.83616
     9  1.000         9   9.000       10.00      308.8          4.64648286241E+00  3.08175335297E+00  2.83554598084E+00    0.66324   0.92011
    10  2.000        10   10.00       12.00      291.0          4.79971574718E+00  3.10262667204E+00  2.95900115681E+00    0.64642   0.95371
    11  2.000        11   12.00       14.00      271.2          4.98223432975E+00  3.13148492418E+00  3.02337661794E+00    0.62853   0.96548
    12  2.000        12   14.00       16.00      255.1          5.14890960233E+00  3.16388015709E+00  3.20298014854E+00    0.61448   1.01236
 #=================================================================================================================================================================
 # My Cross Sections
 # The scale factors xmur, xmuf chosen here are:      1.000,      0.500
 #-----------------------------------------------------------------------------------------------------------------------------------------------------------------
 #IObs  BinSize  IODimO  [ Chi               ]  < ptavg_j12_ >  LO_cross_section   NLO_cross_section  NNLO_cross_section   KNLO      KNNLO
 #-----------------------------------------------------------------------------------------------------------------------------------------------------------------
     1  1.000         1   1.000       2.000      1026.          4.35069050328E+00  3.73718558988E+00  3.40776847320E+00    0.85899   0.91185
     2  1.000         2   2.000       3.000      947.6          3.71273452936E+00  3.11013608821E+00  2.83436608811E+00    0.83769   0.91133
     3  1.000         3   3.000       4.000      872.1          3.73080214782E+00  3.05194788931E+00  2.80958563380E+00    0.81804   0.92059
     4  1.000         4   4.000       5.000      809.3          3.84377173527E+00  3.06878279830E+00  2.72493039266E+00    0.79838   0.88795
     5  1.000         5   5.000       6.000      757.3          3.97315222806E+00  3.10889336453E+00  2.73687168115E+00    0.78248   0.88034
     6  1.000         6   6.000       7.000      713.6          4.09945698913E+00  3.13643813556E+00  3.07132676901E+00    0.76509   0.97924
     7  1.000         7   7.000       8.000      676.4          4.21824654147E+00  3.18890902259E+00  2.96019933968E+00    0.75598   0.92828
     8  1.000         8   8.000       9.000      644.3          4.32876957048E+00  3.21305825308E+00  2.69273168454E+00    0.74226   0.83806
     9  1.000         9   9.000       10.00      616.8          4.43278759214E+00  3.24423202285E+00  2.90717596482E+00    0.73187   0.89611
    10  2.000        10   10.00       12.00      581.2          4.57635518610E+00  3.28277611047E+00  3.02505178846E+00    0.71733   0.92149
    11  2.000        11   12.00       14.00      541.6          4.74725086142E+00  3.33269972244E+00  3.10053598221E+00    0.70203   0.93034
    12  2.000        12   14.00       16.00      509.3          4.90320877235E+00  3.38355029031E+00  3.22035207586E+00    0.69007   0.95177
 #=================================================================================================================================================================
 # My Cross Sections
 # The scale factors xmur, xmuf chosen here are:      1.000,      2.000
 #-----------------------------------------------------------------------------------------------------------------------------------------------------------------
 #IObs  BinSize  IODimO  [ Chi               ]  < ptavg_j12_ >  LO_cross_section   NLO_cross_section  NNLO_cross_section   KNLO      KNNLO
 #-----------------------------------------------------------------------------------------------------------------------------------------------------------------
     1  1.000         1   1.000       2.000      1025.          3.46384946659E+00  3.77142805881E+00  3.47669297040E+00    1.08880   0.92185
     2  1.000         2   2.000       3.000      946.4          2.95772452447E+00  3.15084483095E+00  2.89149634772E+00    1.06529   0.91769
     3  1.000         3   3.000       4.000      871.0          2.97086606721E+00  3.10396877974E+00  2.86096661822E+00    1.04480   0.92171
     4  1.000         4   4.000       5.000      808.2          3.05807660449E+00  3.13496003473E+00  2.79656361828E+00    1.02514   0.89206
     5  1.000         5   5.000       6.000      756.2          3.15771326721E+00  3.18797123134E+00  2.81245797931E+00    1.00958   0.88221
     6  1.000         6   6.000       7.000      712.5          3.25460799750E+00  3.23098091577E+00  3.08717122518E+00    0.99274   0.95549
     7  1.000         7   7.000       8.000      675.4          3.34541760082E+00  3.29249396805E+00  3.01163916910E+00    0.98418   0.91470
     8  1.000         8   8.000       9.000      643.3          3.42962278954E+00  3.33047139138E+00  2.81796788629E+00    0.97109   0.84612
     9  1.000         9   9.000       10.00      615.7          3.50867285065E+00  3.37318290506E+00  2.97971710472E+00    0.96138   0.88335
    10  2.000        10   10.00       12.00      580.1          3.61747465076E+00  3.42810906760E+00  3.08831197393E+00    0.94765   0.90088
    11  2.000        11   12.00       14.00      540.5          3.74644476790E+00  3.49769840474E+00  3.14956921336E+00    0.93360   0.90047
    12  2.000        12   14.00       16.00      508.2          3.86387946165E+00  3.56532749815E+00  3.27184867527E+00    0.92273   0.91769
 #=================================================================================================================================================================
 # My Cross Sections
 # The scale factors xmur, xmuf chosen here are:      2.000,      1.000
 #-----------------------------------------------------------------------------------------------------------------------------------------------------------------
 #IObs  BinSize  IODimO  [ Chi               ]  < ptavg_j12_ >  LO_cross_section   NLO_cross_section  NNLO_cross_section   KNLO      KNNLO
 #-----------------------------------------------------------------------------------------------------------------------------------------------------------------
     1  1.000         1   1.000       2.000      2049.          3.34058460425E+00  3.71332409554E+00  3.51680814169E+00    1.11158   0.94708
     2  1.000         2   2.000       3.000      1892.          2.84793656299E+00  3.10945563970E+00  2.93005495718E+00    1.09183   0.94230
     3  1.000         3   3.000       4.000      1742.          2.85724884001E+00  3.06967784403E+00  2.89859235826E+00    1.07435   0.94427
     4  1.000         4   4.000       5.000      1616.          2.93865624703E+00  3.10675483791E+00  2.84870136059E+00    1.05720   0.91694
     5  1.000         5   5.000       6.000      1512.          3.03240881340E+00  3.16476223268E+00  2.87143945198E+00    1.04365   0.90732
     6  1.000         6   6.000       7.000      1425.          3.12377788340E+00  3.21320282333E+00  3.11560900966E+00    1.02863   0.96963
     7  1.000         7   7.000       8.000      1350.          3.20947059423E+00  3.27775575165E+00  3.04902807962E+00    1.02128   0.93022
     8  1.000         8   8.000       9.000      1286.          3.28895480990E+00  3.32062509525E+00  2.91581127921E+00    1.00963   0.87809
     9  1.000         9   9.000       10.00      1231.          3.36359478588E+00  3.36705478559E+00  3.04832861942E+00    1.00103   0.90534
    10  2.000        10   10.00       12.00      1160.          3.46630846202E+00  3.42791232506E+00  3.15619752790E+00    0.98892   0.92073
    11  2.000        11   12.00       14.00      1080.          3.58798141821E+00  3.50423508883E+00  3.22934059015E+00    0.97666   0.92155
    12  2.000        12   14.00       16.00      1016.          3.69867600763E+00  3.57738610347E+00  3.32221953454E+00    0.96721   0.92867
