 ##################################################################################
 # INFO.    [fnlo-tk-cppread] Program to read fastNLO tables and derive
 # INFO.    [fnlo-tk-cppread] QCD cross sections using PDFs e.g. from LHAPDF
 #---------------------------------------------------------------------------------
 # INFO.    [fnlo-tk-cppread] For more explanations type:
 # INFO.    [fnlo-tk-cppread] ./fnlo-tk-cppread -h
 # INFO.    [fnlo-tk-cppread] For version number printout type:
 # INFO.    [fnlo-tk-cppread] ./fnlo-tk-cppread -v
 ##################################################################################

 ##################################################################################
 # [fnlo-tk-cppread] fastNLO Cross-Section Calculator
 #---------------------------------------------------------------------------------
 # [fnlo-tk-cppread] Evaluating table: 2jet.NNLO.fnl5662j_mjj9_chi.tab.gz
 # [fnlo-tk-cppread] Using PDF set   : CT14nnlo
 # [fnlo-tk-cppread] If possible, will try to do 7 scale factor variations.
 # [fnlo-tk-cppread] Using alpha_s evolution code: LHAPDF
 # [fnlo-tk-cppread] Preparing unnormalized cross sections,
 # [fnlo-tk-cppread] Using scale definition scale2
 # [fnlo-tk-cppread] No request given for no. of flavours,
 #             using default value for LHAPDF or Nf = 5.
 # [fnlo-tk-cppread] No request given for no. of loops,
 #             using default value for LHAPDF or NLoop = 2.
 # [fnlo-tk-cppread] No request given for value of alpha_s(M_Z),
 #             using default value for LHAPDF or asMz = 0.1181.
 # [fnlo-tk-cppread] No request given for value of M_Z,
 #             using default value for LHAPDF or Mz = 91.1876.
 ##################################################################################

 ##################################################################################
 #
 # [0;31mfast[0;34mNLO[0m_toolkit
 # Version 2.3.1_2657-32-g0bd1223
 #
 # C++ program and toolkit to read and create fastNLO v2 tables and
 # derive QCD cross sections using PDFs, e.g. from LHAPDF
 #
 #---------------------------------------------------------------------------------
 #
 # Copyright © 2005-2019 [0;31mfast[0;34mNLO[0m Collaboration
 # D. Britzger, T. Kluge, K. Rabbertz, F. Stober, G. Sieber, M. Wobisch
 #
 # This program is free software: you can redistribute it and/or modify
 # it under the terms of the GNU General Public License as published by
 # the Free Software Foundation, either version 3 of the License, or
 # (at your option) any later version.
 #
 # This program is distributed in the hope that it will be useful,
 # but WITHOUT ANY WARRANTY; without even the implied warranty of
 # MERCHANTABILITY or FITNESS FOR A PARTICULAR PURPOSE. See the
 # GNU General Public License for more details.
 #
 # You should have received a copy of the GNU General Public License
 # along with this program. If not, see <http://www.gnu.org/licenses/>.
 #
 #---------------------------------------------------------------------------------
 #
 # The projects web page can be found at:
 #   http://projects.hepforge.org/fastnlo
 #
 # If you use this code, please cite:
 #   T. Kluge, K. Rabbertz, M. Wobisch, hep-ph/0609285
 #   D. Britzger, T. Kluge, K. Rabbertz, F. Stober, M. Wobisch, arXiv:1109.1310
 #
 ##################################################################################

 ##################################################################################
 # Overview on contribution types and numbers contained in table: 2jet.NNLO.fnl5662j_mjj9_chi.tab.gz
 #---------------------------------------------------------------------------------
 # Total number of contributions:  3
 #   No.: 1, type: Fixed order calculation       , Id: 0, order: LO                  , by: NNLOJET_rev_5088
 #   No.: 2, type: Fixed order calculation       , Id: 1, order: NLO                 , by: NNLOJET_rev_5088
 #   No.: 3, type: Fixed order calculation       , Id: 2, order: NNLO                , by: NNLOJET_rev_5088
 ##################################################################################

 ##################################################################################
 # Information on table header
 #---------------------------------------------------------------------------------
 #===================== fastNLO Table: Header ====================
 # Table version (Itabversion)         23600
 # Scenario name (ScenName)            fnl5662j
 # Theory contributions (Ncontrib)     3
 # Data contribution 0/1 (Ndata)       0
 ##################################################################################

 ##################################################################################
 # Information on fastNLO scenario: fnl5662j
 #---------------------------------------------------------------------------------
 #===================== fastNLO Table: Scenario ====================
 # Scenario description (ScDescript)
 #   0	d2sigma-dijet_dChi_dMjj_[pb_GeV]
 #   1	CMS_Collaboration
 #   2	Dijet_Chi
 #   3	anti-kT_R=0.4
 #   4	THEORY_LABEL=NNLOJET
 #   5	provided by:
 #   6	fastNLO_2.3.1
 #   7	If you use this table, please cite:
 #   8	  D. Britzger, T. Kluge, K. Rabbertz, F. Stober, M. Wobisch, arXiv:1109.1310
 #
 # Publ. x section (10^-Ipublunits b)  12
 # Centre-of-mass energy (Ecms/GeV)    13000
 # Power in a_s of LO process (ILOord) 2
 # No. of observable bins (NObsBin)    12
 # Dim. of observable binning (NDim)   1
 #
 # Dimension labels (DimLabel)
 #   0	Chi
 # Differential dimension (IDiffBin)
 #   0	2
 #
 # Total no. of contributions (theory + optional data) in this table: 3
 ##################################################################################

 ##################################################################################
 # Information on table contribution no. 0: LO
 #---------------------------------------------------------------------------------
 #===================== fastNLO Table: CoeffBase ====================
 # Contribution description (CtrbDescript)
 #   0	LO
 # Code description (CodeDescript)
 #   0	NNLOJET_rev_5088
 #   1	Example for single jet inclusive production.
 #   2	Please adapt to selected process: 2jet
 #   3	Please cite:
 #   4	Currie, J.; Glover, E.W.N. & Pires, J., Phys. Rev. Lett., 2017, 118, 072002 [arXiv:1611.01460]
 #   5	2jet
 #   6	PC: Please check and modify NNLOJET references according to selected process.
 #===================== fastNLO Table: CoeffAddBase ====================
 # No. of events (Nevt)                0.000000
 # Weight of table [=Nevt] (fWgtNevt)  0.000000
 # Number of tables merged together    100
 # No. of filled events (WgtNumEv)     3468450116
 # Sum of weights squared (WgtSumW2)   8994931200000.000000
 # Sum of sigma squared (SigSumW2)     0.005430
 # Sum of sigma (SigSum)               315.782370
 # Sigma / Nevt (SigSum/WgtNevt)       305547299340346757308390257542227601936875520.000000
 # Abs. order in a_s (Npow)            2
 # No. of hadrons involved (NPDF)      2
 # Type(s) of hadrons (NPDFPDG)
 #   0	2212
 #   1	2212
 # PDF storage format (NPDFDim)        2
 #   --> x-interpolation storage format: Full-Matrix
 # Observable bin no. 1
 #   No. of X1 nodes (XNode1[i].size())          20
 # Observable bin no. 12
 #   No. of X1 nodes (XNode1[i].size())          20
 # No. of scales involved (NScales)    1
 # Scale descriptions (ScaleDescript)
 #   0	ptavg_j12_[GeV]
 #   1	m12_[GeV]
 # No. of subprocess contributions     13
 #ISub  Processes
 #   0: (0,0), 
 #   1: (1,0), (2,0), (3,0), (4,0), (5,0), 
 #   2: (1,-1), (2,-2), (3,-3), (4,-4), (5,-5), 
 #   3: (0,1), (0,2), (0,3), (0,4), (0,5), 
 #   4: (-1,1), (-2,2), (-3,3), (-4,4), (-5,5), 
 #   5: (0,-1), (0,-2), (0,-3), (0,-4), (0,-5), 
 #   6: (-1,0), (-2,0), (-3,0), (-4,0), (-5,0), 
 #   7: (1,-1), (1,-2), (1,-3), (1,-4), (1,-5), (2,-1), (2,-2), (2,-3), (2,-4), (2,-5), (3,-1), (3,-2), (3,-3), (3,-4), (3,-5), (4,-1), (4,-2), (4,-3), (4,-4), (4,-5), (5,-1), (5,-2), (5,-3), (5,-4), (5,-5), 
 #   8: (1,1), (1,2), (1,3), (1,4), (1,5), (2,1), (2,2), (2,3), (2,4), (2,5), (3,1), (3,2), (3,3), (3,4), (3,5), (4,1), (4,2), (4,3), (4,4), (4,5), (5,1), (5,2), (5,3), (5,4), (5,5), 
 #   9: (-1,-1), (-1,-2), (-1,-3), (-1,-4), (-1,-5), (-2,-1), (-2,-2), (-2,-3), (-2,-4), (-2,-5), (-3,-1), (-3,-2), (-3,-3), (-3,-4), (-3,-5), (-4,-1), (-4,-2), (-4,-3), (-4,-4), (-4,-5), (-5,-1), (-5,-2), (-5,-3), (-5,-4), (-5,-5), 
 #  10: (-1,1), (-1,2), (-1,3), (-1,4), (-1,5), (-2,1), (-2,2), (-2,3), (-2,4), (-2,5), (-3,1), (-3,2), (-3,3), (-3,4), (-3,5), (-4,1), (-4,2), (-4,3), (-4,4), (-4,5), (-5,1), (-5,2), (-5,3), (-5,4), (-5,5), 
 #  11: (1,1), (2,2), (3,3), (4,4), (5,5), 
 #  12: (-1,-1), (-2,-2), (-3,-3), (-4,-4), (-5,-5), 
 #===================== fastNLO Table: CoeffAddFlex ====================
 # No. of scale1 nodes (Nscalenode1)   6
 # No. of scale2 nodes (Nscalenode2)   6
 ##################################################################################

 ##################################################################################
 # Information on table contribution no. 1: NLO
 #---------------------------------------------------------------------------------
 #===================== fastNLO Table: CoeffBase ====================
 # Contribution description (CtrbDescript)
 #   0	NLO
 # Code description (CodeDescript)
 #   0	NNLOJET_rev_5088
 #   1	Example for single jet inclusive production.
 #   2	Please adapt to selected process: 2jet
 #   3	Please cite:
 #   4	Currie, J.; Glover, E.W.N. & Pires, J., Phys. Rev. Lett., 2017, 118, 072002 [arXiv:1611.01460]
 #   5	2jet
 #   6	PC: Please check and modify NNLOJET references according to selected process.
 #===================== fastNLO Table: CoeffAddBase ====================
 # No. of events (Nevt)                1.000000
 # Weight of table [=Nevt] (fWgtNevt)  1.000000
 # Number of tables merged together    200
 # No. of filled events (WgtNumEv)     11278461850
 # Sum of weights squared (WgtSumW2)   8927034000000000374463266816.000000
 # Sum of sigma squared (SigSumW2)     39239835000.000000
 # Sum of sigma (SigSum)               56.436960
 # Sigma / Nevt (SigSum/WgtNevt)       56.436960
 # Abs. order in a_s (Npow)            3
 # No. of hadrons involved (NPDF)      2
 # Type(s) of hadrons (NPDFPDG)
 #   0	2212
 #   1	2212
 # PDF storage format (NPDFDim)        2
 #   --> x-interpolation storage format: Full-Matrix
 # Observable bin no. 1
 #   No. of X1 nodes (XNode1[i].size())          20
 # Observable bin no. 12
 #   No. of X1 nodes (XNode1[i].size())          20
 # No. of scales involved (NScales)    1
 # Scale descriptions (ScaleDescript)
 #   0	ptavg_j12_[GeV]
 #   1	m12_[GeV]
 # No. of subprocess contributions     13
 #ISub  Processes
 #   0: (0,0), 
 #   1: (1,0), (2,0), (3,0), (4,0), (5,0), 
 #   2: (1,-1), (2,-2), (3,-3), (4,-4), (5,-5), 
 #   3: (0,1), (0,2), (0,3), (0,4), (0,5), 
 #   4: (-1,1), (-2,2), (-3,3), (-4,4), (-5,5), 
 #   5: (0,-1), (0,-2), (0,-3), (0,-4), (0,-5), 
 #   6: (-1,0), (-2,0), (-3,0), (-4,0), (-5,0), 
 #   7: (1,1), (1,2), (1,3), (1,4), (1,5), (2,1), (2,2), (2,3), (2,4), (2,5), (3,1), (3,2), (3,3), (3,4), (3,5), (4,1), (4,2), (4,3), (4,4), (4,5), (5,1), (5,2), (5,3), (5,4), (5,5), 
 #   8: (1,-1), (1,-2), (1,-3), (1,-4), (1,-5), (2,-1), (2,-2), (2,-3), (2,-4), (2,-5), (3,-1), (3,-2), (3,-3), (3,-4), (3,-5), (4,-1), (4,-2), (4,-3), (4,-4), (4,-5), (5,-1), (5,-2), (5,-3), (5,-4), (5,-5), 
 #   9: (-1,1), (-1,2), (-1,3), (-1,4), (-1,5), (-2,1), (-2,2), (-2,3), (-2,4), (-2,5), (-3,1), (-3,2), (-3,3), (-3,4), (-3,5), (-4,1), (-4,2), (-4,3), (-4,4), (-4,5), (-5,1), (-5,2), (-5,3), (-5,4), (-5,5), 
 #  10: (-1,-1), (-1,-2), (-1,-3), (-1,-4), (-1,-5), (-2,-1), (-2,-2), (-2,-3), (-2,-4), (-2,-5), (-3,-1), (-3,-2), (-3,-3), (-3,-4), (-3,-5), (-4,-1), (-4,-2), (-4,-3), (-4,-4), (-4,-5), (-5,-1), (-5,-2), (-5,-3), (-5,-4), (-5,-5), 
 #  11: (1,1), (2,2), (3,3), (4,4), (5,5), 
 #  12: (-1,-1), (-2,-2), (-3,-3), (-4,-4), (-5,-5), 
 #===================== fastNLO Table: CoeffAddFlex ====================
 # No. of scale1 nodes (Nscalenode1)   6
 # No. of scale2 nodes (Nscalenode2)   6
 ##################################################################################

 ##################################################################################
 # Information on table contribution no. 2: NNLO
 #---------------------------------------------------------------------------------
 #===================== fastNLO Table: CoeffBase ====================
 # Contribution description (CtrbDescript)
 #   0	NNLO
 # Code description (CodeDescript)
 #   0	NNLOJET_rev_5088
 #   1	Example for single jet inclusive production.
 #   2	Please adapt to selected process: 2jet
 #   3	Please cite:
 #   4	Currie, J.; Glover, E.W.N. & Pires, J., Phys. Rev. Lett., 2017, 118, 072002 [arXiv:1611.01460]
 #   5	2jet
 #   6	PC: Please check and modify NNLOJET references according to selected process.
 #===================== fastNLO Table: CoeffAddBase ====================
 # No. of events (Nevt)                1.000000
 # Weight of table [=Nevt] (fWgtNevt)  1.000000
 # Number of tables merged together    5498
 # No. of filled events (WgtNumEv)     93044387884
 # Sum of weights squared (WgtSumW2)   498357529999999973564891394998272.000000
 # Sum of sigma squared (SigSumW2)     80266342000.000000
 # Sum of sigma (SigSum)               -2633.789000
 # Sigma / Nevt (SigSum/WgtNevt)       -2633.789000
 # Abs. order in a_s (Npow)            4
 # No. of hadrons involved (NPDF)      2
 # Type(s) of hadrons (NPDFPDG)
 #   0	2212
 #   1	2212
 # PDF storage format (NPDFDim)        2
 #   --> x-interpolation storage format: Full-Matrix
 # Observable bin no. 1
 #   No. of X1 nodes (XNode1[i].size())          20
 # Observable bin no. 12
 #   No. of X1 nodes (XNode1[i].size())          20
 # No. of scales involved (NScales)    1
 # Scale descriptions (ScaleDescript)
 #   0	ptavg_j12_[GeV]
 #   1	m12_[GeV]
 # No. of subprocess contributions     13
 #ISub  Processes
 #   0: (0,0), 
 #   1: (1,0), (2,0), (3,0), (4,0), (5,0), 
 #   2: (1,-1), (2,-2), (3,-3), (4,-4), (5,-5), 
 #   3: (0,1), (0,2), (0,3), (0,4), (0,5), 
 #   4: (-1,1), (-2,2), (-3,3), (-4,4), (-5,5), 
 #   5: (0,-1), (0,-2), (0,-3), (0,-4), (0,-5), 
 #   6: (-1,0), (-2,0), (-3,0), (-4,0), (-5,0), 
 #   7: (1,1), (1,2), (1,3), (1,4), (1,5), (2,1), (2,2), (2,3), (2,4), (2,5), (3,1), (3,2), (3,3), (3,4), (3,5), (4,1), (4,2), (4,3), (4,4), (4,5), (5,1), (5,2), (5,3), (5,4), (5,5), 
 #   8: (1,-1), (1,-2), (1,-3), (1,-4), (1,-5), (2,-1), (2,-2), (2,-3), (2,-4), (2,-5), (3,-1), (3,-2), (3,-3), (3,-4), (3,-5), (4,-1), (4,-2), (4,-3), (4,-4), (4,-5), (5,-1), (5,-2), (5,-3), (5,-4), (5,-5), 
 #   9: (-1,1), (-1,2), (-1,3), (-1,4), (-1,5), (-2,1), (-2,2), (-2,3), (-2,4), (-2,5), (-3,1), (-3,2), (-3,3), (-3,4), (-3,5), (-4,1), (-4,2), (-4,3), (-4,4), (-4,5), (-5,1), (-5,2), (-5,3), (-5,4), (-5,5), 
 #  10: (-1,-1), (-1,-2), (-1,-3), (-1,-4), (-1,-5), (-2,-1), (-2,-2), (-2,-3), (-2,-4), (-2,-5), (-3,-1), (-3,-2), (-3,-3), (-3,-4), (-3,-5), (-4,-1), (-4,-2), (-4,-3), (-4,-4), (-4,-5), (-5,-1), (-5,-2), (-5,-3), (-5,-4), (-5,-5), 
 #  11: (1,1), (2,2), (3,3), (4,4), (5,5), 
 #  12: (-1,-1), (-2,-2), (-3,-3), (-4,-4), (-5,-5), 
 #===================== fastNLO Table: CoeffAddFlex ====================
 # No. of scale1 nodes (Nscalenode1)   6
 # No. of scale2 nodes (Nscalenode2)   6
 ##################################################################################
LHAPDF 6.2.1 loading /home/rabbertz/local.lx25/share/LHAPDF/CT14nnlo/CT14nnlo_0000.dat
CT14nnlo PDF set, member #0, version 1; LHAPDF ID = 13000
LHAPDF 6.2.1 loading /home/rabbertz/local.lx25/share/LHAPDF/CT14nnlo/CT14nnlo_0000.dat
CT14nnlo PDF set, member #0, version 1; LHAPDF ID = 13000

 ##################################################################################################################################################################
 # [fnlo-tk-cppread] Calculate my cross sections
 ##################################################################################################################################################################
 #=================================================================================================================================================================
 # My Cross Sections
 # The scale factors xmur, xmuf chosen here are:      1.000,      1.000
 #-----------------------------------------------------------------------------------------------------------------------------------------------------------------
 #IObs  BinSize  IODimO  [ Chi               ]  < ptavg_j12_ >  LO_cross_section   NLO_cross_section  NNLO_cross_section   KNLO      KNNLO
 #-----------------------------------------------------------------------------------------------------------------------------------------------------------------
     1  1.000         1   1.000       2.000      6329.          1.71103935637E-04  2.46046552198E-04  2.63114962281E-04    1.43799   1.06937
     2  1.000         2   2.000       3.000      6328.          1.52273136274E-04  2.14084202875E-04  2.22287573159E-04    1.40592   1.03832
     3  1.000         3   3.000       4.000      6327.          1.54898300559E-04  2.13060025264E-04  2.18633409742E-04    1.37548   1.02616
     4  1.000         4   4.000       5.000      6327.          1.58911934059E-04  2.16229911423E-04  2.21727946557E-04    1.36069   1.02543
     5  1.000         5   5.000       6.000      6327.          1.62573619724E-04  2.20979661734E-04  2.18710981221E-04    1.35926   0.98973
     6  1.000         6   6.000       7.000      6326.          1.65476945046E-04  2.23182892019E-04  2.26735348703E-04    1.34872   1.01592
     7  1.000         7   7.000       8.000      6329.          1.68010970755E-04  2.28885446087E-04  2.37670125897E-04    1.36232   1.03838
     8  1.000         8   8.000       9.000      6327.          1.69962836250E-04  2.30537119202E-04  2.29467508983E-04    1.35640   0.99536
     9  1.000         9   9.000       10.00      6324.          1.71593848883E-04  2.30531813699E-04  2.35083581751E-04    1.34347   1.01974
    10  2.000        10   10.00       12.00      6326.          1.73683020782E-04  2.38460542143E-04  2.43918171439E-04    1.37296   1.02289
    11  2.000        11   12.00       14.00      6327.          1.75792618122E-04  2.36409132542E-04  2.41068883778E-04    1.34482   1.01971
    12  2.000        12   14.00       16.00      6323.          1.77707995550E-04  2.43794624333E-04  2.53142201627E-04    1.37188   1.03834
 #=================================================================================================================================================================
 # My Cross Sections
 # The scale factors xmur, xmuf chosen here are:      0.500,      0.500
 #-----------------------------------------------------------------------------------------------------------------------------------------------------------------
 #IObs  BinSize  IODimO  [ Chi               ]  < ptavg_j12_ >  LO_cross_section   NLO_cross_section  NNLO_cross_section   KNLO      KNNLO
 #-----------------------------------------------------------------------------------------------------------------------------------------------------------------
     1  1.000         1   1.000       2.000      3165.          2.31814596876E-04  2.69073314375E-04  2.60012868501E-04    1.16073   0.96633
     2  1.000         2   2.000       3.000      3164.          2.06033872337E-04  2.32531345340E-04  2.18446535674E-04    1.12861   0.93943
     3  1.000         3   3.000       4.000      3164.          2.09430028058E-04  2.29934907752E-04  2.12594682996E-04    1.09791   0.92459
     4  1.000         4   4.000       5.000      3163.          2.14767404908E-04  2.32651571994E-04  2.16561677572E-04    1.08327   0.93084
     5  1.000         5   5.000       6.000      3163.          2.19660810868E-04  2.37799452205E-04  2.12172378741E-04    1.08258   0.89223
     6  1.000         6   6.000       7.000      3163.          2.23545297692E-04  2.39588699630E-04  2.20490990638E-04    1.07177   0.92029
     7  1.000         7   7.000       8.000      3164.          2.26940685414E-04  2.46206994086E-04  2.29997362765E-04    1.08490   0.93416
     8  1.000         8   8.000       9.000      3163.          2.29559037827E-04  2.47803745874E-04  2.22896579942E-04    1.07948   0.89949
     9  1.000         9   9.000       10.00      3161.          2.31745076469E-04  2.47255345603E-04  2.26741323724E-04    1.06693   0.91703
    10  2.000        10   10.00       12.00      3162.          2.34548132375E-04  2.57427129977E-04  2.37143318888E-04    1.09755   0.92121
    11  2.000        11   12.00       14.00      3163.          2.37383180690E-04  2.53486408145E-04  2.33700720472E-04    1.06784   0.92195
    12  2.000        12   14.00       16.00      3161.          2.39952053051E-04  2.63357055450E-04  2.46665199705E-04    1.09754   0.93662
 #=================================================================================================================================================================
 # My Cross Sections
 # The scale factors xmur, xmuf chosen here are:      2.000,      2.000
 #-----------------------------------------------------------------------------------------------------------------------------------------------------------------
 #IObs  BinSize  IODimO  [ Chi               ]  < ptavg_j12_ >  LO_cross_section   NLO_cross_section  NNLO_cross_section   KNLO      KNNLO
 #-----------------------------------------------------------------------------------------------------------------------------------------------------------------
     1  1.000         1   1.000       2.000      1.266e+04      1.28778361417E-04  2.16549817113E-04  2.57469915054E-04    1.68157   1.18896
     2  1.000         2   2.000       3.000      1.265e+04      1.14736438817E-04  1.89291336875E-04  2.18393127175E-04    1.64979   1.15374
     3  1.000         3   3.000       4.000      1.265e+04      1.16790441189E-04  1.89170781634E-04  2.16024423022E-04    1.61975   1.14195
     4  1.000         4   4.000       5.000      1.265e+04      1.19860151907E-04  1.92363452768E-04  2.18687425971E-04    1.60490   1.13684
     5  1.000         5   5.000       6.000      1.265e+04      1.22648968452E-04  1.96593550882E-04  2.16758362515E-04    1.60290   1.10257
     6  1.000         6   6.000       7.000      1.265e+04      1.24858011083E-04  1.98855922168E-04  2.24176342177E-04    1.59266   1.12733
     7  1.000         7   7.000       8.000      1.266e+04      1.26783626415E-04  2.03701695916E-04  2.34818788021E-04    1.60669   1.15276
     8  1.000         8   8.000       9.000      1.265e+04      1.28265368199E-04  2.05271226347E-04  2.27128575370E-04    1.60036   1.10648
     9  1.000         9   9.000       10.00      1.265e+04      1.29504531864E-04  2.05538463515E-04  2.33020352432E-04    1.58711   1.13371
    10  2.000        10   10.00       12.00      1.265e+04      1.31090191207E-04  2.11797818197E-04  2.40449665547E-04    1.61566   1.13528
    11  2.000        11   12.00       14.00      1.265e+04      1.32689217546E-04  2.10830438244E-04  2.38383236469E-04    1.58890   1.13069
    12  2.000        12   14.00       16.00      1.265e+04      1.34143565530E-04  2.16464854401E-04  2.48963784910E-04    1.61368   1.15013
 #=================================================================================================================================================================
 # My Cross Sections
 # The scale factors xmur, xmuf chosen here are:      0.500,      1.000
 #-----------------------------------------------------------------------------------------------------------------------------------------------------------------
 #IObs  BinSize  IODimO  [ Chi               ]  < ptavg_j12_ >  LO_cross_section   NLO_cross_section  NNLO_cross_section   KNLO      KNNLO
 #-----------------------------------------------------------------------------------------------------------------------------------------------------------------
     1  1.000         1   1.000       2.000      3165.          1.94876998014E-04  2.60579186262E-04  2.63395337730E-04    1.33715   1.01081
     2  1.000         2   2.000       3.000      3164.          1.73429526150E-04  2.25940539808E-04  2.21554196269E-04    1.30278   0.98059
     3  1.000         3   3.000       4.000      3164.          1.76419280746E-04  2.24124903219E-04  2.16894588749E-04    1.27041   0.96774
     4  1.000         4   4.000       5.000      3163.          1.80990447758E-04  2.27108064020E-04  2.20188281588E-04    1.25481   0.96953
     5  1.000         5   5.000       6.000      3163.          1.85160817650E-04  2.32069150767E-04  2.16544978470E-04    1.25334   0.93311
     6  1.000         6   6.000       7.000      3163.          1.88467474748E-04  2.34103253001E-04  2.24957841848E-04    1.24214   0.96093
     7  1.000         7   7.000       8.000      3164.          1.91353568155E-04  2.40260271035E-04  2.35185381637E-04    1.25558   0.97888
     8  1.000         8   8.000       9.000      3163.          1.93576528100E-04  2.41925639245E-04  2.27432507700E-04    1.24977   0.94009
     9  1.000         9   9.000       10.00      3162.          1.95434122968E-04  2.41645143258E-04  2.31917150186E-04    1.23645   0.95974
    10  2.000        10   10.00       12.00      3163.          1.97813433722E-04  2.50688661539E-04  2.41687302953E-04    1.26730   0.96409
    11  2.000        11   12.00       14.00      3163.          2.00216199035E-04  2.47739483544E-04  2.38784072075E-04    1.23736   0.96385
    12  2.000        12   14.00       16.00      3161.          2.02397796661E-04  2.56322159242E-04  2.51197871926E-04    1.26643   0.98001
 #=================================================================================================================================================================
 # My Cross Sections
 # The scale factors xmur, xmuf chosen here are:      1.000,      0.500
 #-----------------------------------------------------------------------------------------------------------------------------------------------------------------
 #IObs  BinSize  IODimO  [ Chi               ]  < ptavg_j12_ >  LO_cross_section   NLO_cross_section  NNLO_cross_section   KNLO      KNNLO
 #-----------------------------------------------------------------------------------------------------------------------------------------------------------------
     1  1.000         1   1.000       2.000      6330.          2.03535882516E-04  2.59036199623E-04  2.62122806108E-04    1.27268   1.01192
     2  1.000         2   2.000       3.000      6328.          1.80900465604E-04  2.24807641629E-04  2.21249557530E-04    1.24271   0.98417
     3  1.000         3   3.000       4.000      6328.          1.83882488099E-04  2.23204172740E-04  2.16697548530E-04    1.21384   0.97085
     4  1.000         4   4.000       5.000      6327.          1.88568891602E-04  2.26274254707E-04  2.20299506949E-04    1.19996   0.97360
     5  1.000         5   5.000       6.000      6327.          1.92865431439E-04  2.31293500145E-04  2.16580230429E-04    1.19925   0.93639
     6  1.000         6   6.000       7.000      6326.          1.96276113446E-04  2.33387127296E-04  2.24666108542E-04    1.18908   0.96263
     7  1.000         7   7.000       8.000      6329.          1.99257311503E-04  2.39583230689E-04  2.35541084246E-04    1.20238   0.98313
     8  1.000         8   8.000       9.000      6327.          2.01556357018E-04  2.41227614110E-04  2.27328928897E-04    1.19682   0.94238
     9  1.000         9   9.000       10.00      6324.          2.03475754880E-04  2.41042081113E-04  2.32837644018E-04    1.18462   0.96596
    10  2.000        10   10.00       12.00      6325.          2.05937004776E-04  2.49985502823E-04  2.42328287994E-04    1.21389   0.96937
    11  2.000        11   12.00       14.00      6327.          2.08426146990E-04  2.47186942284E-04  2.38829566865E-04    1.18597   0.96619
    12  2.000        12   14.00       16.00      6323.          2.10681544563E-04  2.55690989253E-04  2.51760603232E-04    1.21364   0.98463
 #=================================================================================================================================================================
 # My Cross Sections
 # The scale factors xmur, xmuf chosen here are:      1.000,      2.000
 #-----------------------------------------------------------------------------------------------------------------------------------------------------------------
 #IObs  BinSize  IODimO  [ Chi               ]  < ptavg_j12_ >  LO_cross_section   NLO_cross_section  NNLO_cross_section   KNLO      KNNLO
 #-----------------------------------------------------------------------------------------------------------------------------------------------------------------
     1  1.000         1   1.000       2.000      6328.          1.45476344015E-04  2.33101000449E-04  2.63485155217E-04    1.60233   1.13035
     2  1.000         2   2.000       3.000      6327.          1.29613471550E-04  2.03288751504E-04  2.22769925486E-04    1.56842   1.09583
     3  1.000         3   3.000       4.000      6327.          1.31933712215E-04  2.02728680607E-04  2.19787188510E-04    1.53659   1.08414
     4  1.000         4   4.000       5.000      6327.          1.35401380873E-04  2.05943810715E-04  2.22511159386E-04    1.52099   1.08045
     5  1.000         5   5.000       6.000      6327.          1.38551765677E-04  2.10448240969E-04  2.20072509084E-04    1.51891   1.04573
     6  1.000         6   6.000       7.000      6326.          1.41047208572E-04  2.12709001256E-04  2.27971776723E-04    1.50807   1.07175
     7  1.000         7   7.000       8.000      6328.          1.43222502790E-04  2.17981760441E-04  2.38825073243E-04    1.52198   1.09562
     8  1.000         8   8.000       9.000      6327.          1.44896312734E-04  2.19624297211E-04  2.30769562340E-04    1.51573   1.05075
     9  1.000         9   9.000       10.00      6324.          1.46296132976E-04  2.19751781979E-04  2.36385397448E-04    1.50210   1.07569
    10  2.000        10   10.00       12.00      6325.          1.48087312903E-04  2.26848341102E-04  2.44656195968E-04    1.53186   1.07850
    11  2.000        11   12.00       14.00      6326.          1.49893716883E-04  2.25366835598E-04  2.42361743868E-04    1.50351   1.07541
    12  2.000        12   14.00       16.00      6324.          1.51536706599E-04  2.31854379605E-04  2.53655813193E-04    1.53002   1.09403
 #=================================================================================================================================================================
 # My Cross Sections
 # The scale factors xmur, xmuf chosen here are:      2.000,      1.000
 #-----------------------------------------------------------------------------------------------------------------------------------------------------------------
 #IObs  BinSize  IODimO  [ Chi               ]  < ptavg_j12_ >  LO_cross_section   NLO_cross_section  NNLO_cross_section   KNLO      KNNLO
 #-----------------------------------------------------------------------------------------------------------------------------------------------------------------
     1  1.000         1   1.000       2.000      1.266e+04      1.51464609118E-04  2.31279010269E-04  2.59732996238E-04    1.52695   1.12303
     2  1.000         2   2.000       3.000      1.266e+04      1.34795434317E-04  2.01775137071E-04  2.20191280275E-04    1.49690   1.09127
     3  1.000         3   3.000       4.000      1.265e+04      1.37119381053E-04  2.01313084144E-04  2.17304194086E-04    1.46816   1.07943
     4  1.000         4   4.000       5.000      1.265e+04      1.40672408196E-04  2.04548839112E-04  2.20268854962E-04    1.45408   1.07685
     5  1.000         5   5.000       6.000      1.265e+04      1.43913850542E-04  2.09060903505E-04  2.17820749449E-04    1.45268   1.04190
     6  1.000         6   6.000       7.000      1.265e+04      1.46483968212E-04  2.11336930866E-04  2.25446627348E-04    1.44273   1.06676
     7  1.000         7   7.000       8.000      1.266e+04      1.48727143592E-04  2.16616568891E-04  2.36473934005E-04    1.45647   1.09167
     8  1.000         8   8.000       9.000      1.265e+04      1.50455038208E-04  2.18226663129E-04  2.28364718473E-04    1.45044   1.04646
     9  1.000         9   9.000       10.00      1.265e+04      1.51898862808E-04  2.18410085648E-04  2.34502367665E-04    1.43787   1.07368
    10  2.000        10   10.00       12.00      1.265e+04      1.53748325697E-04  2.25420177463E-04  2.42487682685E-04    1.46616   1.07571
    11  2.000        11   12.00       14.00      1.265e+04      1.55615742010E-04  2.24023618675E-04  2.39859400594E-04    1.43959   1.07069
    12  2.000        12   14.00       16.00      1.265e+04      1.57311205988E-04  2.30445065933E-04  2.51327976332E-04    1.46490   1.09062
