 ##################################################################################
 # INFO.    [fnlo-tk-cppread] Program to read fastNLO tables and derive
 # INFO.    [fnlo-tk-cppread] QCD cross sections using PDFs e.g. from LHAPDF
 #---------------------------------------------------------------------------------
 # INFO.    [fnlo-tk-cppread] For more explanations type:
 # INFO.    [fnlo-tk-cppread] ./fnlo-tk-cppread -h
 # INFO.    [fnlo-tk-cppread] For version number printout type:
 # INFO.    [fnlo-tk-cppread] ./fnlo-tk-cppread -v
 ##################################################################################

 ##################################################################################
 # [fnlo-tk-cppread] fastNLO Cross-Section Calculator
 #---------------------------------------------------------------------------------
 # [fnlo-tk-cppread] Evaluating table: 2jet.NNLO.fnl5662j_mjj5_chi.tab.gz
 # [fnlo-tk-cppread] Using PDF set   : CT14nlo
 # [fnlo-tk-cppread] If possible, will try to do 7 scale factor variations.
 # [fnlo-tk-cppread] Using alpha_s evolution code: LHAPDF
 # [fnlo-tk-cppread] Preparing unnormalized cross sections,
 # [fnlo-tk-cppread] Using scale definition scale1
 # [fnlo-tk-cppread] No request given for no. of flavours,
 #             using default value for LHAPDF or Nf = 5.
 # [fnlo-tk-cppread] No request given for no. of loops,
 #             using default value for LHAPDF or NLoop = 2.
 # [fnlo-tk-cppread] No request given for value of alpha_s(M_Z),
 #             using default value for LHAPDF or asMz = 0.1181.
 # [fnlo-tk-cppread] No request given for value of M_Z,
 #             using default value for LHAPDF or Mz = 91.1876.
 ##################################################################################

 ##################################################################################
 #
 # [0;31mfast[0;34mNLO[0m_toolkit
 # Version 2.3.1_2657-32-g0bd1223
 #
 # C++ program and toolkit to read and create fastNLO v2 tables and
 # derive QCD cross sections using PDFs, e.g. from LHAPDF
 #
 #---------------------------------------------------------------------------------
 #
 # Copyright © 2005-2019 [0;31mfast[0;34mNLO[0m Collaboration
 # D. Britzger, T. Kluge, K. Rabbertz, F. Stober, G. Sieber, M. Wobisch
 #
 # This program is free software: you can redistribute it and/or modify
 # it under the terms of the GNU General Public License as published by
 # the Free Software Foundation, either version 3 of the License, or
 # (at your option) any later version.
 #
 # This program is distributed in the hope that it will be useful,
 # but WITHOUT ANY WARRANTY; without even the implied warranty of
 # MERCHANTABILITY or FITNESS FOR A PARTICULAR PURPOSE. See the
 # GNU General Public License for more details.
 #
 # You should have received a copy of the GNU General Public License
 # along with this program. If not, see <http://www.gnu.org/licenses/>.
 #
 #---------------------------------------------------------------------------------
 #
 # The projects web page can be found at:
 #   http://projects.hepforge.org/fastnlo
 #
 # If you use this code, please cite:
 #   T. Kluge, K. Rabbertz, M. Wobisch, hep-ph/0609285
 #   D. Britzger, T. Kluge, K. Rabbertz, F. Stober, M. Wobisch, arXiv:1109.1310
 #
 ##################################################################################

 ##################################################################################
 # Overview on contribution types and numbers contained in table: 2jet.NNLO.fnl5662j_mjj5_chi.tab.gz
 #---------------------------------------------------------------------------------
 # Total number of contributions:  3
 #   No.: 1, type: Fixed order calculation       , Id: 0, order: LO                  , by: NNLOJET_rev_5088
 #   No.: 2, type: Fixed order calculation       , Id: 1, order: NLO                 , by: NNLOJET_rev_5088
 #   No.: 3, type: Fixed order calculation       , Id: 2, order: NNLO                , by: NNLOJET_rev_5088
 ##################################################################################

 ##################################################################################
 # Information on table header
 #---------------------------------------------------------------------------------
 #===================== fastNLO Table: Header ====================
 # Table version (Itabversion)         23600
 # Scenario name (ScenName)            fnl5662j
 # Theory contributions (Ncontrib)     3
 # Data contribution 0/1 (Ndata)       0
 ##################################################################################

 ##################################################################################
 # Information on fastNLO scenario: fnl5662j
 #---------------------------------------------------------------------------------
 #===================== fastNLO Table: Scenario ====================
 # Scenario description (ScDescript)
 #   0	d2sigma-dijet_dChi_dMjj_[pb_GeV]
 #   1	CMS_Collaboration
 #   2	Dijet_Chi
 #   3	anti-kT_R=0.4
 #   4	THEORY_LABEL=NNLOJET
 #   5	provided by:
 #   6	fastNLO_2.3.1
 #   7	If you use this table, please cite:
 #   8	  D. Britzger, T. Kluge, K. Rabbertz, F. Stober, M. Wobisch, arXiv:1109.1310
 #
 # Publ. x section (10^-Ipublunits b)  12
 # Centre-of-mass energy (Ecms/GeV)    13000
 # Power in a_s of LO process (ILOord) 2
 # No. of observable bins (NObsBin)    12
 # Dim. of observable binning (NDim)   1
 #
 # Dimension labels (DimLabel)
 #   0	Chi
 # Differential dimension (IDiffBin)
 #   0	2
 #
 # Total no. of contributions (theory + optional data) in this table: 3
 ##################################################################################

 ##################################################################################
 # Information on table contribution no. 0: LO
 #---------------------------------------------------------------------------------
 #===================== fastNLO Table: CoeffBase ====================
 # Contribution description (CtrbDescript)
 #   0	LO
 # Code description (CodeDescript)
 #   0	NNLOJET_rev_5088
 #   1	Example for single jet inclusive production.
 #   2	Please adapt to selected process: 2jet
 #   3	Please cite:
 #   4	Currie, J.; Glover, E.W.N. & Pires, J., Phys. Rev. Lett., 2017, 118, 072002 [arXiv:1611.01460]
 #   5	2jet
 #   6	PC: Please check and modify NNLOJET references according to selected process.
 #===================== fastNLO Table: CoeffAddBase ====================
 # No. of events (Nevt)                0.000000
 # Weight of table [=Nevt] (fWgtNevt)  0.000000
 # Number of tables merged together    100
 # No. of filled events (WgtNumEv)     23858956917
 # Sum of weights squared (WgtSumW2)   19545567000000.000000
 # Sum of sigma squared (SigSumW2)     12.085843
 # Sum of sigma (SigSum)               53720.209000
 # Sigma / Nevt (SigSum/WgtNevt)       51979041071700712927550941329598249690753662976.000000
 # Abs. order in a_s (Npow)            2
 # No. of hadrons involved (NPDF)      2
 # Type(s) of hadrons (NPDFPDG)
 #   0	2212
 #   1	2212
 # PDF storage format (NPDFDim)        2
 #   --> x-interpolation storage format: Full-Matrix
 # Observable bin no. 1
 #   No. of X1 nodes (XNode1[i].size())          20
 # Observable bin no. 12
 #   No. of X1 nodes (XNode1[i].size())          20
 # No. of scales involved (NScales)    1
 # Scale descriptions (ScaleDescript)
 #   0	ptavg_j12_[GeV]
 #   1	m12_[GeV]
 # No. of subprocess contributions     13
 #ISub  Processes
 #   0: (0,0), 
 #   1: (1,0), (2,0), (3,0), (4,0), (5,0), 
 #   2: (1,-1), (2,-2), (3,-3), (4,-4), (5,-5), 
 #   3: (0,1), (0,2), (0,3), (0,4), (0,5), 
 #   4: (-1,1), (-2,2), (-3,3), (-4,4), (-5,5), 
 #   5: (0,-1), (0,-2), (0,-3), (0,-4), (0,-5), 
 #   6: (-1,0), (-2,0), (-3,0), (-4,0), (-5,0), 
 #   7: (1,-1), (1,-2), (1,-3), (1,-4), (1,-5), (2,-1), (2,-2), (2,-3), (2,-4), (2,-5), (3,-1), (3,-2), (3,-3), (3,-4), (3,-5), (4,-1), (4,-2), (4,-3), (4,-4), (4,-5), (5,-1), (5,-2), (5,-3), (5,-4), (5,-5), 
 #   8: (1,1), (1,2), (1,3), (1,4), (1,5), (2,1), (2,2), (2,3), (2,4), (2,5), (3,1), (3,2), (3,3), (3,4), (3,5), (4,1), (4,2), (4,3), (4,4), (4,5), (5,1), (5,2), (5,3), (5,4), (5,5), 
 #   9: (-1,-1), (-1,-2), (-1,-3), (-1,-4), (-1,-5), (-2,-1), (-2,-2), (-2,-3), (-2,-4), (-2,-5), (-3,-1), (-3,-2), (-3,-3), (-3,-4), (-3,-5), (-4,-1), (-4,-2), (-4,-3), (-4,-4), (-4,-5), (-5,-1), (-5,-2), (-5,-3), (-5,-4), (-5,-5), 
 #  10: (-1,1), (-1,2), (-1,3), (-1,4), (-1,5), (-2,1), (-2,2), (-2,3), (-2,4), (-2,5), (-3,1), (-3,2), (-3,3), (-3,4), (-3,5), (-4,1), (-4,2), (-4,3), (-4,4), (-4,5), (-5,1), (-5,2), (-5,3), (-5,4), (-5,5), 
 #  11: (1,1), (2,2), (3,3), (4,4), (5,5), 
 #  12: (-1,-1), (-2,-2), (-3,-3), (-4,-4), (-5,-5), 
 #===================== fastNLO Table: CoeffAddFlex ====================
 # No. of scale1 nodes (Nscalenode1)   6
 # No. of scale2 nodes (Nscalenode2)   6
 ##################################################################################

 ##################################################################################
 # Information on table contribution no. 1: NLO
 #---------------------------------------------------------------------------------
 #===================== fastNLO Table: CoeffBase ====================
 # Contribution description (CtrbDescript)
 #   0	NLO
 # Code description (CodeDescript)
 #   0	NNLOJET_rev_5088
 #   1	Example for single jet inclusive production.
 #   2	Please adapt to selected process: 2jet
 #   3	Please cite:
 #   4	Currie, J.; Glover, E.W.N. & Pires, J., Phys. Rev. Lett., 2017, 118, 072002 [arXiv:1611.01460]
 #   5	2jet
 #   6	PC: Please check and modify NNLOJET references according to selected process.
 #===================== fastNLO Table: CoeffAddBase ====================
 # No. of events (Nevt)                1.000000
 # Weight of table [=Nevt] (fWgtNevt)  1.000000
 # Number of tables merged together    200
 # No. of filled events (WgtNumEv)     78736398328
 # Sum of weights squared (WgtSumW2)   78643368999999993540509696.000000
 # Sum of sigma squared (SigSumW2)     59543552000.000000
 # Sum of sigma (SigSum)               6410.022000
 # Sigma / Nevt (SigSum/WgtNevt)       6410.022000
 # Abs. order in a_s (Npow)            3
 # No. of hadrons involved (NPDF)      2
 # Type(s) of hadrons (NPDFPDG)
 #   0	2212
 #   1	2212
 # PDF storage format (NPDFDim)        2
 #   --> x-interpolation storage format: Full-Matrix
 # Observable bin no. 1
 #   No. of X1 nodes (XNode1[i].size())          20
 # Observable bin no. 12
 #   No. of X1 nodes (XNode1[i].size())          20
 # No. of scales involved (NScales)    1
 # Scale descriptions (ScaleDescript)
 #   0	ptavg_j12_[GeV]
 #   1	m12_[GeV]
 # No. of subprocess contributions     13
 #ISub  Processes
 #   0: (0,0), 
 #   1: (1,0), (2,0), (3,0), (4,0), (5,0), 
 #   2: (1,-1), (2,-2), (3,-3), (4,-4), (5,-5), 
 #   3: (0,1), (0,2), (0,3), (0,4), (0,5), 
 #   4: (-1,1), (-2,2), (-3,3), (-4,4), (-5,5), 
 #   5: (0,-1), (0,-2), (0,-3), (0,-4), (0,-5), 
 #   6: (-1,0), (-2,0), (-3,0), (-4,0), (-5,0), 
 #   7: (1,1), (1,2), (1,3), (1,4), (1,5), (2,1), (2,2), (2,3), (2,4), (2,5), (3,1), (3,2), (3,3), (3,4), (3,5), (4,1), (4,2), (4,3), (4,4), (4,5), (5,1), (5,2), (5,3), (5,4), (5,5), 
 #   8: (1,-1), (1,-2), (1,-3), (1,-4), (1,-5), (2,-1), (2,-2), (2,-3), (2,-4), (2,-5), (3,-1), (3,-2), (3,-3), (3,-4), (3,-5), (4,-1), (4,-2), (4,-3), (4,-4), (4,-5), (5,-1), (5,-2), (5,-3), (5,-4), (5,-5), 
 #   9: (-1,1), (-1,2), (-1,3), (-1,4), (-1,5), (-2,1), (-2,2), (-2,3), (-2,4), (-2,5), (-3,1), (-3,2), (-3,3), (-3,4), (-3,5), (-4,1), (-4,2), (-4,3), (-4,4), (-4,5), (-5,1), (-5,2), (-5,3), (-5,4), (-5,5), 
 #  10: (-1,-1), (-1,-2), (-1,-3), (-1,-4), (-1,-5), (-2,-1), (-2,-2), (-2,-3), (-2,-4), (-2,-5), (-3,-1), (-3,-2), (-3,-3), (-3,-4), (-3,-5), (-4,-1), (-4,-2), (-4,-3), (-4,-4), (-4,-5), (-5,-1), (-5,-2), (-5,-3), (-5,-4), (-5,-5), 
 #  11: (1,1), (2,2), (3,3), (4,4), (5,5), 
 #  12: (-1,-1), (-2,-2), (-3,-3), (-4,-4), (-5,-5), 
 #===================== fastNLO Table: CoeffAddFlex ====================
 # No. of scale1 nodes (Nscalenode1)   6
 # No. of scale2 nodes (Nscalenode2)   6
 ##################################################################################

 ##################################################################################
 # Information on table contribution no. 2: NNLO
 #---------------------------------------------------------------------------------
 #===================== fastNLO Table: CoeffBase ====================
 # Contribution description (CtrbDescript)
 #   0	NNLO
 # Code description (CodeDescript)
 #   0	NNLOJET_rev_5088
 #   1	Example for single jet inclusive production.
 #   2	Please adapt to selected process: 2jet
 #   3	Please cite:
 #   4	Currie, J.; Glover, E.W.N. & Pires, J., Phys. Rev. Lett., 2017, 118, 072002 [arXiv:1611.01460]
 #   5	2jet
 #   6	PC: Please check and modify NNLOJET references according to selected process.
 #===================== fastNLO Table: CoeffAddBase ====================
 # No. of events (Nevt)                1.000000
 # Weight of table [=Nevt] (fWgtNevt)  1.000000
 # Number of tables merged together    5498
 # No. of filled events (WgtNumEv)     776899201600
 # Sum of weights squared (WgtSumW2)   12872339999999999404122670677098496.000000
 # Sum of sigma squared (SigSumW2)     1236825300000000.000000
 # Sum of sigma (SigSum)               -285851.080000
 # Sigma / Nevt (SigSum/WgtNevt)       -285851.080000
 # Abs. order in a_s (Npow)            4
 # No. of hadrons involved (NPDF)      2
 # Type(s) of hadrons (NPDFPDG)
 #   0	2212
 #   1	2212
 # PDF storage format (NPDFDim)        2
 #   --> x-interpolation storage format: Full-Matrix
 # Observable bin no. 1
 #   No. of X1 nodes (XNode1[i].size())          20
 # Observable bin no. 12
 #   No. of X1 nodes (XNode1[i].size())          20
 # No. of scales involved (NScales)    1
 # Scale descriptions (ScaleDescript)
 #   0	ptavg_j12_[GeV]
 #   1	m12_[GeV]
 # No. of subprocess contributions     13
 #ISub  Processes
 #   0: (0,0), 
 #   1: (1,0), (2,0), (3,0), (4,0), (5,0), 
 #   2: (1,-1), (2,-2), (3,-3), (4,-4), (5,-5), 
 #   3: (0,1), (0,2), (0,3), (0,4), (0,5), 
 #   4: (-1,1), (-2,2), (-3,3), (-4,4), (-5,5), 
 #   5: (0,-1), (0,-2), (0,-3), (0,-4), (0,-5), 
 #   6: (-1,0), (-2,0), (-3,0), (-4,0), (-5,0), 
 #   7: (1,1), (1,2), (1,3), (1,4), (1,5), (2,1), (2,2), (2,3), (2,4), (2,5), (3,1), (3,2), (3,3), (3,4), (3,5), (4,1), (4,2), (4,3), (4,4), (4,5), (5,1), (5,2), (5,3), (5,4), (5,5), 
 #   8: (1,-1), (1,-2), (1,-3), (1,-4), (1,-5), (2,-1), (2,-2), (2,-3), (2,-4), (2,-5), (3,-1), (3,-2), (3,-3), (3,-4), (3,-5), (4,-1), (4,-2), (4,-3), (4,-4), (4,-5), (5,-1), (5,-2), (5,-3), (5,-4), (5,-5), 
 #   9: (-1,1), (-1,2), (-1,3), (-1,4), (-1,5), (-2,1), (-2,2), (-2,3), (-2,4), (-2,5), (-3,1), (-3,2), (-3,3), (-3,4), (-3,5), (-4,1), (-4,2), (-4,3), (-4,4), (-4,5), (-5,1), (-5,2), (-5,3), (-5,4), (-5,5), 
 #  10: (-1,-1), (-1,-2), (-1,-3), (-1,-4), (-1,-5), (-2,-1), (-2,-2), (-2,-3), (-2,-4), (-2,-5), (-3,-1), (-3,-2), (-3,-3), (-3,-4), (-3,-5), (-4,-1), (-4,-2), (-4,-3), (-4,-4), (-4,-5), (-5,-1), (-5,-2), (-5,-3), (-5,-4), (-5,-5), 
 #  11: (1,1), (2,2), (3,3), (4,4), (5,5), 
 #  12: (-1,-1), (-2,-2), (-3,-3), (-4,-4), (-5,-5), 
 #===================== fastNLO Table: CoeffAddFlex ====================
 # No. of scale1 nodes (Nscalenode1)   6
 # No. of scale2 nodes (Nscalenode2)   6
 ##################################################################################
LHAPDF 6.2.1 loading /home/rabbertz/local.lx25/share/LHAPDF/CT14nlo/CT14nlo_0000.dat
CT14nlo PDF set, member #0, version 1; LHAPDF ID = 13100
LHAPDF 6.2.1 loading /home/rabbertz/local.lx25/share/LHAPDF/CT14nlo/CT14nlo_0000.dat
CT14nlo PDF set, member #0, version 1; LHAPDF ID = 13100

 ##################################################################################################################################################################
 # [fnlo-tk-cppread] Calculate my cross sections
 ##################################################################################################################################################################
 #=================================================================================================================================================================
 # My Cross Sections
 # The scale factors xmur, xmuf chosen here are:      1.000,      1.000
 #-----------------------------------------------------------------------------------------------------------------------------------------------------------------
 #IObs  BinSize  IODimO  [ Chi               ]  < ptavg_j12_ >  LO_cross_section   NLO_cross_section  NNLO_cross_section   KNLO      KNNLO
 #-----------------------------------------------------------------------------------------------------------------------------------------------------------------
     1  1.000         1   1.000       2.000      1878.          4.15651028895E-02  4.33991296678E-02  4.07847579721E-02    1.04412   0.93976
     2  1.000         2   2.000       3.000      1735.          3.67180439638E-02  3.68401613317E-02  3.44458521694E-02    1.00333   0.93501
     3  1.000         3   3.000       4.000      1596.          3.77116933237E-02  3.65713243609E-02  3.33323267082E-02    0.96976   0.91143
     4  1.000         4   4.000       5.000      1481.          3.93774469208E-02  3.72182601586E-02  3.46493586309E-02    0.94517   0.93098
     5  1.000         5   5.000       6.000      1386.          4.10394287568E-02  3.75876977360E-02  3.41546992617E-02    0.91589   0.90867
     6  1.000         6   6.000       7.000      1306.          4.26060276048E-02  3.79433084044E-02  3.48035605219E-02    0.89056   0.91725
     7  1.000         7   7.000       8.000      1238.          4.40558369034E-02  3.91256508053E-02  3.27209935506E-02    0.88809   0.83631
     8  1.000         8   8.000       9.000      1179.          4.53698243003E-02  3.90962514020E-02  3.38089750765E-02    0.86172   0.86476
     9  1.000         9   9.000       10.00      1127.          4.65568639992E-02  3.97502033753E-02  3.71645226282E-02    0.85380   0.93495
    10  2.000        10   10.00       12.00      1063.          4.82631511613E-02  3.98701096128E-02  3.58224574086E-02    0.82610   0.89848
    11  2.000        11   12.00       14.00      990.5          5.02523811299E-02  4.14374496131E-02  3.95695322775E-02    0.82459   0.95492
    12  2.000        12   14.00       16.00      931.6          5.20331765387E-02  4.15812686029E-02  3.71637617259E-02    0.79913   0.89376
 #=================================================================================================================================================================
 # My Cross Sections
 # The scale factors xmur, xmuf chosen here are:      0.500,      0.500
 #-----------------------------------------------------------------------------------------------------------------------------------------------------------------
 #IObs  BinSize  IODimO  [ Chi               ]  < ptavg_j12_ >  LO_cross_section   NLO_cross_section  NNLO_cross_section   KNLO      KNNLO
 #-----------------------------------------------------------------------------------------------------------------------------------------------------------------
     1  1.000         1   1.000       2.000      939.5          5.59443728734E-02  4.16199129219E-02  3.98313302460E-02    0.74395   0.95703
     2  1.000         2   2.000       3.000      868.1          4.94661229499E-02  3.46407360465E-02  3.37938450086E-02    0.70029   0.97555
     3  1.000         3   3.000       4.000      798.7          5.08945081681E-02  3.37456054693E-02  3.23794809701E-02    0.66305   0.95952
     4  1.000         4   4.000       5.000      741.1          5.32491364361E-02  3.38192598178E-02  3.39280667899E-02    0.63511   1.00322
     5  1.000         5   5.000       6.000      693.7          5.56063954567E-02  3.34691777099E-02  3.34470629501E-02    0.60189   0.99934
     6  1.000         6   6.000       7.000      654.0          5.78365238711E-02  3.31295438543E-02  3.42199169246E-02    0.57281   1.03291
     7  1.000         7   7.000       8.000      619.7          5.99071008680E-02  3.40868447170E-02  3.02433643844E-02    0.56900   0.88724
     8  1.000         8   8.000       9.000      590.5          6.17921816008E-02  3.33114447024E-02  3.21941254364E-02    0.53909   0.96646
     9  1.000         9   9.000       10.00      564.4          6.35026532201E-02  3.35581888287E-02  3.60090771354E-02    0.52845   1.07303
    10  2.000        10   10.00       12.00      533.1          6.59661099208E-02  3.27930121745E-02  3.49064182431E-02    0.49712   1.06445
    11  2.000        11   12.00       14.00      496.4          6.88591324825E-02  3.39447200986E-02  4.07943201635E-02    0.49296   1.20179
    12  2.000        12   14.00       16.00      467.3          7.14632099415E-02  3.30879631284E-02  3.61741083157E-02    0.46301   1.09327
 #=================================================================================================================================================================
 # My Cross Sections
 # The scale factors xmur, xmuf chosen here are:      2.000,      2.000
 #-----------------------------------------------------------------------------------------------------------------------------------------------------------------
 #IObs  BinSize  IODimO  [ Chi               ]  < ptavg_j12_ >  LO_cross_section   NLO_cross_section  NNLO_cross_section   KNLO      KNNLO
 #-----------------------------------------------------------------------------------------------------------------------------------------------------------------
     1  1.000         1   1.000       2.000      3754.          3.15474043526E-02  4.11197637708E-02  4.15041347500E-02    1.30343   1.00935
     2  1.000         2   2.000       3.000      3468.          2.78462175056E-02  3.52241486442E-02  3.50860063957E-02    1.26495   0.99608
     3  1.000         3   3.000       4.000      3191.          2.85576016869E-02  3.52495551456E-02  3.42760010436E-02    1.23433   0.97238
     4  1.000         4   4.000       5.000      2960.          2.97705453777E-02  3.60932417958E-02  3.55078376742E-02    1.21238   0.98378
     5  1.000         5   5.000       6.000      2770.          3.09769634900E-02  3.67467932462E-02  3.52217792340E-02    1.18626   0.95850
     6  1.000         6   6.000       7.000      2610.          3.21094499635E-02  3.73729428385E-02  3.59054205091E-02    1.16392   0.96073
     7  1.000         7   7.000       8.000      2474.          3.31532596333E-02  3.85372305141E-02  3.49629340802E-02    1.16240   0.90725
     8  1.000         8   8.000       9.000      2357.          3.40943320900E-02  3.88293684813E-02  3.57164637645E-02    1.13888   0.91983
     9  1.000         9   9.000       10.00      2253.          3.49407049519E-02  3.95902909395E-02  3.86575388036E-02    1.13307   0.97644
    10  2.000        10   10.00       12.00      2125.          3.61560019632E-02  4.00688701244E-02  3.75297128750E-02    1.10822   0.93663
    11  2.000        11   12.00       14.00      1979.          3.75653998550E-02  4.16466599432E-02  4.02332452227E-02    1.10864   0.96606
    12  2.000        12   14.00       16.00      1861.          3.88228660717E-02  4.21899244230E-02  3.91787381835E-02    1.08673   0.92863
 #=================================================================================================================================================================
 # My Cross Sections
 # The scale factors xmur, xmuf chosen here are:      0.500,      1.000
 #-----------------------------------------------------------------------------------------------------------------------------------------------------------------
 #IObs  BinSize  IODimO  [ Chi               ]  < ptavg_j12_ >  LO_cross_section   NLO_cross_section  NNLO_cross_section   KNLO      KNNLO
 #-----------------------------------------------------------------------------------------------------------------------------------------------------------------
     1  1.000         1   1.000       2.000      939.1          4.81670893043E-02  4.33272959228E-02  3.98715756211E-02    0.89952   0.92024
     2  1.000         2   2.000       3.000      867.7          4.26045754227E-02  3.63956560364E-02  3.37533585198E-02    0.85427   0.92740
     3  1.000         3   3.000       4.000      798.3          4.38177028143E-02  3.57830392313E-02  3.23667406372E-02    0.81663   0.90453
     4  1.000         4   4.000       5.000      740.7          4.58119675070E-02  3.61364749743E-02  3.38142317635E-02    0.78880   0.93574
     5  1.000         5   5.000       6.000      693.3          4.78011527271E-02  3.61351096995E-02  3.32727993608E-02    0.75595   0.92079
     6  1.000         6   6.000       7.000      653.5          4.96778739441E-02  3.61384834791E-02  3.38966310464E-02    0.72746   0.93796
     7  1.000         7   7.000       8.000      619.2          5.14168932228E-02  3.72250649838E-02  3.06539399297E-02    0.72399   0.82348
     8  1.000         8   8.000       9.000      590.0          5.29959622544E-02  3.68108914139E-02  3.22310061896E-02    0.69460   0.87558
     9  1.000         9   9.000       10.00      564.0          5.44256730259E-02  3.72766567783E-02  3.58607093302E-02    0.68491   0.96202
    10  2.000        10   10.00       12.00      532.4          5.64820276148E-02  3.69392104768E-02  3.46048291247E-02    0.65400   0.93680
    11  2.000        11   12.00       14.00      495.8          5.88877775794E-02  3.83219527945E-02  3.94882150774E-02    0.65076   1.03043
    12  2.000        12   14.00       16.00      466.5          6.10471731683E-02  3.79682248484E-02  3.56887887874E-02    0.62195   0.93996
 #=================================================================================================================================================================
 # My Cross Sections
 # The scale factors xmur, xmuf chosen here are:      1.000,      0.500
 #-----------------------------------------------------------------------------------------------------------------------------------------------------------------
 #IObs  BinSize  IODimO  [ Chi               ]  < ptavg_j12_ >  LO_cross_section   NLO_cross_section  NNLO_cross_section   KNLO      KNNLO
 #-----------------------------------------------------------------------------------------------------------------------------------------------------------------
     1  1.000         1   1.000       2.000      1878.          4.82764835509E-02  4.34298256367E-02  4.04188609808E-02    0.89961   0.93067
     2  1.000         2   2.000       3.000      1735.          4.26316272911E-02  3.66794441796E-02  3.41357082574E-02    0.86038   0.93065
     3  1.000         3   3.000       4.000      1596.          4.38024194901E-02  3.62367035504E-02  3.29555584698E-02    0.82728   0.90945
     4  1.000         4   4.000       5.000      1481.          4.57701094517E-02  3.67386039048E-02  3.43136837164E-02    0.80268   0.93400
     5  1.000         5   5.000       6.000      1386.          4.77406661191E-02  3.69105522847E-02  3.37668738926E-02    0.77315   0.91483
     6  1.000         6   6.000       7.000      1307.          4.96033528148E-02  3.70707713786E-02  3.44797272783E-02    0.74734   0.93011
     7  1.000         7   7.000       8.000      1238.          5.13306482483E-02  3.82219909291E-02  3.18327141841E-02    0.74462   0.83284
     8  1.000         8   8.000       9.000      1180.          5.29003663338E-02  3.79736622727E-02  3.31108839100E-02    0.71783   0.87194
     9  1.000         9   9.000       10.00      1128.          5.43216098938E-02  3.85189982081E-02  3.66507729436E-02    0.70909   0.95150
    10  2.000        10   10.00       12.00      1064.          5.63672830499E-02  3.83905637111E-02  3.52596436899E-02    0.68108   0.91845
    11  2.000        11   12.00       14.00      991.1          5.87616389152E-02  3.98881897144E-02  3.96521923416E-02    0.67881   0.99408
    12  2.000        12   14.00       16.00      932.4          6.09113476540E-02  3.97379606482E-02  3.66053021766E-02    0.65239   0.92117
 #=================================================================================================================================================================
 # My Cross Sections
 # The scale factors xmur, xmuf chosen here are:      1.000,      2.000
 #-----------------------------------------------------------------------------------------------------------------------------------------------------------------
 #IObs  BinSize  IODimO  [ Chi               ]  < ptavg_j12_ >  LO_cross_section   NLO_cross_section  NNLO_cross_section   KNLO      KNNLO
 #-----------------------------------------------------------------------------------------------------------------------------------------------------------------
     1  1.000         1   1.000       2.000      1877.          3.61788000112E-02  4.29614874546E-02  4.11779924642E-02    1.18748   0.95849
     2  1.000         2   2.000       3.000      1734.          3.19707548642E-02  3.66156068733E-02  3.47819376362E-02    1.14528   0.94992
     3  1.000         3   3.000       4.000      1596.          3.28264503245E-02  3.64822961294E-02  3.37317440334E-02    1.11137   0.92461
     4  1.000         4   4.000       5.000      1480.          3.42574642795E-02  3.72328338222E-02  3.50183921068E-02    1.08685   0.94052
     5  1.000         5   5.000       6.000      1385.          3.56803217891E-02  3.77455527983E-02  3.45838040998E-02    1.05788   0.91624
     6  1.000         6   6.000       7.000      1306.          3.70175449179E-02  3.82409487903E-02  3.51951722679E-02    1.03305   0.92035
     7  1.000         7   7.000       8.000      1237.          3.82521194454E-02  3.94324893678E-02  3.35626818677E-02    1.03086   0.85114
     8  1.000         8   8.000       9.000      1179.          3.93676824242E-02  3.95621776316E-02  3.45097507270E-02    1.00494   0.87229
     9  1.000         9   9.000       10.00      1127.          4.03732411767E-02  4.02853594291E-02  3.77145436503E-02    0.99782   0.93618
    10  2.000        10   10.00       12.00      1063.          4.18173242824E-02  4.05820919203E-02  3.64285488734E-02    0.97046   0.89765
    11  2.000        11   12.00       14.00      990.0          4.34961728558E-02  4.21790117865E-02  3.96901372362E-02    0.96972   0.94099
    12  2.000        12   14.00       16.00      931.0          4.49964811705E-02  4.25320503618E-02  3.77984120063E-02    0.94523   0.88870
 #=================================================================================================================================================================
 # My Cross Sections
 # The scale factors xmur, xmuf chosen here are:      2.000,      1.000
 #-----------------------------------------------------------------------------------------------------------------------------------------------------------------
 #IObs  BinSize  IODimO  [ Chi               ]  < ptavg_j12_ >  LO_cross_section   NLO_cross_section  NNLO_cross_section   KNLO      KNNLO
 #-----------------------------------------------------------------------------------------------------------------------------------------------------------------
     1  1.000         1   1.000       2.000      3755.          3.62442364670E-02  4.23898979229E-02  4.13328445139E-02    1.16956   0.97506
     2  1.000         2   2.000       3.000      3468.          3.19811054482E-02  3.62174868811E-02  3.49163932336E-02    1.13247   0.96408
     3  1.000         3   3.000       4.000      3191.          3.28075985788E-02  3.61621744466E-02  3.40415747019E-02    1.10225   0.94136
     4  1.000         4   4.000       5.000      2961.          3.42199789212E-02  3.69676678317E-02  3.52937131690E-02    1.08029   0.95472
     5  1.000         5   5.000       6.000      2771.          3.56296872967E-02  3.75522100942E-02  3.49228224582E-02    1.05396   0.92998
     6  1.000         6   6.000       7.000      2611.          3.69570193666E-02  3.81106140877E-02  3.56258104778E-02    1.03121   0.93480
     7  1.000         7   7.000       8.000      2474.          3.81834218097E-02  3.93092591105E-02  3.43470680445E-02    1.02948   0.87377
     8  1.000         8   8.000       9.000      2357.          3.92925405746E-02  3.95124844337E-02  3.51736004597E-02    1.00560   0.89019
     9  1.000         9   9.000       10.00      2254.          4.02923365586E-02  4.02554396340E-02  3.82736368755E-02    0.99908   0.95077
    10  2.000        10   10.00       12.00      2125.          4.17292423648E-02  4.06436566123E-02  3.70307607296E-02    0.97399   0.91111
    11  2.000        11   12.00       14.00      1980.          4.34004564589E-02  4.22621348595E-02  4.00748529478E-02    0.97377   0.94824
    12  2.000        12   14.00       16.00      1862.          4.48941838799E-02  4.26952711292E-02  3.86365899721E-02    0.95102   0.90494
