 ##################################################################################
 # INFO.    [fnlo-tk-cppread] Program to read fastNLO tables and derive
 # INFO.    [fnlo-tk-cppread] QCD cross sections using PDFs e.g. from LHAPDF
 #---------------------------------------------------------------------------------
 # INFO.    [fnlo-tk-cppread] For more explanations type:
 # INFO.    [fnlo-tk-cppread] ./fnlo-tk-cppread -h
 # INFO.    [fnlo-tk-cppread] For version number printout type:
 # INFO.    [fnlo-tk-cppread] ./fnlo-tk-cppread -v
 ##################################################################################

 ##################################################################################
 # [fnlo-tk-cppread] fastNLO Cross-Section Calculator
 #---------------------------------------------------------------------------------
 # [fnlo-tk-cppread] Evaluating table: 2jet.NNLO.fnl5662j_mjj3_chi.tab.gz
 # [fnlo-tk-cppread] Using PDF set   : CT14nlo
 # [fnlo-tk-cppread] If possible, will try to do 7 scale factor variations.
 # [fnlo-tk-cppread] Using alpha_s evolution code: LHAPDF
 # [fnlo-tk-cppread] Preparing unnormalized cross sections,
 # [fnlo-tk-cppread] Using scale definition scale1
 # [fnlo-tk-cppread] No request given for no. of flavours,
 #             using default value for LHAPDF or Nf = 5.
 # [fnlo-tk-cppread] No request given for no. of loops,
 #             using default value for LHAPDF or NLoop = 2.
 # [fnlo-tk-cppread] No request given for value of alpha_s(M_Z),
 #             using default value for LHAPDF or asMz = 0.1181.
 # [fnlo-tk-cppread] No request given for value of M_Z,
 #             using default value for LHAPDF or Mz = 91.1876.
 ##################################################################################

 ##################################################################################
 #
 # [0;31mfast[0;34mNLO[0m_toolkit
 # Version 2.3.1_2657-32-g0bd1223
 #
 # C++ program and toolkit to read and create fastNLO v2 tables and
 # derive QCD cross sections using PDFs, e.g. from LHAPDF
 #
 #---------------------------------------------------------------------------------
 #
 # Copyright © 2005-2019 [0;31mfast[0;34mNLO[0m Collaboration
 # D. Britzger, T. Kluge, K. Rabbertz, F. Stober, G. Sieber, M. Wobisch
 #
 # This program is free software: you can redistribute it and/or modify
 # it under the terms of the GNU General Public License as published by
 # the Free Software Foundation, either version 3 of the License, or
 # (at your option) any later version.
 #
 # This program is distributed in the hope that it will be useful,
 # but WITHOUT ANY WARRANTY; without even the implied warranty of
 # MERCHANTABILITY or FITNESS FOR A PARTICULAR PURPOSE. See the
 # GNU General Public License for more details.
 #
 # You should have received a copy of the GNU General Public License
 # along with this program. If not, see <http://www.gnu.org/licenses/>.
 #
 #---------------------------------------------------------------------------------
 #
 # The projects web page can be found at:
 #   http://projects.hepforge.org/fastnlo
 #
 # If you use this code, please cite:
 #   T. Kluge, K. Rabbertz, M. Wobisch, hep-ph/0609285
 #   D. Britzger, T. Kluge, K. Rabbertz, F. Stober, M. Wobisch, arXiv:1109.1310
 #
 ##################################################################################

 ##################################################################################
 # Overview on contribution types and numbers contained in table: 2jet.NNLO.fnl5662j_mjj3_chi.tab.gz
 #---------------------------------------------------------------------------------
 # Total number of contributions:  3
 #   No.: 1, type: Fixed order calculation       , Id: 0, order: LO                  , by: NNLOJET_rev_5088
 #   No.: 2, type: Fixed order calculation       , Id: 1, order: NLO                 , by: NNLOJET_rev_5088
 #   No.: 3, type: Fixed order calculation       , Id: 2, order: NNLO                , by: NNLOJET_rev_5088
 ##################################################################################

 ##################################################################################
 # Information on table header
 #---------------------------------------------------------------------------------
 #===================== fastNLO Table: Header ====================
 # Table version (Itabversion)         23600
 # Scenario name (ScenName)            fnl5662j
 # Theory contributions (Ncontrib)     3
 # Data contribution 0/1 (Ndata)       0
 ##################################################################################

 ##################################################################################
 # Information on fastNLO scenario: fnl5662j
 #---------------------------------------------------------------------------------
 #===================== fastNLO Table: Scenario ====================
 # Scenario description (ScDescript)
 #   0	d2sigma-dijet_dChi_dMjj_[pb_GeV]
 #   1	CMS_Collaboration
 #   2	Dijet_Chi
 #   3	anti-kT_R=0.4
 #   4	THEORY_LABEL=NNLOJET
 #   5	provided by:
 #   6	fastNLO_2.3.1
 #   7	If you use this table, please cite:
 #   8	  D. Britzger, T. Kluge, K. Rabbertz, F. Stober, M. Wobisch, arXiv:1109.1310
 #
 # Publ. x section (10^-Ipublunits b)  12
 # Centre-of-mass energy (Ecms/GeV)    13000
 # Power in a_s of LO process (ILOord) 2
 # No. of observable bins (NObsBin)    12
 # Dim. of observable binning (NDim)   1
 #
 # Dimension labels (DimLabel)
 #   0	Chi
 # Differential dimension (IDiffBin)
 #   0	2
 #
 # Total no. of contributions (theory + optional data) in this table: 3
 ##################################################################################

 ##################################################################################
 # Information on table contribution no. 0: LO
 #---------------------------------------------------------------------------------
 #===================== fastNLO Table: CoeffBase ====================
 # Contribution description (CtrbDescript)
 #   0	LO
 # Code description (CodeDescript)
 #   0	NNLOJET_rev_5088
 #   1	Example for single jet inclusive production.
 #   2	Please adapt to selected process: 2jet
 #   3	Please cite:
 #   4	Currie, J.; Glover, E.W.N. & Pires, J., Phys. Rev. Lett., 2017, 118, 072002 [arXiv:1611.01460]
 #   5	2jet
 #   6	PC: Please check and modify NNLOJET references according to selected process.
 #===================== fastNLO Table: CoeffAddBase ====================
 # No. of events (Nevt)                0.000000
 # Weight of table [=Nevt] (fWgtNevt)  0.000000
 # Number of tables merged together    100
 # No. of filled events (WgtNumEv)     45057028113
 # Sum of weights squared (WgtSumW2)   39810920000000.000000
 # Sum of sigma squared (SigSumW2)     2635.632300
 # Sum of sigma (SigSum)               1143721.300000
 # Sigma / Nevt (SigSum/WgtNevt)       1106651249761126739230596842920401082506715070464.000000
 # Abs. order in a_s (Npow)            2
 # No. of hadrons involved (NPDF)      2
 # Type(s) of hadrons (NPDFPDG)
 #   0	2212
 #   1	2212
 # PDF storage format (NPDFDim)        2
 #   --> x-interpolation storage format: Full-Matrix
 # Observable bin no. 1
 #   No. of X1 nodes (XNode1[i].size())          20
 # Observable bin no. 12
 #   No. of X1 nodes (XNode1[i].size())          20
 # No. of scales involved (NScales)    1
 # Scale descriptions (ScaleDescript)
 #   0	ptavg_j12_[GeV]
 #   1	m12_[GeV]
 # No. of subprocess contributions     13
 #ISub  Processes
 #   0: (0,0), 
 #   1: (1,0), (2,0), (3,0), (4,0), (5,0), 
 #   2: (1,-1), (2,-2), (3,-3), (4,-4), (5,-5), 
 #   3: (0,1), (0,2), (0,3), (0,4), (0,5), 
 #   4: (-1,1), (-2,2), (-3,3), (-4,4), (-5,5), 
 #   5: (0,-1), (0,-2), (0,-3), (0,-4), (0,-5), 
 #   6: (-1,0), (-2,0), (-3,0), (-4,0), (-5,0), 
 #   7: (1,-1), (1,-2), (1,-3), (1,-4), (1,-5), (2,-1), (2,-2), (2,-3), (2,-4), (2,-5), (3,-1), (3,-2), (3,-3), (3,-4), (3,-5), (4,-1), (4,-2), (4,-3), (4,-4), (4,-5), (5,-1), (5,-2), (5,-3), (5,-4), (5,-5), 
 #   8: (1,1), (1,2), (1,3), (1,4), (1,5), (2,1), (2,2), (2,3), (2,4), (2,5), (3,1), (3,2), (3,3), (3,4), (3,5), (4,1), (4,2), (4,3), (4,4), (4,5), (5,1), (5,2), (5,3), (5,4), (5,5), 
 #   9: (-1,-1), (-1,-2), (-1,-3), (-1,-4), (-1,-5), (-2,-1), (-2,-2), (-2,-3), (-2,-4), (-2,-5), (-3,-1), (-3,-2), (-3,-3), (-3,-4), (-3,-5), (-4,-1), (-4,-2), (-4,-3), (-4,-4), (-4,-5), (-5,-1), (-5,-2), (-5,-3), (-5,-4), (-5,-5), 
 #  10: (-1,1), (-1,2), (-1,3), (-1,4), (-1,5), (-2,1), (-2,2), (-2,3), (-2,4), (-2,5), (-3,1), (-3,2), (-3,3), (-3,4), (-3,5), (-4,1), (-4,2), (-4,3), (-4,4), (-4,5), (-5,1), (-5,2), (-5,3), (-5,4), (-5,5), 
 #  11: (1,1), (2,2), (3,3), (4,4), (5,5), 
 #  12: (-1,-1), (-2,-2), (-3,-3), (-4,-4), (-5,-5), 
 #===================== fastNLO Table: CoeffAddFlex ====================
 # No. of scale1 nodes (Nscalenode1)   6
 # No. of scale2 nodes (Nscalenode2)   6
 ##################################################################################

 ##################################################################################
 # Information on table contribution no. 1: NLO
 #---------------------------------------------------------------------------------
 #===================== fastNLO Table: CoeffBase ====================
 # Contribution description (CtrbDescript)
 #   0	NLO
 # Code description (CodeDescript)
 #   0	NNLOJET_rev_5088
 #   1	Example for single jet inclusive production.
 #   2	Please adapt to selected process: 2jet
 #   3	Please cite:
 #   4	Currie, J.; Glover, E.W.N. & Pires, J., Phys. Rev. Lett., 2017, 118, 072002 [arXiv:1611.01460]
 #   5	2jet
 #   6	PC: Please check and modify NNLOJET references according to selected process.
 #===================== fastNLO Table: CoeffAddBase ====================
 # No. of events (Nevt)                1.000000
 # Weight of table [=Nevt] (fWgtNevt)  1.000000
 # Number of tables merged together    200
 # No. of filled events (WgtNumEv)     166094065968
 # Sum of weights squared (WgtSumW2)   57115510999999995780792320.000000
 # Sum of sigma squared (SigSumW2)     1434532100000.000000
 # Sum of sigma (SigSum)               93888.380000
 # Sigma / Nevt (SigSum/WgtNevt)       93888.380000
 # Abs. order in a_s (Npow)            3
 # No. of hadrons involved (NPDF)      2
 # Type(s) of hadrons (NPDFPDG)
 #   0	2212
 #   1	2212
 # PDF storage format (NPDFDim)        2
 #   --> x-interpolation storage format: Full-Matrix
 # Observable bin no. 1
 #   No. of X1 nodes (XNode1[i].size())          20
 # Observable bin no. 12
 #   No. of X1 nodes (XNode1[i].size())          20
 # No. of scales involved (NScales)    1
 # Scale descriptions (ScaleDescript)
 #   0	ptavg_j12_[GeV]
 #   1	m12_[GeV]
 # No. of subprocess contributions     13
 #ISub  Processes
 #   0: (0,0), 
 #   1: (1,0), (2,0), (3,0), (4,0), (5,0), 
 #   2: (1,-1), (2,-2), (3,-3), (4,-4), (5,-5), 
 #   3: (0,1), (0,2), (0,3), (0,4), (0,5), 
 #   4: (-1,1), (-2,2), (-3,3), (-4,4), (-5,5), 
 #   5: (0,-1), (0,-2), (0,-3), (0,-4), (0,-5), 
 #   6: (-1,0), (-2,0), (-3,0), (-4,0), (-5,0), 
 #   7: (1,1), (1,2), (1,3), (1,4), (1,5), (2,1), (2,2), (2,3), (2,4), (2,5), (3,1), (3,2), (3,3), (3,4), (3,5), (4,1), (4,2), (4,3), (4,4), (4,5), (5,1), (5,2), (5,3), (5,4), (5,5), 
 #   8: (1,-1), (1,-2), (1,-3), (1,-4), (1,-5), (2,-1), (2,-2), (2,-3), (2,-4), (2,-5), (3,-1), (3,-2), (3,-3), (3,-4), (3,-5), (4,-1), (4,-2), (4,-3), (4,-4), (4,-5), (5,-1), (5,-2), (5,-3), (5,-4), (5,-5), 
 #   9: (-1,1), (-1,2), (-1,3), (-1,4), (-1,5), (-2,1), (-2,2), (-2,3), (-2,4), (-2,5), (-3,1), (-3,2), (-3,3), (-3,4), (-3,5), (-4,1), (-4,2), (-4,3), (-4,4), (-4,5), (-5,1), (-5,2), (-5,3), (-5,4), (-5,5), 
 #  10: (-1,-1), (-1,-2), (-1,-3), (-1,-4), (-1,-5), (-2,-1), (-2,-2), (-2,-3), (-2,-4), (-2,-5), (-3,-1), (-3,-2), (-3,-3), (-3,-4), (-3,-5), (-4,-1), (-4,-2), (-4,-3), (-4,-4), (-4,-5), (-5,-1), (-5,-2), (-5,-3), (-5,-4), (-5,-5), 
 #  11: (1,1), (2,2), (3,3), (4,4), (5,5), 
 #  12: (-1,-1), (-2,-2), (-3,-3), (-4,-4), (-5,-5), 
 #===================== fastNLO Table: CoeffAddFlex ====================
 # No. of scale1 nodes (Nscalenode1)   6
 # No. of scale2 nodes (Nscalenode2)   6
 ##################################################################################

 ##################################################################################
 # Information on table contribution no. 2: NNLO
 #---------------------------------------------------------------------------------
 #===================== fastNLO Table: CoeffBase ====================
 # Contribution description (CtrbDescript)
 #   0	NNLO
 # Code description (CodeDescript)
 #   0	NNLOJET_rev_5088
 #   1	Example for single jet inclusive production.
 #   2	Please adapt to selected process: 2jet
 #   3	Please cite:
 #   4	Currie, J.; Glover, E.W.N. & Pires, J., Phys. Rev. Lett., 2017, 118, 072002 [arXiv:1611.01460]
 #   5	2jet
 #   6	PC: Please check and modify NNLOJET references according to selected process.
 #===================== fastNLO Table: CoeffAddBase ====================
 # No. of events (Nevt)                1.000000
 # Weight of table [=Nevt] (fWgtNevt)  1.000000
 # Number of tables merged together    396
 # No. of filled events (WgtNumEv)     203450336464
 # Sum of weights squared (WgtSumW2)   23070908000000000801900242575294464.000000
 # Sum of sigma squared (SigSumW2)     95611535000000000.000000
 # Sum of sigma (SigSum)               -171851.970000
 # Sigma / Nevt (SigSum/WgtNevt)       -171851.970000
 # Abs. order in a_s (Npow)            4
 # No. of hadrons involved (NPDF)      2
 # Type(s) of hadrons (NPDFPDG)
 #   0	2212
 #   1	2212
 # PDF storage format (NPDFDim)        2
 #   --> x-interpolation storage format: Full-Matrix
 # Observable bin no. 1
 #   No. of X1 nodes (XNode1[i].size())          20
 # Observable bin no. 12
 #   No. of X1 nodes (XNode1[i].size())          20
 # No. of scales involved (NScales)    1
 # Scale descriptions (ScaleDescript)
 #   0	ptavg_j12_[GeV]
 #   1	m12_[GeV]
 # No. of subprocess contributions     13
 #ISub  Processes
 #   0: (0,0), 
 #   1: (1,0), (2,0), (3,0), (4,0), (5,0), 
 #   2: (1,-1), (2,-2), (3,-3), (4,-4), (5,-5), 
 #   3: (0,1), (0,2), (0,3), (0,4), (0,5), 
 #   4: (-1,1), (-2,2), (-3,3), (-4,4), (-5,5), 
 #   5: (0,-1), (0,-2), (0,-3), (0,-4), (0,-5), 
 #   6: (-1,0), (-2,0), (-3,0), (-4,0), (-5,0), 
 #   7: (1,1), (1,2), (1,3), (1,4), (1,5), (2,1), (2,2), (2,3), (2,4), (2,5), (3,1), (3,2), (3,3), (3,4), (3,5), (4,1), (4,2), (4,3), (4,4), (4,5), (5,1), (5,2), (5,3), (5,4), (5,5), 
 #   8: (1,-1), (1,-2), (1,-3), (1,-4), (1,-5), (2,-1), (2,-2), (2,-3), (2,-4), (2,-5), (3,-1), (3,-2), (3,-3), (3,-4), (3,-5), (4,-1), (4,-2), (4,-3), (4,-4), (4,-5), (5,-1), (5,-2), (5,-3), (5,-4), (5,-5), 
 #   9: (-1,1), (-1,2), (-1,3), (-1,4), (-1,5), (-2,1), (-2,2), (-2,3), (-2,4), (-2,5), (-3,1), (-3,2), (-3,3), (-3,4), (-3,5), (-4,1), (-4,2), (-4,3), (-4,4), (-4,5), (-5,1), (-5,2), (-5,3), (-5,4), (-5,5), 
 #  10: (-1,-1), (-1,-2), (-1,-3), (-1,-4), (-1,-5), (-2,-1), (-2,-2), (-2,-3), (-2,-4), (-2,-5), (-3,-1), (-3,-2), (-3,-3), (-3,-4), (-3,-5), (-4,-1), (-4,-2), (-4,-3), (-4,-4), (-4,-5), (-5,-1), (-5,-2), (-5,-3), (-5,-4), (-5,-5), 
 #  11: (1,1), (2,2), (3,3), (4,4), (5,5), 
 #  12: (-1,-1), (-2,-2), (-3,-3), (-4,-4), (-5,-5), 
 #===================== fastNLO Table: CoeffAddFlex ====================
 # No. of scale1 nodes (Nscalenode1)   6
 # No. of scale2 nodes (Nscalenode2)   6
 ##################################################################################
LHAPDF 6.2.1 loading /home/rabbertz/local.lx25/share/LHAPDF/CT14nlo/CT14nlo_0000.dat
CT14nlo PDF set, member #0, version 1; LHAPDF ID = 13100
LHAPDF 6.2.1 loading /home/rabbertz/local.lx25/share/LHAPDF/CT14nlo/CT14nlo_0000.dat
CT14nlo PDF set, member #0, version 1; LHAPDF ID = 13100

 ##################################################################################################################################################################
 # [fnlo-tk-cppread] Calculate my cross sections
 ##################################################################################################################################################################
 #=================================================================================================================================================================
 # My Cross Sections
 # The scale factors xmur, xmuf chosen here are:      1.000,      1.000
 #-----------------------------------------------------------------------------------------------------------------------------------------------------------------
 #IObs  BinSize  IODimO  [ Chi               ]  < ptavg_j12_ >  LO_cross_section   NLO_cross_section  NNLO_cross_section   KNLO      KNNLO
 #-----------------------------------------------------------------------------------------------------------------------------------------------------------------
     1  1.000         1   1.000       2.000      1286.          9.00155582630E-01  8.95588366449E-01  8.03935291706E-01    0.99493   0.89766
     2  1.000         2   2.000       3.000      1188.          7.76444053201E-01  7.51928822821E-01  6.64222811664E-01    0.96843   0.88336
     3  1.000         3   3.000       4.000      1093.          7.85602608923E-01  7.39874290523E-01  6.86337671044E-01    0.94179   0.92764
     4  1.000         4   4.000       5.000      1015.          8.12636475169E-01  7.47480682474E-01  6.71368343874E-01    0.91982   0.89817
     5  1.000         5   5.000       6.000      949.1          8.41854502776E-01  7.62290940962E-01  7.00785032069E-01    0.90549   0.91931
     6  1.000         6   6.000       7.000      894.4          8.70124612145E-01  7.69663069383E-01  7.12720263077E-01    0.88454   0.92602
     7  1.000         7   7.000       8.000      847.7          8.96198990846E-01  7.86569676273E-01  7.38682422010E-01    0.87767   0.93912
     8  1.000         8   8.000       9.000      807.7          9.20647411233E-01  7.90888811500E-01  6.97430299376E-01    0.85906   0.88183
     9  1.000         9   9.000       10.00      772.3          9.43475332392E-01  8.10854040860E-01  7.21536669391E-01    0.85943   0.88985
    10  2.000        10   10.00       12.00      728.1          9.74329794839E-01  8.19418185495E-01  7.66494432734E-01    0.84101   0.93541
    11  2.000        11   12.00       14.00      678.6          1.01100019462E+00  8.27581301298E-01  6.51692533491E-01    0.81858   0.78747
    12  2.000        12   14.00       16.00      637.9          1.04411967259E+00  8.43084818267E-01  6.17732513304E-01    0.80746   0.73271
 #=================================================================================================================================================================
 # My Cross Sections
 # The scale factors xmur, xmuf chosen here are:      0.500,      0.500
 #-----------------------------------------------------------------------------------------------------------------------------------------------------------------
 #IObs  BinSize  IODimO  [ Chi               ]  < ptavg_j12_ >  LO_cross_section   NLO_cross_section  NNLO_cross_section   KNLO      KNNLO
 #-----------------------------------------------------------------------------------------------------------------------------------------------------------------
     1  1.000         1   1.000       2.000      644.0          1.19434198494E+00  8.42313100812E-01  7.70694594009E-01    0.70525   0.91497
     2  1.000         2   2.000       3.000      595.0          1.03133581268E+00  6.97576015188E-01  6.32254468592E-01    0.67638   0.90636
     3  1.000         3   3.000       4.000      547.8          1.04535700641E+00  6.75890505064E-01  6.81810659486E-01    0.64656   1.00876
     4  1.000         4   4.000       5.000      508.5          1.08344528391E+00  6.73145234555E-01  6.50414016836E-01    0.62130   0.96623
     5  1.000         5   5.000       6.000      475.6          1.12456474280E+00  6.79366262684E-01  6.67475621238E-01    0.60411   0.98250
     6  1.000         6   6.000       7.000      448.3          1.16443879348E+00  6.74987598802E-01  7.10700016425E-01    0.57967   1.05291
     7  1.000         7   7.000       8.000      424.9          1.20136719473E+00  6.85470112445E-01  7.41252037128E-01    0.57058   1.08138
     8  1.000         8   8.000       9.000      405.0          1.23607782384E+00  6.78609640924E-01  6.88816026736E-01    0.54900   1.01504
     9  1.000         9   9.000       10.00      387.2          1.26857240393E+00  6.95391104565E-01  6.35248768705E-01    0.54817   0.91351
    10  2.000        10   10.00       12.00      365.3          1.31269766007E+00  6.90708993943E-01  7.51276425188E-01    0.52618   1.08769
    11  2.000        11   12.00       14.00      340.6          1.36544047619E+00  6.81709613337E-01  5.40206352628E-01    0.49926   0.79243
    12  2.000        12   14.00       16.00      320.2          1.41331607636E+00  6.85074797705E-01  5.27927586469E-01    0.48473   0.77061
 #=================================================================================================================================================================
 # My Cross Sections
 # The scale factors xmur, xmuf chosen here are:      2.000,      2.000
 #-----------------------------------------------------------------------------------------------------------------------------------------------------------------
 #IObs  BinSize  IODimO  [ Chi               ]  < ptavg_j12_ >  LO_cross_section   NLO_cross_section  NNLO_cross_section   KNLO      KNNLO
 #-----------------------------------------------------------------------------------------------------------------------------------------------------------------
     1  1.000         1   1.000       2.000      2570.          6.92536641824E-01  8.62045024945E-01  8.29794855936E-01    1.24476   0.96259
     2  1.000         2   2.000       3.000      2374.          5.96814120495E-01  7.28168753113E-01  6.89944368502E-01    1.22009   0.94751
     3  1.000         3   3.000       4.000      2185.          6.02924049204E-01  7.21061032695E-01  6.98537870819E-01    1.19594   0.96876
     4  1.000         4   4.000       5.000      2027.          6.22635209725E-01  7.32550631499E-01  6.94161576119E-01    1.17653   0.94760
     5  1.000         5   5.000       6.000      1896.          6.43990664504E-01  7.49869678255E-01  7.28758991006E-01    1.16441   0.97185
     6  1.000         6   6.000       7.000      1787.          6.64615353473E-01  7.61796840545E-01  7.28835952237E-01    1.14622   0.95673
     7  1.000         7   7.000       8.000      1693.          6.83560151111E-01  7.79976367954E-01  7.53132248780E-01    1.14105   0.96558
     8  1.000         8   8.000       9.000      1613.          7.01271915004E-01  7.88756270666E-01  7.22968981075E-01    1.12475   0.91659
     9  1.000         9   9.000       10.00      1543.          7.17757914065E-01  8.08185395022E-01  7.78777439265E-01    1.12599   0.96361
    10  2.000        10   10.00       12.00      1454.          7.39935908278E-01  8.21592620450E-01  7.92937032728E-01    1.11036   0.96512
    11  2.000        11   12.00       14.00      1355.          7.66170977531E-01  8.36208624199E-01  7.33168990492E-01    1.09141   0.87678
    12  2.000        12   14.00       16.00      1274.          7.89782145317E-01  8.55284919998E-01  6.97620548485E-01    1.08294   0.81566
 #=================================================================================================================================================================
 # My Cross Sections
 # The scale factors xmur, xmuf chosen here are:      0.500,      1.000
 #-----------------------------------------------------------------------------------------------------------------------------------------------------------------
 #IObs  BinSize  IODimO  [ Chi               ]  < ptavg_j12_ >  LO_cross_section   NLO_cross_section  NNLO_cross_section   KNLO      KNNLO
 #-----------------------------------------------------------------------------------------------------------------------------------------------------------------
     1  1.000         1   1.000       2.000      643.5          1.04989148394E+00  8.81841634902E-01  7.75490627662E-01    0.83994   0.87940
     2  1.000         2   2.000       3.000      594.5          9.06875621841E-01  7.34406668524E-01  6.37249422741E-01    0.80982   0.86771
     3  1.000         3   3.000       4.000      547.3          9.18939886842E-01  7.16340531269E-01  6.77026302325E-01    0.77953   0.94512
     4  1.000         4   4.000       5.000      507.9          9.51881612990E-01  7.18062052566E-01  6.49021118823E-01    0.75436   0.90385
     5  1.000         5   5.000       6.000      475.1          9.87359775125E-01  7.28095290150E-01  6.66800776896E-01    0.73742   0.91582
     6  1.000         6   6.000       7.000      447.8          1.02169069019E+00  7.29015600666E-01  7.02643037349E-01    0.71354   0.96382
     7  1.000         7   7.000       8.000      424.4          1.05340612071E+00  7.42464314097E-01  7.28757056918E-01    0.70482   0.98154
     8  1.000         8   8.000       9.000      404.4          1.08317504284E+00  7.40629596230E-01  6.79460580047E-01    0.68376   0.91741
     9  1.000         9   9.000       10.00      386.7          1.11100520569E+00  7.59074908072E-01  6.54687052971E-01    0.68323   0.86248
    10  2.000        10   10.00       12.00      364.7          1.14871256947E+00  7.60283803848E-01  7.46146884653E-01    0.66186   0.98141
    11  2.000        11   12.00       14.00      340.0          1.19366517097E+00  7.59036792333E-01  5.75638245322E-01    0.63589   0.75838
    12  2.000        12   14.00       16.00      319.6          1.23436927982E+00  7.67961258604E-01  5.45895457015E-01    0.62215   0.71084
 #=================================================================================================================================================================
 # My Cross Sections
 # The scale factors xmur, xmuf chosen here are:      1.000,      0.500
 #-----------------------------------------------------------------------------------------------------------------------------------------------------------------
 #IObs  BinSize  IODimO  [ Chi               ]  < ptavg_j12_ >  LO_cross_section   NLO_cross_section  NNLO_cross_section   KNLO      KNNLO
 #-----------------------------------------------------------------------------------------------------------------------------------------------------------------
     1  1.000         1   1.000       2.000      1287.          1.02400812778E+00  8.91102147046E-01  7.93222325980E-01    0.87021   0.89016
     2  1.000         2   2.000       3.000      1189.          8.83006804643E-01  7.46095428964E-01  6.53914611365E-01    0.84495   0.87645
     3  1.000         3   3.000       4.000      1094.          8.93679865558E-01  7.31785286836E-01  6.81982941506E-01    0.81884   0.93194
     4  1.000         4   4.000       5.000      1015.          9.24957827053E-01  7.37072417828E-01  6.64352568861E-01    0.79687   0.90134
     5  1.000         5   5.000       6.000      949.6          9.58843435797E-01  7.50193814506E-01  6.94247794659E-01    0.78239   0.92542
     6  1.000         6   6.000       7.000      895.0          9.91700073409E-01  7.54678620345E-01  7.08371090613E-01    0.76099   0.93864
     7  1.000         7   7.000       8.000      848.3          1.02208278183E+00  7.70486407121E-01  7.37087349896E-01    0.75384   0.95665
     8  1.000         8   8.000       9.000      808.2          1.05061167239E+00  7.72006839053E-01  6.91742249559E-01    0.73482   0.89603
     9  1.000         9   9.000       10.00      772.9          1.07728708873E+00  7.91766158013E-01  7.00140639961E-01    0.73496   0.88428
    10  2.000        10   10.00       12.00      728.8          1.11342522999E+00  7.97256406949E-01  7.58229104077E-01    0.71604   0.95105
    11  2.000        11   12.00       14.00      679.2          1.15649378928E+00  8.01256906615E-01  6.13543276203E-01    0.69283   0.76573
    12  2.000        12   14.00       16.00      638.5          1.19549111519E+00  8.14198254492E-01  5.88605233078E-01    0.68106   0.72293
 #=================================================================================================================================================================
 # My Cross Sections
 # The scale factors xmur, xmuf chosen here are:      1.000,      2.000
 #-----------------------------------------------------------------------------------------------------------------------------------------------------------------
 #IObs  BinSize  IODimO  [ Chi               ]  < ptavg_j12_ >  LO_cross_section   NLO_cross_section  NNLO_cross_section   KNLO      KNNLO
 #-----------------------------------------------------------------------------------------------------------------------------------------------------------------
     1  1.000         1   1.000       2.000      1285.          7.98606565768E-01  8.94208473470E-01  8.14134226355E-01    1.11971   0.91045
     2  1.000         2   2.000       3.000      1187.          6.89069137016E-01  7.52534775289E-01  6.73878227160E-01    1.09210   0.89548
     3  1.000         3   3.000       4.000      1093.          6.97034701137E-01  7.42373714469E-01  6.91124560882E-01    1.06505   0.93097
     4  1.000         4   4.000       5.000      1014.          7.20678713986E-01  7.51776525475E-01  6.78514583181E-01    1.04315   0.90255
     5  1.000         5   5.000       6.000      948.6          7.46187230597E-01  7.67851797809E-01  7.07613997848E-01    1.02903   0.92155
     6  1.000         6   6.000       7.000      893.9          7.70821287276E-01  7.77437227750E-01  7.17817408246E-01    1.00858   0.92331
     7  1.000         7   7.000       8.000      847.3          7.93486569784E-01  7.95110269925E-01  7.41735321257E-01    1.00205   0.93287
     8  1.000         8   8.000       9.000      807.2          8.14705705122E-01  8.01561964975E-01  7.03810815948E-01    0.98387   0.87805
     9  1.000         9   9.000       10.00      771.9          8.34487615129E-01  8.21565517490E-01  7.40065457722E-01    0.98451   0.90080
    10  2.000        10   10.00       12.00      727.6          8.61165280062E-01  8.32437166640E-01  7.74765179682E-01    0.96664   0.93072
    11  2.000        11   12.00       14.00      678.1          8.92800522940E-01  8.43717905927E-01  6.83417647169E-01    0.94502   0.81001
    12  2.000        12   14.00       16.00      637.4          9.21318744067E-01  8.61080085180E-01  6.43016154561E-01    0.93462   0.74676
 #=================================================================================================================================================================
 # My Cross Sections
 # The scale factors xmur, xmuf chosen here are:      2.000,      1.000
 #-----------------------------------------------------------------------------------------------------------------------------------------------------------------
 #IObs  BinSize  IODimO  [ Chi               ]  < ptavg_j12_ >  LO_cross_section   NLO_cross_section  NNLO_cross_section   KNLO      KNNLO
 #-----------------------------------------------------------------------------------------------------------------------------------------------------------------
     1  1.000         1   1.000       2.000      2571.          7.80600126273E-01  8.80951757834E-01  8.23633666766E-01    1.12856   0.93494
     2  1.000         2   2.000       3.000      2374.          6.72492818707E-01  7.43096372965E-01  6.83739615206E-01    1.10499   0.92012
     3  1.000         3   3.000       4.000      2186.          6.79535781602E-01  7.34784706341E-01  6.95388602232E-01    1.08130   0.94638
     4  1.000         4   4.000       5.000      2028.          7.02084701471E-01  7.45539474935E-01  6.89388452076E-01    1.06189   0.92468
     5  1.000         5   5.000       6.000      1897.          7.26557567542E-01  7.62618983075E-01  7.25145118166E-01    1.04963   0.95086
     6  1.000         6   6.000       7.000      1787.          7.50238554663E-01  7.73526143571E-01  7.24867804681E-01    1.03104   0.93710
     7  1.000         7   7.000       8.000      1694.          7.72045496150E-01  7.91815374988E-01  7.50701903249E-01    1.02561   0.94808
     8  1.000         8   8.000       9.000      1614.          7.92465464522E-01  7.99559558050E-01  7.17244004819E-01    1.00895   0.89705
     9  1.000         9   9.000       10.00      1544.          8.11502749471E-01  8.19600499537E-01  7.67352724487E-01    1.00998   0.93625
    10  2.000        10   10.00       12.00      1455.          8.37172455409E-01  8.32061879900E-01  7.86733345738E-01    0.99390   0.94552
    11  2.000        11   12.00       14.00      1356.          8.67608701807E-01  8.45287681333E-01  7.09663064655E-01    0.97427   0.83955
    12  2.000        12   14.00       16.00      1274.          8.95053729427E-01  8.63901758460E-01  6.77200839299E-01    0.96520   0.78389
