 ##################################################################################
 # INFO.    [fnlo-tk-cppread] Program to read fastNLO tables and derive
 # INFO.    [fnlo-tk-cppread] QCD cross sections using PDFs e.g. from LHAPDF
 #---------------------------------------------------------------------------------
 # INFO.    [fnlo-tk-cppread] For more explanations type:
 # INFO.    [fnlo-tk-cppread] ./fnlo-tk-cppread -h
 # INFO.    [fnlo-tk-cppread] For version number printout type:
 # INFO.    [fnlo-tk-cppread] ./fnlo-tk-cppread -v
 ##################################################################################

 ##################################################################################
 # [fnlo-tk-cppread] fastNLO Cross-Section Calculator
 #---------------------------------------------------------------------------------
 # [fnlo-tk-cppread] Evaluating table: 2jet.NNLO.fnl5662j_mjj2_chi.tab.gz
 # [fnlo-tk-cppread] Using PDF set   : CT14nlo
 # [fnlo-tk-cppread] If possible, will try to do 7 scale factor variations.
 # [fnlo-tk-cppread] Using alpha_s evolution code: LHAPDF
 # [fnlo-tk-cppread] Preparing unnormalized cross sections,
 # [fnlo-tk-cppread] Using scale definition scale1
 # [fnlo-tk-cppread] No request given for no. of flavours,
 #             using default value for LHAPDF or Nf = 5.
 # [fnlo-tk-cppread] No request given for no. of loops,
 #             using default value for LHAPDF or NLoop = 2.
 # [fnlo-tk-cppread] No request given for value of alpha_s(M_Z),
 #             using default value for LHAPDF or asMz = 0.1181.
 # [fnlo-tk-cppread] No request given for value of M_Z,
 #             using default value for LHAPDF or Mz = 91.1876.
 ##################################################################################

 ##################################################################################
 #
 # [0;31mfast[0;34mNLO[0m_toolkit
 # Version 2.3.1_2657-32-g0bd1223
 #
 # C++ program and toolkit to read and create fastNLO v2 tables and
 # derive QCD cross sections using PDFs, e.g. from LHAPDF
 #
 #---------------------------------------------------------------------------------
 #
 # Copyright © 2005-2019 [0;31mfast[0;34mNLO[0m Collaboration
 # D. Britzger, T. Kluge, K. Rabbertz, F. Stober, G. Sieber, M. Wobisch
 #
 # This program is free software: you can redistribute it and/or modify
 # it under the terms of the GNU General Public License as published by
 # the Free Software Foundation, either version 3 of the License, or
 # (at your option) any later version.
 #
 # This program is distributed in the hope that it will be useful,
 # but WITHOUT ANY WARRANTY; without even the implied warranty of
 # MERCHANTABILITY or FITNESS FOR A PARTICULAR PURPOSE. See the
 # GNU General Public License for more details.
 #
 # You should have received a copy of the GNU General Public License
 # along with this program. If not, see <http://www.gnu.org/licenses/>.
 #
 #---------------------------------------------------------------------------------
 #
 # The projects web page can be found at:
 #   http://projects.hepforge.org/fastnlo
 #
 # If you use this code, please cite:
 #   T. Kluge, K. Rabbertz, M. Wobisch, hep-ph/0609285
 #   D. Britzger, T. Kluge, K. Rabbertz, F. Stober, M. Wobisch, arXiv:1109.1310
 #
 ##################################################################################

 ##################################################################################
 # Overview on contribution types and numbers contained in table: 2jet.NNLO.fnl5662j_mjj2_chi.tab.gz
 #---------------------------------------------------------------------------------
 # Total number of contributions:  3
 #   No.: 1, type: Fixed order calculation       , Id: 0, order: LO                  , by: NNLOJET_rev_5088
 #   No.: 2, type: Fixed order calculation       , Id: 1, order: NLO                 , by: NNLOJET_rev_5088
 #   No.: 3, type: Fixed order calculation       , Id: 2, order: NNLO                , by: NNLOJET_rev_5088
 ##################################################################################

 ##################################################################################
 # Information on table header
 #---------------------------------------------------------------------------------
 #===================== fastNLO Table: Header ====================
 # Table version (Itabversion)         23600
 # Scenario name (ScenName)            fnl5662j
 # Theory contributions (Ncontrib)     3
 # Data contribution 0/1 (Ndata)       0
 ##################################################################################

 ##################################################################################
 # Information on fastNLO scenario: fnl5662j
 #---------------------------------------------------------------------------------
 #===================== fastNLO Table: Scenario ====================
 # Scenario description (ScDescript)
 #   0	d2sigma-dijet_dChi_dMjj_[pb_GeV]
 #   1	CMS_Collaboration
 #   2	Dijet_Chi
 #   3	anti-kT_R=0.4
 #   4	THEORY_LABEL=NNLOJET
 #   5	provided by:
 #   6	fastNLO_2.3.1
 #   7	If you use this table, please cite:
 #   8	  D. Britzger, T. Kluge, K. Rabbertz, F. Stober, M. Wobisch, arXiv:1109.1310
 #
 # Publ. x section (10^-Ipublunits b)  12
 # Centre-of-mass energy (Ecms/GeV)    13000
 # Power in a_s of LO process (ILOord) 2
 # No. of observable bins (NObsBin)    12
 # Dim. of observable binning (NDim)   1
 #
 # Dimension labels (DimLabel)
 #   0	Chi
 # Differential dimension (IDiffBin)
 #   0	2
 #
 # Total no. of contributions (theory + optional data) in this table: 3
 ##################################################################################

 ##################################################################################
 # Information on table contribution no. 0: LO
 #---------------------------------------------------------------------------------
 #===================== fastNLO Table: CoeffBase ====================
 # Contribution description (CtrbDescript)
 #   0	LO
 # Code description (CodeDescript)
 #   0	NNLOJET_rev_5088
 #   1	Example for single jet inclusive production.
 #   2	Please adapt to selected process: 2jet
 #   3	Please cite:
 #   4	Currie, J.; Glover, E.W.N. & Pires, J., Phys. Rev. Lett., 2017, 118, 072002 [arXiv:1611.01460]
 #   5	2jet
 #   6	PC: Please check and modify NNLOJET references according to selected process.
 #===================== fastNLO Table: CoeffAddBase ====================
 # No. of events (Nevt)                0.000000
 # Weight of table [=Nevt] (fWgtNevt)  0.000000
 # Number of tables merged together    100
 # No. of filled events (WgtNumEv)     43164164151
 # Sum of weights squared (WgtSumW2)   69397319000000.000000
 # Sum of sigma squared (SigSumW2)     45674.591000
 # Sum of sigma (SigSum)               4810786.300000
 # Sigma / Nevt (SigSum/WgtNevt)       4654860123028841603286620941307531550989765050368.000000
 # Abs. order in a_s (Npow)            2
 # No. of hadrons involved (NPDF)      2
 # Type(s) of hadrons (NPDFPDG)
 #   0	2212
 #   1	2212
 # PDF storage format (NPDFDim)        2
 #   --> x-interpolation storage format: Full-Matrix
 # Observable bin no. 1
 #   No. of X1 nodes (XNode1[i].size())          20
 # Observable bin no. 12
 #   No. of X1 nodes (XNode1[i].size())          20
 # No. of scales involved (NScales)    1
 # Scale descriptions (ScaleDescript)
 #   0	ptavg_j12_[GeV]
 #   1	m12_[GeV]
 # No. of subprocess contributions     13
 #ISub  Processes
 #   0: (0,0), 
 #   1: (1,0), (2,0), (3,0), (4,0), (5,0), 
 #   2: (1,-1), (2,-2), (3,-3), (4,-4), (5,-5), 
 #   3: (0,1), (0,2), (0,3), (0,4), (0,5), 
 #   4: (-1,1), (-2,2), (-3,3), (-4,4), (-5,5), 
 #   5: (0,-1), (0,-2), (0,-3), (0,-4), (0,-5), 
 #   6: (-1,0), (-2,0), (-3,0), (-4,0), (-5,0), 
 #   7: (1,-1), (1,-2), (1,-3), (1,-4), (1,-5), (2,-1), (2,-2), (2,-3), (2,-4), (2,-5), (3,-1), (3,-2), (3,-3), (3,-4), (3,-5), (4,-1), (4,-2), (4,-3), (4,-4), (4,-5), (5,-1), (5,-2), (5,-3), (5,-4), (5,-5), 
 #   8: (1,1), (1,2), (1,3), (1,4), (1,5), (2,1), (2,2), (2,3), (2,4), (2,5), (3,1), (3,2), (3,3), (3,4), (3,5), (4,1), (4,2), (4,3), (4,4), (4,5), (5,1), (5,2), (5,3), (5,4), (5,5), 
 #   9: (-1,-1), (-1,-2), (-1,-3), (-1,-4), (-1,-5), (-2,-1), (-2,-2), (-2,-3), (-2,-4), (-2,-5), (-3,-1), (-3,-2), (-3,-3), (-3,-4), (-3,-5), (-4,-1), (-4,-2), (-4,-3), (-4,-4), (-4,-5), (-5,-1), (-5,-2), (-5,-3), (-5,-4), (-5,-5), 
 #  10: (-1,1), (-1,2), (-1,3), (-1,4), (-1,5), (-2,1), (-2,2), (-2,3), (-2,4), (-2,5), (-3,1), (-3,2), (-3,3), (-3,4), (-3,5), (-4,1), (-4,2), (-4,3), (-4,4), (-4,5), (-5,1), (-5,2), (-5,3), (-5,4), (-5,5), 
 #  11: (1,1), (2,2), (3,3), (4,4), (5,5), 
 #  12: (-1,-1), (-2,-2), (-3,-3), (-4,-4), (-5,-5), 
 #===================== fastNLO Table: CoeffAddFlex ====================
 # No. of scale1 nodes (Nscalenode1)   6
 # No. of scale2 nodes (Nscalenode2)   6
 ##################################################################################

 ##################################################################################
 # Information on table contribution no. 1: NLO
 #---------------------------------------------------------------------------------
 #===================== fastNLO Table: CoeffBase ====================
 # Contribution description (CtrbDescript)
 #   0	NLO
 # Code description (CodeDescript)
 #   0	NNLOJET_rev_5088
 #   1	Example for single jet inclusive production.
 #   2	Please adapt to selected process: 2jet
 #   3	Please cite:
 #   4	Currie, J.; Glover, E.W.N. & Pires, J., Phys. Rev. Lett., 2017, 118, 072002 [arXiv:1611.01460]
 #   5	2jet
 #   6	PC: Please check and modify NNLOJET references according to selected process.
 #===================== fastNLO Table: CoeffAddBase ====================
 # No. of events (Nevt)                1.000000
 # Weight of table [=Nevt] (fWgtNevt)  1.000000
 # Number of tables merged together    200
 # No. of filled events (WgtNumEv)     175147790918
 # Sum of weights squared (WgtSumW2)   122278100000000000556793856.000000
 # Sum of sigma squared (SigSumW2)     18613426000000.000000
 # Sum of sigma (SigSum)               279213.100000
 # Sigma / Nevt (SigSum/WgtNevt)       279213.100000
 # Abs. order in a_s (Npow)            3
 # No. of hadrons involved (NPDF)      2
 # Type(s) of hadrons (NPDFPDG)
 #   0	2212
 #   1	2212
 # PDF storage format (NPDFDim)        2
 #   --> x-interpolation storage format: Full-Matrix
 # Observable bin no. 1
 #   No. of X1 nodes (XNode1[i].size())          20
 # Observable bin no. 12
 #   No. of X1 nodes (XNode1[i].size())          20
 # No. of scales involved (NScales)    1
 # Scale descriptions (ScaleDescript)
 #   0	ptavg_j12_[GeV]
 #   1	m12_[GeV]
 # No. of subprocess contributions     13
 #ISub  Processes
 #   0: (0,0), 
 #   1: (1,0), (2,0), (3,0), (4,0), (5,0), 
 #   2: (1,-1), (2,-2), (3,-3), (4,-4), (5,-5), 
 #   3: (0,1), (0,2), (0,3), (0,4), (0,5), 
 #   4: (-1,1), (-2,2), (-3,3), (-4,4), (-5,5), 
 #   5: (0,-1), (0,-2), (0,-3), (0,-4), (0,-5), 
 #   6: (-1,0), (-2,0), (-3,0), (-4,0), (-5,0), 
 #   7: (1,1), (1,2), (1,3), (1,4), (1,5), (2,1), (2,2), (2,3), (2,4), (2,5), (3,1), (3,2), (3,3), (3,4), (3,5), (4,1), (4,2), (4,3), (4,4), (4,5), (5,1), (5,2), (5,3), (5,4), (5,5), 
 #   8: (1,-1), (1,-2), (1,-3), (1,-4), (1,-5), (2,-1), (2,-2), (2,-3), (2,-4), (2,-5), (3,-1), (3,-2), (3,-3), (3,-4), (3,-5), (4,-1), (4,-2), (4,-3), (4,-4), (4,-5), (5,-1), (5,-2), (5,-3), (5,-4), (5,-5), 
 #   9: (-1,1), (-1,2), (-1,3), (-1,4), (-1,5), (-2,1), (-2,2), (-2,3), (-2,4), (-2,5), (-3,1), (-3,2), (-3,3), (-3,4), (-3,5), (-4,1), (-4,2), (-4,3), (-4,4), (-4,5), (-5,1), (-5,2), (-5,3), (-5,4), (-5,5), 
 #  10: (-1,-1), (-1,-2), (-1,-3), (-1,-4), (-1,-5), (-2,-1), (-2,-2), (-2,-3), (-2,-4), (-2,-5), (-3,-1), (-3,-2), (-3,-3), (-3,-4), (-3,-5), (-4,-1), (-4,-2), (-4,-3), (-4,-4), (-4,-5), (-5,-1), (-5,-2), (-5,-3), (-5,-4), (-5,-5), 
 #  11: (1,1), (2,2), (3,3), (4,4), (5,5), 
 #  12: (-1,-1), (-2,-2), (-3,-3), (-4,-4), (-5,-5), 
 #===================== fastNLO Table: CoeffAddFlex ====================
 # No. of scale1 nodes (Nscalenode1)   6
 # No. of scale2 nodes (Nscalenode2)   6
 ##################################################################################

 ##################################################################################
 # Information on table contribution no. 2: NNLO
 #---------------------------------------------------------------------------------
 #===================== fastNLO Table: CoeffBase ====================
 # Contribution description (CtrbDescript)
 #   0	NNLO
 # Code description (CodeDescript)
 #   0	NNLOJET_rev_5088
 #   1	Example for single jet inclusive production.
 #   2	Please adapt to selected process: 2jet
 #   3	Please cite:
 #   4	Currie, J.; Glover, E.W.N. & Pires, J., Phys. Rev. Lett., 2017, 118, 072002 [arXiv:1611.01460]
 #   5	2jet
 #   6	PC: Please check and modify NNLOJET references according to selected process.
 #===================== fastNLO Table: CoeffAddBase ====================
 # No. of events (Nevt)                1.000000
 # Weight of table [=Nevt] (fWgtNevt)  1.000000
 # Number of tables merged together    396
 # No. of filled events (WgtNumEv)     204304214981
 # Sum of weights squared (WgtSumW2)   1994316699999999884094392877711360.000000
 # Sum of sigma squared (SigSumW2)     28021474000000000.000000
 # Sum of sigma (SigSum)               -275258.880000
 # Sigma / Nevt (SigSum/WgtNevt)       -275258.880000
 # Abs. order in a_s (Npow)            4
 # No. of hadrons involved (NPDF)      2
 # Type(s) of hadrons (NPDFPDG)
 #   0	2212
 #   1	2212
 # PDF storage format (NPDFDim)        2
 #   --> x-interpolation storage format: Full-Matrix
 # Observable bin no. 1
 #   No. of X1 nodes (XNode1[i].size())          20
 # Observable bin no. 12
 #   No. of X1 nodes (XNode1[i].size())          20
 # No. of scales involved (NScales)    1
 # Scale descriptions (ScaleDescript)
 #   0	ptavg_j12_[GeV]
 #   1	m12_[GeV]
 # No. of subprocess contributions     13
 #ISub  Processes
 #   0: (0,0), 
 #   1: (1,0), (2,0), (3,0), (4,0), (5,0), 
 #   2: (1,-1), (2,-2), (3,-3), (4,-4), (5,-5), 
 #   3: (0,1), (0,2), (0,3), (0,4), (0,5), 
 #   4: (-1,1), (-2,2), (-3,3), (-4,4), (-5,5), 
 #   5: (0,-1), (0,-2), (0,-3), (0,-4), (0,-5), 
 #   6: (-1,0), (-2,0), (-3,0), (-4,0), (-5,0), 
 #   7: (1,1), (1,2), (1,3), (1,4), (1,5), (2,1), (2,2), (2,3), (2,4), (2,5), (3,1), (3,2), (3,3), (3,4), (3,5), (4,1), (4,2), (4,3), (4,4), (4,5), (5,1), (5,2), (5,3), (5,4), (5,5), 
 #   8: (1,-1), (1,-2), (1,-3), (1,-4), (1,-5), (2,-1), (2,-2), (2,-3), (2,-4), (2,-5), (3,-1), (3,-2), (3,-3), (3,-4), (3,-5), (4,-1), (4,-2), (4,-3), (4,-4), (4,-5), (5,-1), (5,-2), (5,-3), (5,-4), (5,-5), 
 #   9: (-1,1), (-1,2), (-1,3), (-1,4), (-1,5), (-2,1), (-2,2), (-2,3), (-2,4), (-2,5), (-3,1), (-3,2), (-3,3), (-3,4), (-3,5), (-4,1), (-4,2), (-4,3), (-4,4), (-4,5), (-5,1), (-5,2), (-5,3), (-5,4), (-5,5), 
 #  10: (-1,-1), (-1,-2), (-1,-3), (-1,-4), (-1,-5), (-2,-1), (-2,-2), (-2,-3), (-2,-4), (-2,-5), (-3,-1), (-3,-2), (-3,-3), (-3,-4), (-3,-5), (-4,-1), (-4,-2), (-4,-3), (-4,-4), (-4,-5), (-5,-1), (-5,-2), (-5,-3), (-5,-4), (-5,-5), 
 #  11: (1,1), (2,2), (3,3), (4,4), (5,5), 
 #  12: (-1,-1), (-2,-2), (-3,-3), (-4,-4), (-5,-5), 
 #===================== fastNLO Table: CoeffAddFlex ====================
 # No. of scale1 nodes (Nscalenode1)   6
 # No. of scale2 nodes (Nscalenode2)   6
 ##################################################################################
LHAPDF 6.2.1 loading /home/rabbertz/local.lx25/share/LHAPDF/CT14nlo/CT14nlo_0000.dat
CT14nlo PDF set, member #0, version 1; LHAPDF ID = 13100
LHAPDF 6.2.1 loading /home/rabbertz/local.lx25/share/LHAPDF/CT14nlo/CT14nlo_0000.dat
CT14nlo PDF set, member #0, version 1; LHAPDF ID = 13100

 ##################################################################################################################################################################
 # [fnlo-tk-cppread] Calculate my cross sections
 ##################################################################################################################################################################
 #=================================================================================================================================================================
 # My Cross Sections
 # The scale factors xmur, xmuf chosen here are:      1.000,      1.000
 #-----------------------------------------------------------------------------------------------------------------------------------------------------------------
 #IObs  BinSize  IODimO  [ Chi               ]  < ptavg_j12_ >  LO_cross_section   NLO_cross_section  NNLO_cross_section   KNLO      KNNLO
 #-----------------------------------------------------------------------------------------------------------------------------------------------------------------
     1  1.000         1   1.000       2.000      1025.          3.80537080441E+00  3.70970553919E+00  3.49186195605E+00    0.97486   0.94128
     2  1.000         2   2.000       3.000      946.9          3.24847818764E+00  3.09314899888E+00  2.70636598325E+00    0.95218   0.87495
     3  1.000         3   3.000       4.000      871.6          3.26360566833E+00  3.04085401056E+00  2.87176404464E+00    0.93175   0.94439
     4  1.000         4   4.000       5.000      809.0          3.36089246032E+00  3.06137123849E+00  2.72170053464E+00    0.91088   0.88905
     5  1.000         5   5.000       6.000      756.5          3.47186695536E+00  3.10635415304E+00  3.03758621904E+00    0.89472   0.97786
     6  1.000         6   6.000       7.000      713.0          3.58029961715E+00  3.16112551159E+00  2.82260537633E+00    0.88292   0.89291
     7  1.000         7   7.000       8.000      675.9          3.68125036938E+00  3.19954862564E+00  3.05739559990E+00    0.86915   0.95557
     8  1.000         8   8.000       9.000      643.9          3.77547604993E+00  3.22014612139E+00  2.50572049076E+00    0.85291   0.77814
     9  1.000         9   9.000       10.00      615.9          3.86406493544E+00  3.27278934739E+00  2.84024555702E+00    0.84698   0.86784
    10  2.000        10   10.00       12.00      580.6          3.98651606750E+00  3.31451459290E+00  2.67355148069E+00    0.83143   0.80662
    11  2.000        11   12.00       14.00      541.3          4.13044333466E+00  3.38549943684E+00  3.18234312389E+00    0.81965   0.93999
    12  2.000        12   14.00       16.00      508.7          4.26327363938E+00  3.41359331574E+00  3.00959452835E+00    0.80070   0.88165
 #=================================================================================================================================================================
 # My Cross Sections
 # The scale factors xmur, xmuf chosen here are:      0.500,      0.500
 #-----------------------------------------------------------------------------------------------------------------------------------------------------------------
 #IObs  BinSize  IODimO  [ Chi               ]  < ptavg_j12_ >  LO_cross_section   NLO_cross_section  NNLO_cross_section   KNLO      KNNLO
 #-----------------------------------------------------------------------------------------------------------------------------------------------------------------
     1  1.000         1   1.000       2.000      513.7          5.01045808836E+00  3.46354790802E+00  3.43131441651E+00    0.69126   0.99069
     2  1.000         2   2.000       3.000      474.6          4.28250639637E+00  2.85314191602E+00  2.56072803436E+00    0.66623   0.89751
     3  1.000         3   3.000       4.000      437.0          4.31045071883E+00  2.77121419713E+00  2.83053482711E+00    0.64291   1.02141
     4  1.000         4   4.000       5.000      405.7          4.44763504836E+00  2.75106876203E+00  2.53575777289E+00    0.61855   0.92174
     5  1.000         5   5.000       6.000      379.4          4.60310735040E+00  2.75945957381E+00  3.02695574867E+00    0.59948   1.09694
     6  1.000         6   6.000       7.000      357.6          4.75525929410E+00  2.78358878617E+00  2.75534917349E+00    0.58537   0.98985
     7  1.000         7   7.000       8.000      339.1          4.89746284481E+00  2.78394856558E+00  3.14222441154E+00    0.56845   1.12869
     8  1.000         8   8.000       9.000      323.2          5.03064378068E+00  2.76370114361E+00  2.24969493640E+00    0.54937   0.81402
     9  1.000         9   9.000       10.00      309.1          5.15618960696E+00  2.79184174304E+00  2.60319713638E+00    0.54145   0.93243
    10  2.000        10   10.00       12.00      291.7          5.33029126413E+00  2.78709182642E+00  2.32626350133E+00    0.52288   0.83466
    11  2.000        11   12.00       14.00      272.1          5.53606676054E+00  2.80793743493E+00  3.40698433610E+00    0.50721   1.21334
    12  2.000        12   14.00       16.00      255.8          5.72635731071E+00  2.77287041637E+00  2.66544882460E+00    0.48423   0.96126
 #=================================================================================================================================================================
 # My Cross Sections
 # The scale factors xmur, xmuf chosen here are:      2.000,      2.000
 #-----------------------------------------------------------------------------------------------------------------------------------------------------------------
 #IObs  BinSize  IODimO  [ Chi               ]  < ptavg_j12_ >  LO_cross_section   NLO_cross_section  NNLO_cross_section   KNLO      KNNLO
 #-----------------------------------------------------------------------------------------------------------------------------------------------------------------
     1  1.000         1   1.000       2.000      2048.          2.94833929839E+00  3.59509399733E+00  3.55240469997E+00    1.21936   0.98813
     2  1.000         2   2.000       3.000      1892.          2.51446456057E+00  3.01353630728E+00  2.82218394499E+00    1.19848   0.93650
     3  1.000         3   3.000       4.000      1741.          2.52236884433E+00  2.97704181348E+00  2.92583225688E+00    1.18026   0.98280
     4  1.000         4   4.000       5.000      1616.          2.59328466628E+00  3.01372817850E+00  2.86071088186E+00    1.16213   0.94923
     5  1.000         5   5.000       6.000      1511.          2.67458081276E+00  3.07101042642E+00  3.07985936922E+00    1.14822   1.00288
     6  1.000         6   6.000       7.000      1424.          2.75389869835E+00  3.13442269021E+00  2.92161015847E+00    1.13818   0.93210
     7  1.000         7   7.000       8.000      1350.          2.82752240411E+00  3.18627107686E+00  3.07686906460E+00    1.12688   0.96566
     8  1.000         8   8.000       9.000      1286.          2.89607890839E+00  3.22291725969E+00  2.73413551816E+00    1.11286   0.84834
     9  1.000         9   9.000       10.00      1230.          2.96041512375E+00  3.28142833486E+00  3.03542543760E+00    1.10844   0.92503
    10  2.000        10   10.00       12.00      1159.          3.04910936964E+00  3.33941457266E+00  2.94496059181E+00    1.09521   0.88188
    11  2.000        11   12.00       14.00      1080.          3.15279435171E+00  3.42529136617E+00  3.17877482128E+00    1.08643   0.92803
    12  2.000        12   14.00       16.00      1015.          3.24823592253E+00  3.47759960127E+00  3.27181008961E+00    1.07061   0.94082
 #=================================================================================================================================================================
 # My Cross Sections
 # The scale factors xmur, xmuf chosen here are:      0.500,      1.000
 #-----------------------------------------------------------------------------------------------------------------------------------------------------------------
 #IObs  BinSize  IODimO  [ Chi               ]  < ptavg_j12_ >  LO_cross_section   NLO_cross_section  NNLO_cross_section   KNLO      KNNLO
 #-----------------------------------------------------------------------------------------------------------------------------------------------------------------
     1  1.000         1   1.000       2.000      513.2          4.45661359380E+00  3.62778921744E+00  3.42108077787E+00    0.81402   0.94302
     2  1.000         2   2.000       3.000      474.1          3.81020181978E+00  3.00201017378E+00  2.57755286691E+00    0.78789   0.85861
     3  1.000         3   3.000       4.000      436.5          3.83409941562E+00  2.92972518587E+00  2.81855575225E+00    0.76412   0.96205
     4  1.000         4   4.000       5.000      405.2          3.95418681675E+00  2.92535762223E+00  2.56043988839E+00    0.73981   0.87526
     5  1.000         5   5.000       6.000      378.9          4.09012843960E+00  2.94873824636E+00  2.99772990926E+00    0.72094   1.01661
     6  1.000         6   6.000       7.000      357.1          4.22291608369E+00  2.98574505148E+00  2.74581079718E+00    0.70703   0.91964
     7  1.000         7   7.000       8.000      338.6          4.34676419338E+00  3.00204722731E+00  3.09196572830E+00    0.69064   1.02995
     8  1.000         8   8.000       9.000      322.6          4.46256385016E+00  2.99858942787E+00  2.32421219651E+00    0.67194   0.77510
     9  1.000         9   9.000       10.00      308.6          4.57158426446E+00  3.03743780604E+00  2.62899011703E+00    0.66442   0.86553
    10  2.000        10   10.00       12.00      291.1          4.72254227257E+00  3.05182538489E+00  2.41999731061E+00    0.64623   0.79297
    11  2.000        11   12.00       14.00      271.4          4.90054700247E+00  3.09402968858E+00  3.28082200787E+00    0.63136   1.06037
    12  2.000        12   14.00       16.00      255.1          5.06502050409E+00  3.08497753187E+00  2.71653418531E+00    0.60908   0.88057
 #=================================================================================================================================================================
 # My Cross Sections
 # The scale factors xmur, xmuf chosen here are:      1.000,      0.500
 #-----------------------------------------------------------------------------------------------------------------------------------------------------------------
 #IObs  BinSize  IODimO  [ Chi               ]  < ptavg_j12_ >  LO_cross_section   NLO_cross_section  NNLO_cross_section   KNLO      KNNLO
 #-----------------------------------------------------------------------------------------------------------------------------------------------------------------
     1  1.000         1   1.000       2.000      1026.          4.27829889415E+00  3.68540037400E+00  3.47187279273E+00    0.86142   0.94206
     2  1.000         2   2.000       3.000      947.6          3.65116738943E+00  3.06641992939E+00  2.66868201806E+00    0.83985   0.87029
     3  1.000         3   3.000       4.000      872.2          3.66909342681E+00  3.00830239278E+00  2.85432975029E+00    0.81990   0.94882
     4  1.000         4   4.000       5.000      809.6          3.78031836907E+00  3.02075467699E+00  2.67878747888E+00    0.79907   0.88679
     5  1.000         5   5.000       6.000      757.1          3.90732077025E+00  3.05868012934E+00  3.02978133054E+00    0.78281   0.99055
     6  1.000         6   6.000       7.000      713.6          4.03165172247E+00  3.10796177754E+00  2.79114606743E+00    0.77089   0.89806
     7  1.000         7   7.000       8.000      676.4          4.14765253694E+00  3.13848633273E+00  3.04951665631E+00    0.75669   0.97165
     8  1.000         8   8.000       9.000      644.5          4.25610997292E+00  3.15021528944E+00  2.40355933854E+00    0.74016   0.76298
     9  1.000         9   9.000       10.00      616.4          4.35821456892E+00  3.19860626490E+00  2.78481343720E+00    0.73393   0.87063
    10  2.000        10   10.00       12.00      581.2          4.49956629975E+00  3.23111681078E+00  2.56051694242E+00    0.71810   0.79246
    11  2.000        11   12.00       14.00      541.9          4.66611606429E+00  3.29265754510E+00  3.20716916574E+00    0.70565   0.97404
    12  2.000        12   14.00       16.00      509.3          4.81995081255E+00  3.30721173519E+00  2.93134878156E+00    0.68615   0.88635
 #=================================================================================================================================================================
 # My Cross Sections
 # The scale factors xmur, xmuf chosen here are:      1.000,      2.000
 #-----------------------------------------------------------------------------------------------------------------------------------------------------------------
 #IObs  BinSize  IODimO  [ Chi               ]  < ptavg_j12_ >  LO_cross_section   NLO_cross_section  NNLO_cross_section   KNLO      KNNLO
 #-----------------------------------------------------------------------------------------------------------------------------------------------------------------
     1  1.000         1   1.000       2.000      1025.          3.41208914726E+00  3.71675535316E+00  3.51283720907E+00    1.08929   0.94514
     2  1.000         2   2.000       3.000      946.4          2.91365995384E+00  3.10489745577E+00  2.74128901893E+00    1.06563   0.88289
     3  1.000         3   3.000       4.000      871.1          2.92672312515E+00  3.05789211843E+00  2.88958381461E+00    1.04482   0.94496
     4  1.000         4   4.000       5.000      808.4          3.01274686997E+00  3.08508702576E+00  2.76106567071E+00    1.02401   0.89497
     5  1.000         5   5.000       6.000      756.1          3.11072645748E+00  3.13573409509E+00  3.04837342721E+00    1.00804   0.97214
     6  1.000         6   6.000       7.000      712.5          3.20628831965E+00  3.19485077079E+00  2.85290155667E+00    0.99643   0.89297
     7  1.000         7   7.000       8.000      675.4          3.29509595565E+00  3.23955220965E+00  3.06652699533E+00    0.98314   0.94659
     8  1.000         8   8.000       9.000      643.5          3.37787801098E+00  3.26723751518E+00  2.59194346414E+00    0.96725   0.79331
     9  1.000         9   9.000       10.00      615.4          3.45562911831E+00  3.32318104546E+00  2.89028611793E+00    0.96167   0.86973
    10  2.000        10   10.00       12.00      580.1          3.56296133547E+00  3.37226439826E+00  2.76904417362E+00    0.94648   0.82112
    11  2.000        11   12.00       14.00      540.8          3.68883167258E+00  3.45067377920E+00  3.16888460417E+00    0.93544   0.91834
    12  2.000        12   14.00       16.00      508.2          3.80488156159E+00  3.48945594658E+00  3.07890480371E+00    0.91710   0.88235
 #=================================================================================================================================================================
 # My Cross Sections
 # The scale factors xmur, xmuf chosen here are:      2.000,      1.000
 #-----------------------------------------------------------------------------------------------------------------------------------------------------------------
 #IObs  BinSize  IODimO  [ Chi               ]  < ptavg_j12_ >  LO_cross_section   NLO_cross_section  NNLO_cross_section   KNLO      KNNLO
 #-----------------------------------------------------------------------------------------------------------------------------------------------------------------
     1  1.000         1   1.000       2.000      2049.          3.28817868891E+00  3.65970263209E+00  3.54204640459E+00    1.11299   0.96785
     2  1.000         2   2.000       3.000      1892.          2.80341847238E+00  3.06436789973E+00  2.79949219657E+00    1.09308   0.91356
     3  1.000         3   3.000       4.000      1742.          2.81271650876E+00  3.02446193727E+00  2.91577427610E+00    1.07528   0.96406
     4  1.000         4   4.000       5.000      1616.          2.89296739167E+00  3.05833649044E+00  2.83621696260E+00    1.05716   0.92737
     5  1.000         5   5.000       6.000      1512.          2.98509664185E+00  3.11388027804E+00  3.07512878105E+00    1.04314   0.98756
     6  1.000         6   6.000       7.000      1425.          3.07514938893E+00  3.17654647147E+00  2.89787457601E+00    1.03297   0.91227
     7  1.000         7   7.000       8.000      1350.          3.15889234591E+00  3.22609185916E+00  3.06626208295E+00    1.02127   0.95046
     8  1.000         8   8.000       9.000      1286.          3.23697727308E+00  3.25958024949E+00  2.66492859812E+00    1.00698   0.81757
     9  1.000         9   9.000       10.00      1230.          3.31033102015E+00  3.31786132104E+00  3.00079389017E+00    1.00227   0.90444
    10  2.000        10   10.00       12.00      1160.          3.41159077452E+00  3.37330132516E+00  2.87293102361E+00    0.98878   0.85167
    11  2.000        11   12.00       14.00      1081.          3.53024665213E+00  3.45743487928E+00  3.17666822732E+00    0.97937   0.91879
    12  2.000        12   14.00       16.00      1016.          3.63957996334E+00  3.50511786564E+00  3.22450311526E+00    0.96306   0.91994
