 ##################################################################################
 # INFO.    [fnlo-tk-cppread] Program to read fastNLO tables and derive
 # INFO.    [fnlo-tk-cppread] QCD cross sections using PDFs e.g. from LHAPDF
 #---------------------------------------------------------------------------------
 # INFO.    [fnlo-tk-cppread] For more explanations type:
 # INFO.    [fnlo-tk-cppread] ./fnlo-tk-cppread -h
 # INFO.    [fnlo-tk-cppread] For version number printout type:
 # INFO.    [fnlo-tk-cppread] ./fnlo-tk-cppread -v
 ##################################################################################

 ##################################################################################
 # [fnlo-tk-cppread] fastNLO Cross-Section Calculator
 #---------------------------------------------------------------------------------
 # [fnlo-tk-cppread] Evaluating table: 2jet.NNLO.fnl5662j_mjj7_chi.tab.gz
 # [fnlo-tk-cppread] Using PDF set   : CT14nnlo
 # [fnlo-tk-cppread] If possible, will try to do 7 scale factor variations.
 # [fnlo-tk-cppread] Using alpha_s evolution code: LHAPDF
 # [fnlo-tk-cppread] Preparing unnormalized cross sections,
 # [fnlo-tk-cppread] Using scale definition scale1
 # [fnlo-tk-cppread] No request given for no. of flavours,
 #             using default value for LHAPDF or Nf = 5.
 # [fnlo-tk-cppread] No request given for no. of loops,
 #             using default value for LHAPDF or NLoop = 2.
 # [fnlo-tk-cppread] No request given for value of alpha_s(M_Z),
 #             using default value for LHAPDF or asMz = 0.1181.
 # [fnlo-tk-cppread] No request given for value of M_Z,
 #             using default value for LHAPDF or Mz = 91.1876.
 ##################################################################################

 ##################################################################################
 #
 # [0;31mfast[0;34mNLO[0m_toolkit
 # Version 2.3.1_2657-66-gda2fd2f1
 #
 # C++ program and toolkit to read and create fastNLO v2 tables and
 # derive QCD cross sections using PDFs, e.g. from LHAPDF
 #
 #---------------------------------------------------------------------------------
 #
 # Copyright © 2005-2019 [0;31mfast[0;34mNLO[0m Collaboration
 # D. Britzger, T. Kluge, K. Rabbertz, F. Stober, G. Sieber, M. Wobisch
 #
 # This program is free software: you can redistribute it and/or modify
 # it under the terms of the GNU General Public License as published by
 # the Free Software Foundation, either version 3 of the License, or
 # (at your option) any later version.
 #
 # This program is distributed in the hope that it will be useful,
 # but WITHOUT ANY WARRANTY; without even the implied warranty of
 # MERCHANTABILITY or FITNESS FOR A PARTICULAR PURPOSE. See the
 # GNU General Public License for more details.
 #
 # You should have received a copy of the GNU General Public License
 # along with this program. If not, see <http://www.gnu.org/licenses/>.
 #
 #---------------------------------------------------------------------------------
 #
 # The projects web page can be found at:
 #   http://projects.hepforge.org/fastnlo
 #
 # If you use this code, please cite:
 #   T. Kluge, K. Rabbertz, M. Wobisch, hep-ph/0609285
 #   D. Britzger, T. Kluge, K. Rabbertz, F. Stober, M. Wobisch, arXiv:1109.1310
 #
 ##################################################################################

 ##################################################################################
 # Overview on contribution types and numbers contained in table: 2jet.NNLO.fnl5662j_mjj7_chi.tab.gz
 #---------------------------------------------------------------------------------
 # Total number of contributions:  3
 #   No.: 1, type: Fixed order calculation       , Id: 0, order: LO                  , by: NNLOJET_rev_5088
 #   No.: 2, type: Fixed order calculation       , Id: 1, order: NLO                 , by: NNLOJET_rev_5088
 #   No.: 3, type: Fixed order calculation       , Id: 2, order: NNLO                , by: NNLOJET_rev_5088
 ##################################################################################

 ##################################################################################
 # Information on table header
 #---------------------------------------------------------------------------------
 #===================== fastNLO Table: Header ====================
 # Table version (Itabversion)         23600
 # Scenario name (ScenName)            fnl5662j
 # Theory contributions (Ncontrib)     3
 # Data contribution 0/1 (Ndata)       0
 ##################################################################################

 ##################################################################################
 # Information on fastNLO scenario: fnl5662j
 #---------------------------------------------------------------------------------
 #===================== fastNLO Table: Scenario ====================
 # Scenario description (ScDescript)
 #   0	d2sigma-dijet_dChi_dMjj_[pb_GeV]
 #   1	CMS_Collaboration
 #   2	Dijet_Chi
 #   3	anti-kT_R=0.4
 #   4	THEORY_LABEL=NNLOJET
 #   5	provided by:
 #   6	fastNLO_2.3.1
 #   7	If you use this table, please cite:
 #   8	  D. Britzger, T. Kluge, K. Rabbertz, F. Stober, M. Wobisch, arXiv:1109.1310
 #
 # Publ. x section (10^-Ipublunits b)  12
 # Centre-of-mass energy (Ecms/GeV)    13000
 # Power in a_s of LO process (ILOord) 2
 # No. of observable bins (NObsBin)    12
 # Dim. of observable binning (NDim)   1
 #
 # Dimension labels (DimLabel)
 #   0	Chi
 # Differential dimension (IDiffBin)
 #   0	2
 #
 # Total no. of contributions (theory + optional data) in this table: 3
 ##################################################################################

 ##################################################################################
 # Information on table contribution no. 0: LO
 #---------------------------------------------------------------------------------
 #===================== fastNLO Table: CoeffBase ====================
 # Contribution description (CtrbDescript)
 #   0	LO
 # Code description (CodeDescript)
 #   0	NNLOJET_rev_5088
 #   1	Example for single jet inclusive production.
 #   2	Please adapt to selected process: 2jet
 #   3	Please cite:
 #   4	Currie, J.; Glover, E.W.N. & Pires, J., Phys. Rev. Lett., 2017, 118, 072002 [arXiv:1611.01460]
 #   5	2jet
 #   6	PC: Please check and modify NNLOJET references according to selected process.
 #===================== fastNLO Table: CoeffAddBase ====================
 # No. of events (Nevt)                0.000000
 # Weight of table [=Nevt] (fWgtNevt)  0.000000
 # Number of tables merged together    150
 # No. of filled events (WgtNumEv)     18785771932
 # Sum of weights squared (WgtSumW2)   9687950100000.000000
 # Sum of sigma squared (SigSumW2)     0.221002
 # Sum of sigma (SigSum)               5430.099500
 # Sigma / Nevt (SigSum/WgtNevt)       2627072506936940882238740022568521737602859008.000000
 # Abs. order in a_s (Npow)            2
 # No. of hadrons involved (NPDF)      2
 # Type(s) of hadrons (NPDFPDG)
 #   0	2212
 #   1	2212
 # PDF storage format (NPDFDim)        2
 #   --> x-interpolation storage format: Full-Matrix
 # Observable bin no. 1
 #   No. of X1 nodes (XNode1[i].size())          20
 # Observable bin no. 12
 #   No. of X1 nodes (XNode1[i].size())          20
 # No. of scales involved (NScales)    1
 # Scale descriptions (ScaleDescript)
 #   0	ptavg_j12_[GeV]
 #   1	m12_[GeV]
 # No. of subprocess contributions     13
 #ISub  Processes
 #   0: (0,0), 
 #   1: (1,0), (2,0), (3,0), (4,0), (5,0), 
 #   2: (1,-1), (2,-2), (3,-3), (4,-4), (5,-5), 
 #   3: (0,1), (0,2), (0,3), (0,4), (0,5), 
 #   4: (-1,1), (-2,2), (-3,3), (-4,4), (-5,5), 
 #   5: (0,-1), (0,-2), (0,-3), (0,-4), (0,-5), 
 #   6: (-1,0), (-2,0), (-3,0), (-4,0), (-5,0), 
 #   7: (1,-1), (1,-2), (1,-3), (1,-4), (1,-5), (2,-1), (2,-2), (2,-3), (2,-4), (2,-5), (3,-1), (3,-2), (3,-3), (3,-4), (3,-5), (4,-1), (4,-2), (4,-3), (4,-4), (4,-5), (5,-1), (5,-2), (5,-3), (5,-4), (5,-5), 
 #   8: (1,1), (1,2), (1,3), (1,4), (1,5), (2,1), (2,2), (2,3), (2,4), (2,5), (3,1), (3,2), (3,3), (3,4), (3,5), (4,1), (4,2), (4,3), (4,4), (4,5), (5,1), (5,2), (5,3), (5,4), (5,5), 
 #   9: (-1,-1), (-1,-2), (-1,-3), (-1,-4), (-1,-5), (-2,-1), (-2,-2), (-2,-3), (-2,-4), (-2,-5), (-3,-1), (-3,-2), (-3,-3), (-3,-4), (-3,-5), (-4,-1), (-4,-2), (-4,-3), (-4,-4), (-4,-5), (-5,-1), (-5,-2), (-5,-3), (-5,-4), (-5,-5), 
 #  10: (-1,1), (-1,2), (-1,3), (-1,4), (-1,5), (-2,1), (-2,2), (-2,3), (-2,4), (-2,5), (-3,1), (-3,2), (-3,3), (-3,4), (-3,5), (-4,1), (-4,2), (-4,3), (-4,4), (-4,5), (-5,1), (-5,2), (-5,3), (-5,4), (-5,5), 
 #  11: (1,1), (2,2), (3,3), (4,4), (5,5), 
 #  12: (-1,-1), (-2,-2), (-3,-3), (-4,-4), (-5,-5), 
 #===================== fastNLO Table: CoeffAddFlex ====================
 # No. of scale1 nodes (Nscalenode1)   6
 # No. of scale2 nodes (Nscalenode2)   6
 ##################################################################################

 ##################################################################################
 # Information on table contribution no. 1: NLO
 #---------------------------------------------------------------------------------
 #===================== fastNLO Table: CoeffBase ====================
 # Contribution description (CtrbDescript)
 #   0	NLO
 # Code description (CodeDescript)
 #   0	NNLOJET_rev_5088
 #   1	Example for single jet inclusive production.
 #   2	Please adapt to selected process: 2jet
 #   3	Please cite:
 #   4	Currie, J.; Glover, E.W.N. & Pires, J., Phys. Rev. Lett., 2017, 118, 072002 [arXiv:1611.01460]
 #   5	2jet
 #   6	PC: Please check and modify NNLOJET references according to selected process.
 #===================== fastNLO Table: CoeffAddBase ====================
 # No. of events (Nevt)                1.000000
 # Weight of table [=Nevt] (fWgtNevt)  1.000000
 # Number of tables merged together    500
 # No. of filled events (WgtNumEv)     118152260058
 # Sum of weights squared (WgtSumW2)   9782896900000000577110016.000000
 # Sum of sigma squared (SigSumW2)     1116514700.000000
 # Sum of sigma (SigSum)               1372.218900
 # Sigma / Nevt (SigSum/WgtNevt)       1372.218900
 # Abs. order in a_s (Npow)            3
 # No. of hadrons involved (NPDF)      2
 # Type(s) of hadrons (NPDFPDG)
 #   0	2212
 #   1	2212
 # PDF storage format (NPDFDim)        2
 #   --> x-interpolation storage format: Full-Matrix
 # Observable bin no. 1
 #   No. of X1 nodes (XNode1[i].size())          20
 # Observable bin no. 12
 #   No. of X1 nodes (XNode1[i].size())          20
 # No. of scales involved (NScales)    1
 # Scale descriptions (ScaleDescript)
 #   0	ptavg_j12_[GeV]
 #   1	m12_[GeV]
 # No. of subprocess contributions     13
 #ISub  Processes
 #   0: (0,0), 
 #   1: (1,0), (2,0), (3,0), (4,0), (5,0), 
 #   2: (1,-1), (2,-2), (3,-3), (4,-4), (5,-5), 
 #   3: (0,1), (0,2), (0,3), (0,4), (0,5), 
 #   4: (-1,1), (-2,2), (-3,3), (-4,4), (-5,5), 
 #   5: (0,-1), (0,-2), (0,-3), (0,-4), (0,-5), 
 #   6: (-1,0), (-2,0), (-3,0), (-4,0), (-5,0), 
 #   7: (1,1), (1,2), (1,3), (1,4), (1,5), (2,1), (2,2), (2,3), (2,4), (2,5), (3,1), (3,2), (3,3), (3,4), (3,5), (4,1), (4,2), (4,3), (4,4), (4,5), (5,1), (5,2), (5,3), (5,4), (5,5), 
 #   8: (1,-1), (1,-2), (1,-3), (1,-4), (1,-5), (2,-1), (2,-2), (2,-3), (2,-4), (2,-5), (3,-1), (3,-2), (3,-3), (3,-4), (3,-5), (4,-1), (4,-2), (4,-3), (4,-4), (4,-5), (5,-1), (5,-2), (5,-3), (5,-4), (5,-5), 
 #   9: (-1,1), (-1,2), (-1,3), (-1,4), (-1,5), (-2,1), (-2,2), (-2,3), (-2,4), (-2,5), (-3,1), (-3,2), (-3,3), (-3,4), (-3,5), (-4,1), (-4,2), (-4,3), (-4,4), (-4,5), (-5,1), (-5,2), (-5,3), (-5,4), (-5,5), 
 #  10: (-1,-1), (-1,-2), (-1,-3), (-1,-4), (-1,-5), (-2,-1), (-2,-2), (-2,-3), (-2,-4), (-2,-5), (-3,-1), (-3,-2), (-3,-3), (-3,-4), (-3,-5), (-4,-1), (-4,-2), (-4,-3), (-4,-4), (-4,-5), (-5,-1), (-5,-2), (-5,-3), (-5,-4), (-5,-5), 
 #  11: (1,1), (2,2), (3,3), (4,4), (5,5), 
 #  12: (-1,-1), (-2,-2), (-3,-3), (-4,-4), (-5,-5), 
 #===================== fastNLO Table: CoeffAddFlex ====================
 # No. of scale1 nodes (Nscalenode1)   6
 # No. of scale2 nodes (Nscalenode2)   6
 ##################################################################################

 ##################################################################################
 # Information on table contribution no. 2: NNLO
 #---------------------------------------------------------------------------------
 #===================== fastNLO Table: CoeffBase ====================
 # Contribution description (CtrbDescript)
 #   0	NNLO
 # Code description (CodeDescript)
 #   0	NNLOJET_rev_5088
 #   1	Example for single jet inclusive production.
 #   2	Please adapt to selected process: 2jet
 #   3	Please cite:
 #   4	Currie, J.; Glover, E.W.N. & Pires, J., Phys. Rev. Lett., 2017, 118, 072002 [arXiv:1611.01460]
 #   5	2jet
 #   6	PC: Please check and modify NNLOJET references according to selected process.
 #===================== fastNLO Table: CoeffAddBase ====================
 # No. of events (Nevt)                1.000000
 # Weight of table [=Nevt] (fWgtNevt)  1.000000
 # Number of tables merged together    6748
 # No. of filled events (WgtNumEv)     374395902292
 # Sum of weights squared (WgtSumW2)   3896743999999999893754190334263296.000000
 # Sum of sigma squared (SigSumW2)     44391295000000.000000
 # Sum of sigma (SigSum)               -27274.788000
 # Sigma / Nevt (SigSum/WgtNevt)       -27274.788000
 # Abs. order in a_s (Npow)            4
 # No. of hadrons involved (NPDF)      2
 # Type(s) of hadrons (NPDFPDG)
 #   0	2212
 #   1	2212
 # PDF storage format (NPDFDim)        2
 #   --> x-interpolation storage format: Full-Matrix
 # Observable bin no. 1
 #   No. of X1 nodes (XNode1[i].size())          20
 # Observable bin no. 12
 #   No. of X1 nodes (XNode1[i].size())          20
 # No. of scales involved (NScales)    1
 # Scale descriptions (ScaleDescript)
 #   0	ptavg_j12_[GeV]
 #   1	m12_[GeV]
 # No. of subprocess contributions     13
 #ISub  Processes
 #   0: (0,0), 
 #   1: (1,0), (2,0), (3,0), (4,0), (5,0), 
 #   2: (1,-1), (2,-2), (3,-3), (4,-4), (5,-5), 
 #   3: (0,1), (0,2), (0,3), (0,4), (0,5), 
 #   4: (-1,1), (-2,2), (-3,3), (-4,4), (-5,5), 
 #   5: (0,-1), (0,-2), (0,-3), (0,-4), (0,-5), 
 #   6: (-1,0), (-2,0), (-3,0), (-4,0), (-5,0), 
 #   7: (1,1), (1,2), (1,3), (1,4), (1,5), (2,1), (2,2), (2,3), (2,4), (2,5), (3,1), (3,2), (3,3), (3,4), (3,5), (4,1), (4,2), (4,3), (4,4), (4,5), (5,1), (5,2), (5,3), (5,4), (5,5), 
 #   8: (1,-1), (1,-2), (1,-3), (1,-4), (1,-5), (2,-1), (2,-2), (2,-3), (2,-4), (2,-5), (3,-1), (3,-2), (3,-3), (3,-4), (3,-5), (4,-1), (4,-2), (4,-3), (4,-4), (4,-5), (5,-1), (5,-2), (5,-3), (5,-4), (5,-5), 
 #   9: (-1,1), (-1,2), (-1,3), (-1,4), (-1,5), (-2,1), (-2,2), (-2,3), (-2,4), (-2,5), (-3,1), (-3,2), (-3,3), (-3,4), (-3,5), (-4,1), (-4,2), (-4,3), (-4,4), (-4,5), (-5,1), (-5,2), (-5,3), (-5,4), (-5,5), 
 #  10: (-1,-1), (-1,-2), (-1,-3), (-1,-4), (-1,-5), (-2,-1), (-2,-2), (-2,-3), (-2,-4), (-2,-5), (-3,-1), (-3,-2), (-3,-3), (-3,-4), (-3,-5), (-4,-1), (-4,-2), (-4,-3), (-4,-4), (-4,-5), (-5,-1), (-5,-2), (-5,-3), (-5,-4), (-5,-5), 
 #  11: (1,1), (2,2), (3,3), (4,4), (5,5), 
 #  12: (-1,-1), (-2,-2), (-3,-3), (-4,-4), (-5,-5), 
 #===================== fastNLO Table: CoeffAddFlex ====================
 # No. of scale1 nodes (Nscalenode1)   6
 # No. of scale2 nodes (Nscalenode2)   6
 ##################################################################################
LHAPDF 6.2.1 loading /home/rabbertz/local/share/LHAPDF/CT14nnlo/CT14nnlo_0000.dat
CT14nnlo PDF set, member #0, version 1; LHAPDF ID = 13000
LHAPDF 6.2.1 loading /home/rabbertz/local/share/LHAPDF/CT14nnlo/CT14nnlo_0000.dat
CT14nnlo PDF set, member #0, version 1; LHAPDF ID = 13000

 ##################################################################################################################################################################
 # [fnlo-tk-cppread] Calculate my cross sections
 ##################################################################################################################################################################
 #=================================================================================================================================================================
 # My Cross Sections
 # The scale factors xmur, xmuf chosen here are:      1.000,      1.000
 #-----------------------------------------------------------------------------------------------------------------------------------------------------------------
 #IObs  BinSize  IODimO  [ Chi               ]  < ptavg_j12_ >  LO_cross_section   NLO_cross_section  NNLO_cross_section   KNLO      KNNLO
 #-----------------------------------------------------------------------------------------------------------------------------------------------------------------
     1  1.000         1   1.000       2.000      2465.          2.74188534037E-03  3.00149660319E-03  2.80886405896E-03    1.09468   0.93582
     2  1.000         2   2.000       3.000      2277.          2.47469892334E-03  2.57483613280E-03  2.39972945873E-03    1.04046   0.93199
     3  1.000         3   3.000       4.000      2095.          2.57740074594E-03  2.56472754707E-03  2.33456872985E-03    0.99508   0.91026
     4  1.000         4   4.000       5.000      1944.          2.71386186813E-03  2.59149728239E-03  2.31636807245E-03    0.95491   0.89383
     5  1.000         5   5.000       6.000      1819.          2.84468967105E-03  2.63389942455E-03  2.40447021198E-03    0.92590   0.91289
     6  1.000         6   6.000       7.000      1714.          2.96651253193E-03  2.67592955967E-03  2.46357014072E-03    0.90205   0.92064
     7  1.000         7   7.000       8.000      1624.          3.07643949428E-03  2.70083798408E-03  2.39359769379E-03    0.87791   0.88624
     8  1.000         8   8.000       9.000      1547.          3.17717906524E-03  2.75312326427E-03  2.44883490048E-03    0.86653   0.88948
     9  1.000         9   9.000       10.00      1480.          3.27162013932E-03  2.77521158383E-03  2.49284955373E-03    0.84827   0.89826
    10  2.000        10   10.00       12.00      1394.          3.39518400478E-03  2.81360189969E-03  2.50270080704E-03    0.82870   0.88950
    11  2.000        11   12.00       14.00      1300.          3.54684117923E-03  2.82446968176E-03  2.47129699050E-03    0.79633   0.87496
    12  2.000        12   14.00       16.00      1221.          3.67721065572E-03  2.92020333304E-03  2.56434662727E-03    0.79414   0.87814
 #=================================================================================================================================================================
 # My Cross Sections
 # The scale factors xmur, xmuf chosen here are:      0.500,      0.500
 #-----------------------------------------------------------------------------------------------------------------------------------------------------------------
 #IObs  BinSize  IODimO  [ Chi               ]  < ptavg_j12_ >  LO_cross_section   NLO_cross_section  NNLO_cross_section   KNLO      KNNLO
 #-----------------------------------------------------------------------------------------------------------------------------------------------------------------
     1  1.000         1   1.000       2.000      1233.          3.74561706522E-03  2.93596056312E-03  2.71978152108E-03    0.78384   0.92637
     2  1.000         2   2.000       3.000      1139.          3.38415710342E-03  2.45751337167E-03  2.32944198805E-03    0.72618   0.94789
     3  1.000         3   3.000       4.000      1048.          3.53126348383E-03  2.38906049878E-03  2.25229560811E-03    0.67655   0.94275
     4  1.000         4   4.000       5.000      972.5          3.72583897772E-03  2.35367872841E-03  2.21344666461E-03    0.63172   0.94042
     5  1.000         5   5.000       6.000      909.6          3.91316445342E-03  2.34279945665E-03  2.33146294729E-03    0.59870   0.99516
     6  1.000         6   6.000       7.000      857.4          4.08838440840E-03  2.33695563087E-03  2.40259187910E-03    0.57161   1.02809
     7  1.000         7   7.000       8.000      812.3          4.24738177834E-03  2.31094775094E-03  2.30660116181E-03    0.54409   0.99812
     8  1.000         8   8.000       9.000      774.3          4.39388626588E-03  2.33106695138E-03  2.39044453294E-03    0.53053   1.02547
     9  1.000         9   9.000       10.00      740.2          4.53175172204E-03  2.30641932902E-03  2.40611902928E-03    0.50895   1.04323
    10  2.000        10   10.00       12.00      697.8          4.71327894042E-03  2.28990213123E-03  2.44064698707E-03    0.48584   1.06583
    11  2.000        11   12.00       14.00      651.1          4.93673499197E-03  2.21498318765E-03  2.39931273724E-03    0.44867   1.08322
    12  2.000        12   14.00       16.00      610.9          5.13013446944E-03  2.27519784490E-03  2.45947697941E-03    0.44350   1.08099
 #=================================================================================================================================================================
 # My Cross Sections
 # The scale factors xmur, xmuf chosen here are:      2.000,      2.000
 #-----------------------------------------------------------------------------------------------------------------------------------------------------------------
 #IObs  BinSize  IODimO  [ Chi               ]  < ptavg_j12_ >  LO_cross_section   NLO_cross_section  NNLO_cross_section   KNLO      KNNLO
 #-----------------------------------------------------------------------------------------------------------------------------------------------------------------
     1  1.000         1   1.000       2.000      4930.          2.05176825288E-03  2.79814664859E-03  2.86376500940E-03    1.36377   1.02345
     2  1.000         2   2.000       3.000      4553.          1.85043307224E-03  2.42861588372E-03  2.45260965246E-03    1.31246   1.00988
     3  1.000         3   3.000       4.000      4190.          1.92426678221E-03  2.44492476396E-03  2.40627415254E-03    1.27057   0.98419
     4  1.000         4   4.000       5.000      3888.          2.02258232200E-03  2.49626913039E-03  2.41079272390E-03    1.23420   0.96576
     5  1.000         5   5.000       6.000      3637.          2.11636178597E-03  2.55745489080E-03  2.49064960402E-03    1.20842   0.97388
     6  1.000         6   6.000       7.000      3427.          2.20334724986E-03  2.61569188241E-03  2.55014492671E-03    1.18714   0.97494
     7  1.000         7   7.000       8.000      3247.          2.28152788679E-03  2.65958356303E-03  2.51067766864E-03    1.16570   0.94401
     8  1.000         8   8.000       9.000      3094.          2.35292218731E-03  2.71997327371E-03  2.55915002091E-03    1.15600   0.94087
     9  1.000         9   9.000       10.00      2959.          2.41969800391E-03  2.75947071998E-03  2.62010803412E-03    1.14042   0.94950
    10  2.000        10   10.00       12.00      2788.          2.50658179333E-03  2.81644785172E-03  2.63287545699E-03    1.12362   0.93482
    11  2.000        11   12.00       14.00      2599.          2.61281628033E-03  2.86112794224E-03  2.62635707574E-03    1.09504   0.91794
    12  2.000        12   14.00       16.00      2441.          2.70341134033E-03  2.96041164367E-03  2.73676272809E-03    1.09507   0.92445
 #=================================================================================================================================================================
 # My Cross Sections
 # The scale factors xmur, xmuf chosen here are:      0.500,      1.000
 #-----------------------------------------------------------------------------------------------------------------------------------------------------------------
 #IObs  BinSize  IODimO  [ Chi               ]  < ptavg_j12_ >  LO_cross_section   NLO_cross_section  NNLO_cross_section   KNLO      KNNLO
 #-----------------------------------------------------------------------------------------------------------------------------------------------------------------
     1  1.000         1   1.000       2.000      1233.          3.16391414200E-03  3.03152497583E-03  2.74115269835E-03    0.95816   0.90422
     2  1.000         2   2.000       3.000      1139.          2.85918251115E-03  2.56965060881E-03  2.33650586694E-03    0.89874   0.90927
     3  1.000         3   3.000       4.000      1048.          2.98177099637E-03  2.53049408485E-03  2.26253792391E-03    0.84865   0.89411
     4  1.000         4   4.000       5.000      972.3          3.14339312879E-03  2.52772265509E-03  2.22825142727E-03    0.80414   0.88153
     5  1.000         5   5.000       6.000      909.5          3.29843581580E-03  2.54546338402E-03  2.32712313708E-03    0.77172   0.91422
     6  1.000         6   6.000       7.000      857.1          3.44301178064E-03  2.56531897948E-03  2.39494570909E-03    0.74508   0.93359
     7  1.000         7   7.000       8.000      812.1          3.57376953431E-03  2.56652644750E-03  2.29650640876E-03    0.71816   0.89479
     8  1.000         8   8.000       9.000      773.9          3.69384144571E-03  2.60466068774E-03  2.37163530865E-03    0.70514   0.91054
     9  1.000         9   9.000       10.00      740.0          3.80657120134E-03  2.60480783251E-03  2.38712178770E-03    0.68429   0.91643
    10  2.000        10   10.00       12.00      697.4          3.95451269498E-03  2.61811807947E-03  2.40415753760E-03    0.66206   0.91828
    11  2.000        11   12.00       14.00      650.5          4.13630960406E-03  2.58862803976E-03  2.36653240970E-03    0.62583   0.91420
    12  2.000        12   14.00       16.00      610.6          4.29305333242E-03  2.67065534256E-03  2.43430943548E-03    0.62209   0.91150
 #=================================================================================================================================================================
 # My Cross Sections
 # The scale factors xmur, xmuf chosen here are:      1.000,      0.500
 #-----------------------------------------------------------------------------------------------------------------------------------------------------------------
 #IObs  BinSize  IODimO  [ Chi               ]  < ptavg_j12_ >  LO_cross_section   NLO_cross_section  NNLO_cross_section   KNLO      KNNLO
 #-----------------------------------------------------------------------------------------------------------------------------------------------------------------
     1  1.000         1   1.000       2.000      2465.          3.24599993106E-03  3.02658635392E-03  2.76997745773E-03    0.93240   0.91522
     2  1.000         2   2.000       3.000      2277.          2.92908194595E-03  2.57738252469E-03  2.37162790681E-03    0.87993   0.92017
     3  1.000         3   3.000       4.000      2095.          3.05237785339E-03  2.54893455655E-03  2.29851665629E-03    0.83507   0.90176
     4  1.000         4   4.000       5.000      1944.          3.21672279579E-03  2.55633588520E-03  2.27173394835E-03    0.79470   0.88867
     5  1.000         5   5.000       6.000      1819.          3.37485785712E-03  2.58250317934E-03  2.36941413554E-03    0.76522   0.91749
     6  1.000         6   6.000       7.000      1714.          3.52257254910E-03  2.61029643463E-03  2.42597555204E-03    0.74102   0.92939
     7  1.000         7   7.000       8.000      1624.          3.65631580031E-03  2.61941133746E-03  2.35175774495E-03    0.71641   0.89782
     8  1.000         8   8.000       9.000      1548.          3.77931272911E-03  2.66287246140E-03  2.40738206709E-03    0.70459   0.90405
     9  1.000         9   9.000       10.00      1480.          3.89489375244E-03  2.67073743533E-03  2.45186109415E-03    0.68570   0.91805
    10  2.000        10   10.00       12.00      1395.          4.04663506845E-03  2.69269574828E-03  2.46677817846E-03    0.66542   0.91610
    11  2.000        11   12.00       14.00      1301.          4.23320305612E-03  2.67659258882E-03  2.42198727337E-03    0.63229   0.90488
    12  2.000        12   14.00       16.00      1221.          4.39421780067E-03  2.76331687777E-03  2.50896283031E-03    0.62885   0.90795
 #=================================================================================================================================================================
 # My Cross Sections
 # The scale factors xmur, xmuf chosen here are:      1.000,      2.000
 #-----------------------------------------------------------------------------------------------------------------------------------------------------------------
 #IObs  BinSize  IODimO  [ Chi               ]  < ptavg_j12_ >  LO_cross_section   NLO_cross_section  NNLO_cross_section   KNLO      KNNLO
 #-----------------------------------------------------------------------------------------------------------------------------------------------------------------
     1  1.000         1   1.000       2.000      2465.          2.34439424672E-03  2.94271479991E-03  2.84760044424E-03    1.25521   0.96768
     2  1.000         2   2.000       3.000      2277.          2.11655956463E-03  2.53881194069E-03  2.43010342308E-03    1.19950   0.95718
     3  1.000         3   3.000       4.000      2095.          2.20347508532E-03  2.54225231278E-03  2.37204806798E-03    1.15375   0.93305
     4  1.000         4   4.000       5.000      1944.          2.31846847768E-03  2.58241779897E-03  2.36164897428E-03    1.11385   0.91451
     5  1.000         5   5.000       6.000      1818.          2.42827192737E-03  2.63553066546E-03  2.44359882824E-03    1.08535   0.92718
     6  1.000         6   6.000       7.000      1714.          2.53024301646E-03  2.68680594964E-03  2.50499388653E-03    1.06188   0.93233
     7  1.000         7   7.000       8.000      1624.          2.62204259223E-03  2.72229079846E-03  2.44070684210E-03    1.03823   0.89656
     8  1.000         8   8.000       9.000      1547.          2.70597840259E-03  2.77985356167E-03  2.49643670477E-03    1.02730   0.89805
     9  1.000         9   9.000       10.00      1479.          2.78455174345E-03  2.81150208467E-03  2.54112612378E-03    1.00968   0.90383
    10  2.000        10   10.00       12.00      1394.          2.88706053444E-03  2.86060238769E-03  2.54909831316E-03    0.99084   0.89111
    11  2.000        11   12.00       14.00      1300.          3.01259102862E-03  2.88978898677E-03  2.52982514855E-03    0.95924   0.87544
    12  2.000        12   14.00       16.00      1220.          3.12001125211E-03  2.98972432620E-03  2.62768273219E-03    0.95824   0.87890
 #=================================================================================================================================================================
 # My Cross Sections
 # The scale factors xmur, xmuf chosen here are:      2.000,      1.000
 #-----------------------------------------------------------------------------------------------------------------------------------------------------------------
 #IObs  BinSize  IODimO  [ Chi               ]  < ptavg_j12_ >  LO_cross_section   NLO_cross_section  NNLO_cross_section   KNLO      KNNLO
 #-----------------------------------------------------------------------------------------------------------------------------------------------------------------
     1  1.000         1   1.000       2.000      4930.          2.39964708471E-03  2.91219652978E-03  2.84621114446E-03    1.21359   0.97734
     2  1.000         2   2.000       3.000      4553.          2.16354370834E-03  2.51783532140E-03  2.43875262550E-03    1.16376   0.96859
     3  1.000         3   3.000       4.000      4190.          2.25081345881E-03  2.52608931975E-03  2.38472914633E-03    1.12230   0.94404
     4  1.000         4   4.000       5.000      3888.          2.36751738935E-03  2.57053296831E-03  2.38181591028E-03    1.08575   0.92658
     5  1.000         5   5.000       6.000      3637.          2.47929341989E-03  2.62696011129E-03  2.46528211320E-03    1.05956   0.93845
     6  1.000         6   6.000       7.000      3427.          2.58325542661E-03  2.68139624850E-03  2.52166221858E-03    1.03799   0.94043
     7  1.000         7   7.000       8.000      3248.          2.67691681865E-03  2.72015763745E-03  2.47586393104E-03    1.01615   0.91019
     8  1.000         8   8.000       9.000      3094.          2.76264698456E-03  2.77945264397E-03  2.52179971727E-03    1.00608   0.90730
     9  1.000         9   9.000       10.00      2959.          2.84294996133E-03  2.81437596608E-03  2.58382311448E-03    0.98995   0.91808
    10  2.000        10   10.00       12.00      2788.          2.94774393916E-03  2.86681109362E-03  2.59526482935E-03    0.97254   0.90528
    11  2.000        11   12.00       14.00      2599.          3.07617408112E-03  2.90183526804E-03  2.57579503651E-03    0.94333   0.88764
    12  2.000        12   14.00       16.00      2441.          3.18621423695E-03  3.00240337605E-03  2.68453183312E-03    0.94231   0.89413
