 ##################################################################################
 # INFO.    [fnlo-tk-cppread] Program to read fastNLO tables and derive
 # INFO.    [fnlo-tk-cppread] QCD cross sections using PDFs e.g. from LHAPDF
 #---------------------------------------------------------------------------------
 # INFO.    [fnlo-tk-cppread] For more explanations type:
 # INFO.    [fnlo-tk-cppread] ./fnlo-tk-cppread -h
 # INFO.    [fnlo-tk-cppread] For version number printout type:
 # INFO.    [fnlo-tk-cppread] ./fnlo-tk-cppread -v
 ##################################################################################

 ##################################################################################
 # [fnlo-tk-cppread] fastNLO Cross-Section Calculator
 #---------------------------------------------------------------------------------
 # [fnlo-tk-cppread] Evaluating table: 2jet.NNLO.fnl5662j_mjja_chi.tab.gz
 # [fnlo-tk-cppread] Using PDF set   : CT14nnlo
 # [fnlo-tk-cppread] If possible, will try to do 7 scale factor variations.
 # [fnlo-tk-cppread] Using alpha_s evolution code: LHAPDF
 # [fnlo-tk-cppread] Preparing unnormalized cross sections,
 # [fnlo-tk-cppread] Using scale definition scale2
 # [fnlo-tk-cppread] No request given for no. of flavours,
 #             using default value for LHAPDF or Nf = 5.
 # [fnlo-tk-cppread] No request given for no. of loops,
 #             using default value for LHAPDF or NLoop = 2.
 # [fnlo-tk-cppread] No request given for value of alpha_s(M_Z),
 #             using default value for LHAPDF or asMz = 0.1181.
 # [fnlo-tk-cppread] No request given for value of M_Z,
 #             using default value for LHAPDF or Mz = 91.1876.
 ##################################################################################

 ##################################################################################
 #
 # [0;31mfast[0;34mNLO[0m_toolkit
 # Version 2.3.1_2657-32-g0bd1223
 #
 # C++ program and toolkit to read and create fastNLO v2 tables and
 # derive QCD cross sections using PDFs, e.g. from LHAPDF
 #
 #---------------------------------------------------------------------------------
 #
 # Copyright © 2005-2019 [0;31mfast[0;34mNLO[0m Collaboration
 # D. Britzger, T. Kluge, K. Rabbertz, F. Stober, G. Sieber, M. Wobisch
 #
 # This program is free software: you can redistribute it and/or modify
 # it under the terms of the GNU General Public License as published by
 # the Free Software Foundation, either version 3 of the License, or
 # (at your option) any later version.
 #
 # This program is distributed in the hope that it will be useful,
 # but WITHOUT ANY WARRANTY; without even the implied warranty of
 # MERCHANTABILITY or FITNESS FOR A PARTICULAR PURPOSE. See the
 # GNU General Public License for more details.
 #
 # You should have received a copy of the GNU General Public License
 # along with this program. If not, see <http://www.gnu.org/licenses/>.
 #
 #---------------------------------------------------------------------------------
 #
 # The projects web page can be found at:
 #   http://projects.hepforge.org/fastnlo
 #
 # If you use this code, please cite:
 #   T. Kluge, K. Rabbertz, M. Wobisch, hep-ph/0609285
 #   D. Britzger, T. Kluge, K. Rabbertz, F. Stober, M. Wobisch, arXiv:1109.1310
 #
 ##################################################################################

 ##################################################################################
 # Overview on contribution types and numbers contained in table: 2jet.NNLO.fnl5662j_mjja_chi.tab.gz
 #---------------------------------------------------------------------------------
 # Total number of contributions:  3
 #   No.: 1, type: Fixed order calculation       , Id: 0, order: LO                  , by: NNLOJET_rev_5088
 #   No.: 2, type: Fixed order calculation       , Id: 1, order: NLO                 , by: NNLOJET_rev_5088
 #   No.: 3, type: Fixed order calculation       , Id: 2, order: NNLO                , by: NNLOJET_rev_5088
 ##################################################################################

 ##################################################################################
 # Information on table header
 #---------------------------------------------------------------------------------
 #===================== fastNLO Table: Header ====================
 # Table version (Itabversion)         23600
 # Scenario name (ScenName)            fnl5662j
 # Theory contributions (Ncontrib)     3
 # Data contribution 0/1 (Ndata)       0
 ##################################################################################

 ##################################################################################
 # Information on fastNLO scenario: fnl5662j
 #---------------------------------------------------------------------------------
 #===================== fastNLO Table: Scenario ====================
 # Scenario description (ScDescript)
 #   0	d2sigma-dijet_dChi_dMjj_[pb_GeV]
 #   1	CMS_Collaboration
 #   2	Dijet_Chi
 #   3	anti-kT_R=0.4
 #   4	THEORY_LABEL=NNLOJET
 #   5	provided by:
 #   6	fastNLO_2.3.1
 #   7	If you use this table, please cite:
 #   8	  D. Britzger, T. Kluge, K. Rabbertz, F. Stober, M. Wobisch, arXiv:1109.1310
 #
 # Publ. x section (10^-Ipublunits b)  12
 # Centre-of-mass energy (Ecms/GeV)    13000
 # Power in a_s of LO process (ILOord) 2
 # No. of observable bins (NObsBin)    12
 # Dim. of observable binning (NDim)   1
 #
 # Dimension labels (DimLabel)
 #   0	Chi
 # Differential dimension (IDiffBin)
 #   0	2
 #
 # Total no. of contributions (theory + optional data) in this table: 3
 ##################################################################################

 ##################################################################################
 # Information on table contribution no. 0: LO
 #---------------------------------------------------------------------------------
 #===================== fastNLO Table: CoeffBase ====================
 # Contribution description (CtrbDescript)
 #   0	LO
 # Code description (CodeDescript)
 #   0	NNLOJET_rev_5088
 #   1	Example for single jet inclusive production.
 #   2	Please adapt to selected process: 2jet
 #   3	Please cite:
 #   4	Currie, J.; Glover, E.W.N. & Pires, J., Phys. Rev. Lett., 2017, 118, 072002 [arXiv:1611.01460]
 #   5	2jet
 #   6	PC: Please check and modify NNLOJET references according to selected process.
 #===================== fastNLO Table: CoeffAddBase ====================
 # No. of events (Nevt)                0.000000
 # Weight of table [=Nevt] (fWgtNevt)  0.000000
 # Number of tables merged together    100
 # No. of filled events (WgtNumEv)     2896714978
 # Sum of weights squared (WgtSumW2)   16528710000000.000000
 # Sum of sigma squared (SigSumW2)     0.000414
 # Sum of sigma (SigSum)               34.524009
 # Sigma / Nevt (SigSum/WgtNevt)       33405024201800196255875618133580522301947904.000000
 # Abs. order in a_s (Npow)            2
 # No. of hadrons involved (NPDF)      2
 # Type(s) of hadrons (NPDFPDG)
 #   0	2212
 #   1	2212
 # PDF storage format (NPDFDim)        2
 #   --> x-interpolation storage format: Full-Matrix
 # Observable bin no. 1
 #   No. of X1 nodes (XNode1[i].size())          20
 # Observable bin no. 12
 #   No. of X1 nodes (XNode1[i].size())          20
 # No. of scales involved (NScales)    1
 # Scale descriptions (ScaleDescript)
 #   0	ptavg_j12_[GeV]
 #   1	m12_[GeV]
 # No. of subprocess contributions     13
 #ISub  Processes
 #   0: (0,0), 
 #   1: (1,0), (2,0), (3,0), (4,0), (5,0), 
 #   2: (1,-1), (2,-2), (3,-3), (4,-4), (5,-5), 
 #   3: (0,1), (0,2), (0,3), (0,4), (0,5), 
 #   4: (-1,1), (-2,2), (-3,3), (-4,4), (-5,5), 
 #   5: (0,-1), (0,-2), (0,-3), (0,-4), (0,-5), 
 #   6: (-1,0), (-2,0), (-3,0), (-4,0), (-5,0), 
 #   7: (1,-1), (1,-2), (1,-3), (1,-4), (1,-5), (2,-1), (2,-2), (2,-3), (2,-4), (2,-5), (3,-1), (3,-2), (3,-3), (3,-4), (3,-5), (4,-1), (4,-2), (4,-3), (4,-4), (4,-5), (5,-1), (5,-2), (5,-3), (5,-4), (5,-5), 
 #   8: (1,1), (1,2), (1,3), (1,4), (1,5), (2,1), (2,2), (2,3), (2,4), (2,5), (3,1), (3,2), (3,3), (3,4), (3,5), (4,1), (4,2), (4,3), (4,4), (4,5), (5,1), (5,2), (5,3), (5,4), (5,5), 
 #   9: (-1,-1), (-1,-2), (-1,-3), (-1,-4), (-1,-5), (-2,-1), (-2,-2), (-2,-3), (-2,-4), (-2,-5), (-3,-1), (-3,-2), (-3,-3), (-3,-4), (-3,-5), (-4,-1), (-4,-2), (-4,-3), (-4,-4), (-4,-5), (-5,-1), (-5,-2), (-5,-3), (-5,-4), (-5,-5), 
 #  10: (-1,1), (-1,2), (-1,3), (-1,4), (-1,5), (-2,1), (-2,2), (-2,3), (-2,4), (-2,5), (-3,1), (-3,2), (-3,3), (-3,4), (-3,5), (-4,1), (-4,2), (-4,3), (-4,4), (-4,5), (-5,1), (-5,2), (-5,3), (-5,4), (-5,5), 
 #  11: (1,1), (2,2), (3,3), (4,4), (5,5), 
 #  12: (-1,-1), (-2,-2), (-3,-3), (-4,-4), (-5,-5), 
 #===================== fastNLO Table: CoeffAddFlex ====================
 # No. of scale1 nodes (Nscalenode1)   6
 # No. of scale2 nodes (Nscalenode2)   6
 ##################################################################################

 ##################################################################################
 # Information on table contribution no. 1: NLO
 #---------------------------------------------------------------------------------
 #===================== fastNLO Table: CoeffBase ====================
 # Contribution description (CtrbDescript)
 #   0	NLO
 # Code description (CodeDescript)
 #   0	NNLOJET_rev_5088
 #   1	Example for single jet inclusive production.
 #   2	Please adapt to selected process: 2jet
 #   3	Please cite:
 #   4	Currie, J.; Glover, E.W.N. & Pires, J., Phys. Rev. Lett., 2017, 118, 072002 [arXiv:1611.01460]
 #   5	2jet
 #   6	PC: Please check and modify NNLOJET references according to selected process.
 #===================== fastNLO Table: CoeffAddBase ====================
 # No. of events (Nevt)                1.000000
 # Weight of table [=Nevt] (fWgtNevt)  1.000000
 # Number of tables merged together    200
 # No. of filled events (WgtNumEv)     10513015180
 # Sum of weights squared (WgtSumW2)   1796613899999999885836288.000000
 # Sum of sigma squared (SigSumW2)     292572.800000
 # Sum of sigma (SigSum)               6.816195
 # Sigma / Nevt (SigSum/WgtNevt)       6.816195
 # Abs. order in a_s (Npow)            3
 # No. of hadrons involved (NPDF)      2
 # Type(s) of hadrons (NPDFPDG)
 #   0	2212
 #   1	2212
 # PDF storage format (NPDFDim)        2
 #   --> x-interpolation storage format: Full-Matrix
 # Observable bin no. 1
 #   No. of X1 nodes (XNode1[i].size())          20
 # Observable bin no. 12
 #   No. of X1 nodes (XNode1[i].size())          20
 # No. of scales involved (NScales)    1
 # Scale descriptions (ScaleDescript)
 #   0	ptavg_j12_[GeV]
 #   1	m12_[GeV]
 # No. of subprocess contributions     13
 #ISub  Processes
 #   0: (0,0), 
 #   1: (1,0), (2,0), (3,0), (4,0), (5,0), 
 #   2: (1,-1), (2,-2), (3,-3), (4,-4), (5,-5), 
 #   3: (0,1), (0,2), (0,3), (0,4), (0,5), 
 #   4: (-1,1), (-2,2), (-3,3), (-4,4), (-5,5), 
 #   5: (0,-1), (0,-2), (0,-3), (0,-4), (0,-5), 
 #   6: (-1,0), (-2,0), (-3,0), (-4,0), (-5,0), 
 #   7: (1,1), (1,2), (1,3), (1,4), (1,5), (2,1), (2,2), (2,3), (2,4), (2,5), (3,1), (3,2), (3,3), (3,4), (3,5), (4,1), (4,2), (4,3), (4,4), (4,5), (5,1), (5,2), (5,3), (5,4), (5,5), 
 #   8: (1,-1), (1,-2), (1,-3), (1,-4), (1,-5), (2,-1), (2,-2), (2,-3), (2,-4), (2,-5), (3,-1), (3,-2), (3,-3), (3,-4), (3,-5), (4,-1), (4,-2), (4,-3), (4,-4), (4,-5), (5,-1), (5,-2), (5,-3), (5,-4), (5,-5), 
 #   9: (-1,1), (-1,2), (-1,3), (-1,4), (-1,5), (-2,1), (-2,2), (-2,3), (-2,4), (-2,5), (-3,1), (-3,2), (-3,3), (-3,4), (-3,5), (-4,1), (-4,2), (-4,3), (-4,4), (-4,5), (-5,1), (-5,2), (-5,3), (-5,4), (-5,5), 
 #  10: (-1,-1), (-1,-2), (-1,-3), (-1,-4), (-1,-5), (-2,-1), (-2,-2), (-2,-3), (-2,-4), (-2,-5), (-3,-1), (-3,-2), (-3,-3), (-3,-4), (-3,-5), (-4,-1), (-4,-2), (-4,-3), (-4,-4), (-4,-5), (-5,-1), (-5,-2), (-5,-3), (-5,-4), (-5,-5), 
 #  11: (1,1), (2,2), (3,3), (4,4), (5,5), 
 #  12: (-1,-1), (-2,-2), (-3,-3), (-4,-4), (-5,-5), 
 #===================== fastNLO Table: CoeffAddFlex ====================
 # No. of scale1 nodes (Nscalenode1)   6
 # No. of scale2 nodes (Nscalenode2)   6
 ##################################################################################

 ##################################################################################
 # Information on table contribution no. 2: NNLO
 #---------------------------------------------------------------------------------
 #===================== fastNLO Table: CoeffBase ====================
 # Contribution description (CtrbDescript)
 #   0	NNLO
 # Code description (CodeDescript)
 #   0	NNLOJET_rev_5088
 #   1	Example for single jet inclusive production.
 #   2	Please adapt to selected process: 2jet
 #   3	Please cite:
 #   4	Currie, J.; Glover, E.W.N. & Pires, J., Phys. Rev. Lett., 2017, 118, 072002 [arXiv:1611.01460]
 #   5	2jet
 #   6	PC: Please check and modify NNLOJET references according to selected process.
 #===================== fastNLO Table: CoeffAddBase ====================
 # No. of events (Nevt)                1.000000
 # Weight of table [=Nevt] (fWgtNevt)  1.000000
 # Number of tables merged together    396
 # No. of filled events (WgtNumEv)     11325589400
 # Sum of weights squared (WgtSumW2)   28632747999999998484537231278080.000000
 # Sum of sigma squared (SigSumW2)     30050657.000000
 # Sum of sigma (SigSum)               3.793514
 # Sigma / Nevt (SigSum/WgtNevt)       3.793514
 # Abs. order in a_s (Npow)            4
 # No. of hadrons involved (NPDF)      2
 # Type(s) of hadrons (NPDFPDG)
 #   0	2212
 #   1	2212
 # PDF storage format (NPDFDim)        2
 #   --> x-interpolation storage format: Full-Matrix
 # Observable bin no. 1
 #   No. of X1 nodes (XNode1[i].size())          20
 # Observable bin no. 12
 #   No. of X1 nodes (XNode1[i].size())          20
 # No. of scales involved (NScales)    1
 # Scale descriptions (ScaleDescript)
 #   0	ptavg_j12_[GeV]
 #   1	m12_[GeV]
 # No. of subprocess contributions     13
 #ISub  Processes
 #   0: (0,0), 
 #   1: (1,0), (2,0), (3,0), (4,0), (5,0), 
 #   2: (1,-1), (2,-2), (3,-3), (4,-4), (5,-5), 
 #   3: (0,1), (0,2), (0,3), (0,4), (0,5), 
 #   4: (-1,1), (-2,2), (-3,3), (-4,4), (-5,5), 
 #   5: (0,-1), (0,-2), (0,-3), (0,-4), (0,-5), 
 #   6: (-1,0), (-2,0), (-3,0), (-4,0), (-5,0), 
 #   7: (1,1), (1,2), (1,3), (1,4), (1,5), (2,1), (2,2), (2,3), (2,4), (2,5), (3,1), (3,2), (3,3), (3,4), (3,5), (4,1), (4,2), (4,3), (4,4), (4,5), (5,1), (5,2), (5,3), (5,4), (5,5), 
 #   8: (1,-1), (1,-2), (1,-3), (1,-4), (1,-5), (2,-1), (2,-2), (2,-3), (2,-4), (2,-5), (3,-1), (3,-2), (3,-3), (3,-4), (3,-5), (4,-1), (4,-2), (4,-3), (4,-4), (4,-5), (5,-1), (5,-2), (5,-3), (5,-4), (5,-5), 
 #   9: (-1,1), (-1,2), (-1,3), (-1,4), (-1,5), (-2,1), (-2,2), (-2,3), (-2,4), (-2,5), (-3,1), (-3,2), (-3,3), (-3,4), (-3,5), (-4,1), (-4,2), (-4,3), (-4,4), (-4,5), (-5,1), (-5,2), (-5,3), (-5,4), (-5,5), 
 #  10: (-1,-1), (-1,-2), (-1,-3), (-1,-4), (-1,-5), (-2,-1), (-2,-2), (-2,-3), (-2,-4), (-2,-5), (-3,-1), (-3,-2), (-3,-3), (-3,-4), (-3,-5), (-4,-1), (-4,-2), (-4,-3), (-4,-4), (-4,-5), (-5,-1), (-5,-2), (-5,-3), (-5,-4), (-5,-5), 
 #  11: (1,1), (2,2), (3,3), (4,4), (5,5), 
 #  12: (-1,-1), (-2,-2), (-3,-3), (-4,-4), (-5,-5), 
 #===================== fastNLO Table: CoeffAddFlex ====================
 # No. of scale1 nodes (Nscalenode1)   6
 # No. of scale2 nodes (Nscalenode2)   6
 ##################################################################################
LHAPDF 6.2.1 loading /home/rabbertz/local.lx25/share/LHAPDF/CT14nnlo/CT14nnlo_0000.dat
CT14nnlo PDF set, member #0, version 1; LHAPDF ID = 13000
LHAPDF 6.2.1 loading /home/rabbertz/local.lx25/share/LHAPDF/CT14nnlo/CT14nnlo_0000.dat
CT14nnlo PDF set, member #0, version 1; LHAPDF ID = 13000

 ##################################################################################################################################################################
 # [fnlo-tk-cppread] Calculate my cross sections
 ##################################################################################################################################################################
 #=================================================================================================================================================================
 # My Cross Sections
 # The scale factors xmur, xmuf chosen here are:      1.000,      1.000
 #-----------------------------------------------------------------------------------------------------------------------------------------------------------------
 #IObs  BinSize  IODimO  [ Chi               ]  < ptavg_j12_ >  LO_cross_section   NLO_cross_section  NNLO_cross_section   KNLO      KNNLO
 #-----------------------------------------------------------------------------------------------------------------------------------------------------------------
     1  1.000         1   1.000       2.000      7402.          1.82456393059E-05  2.75763873394E-05  2.98560539918E-05    1.51140   1.08267
     2  1.000         2   2.000       3.000      7400.          1.64678654020E-05  2.39523999957E-05  2.57141527077E-05    1.45449   1.07355
     3  1.000         3   3.000       4.000      7400.          1.68669394441E-05  2.39847449219E-05  2.60221769936E-05    1.42200   1.08495
     4  1.000         4   4.000       5.000      7401.          1.73836882561E-05  2.45058513931E-05  2.51314865202E-05    1.40970   1.02553
     5  1.000         5   5.000       6.000      7397.          1.78446242631E-05  2.50260920649E-05  2.74439429800E-05    1.40244   1.09661
     6  1.000         6   6.000       7.000      7394.          1.81826186045E-05  2.53156943911E-05  2.92654006780E-05    1.39230   1.15602
     7  1.000         7   7.000       8.000      7398.          1.84507328037E-05  2.59391944492E-05  2.31204325762E-05    1.40586   0.89133
     8  1.000         8   8.000       9.000      7393.          1.86816677013E-05  2.58839496312E-05  3.07557382275E-05    1.38553   1.18822
     9  1.000         9   9.000       10.00      7401.          1.89312873175E-05  2.60134444087E-05  2.18549796476E-05    1.37410   0.84014
    10  2.000        10   10.00       12.00      7397.          1.91295014568E-05  2.61358055205E-05  2.88063443194E-05    1.36626   1.10218
    11  2.000        11   12.00       14.00      7395.          1.94443303664E-05  2.69078409688E-05  2.43822233407E-05    1.38384   0.90614
    12  2.000        12   14.00       16.00      7403.          1.95697723614E-05  2.67493571585E-05  2.60076454011E-05    1.36687   0.97227
 #=================================================================================================================================================================
 # My Cross Sections
 # The scale factors xmur, xmuf chosen here are:      0.500,      0.500
 #-----------------------------------------------------------------------------------------------------------------------------------------------------------------
 #IObs  BinSize  IODimO  [ Chi               ]  < ptavg_j12_ >  LO_cross_section   NLO_cross_section  NNLO_cross_section   KNLO      KNNLO
 #-----------------------------------------------------------------------------------------------------------------------------------------------------------------
     1  1.000         1   1.000       2.000      3702.          2.50675357735E-05  3.07078978400E-05  2.96722297438E-05    1.22501   0.96627
     2  1.000         2   2.000       3.000      3701.          2.26027958535E-05  2.63691266030E-05  2.52241095725E-05    1.16663   0.95658
     3  1.000         3   3.000       4.000      3701.          2.31378623975E-05  2.61999479359E-05  2.52808867202E-05    1.13234   0.96492
     4  1.000         4   4.000       5.000      3701.          2.38393682554E-05  2.66850491015E-05  2.43745630692E-05    1.11937   0.91342
     5  1.000         5   5.000       6.000      3698.          2.44671725278E-05  2.72532120464E-05  2.69709249545E-05    1.11387   0.98964
     6  1.000         6   6.000       7.000      3696.          2.49277343881E-05  2.75009433436E-05  2.81628846994E-05    1.10323   1.02407
     7  1.000         7   7.000       8.000      3699.          2.52933863058E-05  2.82353867942E-05  2.18088644988E-05    1.11632   0.77239
     8  1.000         8   8.000       9.000      3696.          2.56079148601E-05  2.79915500042E-05  3.01434553344E-05    1.09308   1.07688
     9  1.000         9   9.000       10.00      3701.          2.59486649689E-05  2.80750768362E-05  1.90864639590E-05    1.08195   0.67984
    10  2.000        10   10.00       12.00      3698.          2.62194165639E-05  2.81891575707E-05  2.77100927091E-05    1.07513   0.98301
    11  2.000        11   12.00       14.00      3697.          2.66491218881E-05  2.93108863345E-05  2.29873806206E-05    1.09988   0.78426
    12  2.000        12   14.00       16.00      3701.          2.68205952121E-05  2.88999921902E-05  2.55242482604E-05    1.07753   0.88319
 #=================================================================================================================================================================
 # My Cross Sections
 # The scale factors xmur, xmuf chosen here are:      2.000,      2.000
 #-----------------------------------------------------------------------------------------------------------------------------------------------------------------
 #IObs  BinSize  IODimO  [ Chi               ]  < ptavg_j12_ >  LO_cross_section   NLO_cross_section  NNLO_cross_section   KNLO      KNNLO
 #-----------------------------------------------------------------------------------------------------------------------------------------------------------------
     1  1.000         1   1.000       2.000      1.480e+04      1.35453832109E-05  2.38926408906E-05  2.90148036918E-05    1.76390   1.21438
     2  1.000         2   2.000       3.000      1.480e+04      1.22360208356E-05  2.09055128429E-05  2.51444269458E-05    1.70852   1.20277
     3  1.000         3   3.000       4.000      1.480e+04      1.25384898089E-05  2.10367035703E-05  2.55483469551E-05    1.67777   1.21447
     4  1.000         4   4.000       5.000      1.480e+04      1.29260935595E-05  2.15369545132E-05  2.47820699267E-05    1.66616   1.15068
     5  1.000         5   5.000       6.000      1.479e+04      1.32708397784E-05  2.19944724075E-05  2.67541233600E-05    1.65735   1.21640
     6  1.000         6   6.000       7.000      1.479e+04      1.35235532777E-05  2.22828450159E-05  2.87030443535E-05    1.64771   1.28812
     7  1.000         7   7.000       8.000      1.479e+04      1.37238447182E-05  2.28053020823E-05  2.32809069281E-05    1.66173   1.02086
     8  1.000         8   8.000       9.000      1.479e+04      1.38965821944E-05  2.28458208465E-05  2.98501748309E-05    1.64399   1.30659
     9  1.000         9   9.000       10.00      1.480e+04      1.40829581206E-05  2.29881484919E-05  2.28118883373E-05    1.63234   0.99233
    10  2.000        10   10.00       12.00      1.479e+04      1.42308301246E-05  2.31047525434E-05  2.83767121753E-05    1.62357   1.22818
    11  2.000        11   12.00       14.00      1.479e+04      1.44658892713E-05  2.36488046629E-05  2.45106529508E-05    1.63480   1.03644
    12  2.000        12   14.00       16.00      1.480e+04      1.45594149223E-05  2.36252651402E-05  2.56031485105E-05    1.62268   1.08372
 #=================================================================================================================================================================
 # My Cross Sections
 # The scale factors xmur, xmuf chosen here are:      0.500,      1.000
 #-----------------------------------------------------------------------------------------------------------------------------------------------------------------
 #IObs  BinSize  IODimO  [ Chi               ]  < ptavg_j12_ >  LO_cross_section   NLO_cross_section  NNLO_cross_section   KNLO      KNNLO
 #-----------------------------------------------------------------------------------------------------------------------------------------------------------------
     1  1.000         1   1.000       2.000      3701.          2.07403228014E-05  2.93844657222E-05  3.00449539435E-05    1.41678   1.02248
     2  1.000         2   2.000       3.000      3700.          1.87194358668E-05  2.53864531074E-05  2.56589969681E-05    1.35615   1.01074
     3  1.000         3   3.000       4.000      3700.          1.91730539128E-05  2.53332455021E-05  2.57666214515E-05    1.32129   1.01711
     4  1.000         4   4.000       5.000      3700.          1.97604388292E-05  2.58454596973E-05  2.49174538535E-05    1.30794   0.96409
     5  1.000         5   5.000       6.000      3698.          2.02843878194E-05  2.63868041601E-05  2.75497150982E-05    1.30084   1.04407
     6  1.000         6   6.000       7.000      3697.          2.06685803242E-05  2.66637111496E-05  2.90029904421E-05    1.29006   1.08773
     7  1.000         7   7.000       8.000      3699.          2.09733178426E-05  2.73435365096E-05  2.25486545001E-05    1.30373   0.82464
     8  1.000         8   8.000       9.000      3696.          2.12358270508E-05  2.72051652735E-05  3.05727920178E-05    1.28110   1.12379
     9  1.000         9   9.000       10.00      3700.          2.15195863839E-05  2.73086541598E-05  2.06879692094E-05    1.26901   0.75756
    10  2.000        10   10.00       12.00      3699.          2.17448953135E-05  2.74445372711E-05  2.85631002207E-05    1.26211   1.04076
    11  2.000        11   12.00       14.00      3697.          2.21027847508E-05  2.83656586385E-05  2.39691804433E-05    1.28335   0.84501
    12  2.000        12   14.00       16.00      3701.          2.22453262442E-05  2.81014612294E-05  2.60173414297E-05    1.26325   0.92584
 #=================================================================================================================================================================
 # My Cross Sections
 # The scale factors xmur, xmuf chosen here are:      1.000,      0.500
 #-----------------------------------------------------------------------------------------------------------------------------------------------------------------
 #IObs  BinSize  IODimO  [ Chi               ]  < ptavg_j12_ >  LO_cross_section   NLO_cross_section  NNLO_cross_section   KNLO      KNNLO
 #-----------------------------------------------------------------------------------------------------------------------------------------------------------------
     1  1.000         1   1.000       2.000      7403.          2.20524507144E-05  2.93632443091E-05  2.97834998724E-05    1.33152   1.01431
     2  1.000         2   2.000       3.000      7402.          1.98842127734E-05  2.53866594895E-05  2.55930545384E-05    1.27672   1.00813
     3  1.000         3   3.000       4.000      7401.          2.03549452493E-05  2.53369328029E-05  2.58984278646E-05    1.24476   1.02216
     4  1.000         4   4.000       5.000      7401.          2.09720945220E-05  2.58549180609E-05  2.49049666004E-05    1.23282   0.96326
     5  1.000         5   5.000       6.000      7397.          2.15243982170E-05  2.64118997327E-05  2.72350878705E-05    1.22707   1.03117
     6  1.000         6   6.000       7.000      7394.          2.19295807725E-05  2.66895900847E-05  2.89705266158E-05    1.21706   1.08546
     7  1.000         7   7.000       8.000      7399.          2.22512900753E-05  2.73704588710E-05  2.26696430004E-05    1.23006   0.82825
     8  1.000         8   8.000       9.000      7393.          2.25279890859E-05  2.72399382570E-05  3.08296047617E-05    1.20916   1.13178
     9  1.000         9   9.000       10.00      7402.          2.28277441536E-05  2.73619386837E-05  2.07485392581E-05    1.19863   0.75830
    10  2.000        10   10.00       12.00      7398.          2.30659371818E-05  2.74684156089E-05  2.84318206288E-05    1.19086   1.03507
    11  2.000        11   12.00       14.00      7395.          2.34439431146E-05  2.84083599063E-05  2.37443003980E-05    1.21176   0.83582
    12  2.000        12   14.00       16.00      7403.          2.35948466427E-05  2.81410603168E-05  2.57527716629E-05    1.19268   0.91513
 #=================================================================================================================================================================
 # My Cross Sections
 # The scale factors xmur, xmuf chosen here are:      1.000,      2.000
 #-----------------------------------------------------------------------------------------------------------------------------------------------------------------
 #IObs  BinSize  IODimO  [ Chi               ]  < ptavg_j12_ >  LO_cross_section   NLO_cross_section  NNLO_cross_section   KNLO      KNNLO
 #-----------------------------------------------------------------------------------------------------------------------------------------------------------------
     1  1.000         1   1.000       2.000      7400.          1.52761780046E-05  2.58281168673E-05  2.98411179265E-05    1.69074   1.15537
     2  1.000         2   2.000       3.000      7399.          1.37994823140E-05  2.25204582230E-05  2.57388967555E-05    1.63198   1.14291
     3  1.000         3   3.000       4.000      7399.          1.41405873176E-05  2.26123899613E-05  2.60471301840E-05    1.59911   1.15190
     4  1.000         4   4.000       5.000      7399.          1.45777069604E-05  2.31283362206E-05  2.52473917630E-05    1.58656   1.09162
     5  1.000         5   5.000       6.000      7396.          1.49664979939E-05  2.36142621766E-05  2.75108334942E-05    1.57781   1.16501
     6  1.000         6   6.000       7.000      7394.          1.52514931247E-05  2.39081138722E-05  2.93631611314E-05    1.56759   1.22817
     7  1.000         7   7.000       8.000      7397.          1.54773546404E-05  2.44810531146E-05  2.34350452085E-05    1.58173   0.95727
     8  1.000         8   8.000       9.000      7393.          1.56721638341E-05  2.44798971631E-05  3.05718440093E-05    1.56200   1.24886
     9  1.000         9   9.000       10.00      7400.          1.58823606888E-05  2.46133572562E-05  2.26631516469E-05    1.54973   0.92077
    10  2.000        10   10.00       12.00      7397.          1.60491231705E-05  2.47444212757E-05  2.89820349893E-05    1.54179   1.17126
    11  2.000        11   12.00       14.00      7395.          1.63142271022E-05  2.53858770201E-05  2.48187537247E-05    1.55606   0.97766
    12  2.000        12   14.00       16.00      7402.          1.64196700972E-05  2.53078040118E-05  2.61577789153E-05    1.54131   1.03359
 #=================================================================================================================================================================
 # My Cross Sections
 # The scale factors xmur, xmuf chosen here are:      2.000,      1.000
 #-----------------------------------------------------------------------------------------------------------------------------------------------------------------
 #IObs  BinSize  IODimO  [ Chi               ]  < ptavg_j12_ >  LO_cross_section   NLO_cross_section  NNLO_cross_section   KNLO      KNNLO
 #-----------------------------------------------------------------------------------------------------------------------------------------------------------------
     1  1.000         1   1.000       2.000      1.480e+04      1.61784557646E-05  2.58047413933E-05  2.93490794186E-05    1.59501   1.13735
     2  1.000         2   2.000       3.000      1.480e+04      1.46021280075E-05  2.25075280627E-05  2.54223040022E-05    1.54139   1.12950
     3  1.000         3   3.000       4.000      1.480e+04      1.49560021048E-05  2.25981731868E-05  2.58502266909E-05    1.51098   1.14391
     4  1.000         4   4.000       5.000      1.480e+04      1.54142167523E-05  2.31154611688E-05  2.49787661372E-05    1.49962   1.08061
     5  1.000         5   5.000       6.000      1.479e+04      1.58229364890E-05  2.36112627143E-05  2.70189706529E-05    1.49222   1.14433
     6  1.000         6   6.000       7.000      1.479e+04      1.61226472124E-05  2.39040994365E-05  2.90197965298E-05    1.48264   1.21401
     7  1.000         7   7.000       8.000      1.480e+04      1.63604087107E-05  2.44768785124E-05  2.32831189468E-05    1.49610   0.95123
     8  1.000         8   8.000       9.000      1.479e+04      1.65651798404E-05  2.44799745014E-05  3.04222417696E-05    1.47780   1.24274
     9  1.000         9   9.000       10.00      1.480e+04      1.67865117273E-05  2.46248577981E-05  2.24367637926E-05    1.46694   0.91114
    10  2.000        10   10.00       12.00      1.480e+04      1.69622732216E-05  2.47355771844E-05  2.85974102806E-05    1.45827   1.15612
    11  2.000        11   12.00       14.00      1.479e+04      1.72414230565E-05  2.53902323865E-05  2.44231620387E-05    1.47263   0.96191
    12  2.000        12   14.00       16.00      1.481e+04      1.73526876522E-05  2.53075525079E-05  2.57448318046E-05    1.45842   1.01728
