 ##################################################################################
 # INFO.    [fnlo-tk-cppread] Program to read fastNLO tables and derive
 # INFO.    [fnlo-tk-cppread] QCD cross sections using PDFs e.g. from LHAPDF
 #---------------------------------------------------------------------------------
 # INFO.    [fnlo-tk-cppread] For more explanations type:
 # INFO.    [fnlo-tk-cppread] ./fnlo-tk-cppread -h
 # INFO.    [fnlo-tk-cppread] For version number printout type:
 # INFO.    [fnlo-tk-cppread] ./fnlo-tk-cppread -v
 ##################################################################################

 ##################################################################################
 # [fnlo-tk-cppread] fastNLO Cross-Section Calculator
 #---------------------------------------------------------------------------------
 # [fnlo-tk-cppread] Evaluating table: 2jet.NNLO.fnl5662j_mjj7_chi.tab.gz
 # [fnlo-tk-cppread] Using PDF set   : CT14nnlo
 # [fnlo-tk-cppread] If possible, will try to do 7 scale factor variations.
 # [fnlo-tk-cppread] Using alpha_s evolution code: LHAPDF
 # [fnlo-tk-cppread] Preparing unnormalized cross sections,
 # [fnlo-tk-cppread] Using scale definition kScale2
 # [fnlo-tk-cppread] No request given for no. of flavours,
 #             using default value for LHAPDF or Nf = 5.
 # [fnlo-tk-cppread] No request given for no. of loops,
 #             using default value for LHAPDF or NLoop = 2.
 # [fnlo-tk-cppread] No request given for value of alpha_s(M_Z),
 #             using default value for LHAPDF or asMz = 0.1181.
 # [fnlo-tk-cppread] No request given for value of M_Z,
 #             using default value for LHAPDF or Mz = 91.1876.
 ##################################################################################

 ##################################################################################
 #
 # [0;31mfast[0;34mNLO[0m_toolkit
 # Version 2.3.1_2771
 #
 # C++ program and toolkit to read and create fastNLO v2 tables and
 # derive QCD cross sections using PDFs, e.g. from LHAPDF
 #
 #---------------------------------------------------------------------------------
 #
 # Copyright © 2005-2020 [0;31mfast[0;34mNLO[0m Collaboration
 # D. Britzger, T. Kluge, K. Rabbertz, F. Stober, G. Sieber, M. Wobisch
 #
 # This program is free software: you can redistribute it and/or modify
 # it under the terms of the GNU General Public License as published by
 # the Free Software Foundation, either version 3 of the License, or
 # (at your option) any later version.
 #
 # This program is distributed in the hope that it will be useful,
 # but WITHOUT ANY WARRANTY; without even the implied warranty of
 # MERCHANTABILITY or FITNESS FOR A PARTICULAR PURPOSE. See the
 # GNU General Public License for more details.
 #
 # You should have received a copy of the GNU General Public License
 # along with this program. If not, see <http://www.gnu.org/licenses/>.
 #
 #---------------------------------------------------------------------------------
 #
 # The projects web page can be found at:
 #   http://projects.hepforge.org/fastnlo
 #
 # If you use this code, please cite:
 #   T. Kluge, K. Rabbertz, M. Wobisch, hep-ph/0609285
 #   D. Britzger, T. Kluge, K. Rabbertz, F. Stober, M. Wobisch, arXiv:1109.1310
 #
 ##################################################################################

 ##################################################################################
 # Overview on contribution types and numbers contained in table: 2jet.NNLO.fnl5662j_mjj7_chi.tab.gz
 #---------------------------------------------------------------------------------
 # Total number of contributions:  3
 #   No.: 1, type: Fixed order calculation       , Id: 0, order: LO                  , by: NNLOJET_rev_5088
 #   No.: 2, type: Fixed order calculation       , Id: 1, order: NLO                 , by: NNLOJET_rev_5088
 #   No.: 3, type: Fixed order calculation       , Id: 2, order: NNLO                , by: NNLOJET_rev_5088
 ##################################################################################

 ##################################################################################
 # Information on table header
 #---------------------------------------------------------------------------------
 #===================== fastNLO Table: Header ====================
 # Table version (Itabversion)         23600
 # Scenario name (ScenName)            fnl5662j
 # Theory contributions (Ncontrib)     3
 # Data contribution 0/1 (Ndata)       0
 ##################################################################################

 ##################################################################################
 # Information on fastNLO scenario: fnl5662j
 #---------------------------------------------------------------------------------
 #===================== fastNLO Table: Scenario ====================
 # Scenario description (ScDescript)
 #   0	d2sigma-dijet_dChi_dMjj_[pb_GeV]
 #   1	CMS_Collaboration
 #   2	Dijet_Chi
 #   3	anti-kT_R=0.4
 #   4	THEORY_LABEL=NNLOJET
 #   5	provided by:
 #   6	fastNLO_2.3.1
 #   7	If you use this table, please cite:
 #   8	  D. Britzger, T. Kluge, K. Rabbertz, F. Stober, M. Wobisch, arXiv:1109.1310
 #
 # Publ. x section (10^-Ipublunits b)  12
 # Centre-of-mass energy (Ecms/GeV)    13000
 # Power in a_s of LO process (ILOord) 2
 # No. of observable bins (NObsBin)    12
 # Dim. of observable binning (NDim)   1
 #
 # Dimension labels (DimLabel)
 #   0	Chi
 # Differential dimension (IDiffBin)
 #   0	2
 #
 # Total no. of contributions (theory + optional data) in this table: 3
 ##################################################################################

 ##################################################################################
 # Information on table contribution no. 0: LO
 #---------------------------------------------------------------------------------
 #===================== fastNLO Table: CoeffBase ====================
 # Contribution description (CtrbDescript)
 #   0	LO
 # Code description (CodeDescript)
 #   0	NNLOJET_rev_5088
 #   1	Example for single jet inclusive production.
 #   2	Please adapt to selected process: 2jet
 #   3	Please cite:
 #   4	Currie, J.; Glover, E.W.N. & Pires, J., Phys. Rev. Lett., 2017, 118, 072002 [arXiv:1611.01460]
 #   5	2jet
 #   6	PC: Please check and modify NNLOJET references according to selected process.
 #===================== fastNLO Table: CoeffAddBase ====================
 # No. of events (Nevt)                0.000000
 # Weight of table [=Nevt] (fWgtNevt)  0.000000
 # Number of tables merged together    150
 # No. of filled events (WgtNumEv)     18785771932
 # Sum of weights squared (WgtSumW2)   9687950100000.000000
 # Sum of sigma squared (SigSumW2)     0.221002
 # Sum of sigma (SigSum)               5430.099500
 # Sigma / Nevt (SigSum/WgtNevt)       2627072506936940882238740022568521737602859008.000000
 # Abs. order in a_s (Npow)            2
 # No. of hadrons involved (NPDF)      2
 # Type(s) of hadrons (NPDFPDG)
 #   0	2212
 #   1	2212
 # PDF storage format (NPDFDim)        2
 #   --> x-interpolation storage format: Full-Matrix
 # Observable bin no. 1
 #   No. of X1 nodes (XNode1[i].size())          20
 # Observable bin no. 12
 #   No. of X1 nodes (XNode1[i].size())          20
 # No. of scales involved (NScales)    1
 # Scale descriptions (ScaleDescript)
 #   0	ptavg_j12_[GeV]
 #   1	m12_[GeV]
 # No. of subprocess contributions     13
 #ISub  Processes
 #   0: (0,0), 
 #   1: (1,0), (2,0), (3,0), (4,0), (5,0), 
 #   2: (1,-1), (2,-2), (3,-3), (4,-4), (5,-5), 
 #   3: (0,1), (0,2), (0,3), (0,4), (0,5), 
 #   4: (-1,1), (-2,2), (-3,3), (-4,4), (-5,5), 
 #   5: (0,-1), (0,-2), (0,-3), (0,-4), (0,-5), 
 #   6: (-1,0), (-2,0), (-3,0), (-4,0), (-5,0), 
 #   7: (1,-1), (1,-2), (1,-3), (1,-4), (1,-5), (2,-1), (2,-2), (2,-3), (2,-4), (2,-5), (3,-1), (3,-2), (3,-3), (3,-4), (3,-5), (4,-1), (4,-2), (4,-3), (4,-4), (4,-5), (5,-1), (5,-2), (5,-3), (5,-4), (5,-5), 
 #   8: (1,1), (1,2), (1,3), (1,4), (1,5), (2,1), (2,2), (2,3), (2,4), (2,5), (3,1), (3,2), (3,3), (3,4), (3,5), (4,1), (4,2), (4,3), (4,4), (4,5), (5,1), (5,2), (5,3), (5,4), (5,5), 
 #   9: (-1,-1), (-1,-2), (-1,-3), (-1,-4), (-1,-5), (-2,-1), (-2,-2), (-2,-3), (-2,-4), (-2,-5), (-3,-1), (-3,-2), (-3,-3), (-3,-4), (-3,-5), (-4,-1), (-4,-2), (-4,-3), (-4,-4), (-4,-5), (-5,-1), (-5,-2), (-5,-3), (-5,-4), (-5,-5), 
 #  10: (-1,1), (-1,2), (-1,3), (-1,4), (-1,5), (-2,1), (-2,2), (-2,3), (-2,4), (-2,5), (-3,1), (-3,2), (-3,3), (-3,4), (-3,5), (-4,1), (-4,2), (-4,3), (-4,4), (-4,5), (-5,1), (-5,2), (-5,3), (-5,4), (-5,5), 
 #  11: (1,1), (2,2), (3,3), (4,4), (5,5), 
 #  12: (-1,-1), (-2,-2), (-3,-3), (-4,-4), (-5,-5), 
 #===================== fastNLO Table: CoeffAddFlex ====================
 # No. of scale1 nodes (Nscalenode1)   6
 # No. of scale2 nodes (Nscalenode2)   6
 ##################################################################################

 ##################################################################################
 # Information on table contribution no. 1: NLO
 #---------------------------------------------------------------------------------
 #===================== fastNLO Table: CoeffBase ====================
 # Contribution description (CtrbDescript)
 #   0	NLO
 # Code description (CodeDescript)
 #   0	NNLOJET_rev_5088
 #   1	Example for single jet inclusive production.
 #   2	Please adapt to selected process: 2jet
 #   3	Please cite:
 #   4	Currie, J.; Glover, E.W.N. & Pires, J., Phys. Rev. Lett., 2017, 118, 072002 [arXiv:1611.01460]
 #   5	2jet
 #   6	PC: Please check and modify NNLOJET references according to selected process.
 #===================== fastNLO Table: CoeffAddBase ====================
 # No. of events (Nevt)                1.000000
 # Weight of table [=Nevt] (fWgtNevt)  1.000000
 # Number of tables merged together    550
 # No. of filled events (WgtNumEv)     129401029197
 # Sum of weights squared (WgtSumW2)   9824237900000000043122688.000000
 # Sum of sigma squared (SigSumW2)     1118096700.000000
 # Sum of sigma (SigSum)               353.622400
 # Sigma / Nevt (SigSum/WgtNevt)       353.622400
 # Abs. order in a_s (Npow)            3
 # No. of hadrons involved (NPDF)      2
 # Type(s) of hadrons (NPDFPDG)
 #   0	2212
 #   1	2212
 # PDF storage format (NPDFDim)        2
 #   --> x-interpolation storage format: Full-Matrix
 # Observable bin no. 1
 #   No. of X1 nodes (XNode1[i].size())          20
 # Observable bin no. 12
 #   No. of X1 nodes (XNode1[i].size())          20
 # No. of scales involved (NScales)    1
 # Scale descriptions (ScaleDescript)
 #   0	ptavg_j12_[GeV]
 #   1	m12_[GeV]
 # No. of subprocess contributions     13
 #ISub  Processes
 #   0: (0,0), 
 #   1: (1,0), (2,0), (3,0), (4,0), (5,0), 
 #   2: (1,-1), (2,-2), (3,-3), (4,-4), (5,-5), 
 #   3: (0,1), (0,2), (0,3), (0,4), (0,5), 
 #   4: (-1,1), (-2,2), (-3,3), (-4,4), (-5,5), 
 #   5: (0,-1), (0,-2), (0,-3), (0,-4), (0,-5), 
 #   6: (-1,0), (-2,0), (-3,0), (-4,0), (-5,0), 
 #   7: (1,1), (1,2), (1,3), (1,4), (1,5), (2,1), (2,2), (2,3), (2,4), (2,5), (3,1), (3,2), (3,3), (3,4), (3,5), (4,1), (4,2), (4,3), (4,4), (4,5), (5,1), (5,2), (5,3), (5,4), (5,5), 
 #   8: (1,-1), (1,-2), (1,-3), (1,-4), (1,-5), (2,-1), (2,-2), (2,-3), (2,-4), (2,-5), (3,-1), (3,-2), (3,-3), (3,-4), (3,-5), (4,-1), (4,-2), (4,-3), (4,-4), (4,-5), (5,-1), (5,-2), (5,-3), (5,-4), (5,-5), 
 #   9: (-1,1), (-1,2), (-1,3), (-1,4), (-1,5), (-2,1), (-2,2), (-2,3), (-2,4), (-2,5), (-3,1), (-3,2), (-3,3), (-3,4), (-3,5), (-4,1), (-4,2), (-4,3), (-4,4), (-4,5), (-5,1), (-5,2), (-5,3), (-5,4), (-5,5), 
 #  10: (-1,-1), (-1,-2), (-1,-3), (-1,-4), (-1,-5), (-2,-1), (-2,-2), (-2,-3), (-2,-4), (-2,-5), (-3,-1), (-3,-2), (-3,-3), (-3,-4), (-3,-5), (-4,-1), (-4,-2), (-4,-3), (-4,-4), (-4,-5), (-5,-1), (-5,-2), (-5,-3), (-5,-4), (-5,-5), 
 #  11: (1,1), (2,2), (3,3), (4,4), (5,5), 
 #  12: (-1,-1), (-2,-2), (-3,-3), (-4,-4), (-5,-5), 
 #===================== fastNLO Table: CoeffAddFlex ====================
 # No. of scale1 nodes (Nscalenode1)   6
 # No. of scale2 nodes (Nscalenode2)   6
 ##################################################################################

 ##################################################################################
 # Information on table contribution no. 2: NNLO
 #---------------------------------------------------------------------------------
 #===================== fastNLO Table: CoeffBase ====================
 # Contribution description (CtrbDescript)
 #   0	NNLO
 # Code description (CodeDescript)
 #   0	NNLOJET_rev_5088
 #   1	Example for single jet inclusive production.
 #   2	Please adapt to selected process: 2jet
 #   3	Please cite:
 #   4	Currie, J.; Glover, E.W.N. & Pires, J., Phys. Rev. Lett., 2017, 118, 072002 [arXiv:1611.01460]
 #   5	2jet
 #   6	PC: Please check and modify NNLOJET references according to selected process.
 #===================== fastNLO Table: CoeffAddBase ====================
 # No. of events (Nevt)                1.000000
 # Weight of table [=Nevt] (fWgtNevt)  1.000000
 # Number of tables merged together    7750
 # No. of filled events (WgtNumEv)     435285750077
 # Sum of weights squared (WgtSumW2)   4905526000000000231378577222795264.000000
 # Sum of sigma squared (SigSumW2)     44863529000000.000000
 # Sum of sigma (SigSum)               -24389.956000
 # Sigma / Nevt (SigSum/WgtNevt)       -24389.956000
 # Abs. order in a_s (Npow)            4
 # No. of hadrons involved (NPDF)      2
 # Type(s) of hadrons (NPDFPDG)
 #   0	2212
 #   1	2212
 # PDF storage format (NPDFDim)        2
 #   --> x-interpolation storage format: Full-Matrix
 # Observable bin no. 1
 #   No. of X1 nodes (XNode1[i].size())          20
 # Observable bin no. 12
 #   No. of X1 nodes (XNode1[i].size())          20
 # No. of scales involved (NScales)    1
 # Scale descriptions (ScaleDescript)
 #   0	ptavg_j12_[GeV]
 #   1	m12_[GeV]
 # No. of subprocess contributions     13
 #ISub  Processes
 #   0: (0,0), 
 #   1: (1,0), (2,0), (3,0), (4,0), (5,0), 
 #   2: (1,-1), (2,-2), (3,-3), (4,-4), (5,-5), 
 #   3: (0,1), (0,2), (0,3), (0,4), (0,5), 
 #   4: (-1,1), (-2,2), (-3,3), (-4,4), (-5,5), 
 #   5: (0,-1), (0,-2), (0,-3), (0,-4), (0,-5), 
 #   6: (-1,0), (-2,0), (-3,0), (-4,0), (-5,0), 
 #   7: (1,1), (1,2), (1,3), (1,4), (1,5), (2,1), (2,2), (2,3), (2,4), (2,5), (3,1), (3,2), (3,3), (3,4), (3,5), (4,1), (4,2), (4,3), (4,4), (4,5), (5,1), (5,2), (5,3), (5,4), (5,5), 
 #   8: (1,-1), (1,-2), (1,-3), (1,-4), (1,-5), (2,-1), (2,-2), (2,-3), (2,-4), (2,-5), (3,-1), (3,-2), (3,-3), (3,-4), (3,-5), (4,-1), (4,-2), (4,-3), (4,-4), (4,-5), (5,-1), (5,-2), (5,-3), (5,-4), (5,-5), 
 #   9: (-1,1), (-1,2), (-1,3), (-1,4), (-1,5), (-2,1), (-2,2), (-2,3), (-2,4), (-2,5), (-3,1), (-3,2), (-3,3), (-3,4), (-3,5), (-4,1), (-4,2), (-4,3), (-4,4), (-4,5), (-5,1), (-5,2), (-5,3), (-5,4), (-5,5), 
 #  10: (-1,-1), (-1,-2), (-1,-3), (-1,-4), (-1,-5), (-2,-1), (-2,-2), (-2,-3), (-2,-4), (-2,-5), (-3,-1), (-3,-2), (-3,-3), (-3,-4), (-3,-5), (-4,-1), (-4,-2), (-4,-3), (-4,-4), (-4,-5), (-5,-1), (-5,-2), (-5,-3), (-5,-4), (-5,-5), 
 #  11: (1,1), (2,2), (3,3), (4,4), (5,5), 
 #  12: (-1,-1), (-2,-2), (-3,-3), (-4,-4), (-5,-5), 
 #===================== fastNLO Table: CoeffAddFlex ====================
 # No. of scale1 nodes (Nscalenode1)   6
 # No. of scale2 nodes (Nscalenode2)   6
 ##################################################################################
LHAPDF 6.3.0 loading /home/rabbertz/local/share/LHAPDF/CT14nnlo/CT14nnlo_0000.dat
CT14nnlo PDF set, member #0, version 1; LHAPDF ID = 13000
LHAPDF 6.3.0 loading /home/rabbertz/local/share/LHAPDF/CT14nnlo/CT14nnlo_0000.dat
CT14nnlo PDF set, member #0, version 1; LHAPDF ID = 13000

 ##################################################################################################################################################################
 # [fnlo-tk-cppread] Calculate my cross sections
 ##################################################################################################################################################################
 #=================================================================================================================================================================
 # My Cross Sections
 # The scale factors xmur, xmuf chosen here are:      1.000,      1.000
 #-----------------------------------------------------------------------------------------------------------------------------------------------------------------
 #IObs  BinSize  IODimO  [ Chi               ]  < ptavg_j12_ >  LO_cross_section   NLO_cross_section  NNLO_cross_section   KNLO      KNNLO
 #-----------------------------------------------------------------------------------------------------------------------------------------------------------------
     1  1.000         1   1.000       2.000      5036.          2.03392264768E-03  2.79116115714E-03  2.87646919435E-03    1.37230   1.03056
     2  1.000         2   2.000       3.000      5036.          1.77628523393E-03  2.39737100324E-03  2.46151782155E-03    1.34965   1.02676
     3  1.000         3   3.000       4.000      5036.          1.78628534197E-03  2.38843276991E-03  2.40584938516E-03    1.33709   1.00729
     4  1.000         4   4.000       5.000      5036.          1.82127319820E-03  2.42116229932E-03  2.45430694994E-03    1.32938   1.01369
     5  1.000         5   5.000       6.000      5036.          1.85450690906E-03  2.46768557970E-03  2.52629046961E-03    1.33064   1.02375
     6  1.000         6   6.000       7.000      5037.          1.88404866667E-03  2.50631030472E-03  2.55149667867E-03    1.33028   1.01803
     7  1.000         7   7.000       8.000      5036.          1.90815273582E-03  2.53038724774E-03  2.58992401818E-03    1.32609   1.02353
     8  1.000         8   8.000       9.000      5036.          1.92847718402E-03  2.58189141113E-03  2.59788359815E-03    1.33882   1.00619
     9  1.000         9   9.000       10.00      5036.          1.94669916276E-03  2.60393010487E-03  2.67262763716E-03    1.33761   1.02638
    10  2.000        10   10.00       12.00      5036.          1.96641588389E-03  2.65281184902E-03  2.68856575628E-03    1.34906   1.01348
    11  2.000        11   12.00       14.00      5037.          1.98950116126E-03  2.68390868724E-03  2.67922256657E-03    1.34904   0.99825
    12  2.000        12   14.00       16.00      5034.          2.00493680334E-03  2.74352671694E-03  2.82242385797E-03    1.36839   1.02876
 #=================================================================================================================================================================
 # My Cross Sections
 # The scale factors xmur, xmuf chosen here are:      0.500,      0.500
 #-----------------------------------------------------------------------------------------------------------------------------------------------------------------
 #IObs  BinSize  IODimO  [ Chi               ]  < ptavg_j12_ >  LO_cross_section   NLO_cross_section  NNLO_cross_section   KNLO      KNNLO
 #-----------------------------------------------------------------------------------------------------------------------------------------------------------------
     1  1.000         1   1.000       2.000      2518.          2.71635634593E-03  3.00002507282E-03  2.83113356874E-03    1.10443   0.94370
     2  1.000         2   2.000       3.000      2518.          2.36859562778E-03  2.56553084391E-03  2.42293699268E-03    1.08314   0.94442
     3  1.000         3   3.000       4.000      2518.          2.37976268401E-03  2.54997755020E-03  2.35044157257E-03    1.07153   0.92175
     4  1.000         4   4.000       5.000      2518.          2.42513256457E-03  2.58088924335E-03  2.40577609166E-03    1.06423   0.93215
     5  1.000         5   5.000       6.000      2518.          2.46860614969E-03  2.63190521043E-03  2.48406689988E-03    1.06615   0.94383
     6  1.000         6   6.000       7.000      2518.          2.50739619790E-03  2.67405436852E-03  2.49883685762E-03    1.06647   0.93447
     7  1.000         7   7.000       8.000      2518.          2.53907256848E-03  2.69771615784E-03  2.54921048621E-03    1.06248   0.94495
     8  1.000         8   8.000       9.000      2518.          2.56584290873E-03  2.76231427425E-03  2.54352348510E-03    1.07657   0.92079
     9  1.000         9   9.000       10.00      2518.          2.58988043858E-03  2.78441477272E-03  2.61938163623E-03    1.07511   0.94073
    10  2.000        10   10.00       12.00      2518.          2.61583966394E-03  2.84531757961E-03  2.63385471020E-03    1.08773   0.92568
    11  2.000        11   12.00       14.00      2518.          2.64628259246E-03  2.87978880591E-03  2.60033151727E-03    1.08824   0.90296
    12  2.000        12   14.00       16.00      2517.          2.66664298506E-03  2.95684821898E-03  2.76524082209E-03    1.10883   0.93520
 #=================================================================================================================================================================
 # My Cross Sections
 # The scale factors xmur, xmuf chosen here are:      2.000,      2.000
 #-----------------------------------------------------------------------------------------------------------------------------------------------------------------
 #IObs  BinSize  IODimO  [ Chi               ]  < ptavg_j12_ >  LO_cross_section   NLO_cross_section  NNLO_cross_section   KNLO      KNNLO
 #-----------------------------------------------------------------------------------------------------------------------------------------------------------------
     1  1.000         1   1.000       2.000      1.007e+04      1.55220658830E-03  2.49391116736E-03  2.83449768749E-03    1.60669   1.13657
     2  1.000         2   2.000       3.000      1.007e+04      1.35746865854E-03  2.14896848454E-03  2.42504575264E-03    1.58307   1.12847
     3  1.000         3   3.000       4.000      1.007e+04      1.36621937711E-03  2.14474102862E-03  2.38030755580E-03    1.56984   1.10983
     4  1.000         4   4.000       5.000      1.007e+04      1.39361525269E-03  2.17661096264E-03  2.42290285581E-03    1.56184   1.11315
     5  1.000         5   5.000       6.000      1.007e+04      1.41944411509E-03  2.21800834848E-03  2.48796489610E-03    1.56259   1.12171
     6  1.000         6   6.000       7.000      1.007e+04      1.44232896262E-03  2.25246192290E-03  2.51734518693E-03    1.56168   1.11760
     7  1.000         7   7.000       8.000      1.007e+04      1.46098835661E-03  2.27526460997E-03  2.54884242334E-03    1.55735   1.12024
     8  1.000         8   8.000       9.000      1.007e+04      1.47669030598E-03  2.31679653548E-03  2.56357187777E-03    1.56891   1.10652
     9  1.000         9   9.000       10.00      1.007e+04      1.49074915604E-03  2.33742864934E-03  2.63223411937E-03    1.56796   1.12612
    10  2.000        10   10.00       12.00      1.007e+04      1.50598756816E-03  2.37706036266E-03  2.64861951397E-03    1.57841   1.11424
    11  2.000        11   12.00       14.00      1.007e+04      1.52380380170E-03  2.40446458358E-03  2.65246516055E-03    1.57794   1.10314
    12  2.000        12   14.00       16.00      1.007e+04      1.53571461346E-03  2.45131843154E-03  2.77402696455E-03    1.59621   1.13165
 #=================================================================================================================================================================
 # My Cross Sections
 # The scale factors xmur, xmuf chosen here are:      0.500,      1.000
 #-----------------------------------------------------------------------------------------------------------------------------------------------------------------
 #IObs  BinSize  IODimO  [ Chi               ]  < ptavg_j12_ >  LO_cross_section   NLO_cross_section  NNLO_cross_section   KNLO      KNNLO
 #-----------------------------------------------------------------------------------------------------------------------------------------------------------------
     1  1.000         1   1.000       2.000      2518.          2.32335172902E-03  2.93803803353E-03  2.86598355444E-03    1.26457   0.97548
     2  1.000         2   2.000       3.000      2518.          2.02905001005E-03  2.51683054016E-03  2.44955710457E-03    1.24040   0.97327
     3  1.000         3   3.000       4.000      2518.          2.04047170159E-03  2.50362326904E-03  2.38519074620E-03    1.22698   0.95270
     4  1.000         4   4.000       5.000      2518.          2.08043744979E-03  2.53538122624E-03  2.43763760849E-03    1.21868   0.96145
     5  1.000         5   5.000       6.000      2518.          2.11839972390E-03  2.58437996759E-03  2.51379426435E-03    1.21997   0.97269
     6  1.000         6   6.000       7.000      2518.          2.15214519119E-03  2.62487413035E-03  2.53477955173E-03    1.21965   0.96568
     7  1.000         7   7.000       8.000      2518.          2.17967891037E-03  2.64878303511E-03  2.57668618752E-03    1.21522   0.97278
     8  1.000         8   8.000       9.000      2518.          2.20289522297E-03  2.70724612908E-03  2.58048891287E-03    1.22895   0.95318
     9  1.000         9   9.000       10.00      2518.          2.22370981248E-03  2.72928219897E-03  2.65274575374E-03    1.22736   0.97196
    10  2.000        10   10.00       12.00      2518.          2.24623198024E-03  2.78445006352E-03  2.66761021520E-03    1.23961   0.95804
    11  2.000        11   12.00       14.00      2518.          2.27260178725E-03  2.81730524624E-03  2.64783983088E-03    1.23968   0.93985
    12  2.000        12   14.00       16.00      2517.          2.29023412819E-03  2.88626797554E-03  2.80339734158E-03    1.26025   0.97129
 #=================================================================================================================================================================
 # My Cross Sections
 # The scale factors xmur, xmuf chosen here are:      1.000,      0.500
 #-----------------------------------------------------------------------------------------------------------------------------------------------------------------
 #IObs  BinSize  IODimO  [ Chi               ]  < ptavg_j12_ >  LO_cross_section   NLO_cross_section  NNLO_cross_section   KNLO      KNNLO
 #-----------------------------------------------------------------------------------------------------------------------------------------------------------------
     1  1.000         1   1.000       2.000      5037.          2.37797134588E-03  2.90699755164E-03  2.86251521925E-03    1.22247   0.98470
     2  1.000         2   2.000       3.000      5037.          2.07353459711E-03  2.49346417517E-03  2.45301214294E-03    1.20252   0.98378
     3  1.000         3   3.000       4.000      5036.          2.08331201809E-03  2.48255740024E-03  2.39105900275E-03    1.19164   0.96314
     4  1.000         4   4.000       5.000      5036.          2.12303097123E-03  2.51550822196E-03  2.44247213267E-03    1.18487   0.97097
     5  1.000         5   5.000       6.000      5036.          2.16108955822E-03  2.56461356396E-03  2.51714242218E-03    1.18672   0.98149
     6  1.000         6   6.000       7.000      5037.          2.19504752270E-03  2.60540153931E-03  2.53827153695E-03    1.18695   0.97423
     7  1.000         7   7.000       8.000      5036.          2.22277826595E-03  2.62996112121E-03  2.58338729586E-03    1.18319   0.98229
     8  1.000         8   8.000       9.000      5036.          2.24621406058E-03  2.68704130814E-03  2.58423729343E-03    1.19625   0.96174
     9  1.000         9   9.000       10.00      5035.          2.26725756253E-03  2.70974308624E-03  2.66428763806E-03    1.19516   0.98323
    10  2.000        10   10.00       12.00      5036.          2.28998324465E-03  2.76388514679E-03  2.68023992068E-03    1.20695   0.96974
    11  2.000        11   12.00       14.00      5037.          2.31663433538E-03  2.79696171522E-03  2.66052058031E-03    1.20734   0.95122
    12  2.000        12   14.00       16.00      5034.          2.33445818053E-03  2.86370405355E-03  2.81426737930E-03    1.22671   0.98274
 #=================================================================================================================================================================
 # My Cross Sections
 # The scale factors xmur, xmuf chosen here are:      1.000,      2.000
 #-----------------------------------------------------------------------------------------------------------------------------------------------------------------
 #IObs  BinSize  IODimO  [ Chi               ]  < ptavg_j12_ >  LO_cross_section   NLO_cross_section  NNLO_cross_section   KNLO      KNNLO
 #-----------------------------------------------------------------------------------------------------------------------------------------------------------------
     1  1.000         1   1.000       2.000      5036.          1.75801953380E-03  2.67376052401E-03  2.88513621688E-03    1.52089   1.07906
     2  1.000         2   2.000       3.000      5036.          1.53745901991E-03  2.29972304899E-03  2.46615675649E-03    1.49579   1.07237
     3  1.000         3   3.000       4.000      5036.          1.54736904229E-03  2.29276196300E-03  2.41528220246E-03    1.48172   1.05344
     4  1.000         4   4.000       5.000      5036.          1.57839681754E-03  2.32522702959E-03  2.46117622875E-03    1.47316   1.05847
     5  1.000         5   5.000       6.000      5036.          1.60764999978E-03  2.36950609731E-03  2.53062013274E-03    1.47389   1.06799
     6  1.000         6   6.000       7.000      5037.          1.63356916104E-03  2.40624521116E-03  2.55886181950E-03    1.47300   1.06343
     7  1.000         7   7.000       8.000      5036.          1.65470241658E-03  2.42979867162E-03  2.59215202909E-03    1.46842   1.06682
     8  1.000         8   8.000       9.000      5036.          1.67248611713E-03  2.47669341954E-03  2.60547336129E-03    1.48085   1.05200
     9  1.000         9   9.000       10.00      5035.          1.68840881202E-03  2.49807247458E-03  2.67569146131E-03    1.47954   1.07110
    10  2.000        10   10.00       12.00      5036.          1.70566757107E-03  2.54261019055E-03  2.69158406800E-03    1.49068   1.05859
    11  2.000        11   12.00       14.00      5037.          1.72584575842E-03  2.57199261576E-03  2.69013671088E-03    1.49028   1.04593
    12  2.000        12   14.00       16.00      5034.          1.73933600913E-03  2.62573582722E-03  2.82418844387E-03    1.50962   1.07558
 #=================================================================================================================================================================
 # My Cross Sections
 # The scale factors xmur, xmuf chosen here are:      2.000,      1.000
 #-----------------------------------------------------------------------------------------------------------------------------------------------------------------
 #IObs  BinSize  IODimO  [ Chi               ]  < ptavg_j12_ >  LO_cross_section   NLO_cross_section  NNLO_cross_section   KNLO      KNNLO
 #-----------------------------------------------------------------------------------------------------------------------------------------------------------------
     1  1.000         1   1.000       2.000      1.007e+04      1.79581089626E-03  2.63457164414E-03  2.85156438432E-03    1.46707   1.08236
     2  1.000         2   2.000       3.000      1.007e+04      1.56833673847E-03  2.26742133948E-03  2.44227697114E-03    1.44575   1.07712
     3  1.000         3   3.000       4.000      1.007e+04      1.57716714455E-03  2.26156485633E-03  2.39357045705E-03    1.43394   1.05837
     4  1.000         4   4.000       5.000      1.007e+04      1.60805960660E-03  2.29428800750E-03  2.43872411172E-03    1.42674   1.06295
     5  1.000         5   5.000       6.000      1.007e+04      1.63740307839E-03  2.33818305478E-03  2.50659644736E-03    1.42798   1.07203
     6  1.000         6   6.000       7.000      1.007e+04      1.66348645382E-03  2.37475120976E-03  2.53416082234E-03    1.42757   1.06713
     7  1.000         7   7.000       8.000      1.007e+04      1.68476892282E-03  2.39845253301E-03  2.56993027563E-03    1.42361   1.07150
     8  1.000         8   8.000       9.000      1.007e+04      1.70271421122E-03  2.44418198616E-03  2.58067976594E-03    1.43546   1.05585
     9  1.000         9   9.000       10.00      1.007e+04      1.71880321613E-03  2.46577479211E-03  2.65455985567E-03    1.43459   1.07656
    10  2.000        10   10.00       12.00      1.007e+04      1.73621187937E-03  2.50939162230E-03  2.67127078314E-03    1.44533   1.06451
    11  2.000        11   12.00       14.00      1.007e+04      1.75659493076E-03  2.53866041815E-03  2.66918424227E-03    1.44522   1.05141
    12  2.000        12   14.00       16.00      1.007e+04      1.77022338132E-03  2.59072023621E-03  2.80008734576E-03    1.46350   1.08081
