 ##################################################################################
 # INFO.    [fnlo-tk-cppread] Program to read fastNLO tables and derive
 # INFO.    [fnlo-tk-cppread] QCD cross sections using PDFs e.g. from LHAPDF
 #---------------------------------------------------------------------------------
 # INFO.    [fnlo-tk-cppread] For more explanations type:
 # INFO.    [fnlo-tk-cppread] ./fnlo-tk-cppread -h
 # INFO.    [fnlo-tk-cppread] For version number printout type:
 # INFO.    [fnlo-tk-cppread] ./fnlo-tk-cppread -v
 ##################################################################################

 ##################################################################################
 # [fnlo-tk-cppread] fastNLO Cross-Section Calculator
 #---------------------------------------------------------------------------------
 # [fnlo-tk-cppread] Evaluating table: 2jet.NNLO.fnl5662j_mjj1_chi.tab.gz
 # [fnlo-tk-cppread] Using PDF set   : CT14nlo
 # [fnlo-tk-cppread] If possible, will try to do 7 scale factor variations.
 # [fnlo-tk-cppread] Using alpha_s evolution code: LHAPDF
 # [fnlo-tk-cppread] Preparing unnormalized cross sections,
 # [fnlo-tk-cppread] Using scale definition kScale1
 # [fnlo-tk-cppread] No request given for no. of flavours,
 #             using default value for LHAPDF or Nf = 5.
 # [fnlo-tk-cppread] No request given for no. of loops,
 #             using default value for LHAPDF or NLoop = 2.
 # [fnlo-tk-cppread] No request given for value of alpha_s(M_Z),
 #             using default value for LHAPDF or asMz = 0.1181.
 # [fnlo-tk-cppread] No request given for value of M_Z,
 #             using default value for LHAPDF or Mz = 91.1876.
 ##################################################################################

 ##################################################################################
 #
 # [0;31mfast[0;34mNLO[0m_toolkit
 # Version 2.3.1_2771
 #
 # C++ program and toolkit to read and create fastNLO v2 tables and
 # derive QCD cross sections using PDFs, e.g. from LHAPDF
 #
 #---------------------------------------------------------------------------------
 #
 # Copyright © 2005-2020 [0;31mfast[0;34mNLO[0m Collaboration
 # D. Britzger, T. Kluge, K. Rabbertz, F. Stober, G. Sieber, M. Wobisch
 #
 # This program is free software: you can redistribute it and/or modify
 # it under the terms of the GNU General Public License as published by
 # the Free Software Foundation, either version 3 of the License, or
 # (at your option) any later version.
 #
 # This program is distributed in the hope that it will be useful,
 # but WITHOUT ANY WARRANTY; without even the implied warranty of
 # MERCHANTABILITY or FITNESS FOR A PARTICULAR PURPOSE. See the
 # GNU General Public License for more details.
 #
 # You should have received a copy of the GNU General Public License
 # along with this program. If not, see <http://www.gnu.org/licenses/>.
 #
 #---------------------------------------------------------------------------------
 #
 # The projects web page can be found at:
 #   http://projects.hepforge.org/fastnlo
 #
 # If you use this code, please cite:
 #   T. Kluge, K. Rabbertz, M. Wobisch, hep-ph/0609285
 #   D. Britzger, T. Kluge, K. Rabbertz, F. Stober, M. Wobisch, arXiv:1109.1310
 #
 ##################################################################################

 ##################################################################################
 # Overview on contribution types and numbers contained in table: 2jet.NNLO.fnl5662j_mjj1_chi.tab.gz
 #---------------------------------------------------------------------------------
 # Total number of contributions:  3
 #   No.: 1, type: Fixed order calculation       , Id: 0, order: LO                  , by: NNLOJET_rev_5088
 #   No.: 2, type: Fixed order calculation       , Id: 1, order: NLO                 , by: NNLOJET_rev_5088
 #   No.: 3, type: Fixed order calculation       , Id: 2, order: NNLO                , by: NNLOJET_rev_5088
 ##################################################################################

 ##################################################################################
 # Information on table header
 #---------------------------------------------------------------------------------
 #===================== fastNLO Table: Header ====================
 # Table version (Itabversion)         23600
 # Scenario name (ScenName)            fnl5662j
 # Theory contributions (Ncontrib)     3
 # Data contribution 0/1 (Ndata)       0
 ##################################################################################

 ##################################################################################
 # Information on fastNLO scenario: fnl5662j
 #---------------------------------------------------------------------------------
 #===================== fastNLO Table: Scenario ====================
 # Scenario description (ScDescript)
 #   0	d2sigma-dijet_dChi_dMjj_[pb_GeV]
 #   1	CMS_Collaboration
 #   2	Dijet_Chi
 #   3	anti-kT_R=0.4
 #   4	THEORY_LABEL=NNLOJET
 #   5	provided by:
 #   6	fastNLO_2.3.1
 #   7	If you use this table, please cite:
 #   8	  D. Britzger, T. Kluge, K. Rabbertz, F. Stober, M. Wobisch, arXiv:1109.1310
 #
 # Publ. x section (10^-Ipublunits b)  12
 # Centre-of-mass energy (Ecms/GeV)    13000
 # Power in a_s of LO process (ILOord) 2
 # No. of observable bins (NObsBin)    12
 # Dim. of observable binning (NDim)   1
 #
 # Dimension labels (DimLabel)
 #   0	Chi
 # Differential dimension (IDiffBin)
 #   0	2
 #
 # Total no. of contributions (theory + optional data) in this table: 3
 ##################################################################################

 ##################################################################################
 # Information on table contribution no. 0: LO
 #---------------------------------------------------------------------------------
 #===================== fastNLO Table: CoeffBase ====================
 # Contribution description (CtrbDescript)
 #   0	LO
 # Code description (CodeDescript)
 #   0	NNLOJET_rev_5088
 #   1	Example for single jet inclusive production.
 #   2	Please adapt to selected process: 2jet
 #   3	Please cite:
 #   4	Currie, J.; Glover, E.W.N. & Pires, J., Phys. Rev. Lett., 2017, 118, 072002 [arXiv:1611.01460]
 #   5	2jet
 #   6	PC: Please check and modify NNLOJET references according to selected process.
 #===================== fastNLO Table: CoeffAddBase ====================
 # No. of events (Nevt)                0.000000
 # Weight of table [=Nevt] (fWgtNevt)  0.000000
 # Number of tables merged together    150
 # No. of filled events (WgtNumEv)     69375582203
 # Sum of weights squared (WgtSumW2)   246340940000000.000000
 # Sum of sigma squared (SigSumW2)     907794.420000
 # Sum of sigma (SigSum)               26743556.000000
 # Sigma / Nevt (SigSum/WgtNevt)       12938484958761521670251388211597753109489421123584.000000
 # Abs. order in a_s (Npow)            2
 # No. of hadrons involved (NPDF)      2
 # Type(s) of hadrons (NPDFPDG)
 #   0	2212
 #   1	2212
 # PDF storage format (NPDFDim)        2
 #   --> x-interpolation storage format: Full-Matrix
 # Observable bin no. 1
 #   No. of X1 nodes (XNode1[i].size())          20
 # Observable bin no. 12
 #   No. of X1 nodes (XNode1[i].size())          20
 # No. of scales involved (NScales)    1
 # Scale descriptions (ScaleDescript)
 #   0	ptavg_j12_[GeV]
 #   1	m12_[GeV]
 # No. of subprocess contributions     13
 #ISub  Processes
 #   0: (0,0), 
 #   1: (1,0), (2,0), (3,0), (4,0), (5,0), 
 #   2: (1,-1), (2,-2), (3,-3), (4,-4), (5,-5), 
 #   3: (0,1), (0,2), (0,3), (0,4), (0,5), 
 #   4: (-1,1), (-2,2), (-3,3), (-4,4), (-5,5), 
 #   5: (0,-1), (0,-2), (0,-3), (0,-4), (0,-5), 
 #   6: (-1,0), (-2,0), (-3,0), (-4,0), (-5,0), 
 #   7: (1,-1), (1,-2), (1,-3), (1,-4), (1,-5), (2,-1), (2,-2), (2,-3), (2,-4), (2,-5), (3,-1), (3,-2), (3,-3), (3,-4), (3,-5), (4,-1), (4,-2), (4,-3), (4,-4), (4,-5), (5,-1), (5,-2), (5,-3), (5,-4), (5,-5), 
 #   8: (1,1), (1,2), (1,3), (1,4), (1,5), (2,1), (2,2), (2,3), (2,4), (2,5), (3,1), (3,2), (3,3), (3,4), (3,5), (4,1), (4,2), (4,3), (4,4), (4,5), (5,1), (5,2), (5,3), (5,4), (5,5), 
 #   9: (-1,-1), (-1,-2), (-1,-3), (-1,-4), (-1,-5), (-2,-1), (-2,-2), (-2,-3), (-2,-4), (-2,-5), (-3,-1), (-3,-2), (-3,-3), (-3,-4), (-3,-5), (-4,-1), (-4,-2), (-4,-3), (-4,-4), (-4,-5), (-5,-1), (-5,-2), (-5,-3), (-5,-4), (-5,-5), 
 #  10: (-1,1), (-1,2), (-1,3), (-1,4), (-1,5), (-2,1), (-2,2), (-2,3), (-2,4), (-2,5), (-3,1), (-3,2), (-3,3), (-3,4), (-3,5), (-4,1), (-4,2), (-4,3), (-4,4), (-4,5), (-5,1), (-5,2), (-5,3), (-5,4), (-5,5), 
 #  11: (1,1), (2,2), (3,3), (4,4), (5,5), 
 #  12: (-1,-1), (-2,-2), (-3,-3), (-4,-4), (-5,-5), 
 #===================== fastNLO Table: CoeffAddFlex ====================
 # No. of scale1 nodes (Nscalenode1)   6
 # No. of scale2 nodes (Nscalenode2)   6
 ##################################################################################

 ##################################################################################
 # Information on table contribution no. 1: NLO
 #---------------------------------------------------------------------------------
 #===================== fastNLO Table: CoeffBase ====================
 # Contribution description (CtrbDescript)
 #   0	NLO
 # Code description (CodeDescript)
 #   0	NNLOJET_rev_5088
 #   1	Example for single jet inclusive production.
 #   2	Please adapt to selected process: 2jet
 #   3	Please cite:
 #   4	Currie, J.; Glover, E.W.N. & Pires, J., Phys. Rev. Lett., 2017, 118, 072002 [arXiv:1611.01460]
 #   5	2jet
 #   6	PC: Please check and modify NNLOJET references according to selected process.
 #===================== fastNLO Table: CoeffAddBase ====================
 # No. of events (Nevt)                1.000000
 # Weight of table [=Nevt] (fWgtNevt)  1.000000
 # Number of tables merged together    550
 # No. of filled events (WgtNumEv)     742485722421
 # Sum of weights squared (WgtSumW2)   1180014200000000004045406208.000000
 # Sum of sigma squared (SigSumW2)     1409842400000000.000000
 # Sum of sigma (SigSum)               -3742164.000000
 # Sigma / Nevt (SigSum/WgtNevt)       -3742164.000000
 # Abs. order in a_s (Npow)            3
 # No. of hadrons involved (NPDF)      2
 # Type(s) of hadrons (NPDFPDG)
 #   0	2212
 #   1	2212
 # PDF storage format (NPDFDim)        2
 #   --> x-interpolation storage format: Full-Matrix
 # Observable bin no. 1
 #   No. of X1 nodes (XNode1[i].size())          20
 # Observable bin no. 12
 #   No. of X1 nodes (XNode1[i].size())          20
 # No. of scales involved (NScales)    1
 # Scale descriptions (ScaleDescript)
 #   0	ptavg_j12_[GeV]
 #   1	m12_[GeV]
 # No. of subprocess contributions     13
 #ISub  Processes
 #   0: (0,0), 
 #   1: (1,0), (2,0), (3,0), (4,0), (5,0), 
 #   2: (1,-1), (2,-2), (3,-3), (4,-4), (5,-5), 
 #   3: (0,1), (0,2), (0,3), (0,4), (0,5), 
 #   4: (-1,1), (-2,2), (-3,3), (-4,4), (-5,5), 
 #   5: (0,-1), (0,-2), (0,-3), (0,-4), (0,-5), 
 #   6: (-1,0), (-2,0), (-3,0), (-4,0), (-5,0), 
 #   7: (1,1), (1,2), (1,3), (1,4), (1,5), (2,1), (2,2), (2,3), (2,4), (2,5), (3,1), (3,2), (3,3), (3,4), (3,5), (4,1), (4,2), (4,3), (4,4), (4,5), (5,1), (5,2), (5,3), (5,4), (5,5), 
 #   8: (1,-1), (1,-2), (1,-3), (1,-4), (1,-5), (2,-1), (2,-2), (2,-3), (2,-4), (2,-5), (3,-1), (3,-2), (3,-3), (3,-4), (3,-5), (4,-1), (4,-2), (4,-3), (4,-4), (4,-5), (5,-1), (5,-2), (5,-3), (5,-4), (5,-5), 
 #   9: (-1,1), (-1,2), (-1,3), (-1,4), (-1,5), (-2,1), (-2,2), (-2,3), (-2,4), (-2,5), (-3,1), (-3,2), (-3,3), (-3,4), (-3,5), (-4,1), (-4,2), (-4,3), (-4,4), (-4,5), (-5,1), (-5,2), (-5,3), (-5,4), (-5,5), 
 #  10: (-1,-1), (-1,-2), (-1,-3), (-1,-4), (-1,-5), (-2,-1), (-2,-2), (-2,-3), (-2,-4), (-2,-5), (-3,-1), (-3,-2), (-3,-3), (-3,-4), (-3,-5), (-4,-1), (-4,-2), (-4,-3), (-4,-4), (-4,-5), (-5,-1), (-5,-2), (-5,-3), (-5,-4), (-5,-5), 
 #  11: (1,1), (2,2), (3,3), (4,4), (5,5), 
 #  12: (-1,-1), (-2,-2), (-3,-3), (-4,-4), (-5,-5), 
 #===================== fastNLO Table: CoeffAddFlex ====================
 # No. of scale1 nodes (Nscalenode1)   6
 # No. of scale2 nodes (Nscalenode2)   6
 ##################################################################################

 ##################################################################################
 # Information on table contribution no. 2: NNLO
 #---------------------------------------------------------------------------------
 #===================== fastNLO Table: CoeffBase ====================
 # Contribution description (CtrbDescript)
 #   0	NNLO
 # Code description (CodeDescript)
 #   0	NNLOJET_rev_5088
 #   1	Example for single jet inclusive production.
 #   2	Please adapt to selected process: 2jet
 #   3	Please cite:
 #   4	Currie, J.; Glover, E.W.N. & Pires, J., Phys. Rev. Lett., 2017, 118, 072002 [arXiv:1611.01460]
 #   5	2jet
 #   6	PC: Please check and modify NNLOJET references according to selected process.
 #===================== fastNLO Table: CoeffAddBase ====================
 # No. of events (Nevt)                1.000000
 # Weight of table [=Nevt] (fWgtNevt)  1.000000
 # Number of tables merged together    7750
 # No. of filled events (WgtNumEv)     5272908085124
 # Sum of weights squared (WgtSumW2)   3017312800000000273761264182033907712.000000
 # Sum of sigma squared (SigSumW2)     230139619999999983616.000000
 # Sum of sigma (SigSum)               -136215810.000000
 # Sigma / Nevt (SigSum/WgtNevt)       -136215810.000000
 # Abs. order in a_s (Npow)            4
 # No. of hadrons involved (NPDF)      2
 # Type(s) of hadrons (NPDFPDG)
 #   0	2212
 #   1	2212
 # PDF storage format (NPDFDim)        2
 #   --> x-interpolation storage format: Full-Matrix
 # Observable bin no. 1
 #   No. of X1 nodes (XNode1[i].size())          20
 # Observable bin no. 12
 #   No. of X1 nodes (XNode1[i].size())          20
 # No. of scales involved (NScales)    1
 # Scale descriptions (ScaleDescript)
 #   0	ptavg_j12_[GeV]
 #   1	m12_[GeV]
 # No. of subprocess contributions     13
 #ISub  Processes
 #   0: (0,0), 
 #   1: (1,0), (2,0), (3,0), (4,0), (5,0), 
 #   2: (1,-1), (2,-2), (3,-3), (4,-4), (5,-5), 
 #   3: (0,1), (0,2), (0,3), (0,4), (0,5), 
 #   4: (-1,1), (-2,2), (-3,3), (-4,4), (-5,5), 
 #   5: (0,-1), (0,-2), (0,-3), (0,-4), (0,-5), 
 #   6: (-1,0), (-2,0), (-3,0), (-4,0), (-5,0), 
 #   7: (1,1), (1,2), (1,3), (1,4), (1,5), (2,1), (2,2), (2,3), (2,4), (2,5), (3,1), (3,2), (3,3), (3,4), (3,5), (4,1), (4,2), (4,3), (4,4), (4,5), (5,1), (5,2), (5,3), (5,4), (5,5), 
 #   8: (1,-1), (1,-2), (1,-3), (1,-4), (1,-5), (2,-1), (2,-2), (2,-3), (2,-4), (2,-5), (3,-1), (3,-2), (3,-3), (3,-4), (3,-5), (4,-1), (4,-2), (4,-3), (4,-4), (4,-5), (5,-1), (5,-2), (5,-3), (5,-4), (5,-5), 
 #   9: (-1,1), (-1,2), (-1,3), (-1,4), (-1,5), (-2,1), (-2,2), (-2,3), (-2,4), (-2,5), (-3,1), (-3,2), (-3,3), (-3,4), (-3,5), (-4,1), (-4,2), (-4,3), (-4,4), (-4,5), (-5,1), (-5,2), (-5,3), (-5,4), (-5,5), 
 #  10: (-1,-1), (-1,-2), (-1,-3), (-1,-4), (-1,-5), (-2,-1), (-2,-2), (-2,-3), (-2,-4), (-2,-5), (-3,-1), (-3,-2), (-3,-3), (-3,-4), (-3,-5), (-4,-1), (-4,-2), (-4,-3), (-4,-4), (-4,-5), (-5,-1), (-5,-2), (-5,-3), (-5,-4), (-5,-5), 
 #  11: (1,1), (2,2), (3,3), (4,4), (5,5), 
 #  12: (-1,-1), (-2,-2), (-3,-3), (-4,-4), (-5,-5), 
 #===================== fastNLO Table: CoeffAddFlex ====================
 # No. of scale1 nodes (Nscalenode1)   6
 # No. of scale2 nodes (Nscalenode2)   6
 ##################################################################################
LHAPDF 6.3.0 loading /home/rabbertz/local/share/LHAPDF/CT14nlo/CT14nlo_0000.dat
CT14nlo PDF set, member #0, version 1; LHAPDF ID = 13100
LHAPDF 6.3.0 loading /home/rabbertz/local/share/LHAPDF/CT14nlo/CT14nlo_0000.dat
CT14nlo PDF set, member #0, version 1; LHAPDF ID = 13100

 ##################################################################################################################################################################
 # [fnlo-tk-cppread] Calculate my cross sections
 ##################################################################################################################################################################
 #=================================================================================================================================================================
 # My Cross Sections
 # The scale factors xmur, xmuf chosen here are:      1.000,      1.000
 #-----------------------------------------------------------------------------------------------------------------------------------------------------------------
 #IObs  BinSize  IODimO  [ Chi               ]  < ptavg_j12_ >  LO_cross_section   NLO_cross_section  NNLO_cross_section   KNLO      KNNLO
 #-----------------------------------------------------------------------------------------------------------------------------------------------------------------
     1  1.000         1   1.000       2.000      813.0          1.41240435120E+01  1.34868124850E+01  1.22840502701E+01    0.95488   0.91082
     2  1.000         2   2.000       3.000      750.8          1.19548115207E+01  1.12074377632E+01  1.02896412827E+01    0.93748   0.91811
     3  1.000         3   3.000       4.000      691.1          1.19431301649E+01  1.09635663839E+01  9.88171613270E+00    0.91798   0.90132
     4  1.000         4   4.000       5.000      641.2          1.22560180915E+01  1.10316540890E+01  9.86310206971E+00    0.90010   0.89407
     5  1.000         5   5.000       6.000      600.0          1.26266188610E+01  1.11816445973E+01  1.03366764669E+01    0.88556   0.92443
     6  1.000         6   6.000       7.000      565.4          1.29954260483E+01  1.13425884912E+01  1.03412988258E+01    0.87281   0.91172
     7  1.000         7   7.000       8.000      536.0          1.33445332664E+01  1.14746214963E+01  1.01692982031E+01    0.85987   0.88624
     8  1.000         8   8.000       9.000      510.4          1.36736348848E+01  1.16881822200E+01  1.09589138408E+01    0.85480   0.93761
     9  1.000         9   9.000       10.00      488.7          1.39809749101E+01  1.17051361088E+01  1.05188982616E+01    0.83722   0.89866
    10  2.000        10   10.00       12.00      460.2          1.44038226888E+01  1.19904623471E+01  1.07014053145E+01    0.83245   0.89249
    11  2.000        11   12.00       14.00      428.9          1.49070063393E+01  1.21546458846E+01  1.07747284551E+01    0.81536   0.88647
    12  2.000        12   14.00       16.00      403.3          1.53692573422E+01  1.23586788235E+01  1.07260154556E+01    0.80412   0.86789
 #=================================================================================================================================================================
 # My Cross Sections
 # The scale factors xmur, xmuf chosen here are:      0.500,      0.500
 #-----------------------------------------------------------------------------------------------------------------------------------------------------------------
 #IObs  BinSize  IODimO  [ Chi               ]  < ptavg_j12_ >  LO_cross_section   NLO_cross_section  NNLO_cross_section   KNLO      KNNLO
 #-----------------------------------------------------------------------------------------------------------------------------------------------------------------
     1  1.000         1   1.000       2.000      407.8          1.84611396307E+01  1.24980970178E+01  1.18667835558E+01    0.67699   0.94949
     2  1.000         2   2.000       3.000      376.6          1.56455014737E+01  1.02873373774E+01  1.00182329135E+01    0.65753   0.97384
     3  1.000         3   3.000       4.000      346.8          1.56585227622E+01  9.94339795364E+00  9.51943488206E+00    0.63502   0.95736
     4  1.000         4   4.000       5.000      321.8          1.61000469182E+01  9.88560046733E+00  9.49871114200E+00    0.61401   0.96086
     5  1.000         5   5.000       6.000      301.2          1.66180118871E+01  9.91142667740E+00  1.00849022420E+01    0.59643   1.01750
     6  1.000         6   6.000       7.000      283.9          1.71333699867E+01  9.95421559578E+00  1.00453769541E+01    0.58098   1.00916
     7  1.000         7   7.000       8.000      269.2          1.76221792386E+01  9.96279547819E+00  9.73353325262E+00    0.56536   0.97699
     8  1.000         8   8.000       9.000      256.4          1.80839255692E+01  1.00988330370E+01  1.08226559341E+01    0.55844   1.07167
     9  1.000         9   9.000       10.00      245.6          1.85163075824E+01  9.95780995964E+00  1.01986574799E+01    0.53779   1.02419
    10  2.000        10   10.00       12.00      231.3          1.91134785645E+01  1.01446061619E+01  1.04503719000E+01    0.53076   1.03014
    11  2.000        11   12.00       14.00      215.7          1.98276724529E+01  1.01063974704E+01  1.03122934986E+01    0.50971   1.02037
    12  2.000        12   14.00       16.00      202.9          2.04857005237E+01  1.01484553221E+01  1.03413936440E+01    0.49539   1.01901
 #=================================================================================================================================================================
 # My Cross Sections
 # The scale factors xmur, xmuf chosen here are:      2.000,      2.000
 #-----------------------------------------------------------------------------------------------------------------------------------------------------------------
 #IObs  BinSize  IODimO  [ Chi               ]  < ptavg_j12_ >  LO_cross_section   NLO_cross_section  NNLO_cross_section   KNLO      KNNLO
 #-----------------------------------------------------------------------------------------------------------------------------------------------------------------
     1  1.000         1   1.000       2.000      1623.          1.10180608457E+01  1.31613098597E+01  1.26417057817E+01    1.19452   0.96052
     2  1.000         2   2.000       3.000      1499.          9.31638361861E+00  1.09808744949E+01  1.05586344005E+01    1.17866   0.96155
     3  1.000         3   3.000       4.000      1380.          9.29268991108E+00  1.07932584031E+01  1.02210160400E+01    1.16148   0.94698
     4  1.000         4   4.000       5.000      1280.          9.52054727588E+00  1.09106675859E+01  1.02312676716E+01    1.14601   0.93773
     5  1.000         5   5.000       6.000      1198.          9.79306471419E+00  1.11037262594E+01  1.06445790606E+01    1.13384   0.95865
     6  1.000         6   6.000       7.000      1129.          1.00643573745E+01  1.13040456553E+01  1.07009990351E+01    1.12318   0.94665
     7  1.000         7   7.000       8.000      1070.          1.03205643232E+01  1.14798204364E+01  1.06378469258E+01    1.11232   0.92666
     8  1.000         8   8.000       9.000      1019.          1.05614876564E+01  1.17088314856E+01  1.12533636114E+01    1.10863   0.96110
     9  1.000         9   9.000       10.00      975.1          1.07858170674E+01  1.17942486588E+01  1.09663796528E+01    1.09350   0.92981
    10  2.000        10   10.00       12.00      918.3          1.10934504046E+01  1.20964554536E+01  1.11430835171E+01    1.09041   0.92119
    11  2.000        11   12.00       14.00      855.7          1.14579907377E+01  1.23332567088E+01  1.13478728905E+01    1.07639   0.92010
    12  2.000        12   14.00       16.00      804.5          1.17921906113E+01  1.25879547552E+01  1.13179153355E+01    1.06748   0.89911
 #=================================================================================================================================================================
 # My Cross Sections
 # The scale factors xmur, xmuf chosen here are:      0.500,      1.000
 #-----------------------------------------------------------------------------------------------------------------------------------------------------------------
 #IObs  BinSize  IODimO  [ Chi               ]  < ptavg_j12_ >  LO_cross_section   NLO_cross_section  NNLO_cross_section   KNLO      KNNLO
 #-----------------------------------------------------------------------------------------------------------------------------------------------------------------
     1  1.000         1   1.000       2.000      407.2          1.66160052698E+01  1.30883571466E+01  1.18881291984E+01    0.78770   0.90830
     2  1.000         2   2.000       3.000      376.1          1.40863148083E+01  1.08062622675E+01  1.00107774844E+01    0.76715   0.92639
     3  1.000         3   3.000       4.000      346.3          1.40960458693E+01  1.04905615570E+01  9.53675990265E+00    0.74422   0.90908
     4  1.000         4   4.000       5.000      321.3          1.44880332384E+01  1.04768207385E+01  9.50187988884E+00    0.72314   0.90694
     5  1.000         5   5.000       6.000      300.7          1.49473220359E+01  1.05492037074E+01  1.00462017326E+01    0.70576   0.95232
     6  1.000         6   6.000       7.000      283.4          1.54036835171E+01  1.06363054044E+01  1.00231994718E+01    0.69050   0.94236
     7  1.000         7   7.000       8.000      268.7          1.58359429605E+01  1.06909489271E+01  9.73867151065E+00    0.67511   0.91093
     8  1.000         8   8.000       9.000      255.9          1.62438141083E+01  1.08582902938E+01  1.07285527650E+01    0.66846   0.98805
     9  1.000         9   9.000       10.00      245.1          1.66252944709E+01  1.07747945801E+01  1.01534746845E+01    0.64810   0.94234
    10  2.000        10   10.00       12.00      230.8          1.71514341554E+01  1.10015778041E+01  1.03974932673E+01    0.64144   0.94509
    11  2.000        11   12.00       14.00      215.2          1.77796359236E+01  1.10408367196E+01  1.02904377116E+01    0.62098   0.93203
    12  2.000        12   14.00       16.00      202.4          1.83578049899E+01  1.11443385133E+01  1.03237765946E+01    0.60706   0.92637
 #=================================================================================================================================================================
 # My Cross Sections
 # The scale factors xmur, xmuf chosen here are:      1.000,      0.500
 #-----------------------------------------------------------------------------------------------------------------------------------------------------------------
 #IObs  BinSize  IODimO  [ Chi               ]  < ptavg_j12_ >  LO_cross_section   NLO_cross_section  NNLO_cross_section   KNLO      KNNLO
 #-----------------------------------------------------------------------------------------------------------------------------------------------------------------
     1  1.000         1   1.000       2.000      813.6          1.56925243477E+01  1.33828070658E+01  1.21710780964E+01    0.85281   0.90946
     2  1.000         2   2.000       3.000      751.4          1.32781246863E+01  1.11070341979E+01  1.02080645982E+01    0.83649   0.91906
     3  1.000         3   3.000       4.000      691.7          1.32670262570E+01  1.08451883863E+01  9.77778770049E+00    0.81745   0.90158
     4  1.000         4   4.000       5.000      641.8          1.36197495334E+01  1.08920618256E+01  9.75974087754E+00    0.79973   0.89604
     5  1.000         5   5.000       6.000      600.6          1.40379867156E+01  1.10207541578E+01  1.02594130874E+01    0.78507   0.93092
     6  1.000         6   6.000       7.000      566.0          1.44547589599E+01  1.11621357471E+01  1.02409320650E+01    0.77221   0.91747
     7  1.000         7   7.000       8.000      536.6          1.48498217678E+01  1.12727692535E+01  1.00403444891E+01    0.75912   0.89067
     8  1.000         8   8.000       9.000      510.9          1.52226719120E+01  1.14756492897E+01  1.08971994738E+01    0.75385   0.94959
     9  1.000         9   9.000       10.00      489.2          1.55712955109E+01  1.14612810555E+01  1.04053292927E+01    0.73605   0.90787
    10  2.000        10   10.00       12.00      460.7          1.60516379387E+01  1.17339427222E+01  1.05770400744E+01    0.73101   0.90141
    11  2.000        11   12.00       14.00      429.4          1.66242364594E+01  1.18608750270E+01  1.06255814985E+01    0.71347   0.89585
    12  2.000        12   14.00       16.00      403.8          1.71508413499E+01  1.20386984527E+01  1.05453666129E+01    0.70193   0.87596
 #=================================================================================================================================================================
 # My Cross Sections
 # The scale factors xmur, xmuf chosen here are:      1.000,      2.000
 #-----------------------------------------------------------------------------------------------------------------------------------------------------------------
 #IObs  BinSize  IODimO  [ Chi               ]  < ptavg_j12_ >  LO_cross_section   NLO_cross_section  NNLO_cross_section   KNLO      KNNLO
 #-----------------------------------------------------------------------------------------------------------------------------------------------------------------
     1  1.000         1   1.000       2.000      812.4          1.27994256233E+01  1.35553097221E+01  1.23891742008E+01    1.05906   0.91397
     2  1.000         2   2.000       3.000      750.3          1.08371587489E+01  1.12784372421E+01  1.03662760057E+01    1.04072   0.91912
     3  1.000         3   3.000       4.000      690.6          1.08253438058E+01  1.10514935206E+01  9.97711842119E+00    1.02089   0.90278
     4  1.000         4   4.000       5.000      640.8          1.11054039604E+01  1.11384774216E+01  9.95770166053E+00    1.00298   0.89399
     5  1.000         5   5.000       6.000      599.5          1.14367622577E+01  1.13071116637E+01  1.04097329274E+01    0.98866   0.92064
     6  1.000         6   6.000       7.000      565.0          1.17661138857E+01  1.14852073444E+01  1.04329477085E+01    0.97613   0.90838
     7  1.000         7   7.000       8.000      535.6          1.20774353207E+01  1.16356698981E+01  1.02857458647E+01    0.96342   0.88398
     8  1.000         8   8.000       9.000      510.0          1.23705642100E+01  1.18586152545E+01  1.10190170536E+01    0.95862   0.92920
     9  1.000         9   9.000       10.00      488.2          1.26439650286E+01  1.19021814788E+01  1.06222190689E+01    0.94133   0.89246
    10  2.000        10   10.00       12.00      459.8          1.30196102237E+01  1.21986037501E+01  1.08105995849E+01    0.93694   0.88622
    11  2.000        11   12.00       14.00      428.5          1.34659214917E+01  1.23944453904E+01  1.09063301823E+01    0.92043   0.87994
    12  2.000        12   14.00       16.00      402.8          1.38755447811E+01  1.26210548466E+01  1.08813183113E+01    0.90959   0.86216
 #=================================================================================================================================================================
 # My Cross Sections
 # The scale factors xmur, xmuf chosen here are:      2.000,      1.000
 #-----------------------------------------------------------------------------------------------------------------------------------------------------------------
 #IObs  BinSize  IODimO  [ Chi               ]  < ptavg_j12_ >  LO_cross_section   NLO_cross_section  NNLO_cross_section   KNLO      KNNLO
 #-----------------------------------------------------------------------------------------------------------------------------------------------------------------
     1  1.000         1   1.000       2.000      1624.          1.21583640066E+01  1.33482395280E+01  1.25752033938E+01    1.09786   0.94209
     2  1.000         2   2.000       3.000      1500.          1.02772304729E+01  1.11296213241E+01  1.05090732765E+01    1.08294   0.94424
     3  1.000         3   3.000       4.000      1381.          1.02522549021E+01  1.09302057220E+01  1.01555821585E+01    1.06613   0.92913
     4  1.000         4   4.000       5.000      1281.          1.05069931317E+01  1.10402625842E+01  1.01632349853E+01    1.05075   0.92056
     5  1.000         5   5.000       6.000      1198.          1.08119524993E+01  1.12273910755E+01  1.05930941186E+01    1.03842   0.94350
     6  1.000         6   6.000       7.000      1129.          1.11159115738E+01  1.14229567002E+01  1.06320043295E+01    1.02762   0.93076
     7  1.000         7   7.000       8.000      1070.          1.14033831482E+01  1.15926673995E+01  1.05480681974E+01    1.01660   0.90989
     8  1.000         8   8.000       9.000      1019.          1.16740411225E+01  1.18223207090E+01  1.12056438176E+01    1.01270   0.94784
     9  1.000         9   9.000       10.00      975.8          1.19263874868E+01  1.18945426073E+01  1.08796507605E+01    0.99733   0.91468
    10  2.000        10   10.00       12.00      918.9          1.22729267571E+01  1.21987475246E+01  1.10462820872E+01    0.99396   0.90553
    11  2.000        11   12.00       14.00      856.3          1.26842439169E+01  1.24237806355E+01  1.12379114599E+01    0.97947   0.90455
    12  2.000        12   14.00       16.00      805.0          1.30616826074E+01  1.26730123655E+01  1.11781607736E+01    0.97024   0.88204
