 ##################################################################################
 # INFO.    [fnlo-tk-cppread] Program to read fastNLO tables and derive
 # INFO.    [fnlo-tk-cppread] QCD cross sections using PDFs e.g. from LHAPDF
 #---------------------------------------------------------------------------------
 # INFO.    [fnlo-tk-cppread] For more explanations type:
 # INFO.    [fnlo-tk-cppread] ./fnlo-tk-cppread -h
 # INFO.    [fnlo-tk-cppread] For version number printout type:
 # INFO.    [fnlo-tk-cppread] ./fnlo-tk-cppread -v
 ##################################################################################

 ##################################################################################
 # [fnlo-tk-cppread] fastNLO Cross-Section Calculator
 #---------------------------------------------------------------------------------
 # [fnlo-tk-cppread] Evaluating table: 2jet.NNLO.fnl5662j_mjj3_chi.tab.gz
 # [fnlo-tk-cppread] Using PDF set   : CT14nnlo
 # [fnlo-tk-cppread] If possible, will try to do 7 scale factor variations.
 # [fnlo-tk-cppread] Using alpha_s evolution code: LHAPDF
 # [fnlo-tk-cppread] Preparing unnormalized cross sections,
 # [fnlo-tk-cppread] Using scale definition scale2
 # [fnlo-tk-cppread] No request given for no. of flavours,
 #             using default value for LHAPDF or Nf = 5.
 # [fnlo-tk-cppread] No request given for no. of loops,
 #             using default value for LHAPDF or NLoop = 2.
 # [fnlo-tk-cppread] No request given for value of alpha_s(M_Z),
 #             using default value for LHAPDF or asMz = 0.1181.
 # [fnlo-tk-cppread] No request given for value of M_Z,
 #             using default value for LHAPDF or Mz = 91.1876.
 ##################################################################################

 ##################################################################################
 #
 # [0;31mfast[0;34mNLO[0m_toolkit
 # Version 2.3.1_2657-66-gda2fd2f1
 #
 # C++ program and toolkit to read and create fastNLO v2 tables and
 # derive QCD cross sections using PDFs, e.g. from LHAPDF
 #
 #---------------------------------------------------------------------------------
 #
 # Copyright © 2005-2019 [0;31mfast[0;34mNLO[0m Collaboration
 # D. Britzger, T. Kluge, K. Rabbertz, F. Stober, G. Sieber, M. Wobisch
 #
 # This program is free software: you can redistribute it and/or modify
 # it under the terms of the GNU General Public License as published by
 # the Free Software Foundation, either version 3 of the License, or
 # (at your option) any later version.
 #
 # This program is distributed in the hope that it will be useful,
 # but WITHOUT ANY WARRANTY; without even the implied warranty of
 # MERCHANTABILITY or FITNESS FOR A PARTICULAR PURPOSE. See the
 # GNU General Public License for more details.
 #
 # You should have received a copy of the GNU General Public License
 # along with this program. If not, see <http://www.gnu.org/licenses/>.
 #
 #---------------------------------------------------------------------------------
 #
 # The projects web page can be found at:
 #   http://projects.hepforge.org/fastnlo
 #
 # If you use this code, please cite:
 #   T. Kluge, K. Rabbertz, M. Wobisch, hep-ph/0609285
 #   D. Britzger, T. Kluge, K. Rabbertz, F. Stober, M. Wobisch, arXiv:1109.1310
 #
 ##################################################################################

 ##################################################################################
 # Overview on contribution types and numbers contained in table: 2jet.NNLO.fnl5662j_mjj3_chi.tab.gz
 #---------------------------------------------------------------------------------
 # Total number of contributions:  3
 #   No.: 1, type: Fixed order calculation       , Id: 0, order: LO                  , by: NNLOJET_rev_5088
 #   No.: 2, type: Fixed order calculation       , Id: 1, order: NLO                 , by: NNLOJET_rev_5088
 #   No.: 3, type: Fixed order calculation       , Id: 2, order: NNLO                , by: NNLOJET_rev_5088
 ##################################################################################

 ##################################################################################
 # Information on table header
 #---------------------------------------------------------------------------------
 #===================== fastNLO Table: Header ====================
 # Table version (Itabversion)         23600
 # Scenario name (ScenName)            fnl5662j
 # Theory contributions (Ncontrib)     3
 # Data contribution 0/1 (Ndata)       0
 ##################################################################################

 ##################################################################################
 # Information on fastNLO scenario: fnl5662j
 #---------------------------------------------------------------------------------
 #===================== fastNLO Table: Scenario ====================
 # Scenario description (ScDescript)
 #   0	d2sigma-dijet_dChi_dMjj_[pb_GeV]
 #   1	CMS_Collaboration
 #   2	Dijet_Chi
 #   3	anti-kT_R=0.4
 #   4	THEORY_LABEL=NNLOJET
 #   5	provided by:
 #   6	fastNLO_2.3.1
 #   7	If you use this table, please cite:
 #   8	  D. Britzger, T. Kluge, K. Rabbertz, F. Stober, M. Wobisch, arXiv:1109.1310
 #
 # Publ. x section (10^-Ipublunits b)  12
 # Centre-of-mass energy (Ecms/GeV)    13000
 # Power in a_s of LO process (ILOord) 2
 # No. of observable bins (NObsBin)    12
 # Dim. of observable binning (NDim)   1
 #
 # Dimension labels (DimLabel)
 #   0	Chi
 # Differential dimension (IDiffBin)
 #   0	2
 #
 # Total no. of contributions (theory + optional data) in this table: 3
 ##################################################################################

 ##################################################################################
 # Information on table contribution no. 0: LO
 #---------------------------------------------------------------------------------
 #===================== fastNLO Table: CoeffBase ====================
 # Contribution description (CtrbDescript)
 #   0	LO
 # Code description (CodeDescript)
 #   0	NNLOJET_rev_5088
 #   1	Example for single jet inclusive production.
 #   2	Please adapt to selected process: 2jet
 #   3	Please cite:
 #   4	Currie, J.; Glover, E.W.N. & Pires, J., Phys. Rev. Lett., 2017, 118, 072002 [arXiv:1611.01460]
 #   5	2jet
 #   6	PC: Please check and modify NNLOJET references according to selected process.
 #===================== fastNLO Table: CoeffAddBase ====================
 # No. of events (Nevt)                0.000000
 # Weight of table [=Nevt] (fWgtNevt)  0.000000
 # Number of tables merged together    150
 # No. of filled events (WgtNumEv)     90114232236
 # Sum of weights squared (WgtSumW2)   49789686000000.000000
 # Sum of sigma squared (SigSumW2)     3294.742900
 # Sum of sigma (SigSum)               1715610.100000
 # Sigma / Nevt (SigSum/WgtNevt)       830009123466952361030443681656373515957506670592.000000
 # Abs. order in a_s (Npow)            2
 # No. of hadrons involved (NPDF)      2
 # Type(s) of hadrons (NPDFPDG)
 #   0	2212
 #   1	2212
 # PDF storage format (NPDFDim)        2
 #   --> x-interpolation storage format: Full-Matrix
 # Observable bin no. 1
 #   No. of X1 nodes (XNode1[i].size())          20
 # Observable bin no. 12
 #   No. of X1 nodes (XNode1[i].size())          20
 # No. of scales involved (NScales)    1
 # Scale descriptions (ScaleDescript)
 #   0	ptavg_j12_[GeV]
 #   1	m12_[GeV]
 # No. of subprocess contributions     13
 #ISub  Processes
 #   0: (0,0), 
 #   1: (1,0), (2,0), (3,0), (4,0), (5,0), 
 #   2: (1,-1), (2,-2), (3,-3), (4,-4), (5,-5), 
 #   3: (0,1), (0,2), (0,3), (0,4), (0,5), 
 #   4: (-1,1), (-2,2), (-3,3), (-4,4), (-5,5), 
 #   5: (0,-1), (0,-2), (0,-3), (0,-4), (0,-5), 
 #   6: (-1,0), (-2,0), (-3,0), (-4,0), (-5,0), 
 #   7: (1,-1), (1,-2), (1,-3), (1,-4), (1,-5), (2,-1), (2,-2), (2,-3), (2,-4), (2,-5), (3,-1), (3,-2), (3,-3), (3,-4), (3,-5), (4,-1), (4,-2), (4,-3), (4,-4), (4,-5), (5,-1), (5,-2), (5,-3), (5,-4), (5,-5), 
 #   8: (1,1), (1,2), (1,3), (1,4), (1,5), (2,1), (2,2), (2,3), (2,4), (2,5), (3,1), (3,2), (3,3), (3,4), (3,5), (4,1), (4,2), (4,3), (4,4), (4,5), (5,1), (5,2), (5,3), (5,4), (5,5), 
 #   9: (-1,-1), (-1,-2), (-1,-3), (-1,-4), (-1,-5), (-2,-1), (-2,-2), (-2,-3), (-2,-4), (-2,-5), (-3,-1), (-3,-2), (-3,-3), (-3,-4), (-3,-5), (-4,-1), (-4,-2), (-4,-3), (-4,-4), (-4,-5), (-5,-1), (-5,-2), (-5,-3), (-5,-4), (-5,-5), 
 #  10: (-1,1), (-1,2), (-1,3), (-1,4), (-1,5), (-2,1), (-2,2), (-2,3), (-2,4), (-2,5), (-3,1), (-3,2), (-3,3), (-3,4), (-3,5), (-4,1), (-4,2), (-4,3), (-4,4), (-4,5), (-5,1), (-5,2), (-5,3), (-5,4), (-5,5), 
 #  11: (1,1), (2,2), (3,3), (4,4), (5,5), 
 #  12: (-1,-1), (-2,-2), (-3,-3), (-4,-4), (-5,-5), 
 #===================== fastNLO Table: CoeffAddFlex ====================
 # No. of scale1 nodes (Nscalenode1)   6
 # No. of scale2 nodes (Nscalenode2)   6
 ##################################################################################

 ##################################################################################
 # Information on table contribution no. 1: NLO
 #---------------------------------------------------------------------------------
 #===================== fastNLO Table: CoeffBase ====================
 # Contribution description (CtrbDescript)
 #   0	NLO
 # Code description (CodeDescript)
 #   0	NNLOJET_rev_5088
 #   1	Example for single jet inclusive production.
 #   2	Please adapt to selected process: 2jet
 #   3	Please cite:
 #   4	Currie, J.; Glover, E.W.N. & Pires, J., Phys. Rev. Lett., 2017, 118, 072002 [arXiv:1611.01460]
 #   5	2jet
 #   6	PC: Please check and modify NNLOJET references according to selected process.
 #===================== fastNLO Table: CoeffAddBase ====================
 # No. of events (Nevt)                1.000000
 # Weight of table [=Nevt] (fWgtNevt)  1.000000
 # Number of tables merged together    500
 # No. of filled events (WgtNumEv)     664387717798
 # Sum of weights squared (WgtSumW2)   155157010000000006223822848.000000
 # Sum of sigma squared (SigSumW2)     4127390600000.000000
 # Sum of sigma (SigSum)               230778.300000
 # Sigma / Nevt (SigSum/WgtNevt)       230778.300000
 # Abs. order in a_s (Npow)            3
 # No. of hadrons involved (NPDF)      2
 # Type(s) of hadrons (NPDFPDG)
 #   0	2212
 #   1	2212
 # PDF storage format (NPDFDim)        2
 #   --> x-interpolation storage format: Full-Matrix
 # Observable bin no. 1
 #   No. of X1 nodes (XNode1[i].size())          20
 # Observable bin no. 12
 #   No. of X1 nodes (XNode1[i].size())          20
 # No. of scales involved (NScales)    1
 # Scale descriptions (ScaleDescript)
 #   0	ptavg_j12_[GeV]
 #   1	m12_[GeV]
 # No. of subprocess contributions     13
 #ISub  Processes
 #   0: (0,0), 
 #   1: (1,0), (2,0), (3,0), (4,0), (5,0), 
 #   2: (1,-1), (2,-2), (3,-3), (4,-4), (5,-5), 
 #   3: (0,1), (0,2), (0,3), (0,4), (0,5), 
 #   4: (-1,1), (-2,2), (-3,3), (-4,4), (-5,5), 
 #   5: (0,-1), (0,-2), (0,-3), (0,-4), (0,-5), 
 #   6: (-1,0), (-2,0), (-3,0), (-4,0), (-5,0), 
 #   7: (1,1), (1,2), (1,3), (1,4), (1,5), (2,1), (2,2), (2,3), (2,4), (2,5), (3,1), (3,2), (3,3), (3,4), (3,5), (4,1), (4,2), (4,3), (4,4), (4,5), (5,1), (5,2), (5,3), (5,4), (5,5), 
 #   8: (1,-1), (1,-2), (1,-3), (1,-4), (1,-5), (2,-1), (2,-2), (2,-3), (2,-4), (2,-5), (3,-1), (3,-2), (3,-3), (3,-4), (3,-5), (4,-1), (4,-2), (4,-3), (4,-4), (4,-5), (5,-1), (5,-2), (5,-3), (5,-4), (5,-5), 
 #   9: (-1,1), (-1,2), (-1,3), (-1,4), (-1,5), (-2,1), (-2,2), (-2,3), (-2,4), (-2,5), (-3,1), (-3,2), (-3,3), (-3,4), (-3,5), (-4,1), (-4,2), (-4,3), (-4,4), (-4,5), (-5,1), (-5,2), (-5,3), (-5,4), (-5,5), 
 #  10: (-1,-1), (-1,-2), (-1,-3), (-1,-4), (-1,-5), (-2,-1), (-2,-2), (-2,-3), (-2,-4), (-2,-5), (-3,-1), (-3,-2), (-3,-3), (-3,-4), (-3,-5), (-4,-1), (-4,-2), (-4,-3), (-4,-4), (-4,-5), (-5,-1), (-5,-2), (-5,-3), (-5,-4), (-5,-5), 
 #  11: (1,1), (2,2), (3,3), (4,4), (5,5), 
 #  12: (-1,-1), (-2,-2), (-3,-3), (-4,-4), (-5,-5), 
 #===================== fastNLO Table: CoeffAddFlex ====================
 # No. of scale1 nodes (Nscalenode1)   6
 # No. of scale2 nodes (Nscalenode2)   6
 ##################################################################################

 ##################################################################################
 # Information on table contribution no. 2: NNLO
 #---------------------------------------------------------------------------------
 #===================== fastNLO Table: CoeffBase ====================
 # Contribution description (CtrbDescript)
 #   0	NNLO
 # Code description (CodeDescript)
 #   0	NNLOJET_rev_5088
 #   1	Example for single jet inclusive production.
 #   2	Please adapt to selected process: 2jet
 #   3	Please cite:
 #   4	Currie, J.; Glover, E.W.N. & Pires, J., Phys. Rev. Lett., 2017, 118, 072002 [arXiv:1611.01460]
 #   5	2jet
 #   6	PC: Please check and modify NNLOJET references according to selected process.
 #===================== fastNLO Table: CoeffAddBase ====================
 # No. of events (Nevt)                1.000000
 # Weight of table [=Nevt] (fWgtNevt)  1.000000
 # Number of tables merged together    6748
 # No. of filled events (WgtNumEv)     4247642914995
 # Sum of weights squared (WgtSumW2)   208016479999999996876391957747728384.000000
 # Sum of sigma squared (SigSumW2)     2141567700000000000.000000
 # Sum of sigma (SigSum)               -9094636.300000
 # Sigma / Nevt (SigSum/WgtNevt)       -9094636.300000
 # Abs. order in a_s (Npow)            4
 # No. of hadrons involved (NPDF)      2
 # Type(s) of hadrons (NPDFPDG)
 #   0	2212
 #   1	2212
 # PDF storage format (NPDFDim)        2
 #   --> x-interpolation storage format: Full-Matrix
 # Observable bin no. 1
 #   No. of X1 nodes (XNode1[i].size())          20
 # Observable bin no. 12
 #   No. of X1 nodes (XNode1[i].size())          20
 # No. of scales involved (NScales)    1
 # Scale descriptions (ScaleDescript)
 #   0	ptavg_j12_[GeV]
 #   1	m12_[GeV]
 # No. of subprocess contributions     13
 #ISub  Processes
 #   0: (0,0), 
 #   1: (1,0), (2,0), (3,0), (4,0), (5,0), 
 #   2: (1,-1), (2,-2), (3,-3), (4,-4), (5,-5), 
 #   3: (0,1), (0,2), (0,3), (0,4), (0,5), 
 #   4: (-1,1), (-2,2), (-3,3), (-4,4), (-5,5), 
 #   5: (0,-1), (0,-2), (0,-3), (0,-4), (0,-5), 
 #   6: (-1,0), (-2,0), (-3,0), (-4,0), (-5,0), 
 #   7: (1,1), (1,2), (1,3), (1,4), (1,5), (2,1), (2,2), (2,3), (2,4), (2,5), (3,1), (3,2), (3,3), (3,4), (3,5), (4,1), (4,2), (4,3), (4,4), (4,5), (5,1), (5,2), (5,3), (5,4), (5,5), 
 #   8: (1,-1), (1,-2), (1,-3), (1,-4), (1,-5), (2,-1), (2,-2), (2,-3), (2,-4), (2,-5), (3,-1), (3,-2), (3,-3), (3,-4), (3,-5), (4,-1), (4,-2), (4,-3), (4,-4), (4,-5), (5,-1), (5,-2), (5,-3), (5,-4), (5,-5), 
 #   9: (-1,1), (-1,2), (-1,3), (-1,4), (-1,5), (-2,1), (-2,2), (-2,3), (-2,4), (-2,5), (-3,1), (-3,2), (-3,3), (-3,4), (-3,5), (-4,1), (-4,2), (-4,3), (-4,4), (-4,5), (-5,1), (-5,2), (-5,3), (-5,4), (-5,5), 
 #  10: (-1,-1), (-1,-2), (-1,-3), (-1,-4), (-1,-5), (-2,-1), (-2,-2), (-2,-3), (-2,-4), (-2,-5), (-3,-1), (-3,-2), (-3,-3), (-3,-4), (-3,-5), (-4,-1), (-4,-2), (-4,-3), (-4,-4), (-4,-5), (-5,-1), (-5,-2), (-5,-3), (-5,-4), (-5,-5), 
 #  11: (1,1), (2,2), (3,3), (4,4), (5,5), 
 #  12: (-1,-1), (-2,-2), (-3,-3), (-4,-4), (-5,-5), 
 #===================== fastNLO Table: CoeffAddFlex ====================
 # No. of scale1 nodes (Nscalenode1)   6
 # No. of scale2 nodes (Nscalenode2)   6
 ##################################################################################
LHAPDF 6.2.1 loading /home/rabbertz/local/share/LHAPDF/CT14nnlo/CT14nnlo_0000.dat
CT14nnlo PDF set, member #0, version 1; LHAPDF ID = 13000
LHAPDF 6.2.1 loading /home/rabbertz/local/share/LHAPDF/CT14nnlo/CT14nnlo_0000.dat
CT14nnlo PDF set, member #0, version 1; LHAPDF ID = 13000

 ##################################################################################################################################################################
 # [fnlo-tk-cppread] Calculate my cross sections
 ##################################################################################################################################################################
 #=================================================================================================================================================================
 # My Cross Sections
 # The scale factors xmur, xmuf chosen here are:      1.000,      1.000
 #-----------------------------------------------------------------------------------------------------------------------------------------------------------------
 #IObs  BinSize  IODimO  [ Chi               ]  < ptavg_j12_ >  LO_cross_section   NLO_cross_section  NNLO_cross_section   KNLO      KNNLO
 #-----------------------------------------------------------------------------------------------------------------------------------------------------------------
     1  1.000         1   1.000       2.000      2620.          6.95009104601E-01  8.71260190711E-01  8.53651535687E-01    1.25360   0.97979
     2  1.000         2   2.000       3.000      2620.          5.81653930891E-01  7.30175934821E-01  7.17525491389E-01    1.25534   0.98267
     3  1.000         3   3.000       4.000      2620.          5.69924078606E-01  7.17774675655E-01  6.99352126902E-01    1.25942   0.97433
     4  1.000         4   4.000       5.000      2621.          5.72478917153E-01  7.24722966647E-01  7.12574860456E-01    1.26594   0.98324
     5  1.000         5   5.000       6.000      2620.          5.77603380769E-01  7.35508582703E-01  7.22153179186E-01    1.27338   0.98184
     6  1.000         6   6.000       7.000      2621.          5.83030581412E-01  7.47052058790E-01  7.29876194564E-01    1.28133   0.97701
     7  1.000         7   7.000       8.000      2621.          5.87813482828E-01  7.56974429750E-01  7.38425584204E-01    1.28778   0.97550
     8  1.000         8   8.000       9.000      2620.          5.92008683074E-01  7.66557530505E-01  7.83592907265E-01    1.29484   1.02222
     9  1.000         9   9.000       10.00      2621.          5.95776618849E-01  7.74816384513E-01  7.64686021519E-01    1.30051   0.98693
    10  2.000        10   10.00       12.00      2620.          6.00440672289E-01  7.87107568493E-01  7.76983912779E-01    1.31088   0.98714
    11  2.000        11   12.00       14.00      2621.          6.05357595941E-01  7.99732936891E-01  7.91545146491E-01    1.32109   0.98976
    12  2.000        12   14.00       16.00      2620.          6.09070847669E-01  8.08371878099E-01  8.04322167555E-01    1.32722   0.99499
 #=================================================================================================================================================================
 # My Cross Sections
 # The scale factors xmur, xmuf chosen here are:      0.500,      0.500
 #-----------------------------------------------------------------------------------------------------------------------------------------------------------------
 #IObs  BinSize  IODimO  [ Chi               ]  < ptavg_j12_ >  LO_cross_section   NLO_cross_section  NNLO_cross_section   KNLO      KNNLO
 #-----------------------------------------------------------------------------------------------------------------------------------------------------------------
     1  1.000         1   1.000       2.000      1310.          9.03834750827E-01  9.07493585464E-01  8.32860627895E-01    1.00405   0.91776
     2  1.000         2   2.000       3.000      1310.          7.55423236724E-01  7.61567988422E-01  7.01696847657E-01    1.00813   0.92138
     3  1.000         3   3.000       4.000      1310.          7.39588932072E-01  7.49936728434E-01  6.80645742652E-01    1.01399   0.90760
     4  1.000         4   4.000       5.000      1310.          7.42557732523E-01  7.58777440361E-01  6.94251840472E-01    1.02184   0.91496
     5  1.000         5   5.000       6.000      1310.          7.48984797989E-01  7.71766811881E-01  7.05759090635E-01    1.03042   0.91447
     6  1.000         6   6.000       7.000      1310.          7.55870485710E-01  7.85631660539E-01  7.08803463393E-01    1.03937   0.90221
     7  1.000         7   7.000       8.000      1310.          7.61965240436E-01  7.97464735609E-01  7.19449975464E-01    1.04659   0.90217
     8  1.000         8   8.000       9.000      1310.          7.67324952127E-01  8.09128956606E-01  7.80324862900E-01    1.05448   0.96440
     9  1.000         9   9.000       10.00      1310.          7.72144501997E-01  8.19090114545E-01  7.44791291582E-01    1.06080   0.90929
    10  2.000        10   10.00       12.00      1310.          7.78117430837E-01  8.34319318235E-01  7.59048878831E-01    1.07223   0.90978
    11  2.000        11   12.00       14.00      1311.          7.84423412391E-01  8.49804584149E-01  7.71785504450E-01    1.08335   0.90819
    12  2.000        12   14.00       16.00      1310.          7.89190823032E-01  8.60284827218E-01  7.86750802367E-01    1.09008   0.91452
 #=================================================================================================================================================================
 # My Cross Sections
 # The scale factors xmur, xmuf chosen here are:      2.000,      2.000
 #-----------------------------------------------------------------------------------------------------------------------------------------------------------------
 #IObs  BinSize  IODimO  [ Chi               ]  < ptavg_j12_ >  LO_cross_section   NLO_cross_section  NNLO_cross_section   KNLO      KNNLO
 #-----------------------------------------------------------------------------------------------------------------------------------------------------------------
     1  1.000         1   1.000       2.000      5239.          5.43956269262E-01  8.00204825907E-01  8.51253729084E-01    1.47108   1.06379
     2  1.000         2   2.000       3.000      5240.          4.55791590953E-01  6.70414340457E-01  7.14046190294E-01    1.47088   1.06508
     3  1.000         3   3.000       4.000      5240.          4.46933629540E-01  6.58541616007E-01  6.97409830436E-01    1.47347   1.05902
     4  1.000         4   4.000       5.000      5241.          4.49130040443E-01  6.64199085898E-01  7.09332948645E-01    1.47886   1.06795
     5  1.000         5   5.000       6.000      5240.          4.53272743796E-01  6.73265644513E-01  7.17547518685E-01    1.48534   1.06577
     6  1.000         6   6.000       7.000      5241.          4.57616240802E-01  6.82957747248E-01  7.27055163011E-01    1.49242   1.06457
     7  1.000         7   7.000       8.000      5241.          4.61429439592E-01  6.91328453276E-01  7.34320083257E-01    1.49823   1.06219
     8  1.000         8   8.000       9.000      5240.          4.64766386054E-01  6.99278931575E-01  7.68697815909E-01    1.50458   1.09927
     9  1.000         9   9.000       10.00      5241.          4.67760286450E-01  7.06178152473E-01  7.59336424883E-01    1.50970   1.07528
    10  2.000        10   10.00       12.00      5240.          4.71461806702E-01  7.16224488958E-01  7.70009300113E-01    1.51916   1.07509
    11  2.000        11   12.00       14.00      5241.          4.75359348319E-01  7.26626332875E-01  7.84558158294E-01    1.52858   1.07973
    12  2.000        12   14.00       16.00      5241.          4.78299874229E-01  7.33805357916E-01  7.95497900505E-01    1.53420   1.08407
 #=================================================================================================================================================================
 # My Cross Sections
 # The scale factors xmur, xmuf chosen here are:      0.500,      1.000
 #-----------------------------------------------------------------------------------------------------------------------------------------------------------------
 #IObs  BinSize  IODimO  [ Chi               ]  < ptavg_j12_ >  LO_cross_section   NLO_cross_section  NNLO_cross_section   KNLO      KNNLO
 #-----------------------------------------------------------------------------------------------------------------------------------------------------------------
     1  1.000         1   1.000       2.000      1310.          8.01258950578E-01  9.05109521374E-01  8.41598387300E-01    1.12961   0.92983
     2  1.000         2   2.000       3.000      1310.          6.70572714786E-01  7.58752618889E-01  7.08551432252E-01    1.13150   0.93384
     3  1.000         3   3.000       4.000      1310.          6.57048666925E-01  7.46334499975E-01  6.88773623568E-01    1.13589   0.92288
     4  1.000         4   4.000       5.000      1310.          6.59993347175E-01  7.54282450032E-01  7.02127928653E-01    1.14286   0.93086
     5  1.000         5   5.000       6.000      1310.          6.65900805123E-01  7.66346429680E-01  7.12917050318E-01    1.15084   0.93028
     6  1.000         6   6.000       7.000      1310.          6.72157414157E-01  7.79308863932E-01  7.18360417822E-01    1.15941   0.92179
     7  1.000         7   7.000       8.000      1310.          6.77671201893E-01  7.90348166597E-01  7.27790149424E-01    1.16627   0.92085
     8  1.000         8   8.000       9.000      1310.          6.82507639127E-01  8.01234922598E-01  7.83472258068E-01    1.17396   0.97783
     9  1.000         9   9.000       10.00      1310.          6.86851449237E-01  8.10500048256E-01  7.54036275515E-01    1.18002   0.93033
    10  2.000        10   10.00       12.00      1310.          6.92228382420E-01  8.24608153210E-01  7.67463274764E-01    1.19124   0.93070
    11  2.000        11   12.00       14.00      1310.          6.97896810776E-01  8.38954723174E-01  7.81468384430E-01    1.20212   0.93148
    12  2.000        12   14.00       16.00      1310.          7.02177345753E-01  8.48737670431E-01  7.95970399377E-01    1.20872   0.93783
 #=================================================================================================================================================================
 # My Cross Sections
 # The scale factors xmur, xmuf chosen here are:      1.000,      0.500
 #-----------------------------------------------------------------------------------------------------------------------------------------------------------------
 #IObs  BinSize  IODimO  [ Chi               ]  < ptavg_j12_ >  LO_cross_section   NLO_cross_section  NNLO_cross_section   KNLO      KNNLO
 #-----------------------------------------------------------------------------------------------------------------------------------------------------------------
     1  1.000         1   1.000       2.000      2620.          7.83985101428E-01  8.91115869950E-01  8.48955570617E-01    1.13665   0.95269
     2  1.000         2   2.000       3.000      2621.          6.55254918500E-01  7.47281000714E-01  7.14219654545E-01    1.14044   0.95576
     3  1.000         3   3.000       4.000      2621.          6.41521215566E-01  7.35110615973E-01  6.95292585162E-01    1.14589   0.94583
     4  1.000         4   4.000       5.000      2621.          6.44097054577E-01  7.42785964539E-01  7.09136730088E-01    1.15322   0.95470
     5  1.000         5   5.000       6.000      2620.          6.49672278607E-01  7.54410399498E-01  7.19326936554E-01    1.16122   0.95350
     6  1.000         6   6.000       7.000      2621.          6.55645182407E-01  7.66790851311E-01  7.25579497866E-01    1.16952   0.94625
     7  1.000         7   7.000       8.000      2621.          6.60932056074E-01  7.77460965104E-01  7.35072961116E-01    1.17631   0.94548
     8  1.000         8   8.000       9.000      2620.          6.65581163928E-01  7.87756421491E-01  7.84463309386E-01    1.18356   0.99582
     9  1.000         9   9.000       10.00      2621.          6.69761779913E-01  7.96663315449E-01  7.61259483450E-01    1.18947   0.95556
    10  2.000        10   10.00       12.00      2620.          6.74942825032E-01  8.09957973258E-01  7.74323075797E-01    1.20004   0.95600
    11  2.000        11   12.00       14.00      2621.          6.80412791806E-01  8.23619903285E-01  7.88273330305E-01    1.21047   0.95708
    12  2.000        12   14.00       16.00      2621.          6.84548405725E-01  8.32904203174E-01  8.01538086640E-01    1.21672   0.96234
 #=================================================================================================================================================================
 # My Cross Sections
 # The scale factors xmur, xmuf chosen here are:      1.000,      2.000
 #-----------------------------------------------------------------------------------------------------------------------------------------------------------------
 #IObs  BinSize  IODimO  [ Chi               ]  < ptavg_j12_ >  LO_cross_section   NLO_cross_section  NNLO_cross_section   KNLO      KNNLO
 #-----------------------------------------------------------------------------------------------------------------------------------------------------------------
     1  1.000         1   1.000       2.000      2620.          6.21056911055E-01  8.51143499401E-01  8.57538046210E-01    1.37048   1.00751
     2  1.000         2   2.000       3.000      2620.          5.20394482962E-01  7.13080533027E-01  7.20236259218E-01    1.37027   1.01003
     3  1.000         3   3.000       4.000      2620.          5.10280318581E-01  7.00637315005E-01  7.02626128336E-01    1.37304   1.00284
     4  1.000         4   4.000       5.000      2620.          5.12787555726E-01  7.07022906155E-01  7.15302035808E-01    1.37878   1.01171
     5  1.000         5   5.000       6.000      2620.          5.17517169250E-01  7.17124105623E-01  7.24378098906E-01    1.38570   1.01012
     6  1.000         6   6.000       7.000      2620.          5.22476127431E-01  7.27969766171E-01  7.33221941525E-01    1.39331   1.00721
     7  1.000         7   7.000       8.000      2620.          5.26829607046E-01  7.37268645419E-01  7.41047404071E-01    1.39944   1.00513
     8  1.000         8   8.000       9.000      2620.          5.30639460044E-01  7.46251433650E-01  7.82651020401E-01    1.40632   1.04878
     9  1.000         9   9.000       10.00      2621.          5.34057614782E-01  7.53967536708E-01  7.67277279010E-01    1.41177   1.01765
    10  2.000        10   10.00       12.00      2620.          5.38283696383E-01  7.65412901904E-01  7.78919974421E-01    1.42195   1.01765
    11  2.000        11   12.00       14.00      2621.          5.42733559968E-01  7.77166754051E-01  7.93895531841E-01    1.43195   1.02153
    12  2.000        12   14.00       16.00      2620.          5.46090619872E-01  7.85258703949E-01  8.06241920726E-01    1.43796   1.02672
 #=================================================================================================================================================================
 # My Cross Sections
 # The scale factors xmur, xmuf chosen here are:      2.000,      1.000
 #-----------------------------------------------------------------------------------------------------------------------------------------------------------------
 #IObs  BinSize  IODimO  [ Chi               ]  < ptavg_j12_ >  LO_cross_section   NLO_cross_section  NNLO_cross_section   KNLO      KNNLO
 #-----------------------------------------------------------------------------------------------------------------------------------------------------------------
     1  1.000         1   1.000       2.000      5240.          6.08729027903E-01  8.28902246170E-01  8.53321172034E-01    1.36169   1.02946
     2  1.000         2   2.000       3.000      5241.          5.09447238648E-01  6.94539449759E-01  7.16297932038E-01    1.36332   1.03133
     3  1.000         3   3.000       4.000      5241.          4.99174206777E-01  6.82433784054E-01  6.99253644113E-01    1.36713   1.02465
     4  1.000         4   4.000       5.000      5241.          5.01412360405E-01  6.88561463571E-01  7.11857400776E-01    1.37324   1.03383
     5  1.000         5   5.000       6.000      5241.          5.05900930630E-01  6.98254575874E-01  7.20514969451E-01    1.38022   1.03188
     6  1.000         6   6.000       7.000      5241.          5.10654567588E-01  7.08594536883E-01  7.29389207515E-01    1.38762   1.02935
     7  1.000         7   7.000       8.000      5241.          5.14843905634E-01  7.17550592141E-01  7.37246682801E-01    1.39372   1.02745
     8  1.000         8   8.000       9.000      5241.          5.18518374427E-01  7.26051899973E-01  7.74575030778E-01    1.40024   1.06683
     9  1.000         9   9.000       10.00      5241.          5.21818648644E-01  7.33455429609E-01  7.62704386650E-01    1.40558   1.03988
    10  2.000        10   10.00       12.00      5241.          5.25903786210E-01  7.44263099104E-01  7.73987223114E-01    1.41521   1.03994
    11  2.000        11   12.00       14.00      5242.          5.30210425324E-01  7.55459975341E-01  7.88462206944E-01    1.42483   1.04368
    12  2.000        12   14.00       16.00      5241.          5.33462954322E-01  7.63144205505E-01  7.99834910345E-01    1.43055   1.04808
