 ##################################################################################
 # INFO.    [fnlo-tk-cppread] Program to read fastNLO tables and derive
 # INFO.    [fnlo-tk-cppread] QCD cross sections using PDFs e.g. from LHAPDF
 #---------------------------------------------------------------------------------
 # INFO.    [fnlo-tk-cppread] For more explanations type:
 # INFO.    [fnlo-tk-cppread] ./fnlo-tk-cppread -h
 # INFO.    [fnlo-tk-cppread] For version number printout type:
 # INFO.    [fnlo-tk-cppread] ./fnlo-tk-cppread -v
 ##################################################################################

 ##################################################################################
 # [fnlo-tk-cppread] fastNLO Cross-Section Calculator
 #---------------------------------------------------------------------------------
 # [fnlo-tk-cppread] Evaluating table: 2jet.NNLO.fnl5662j_mjj0_chi.tab.gz
 # [fnlo-tk-cppread] Using PDF set   : CT14nnlo
 # [fnlo-tk-cppread] If possible, will try to do 7 scale factor variations.
 # [fnlo-tk-cppread] Using alpha_s evolution code: LHAPDF
 # [fnlo-tk-cppread] Preparing unnormalized cross sections,
 # [fnlo-tk-cppread] Using scale definition kScale2
 # [fnlo-tk-cppread] No request given for no. of flavours,
 #             using default value for LHAPDF or Nf = 5.
 # [fnlo-tk-cppread] No request given for no. of loops,
 #             using default value for LHAPDF or NLoop = 2.
 # [fnlo-tk-cppread] No request given for value of alpha_s(M_Z),
 #             using default value for LHAPDF or asMz = 0.1181.
 # [fnlo-tk-cppread] No request given for value of M_Z,
 #             using default value for LHAPDF or Mz = 91.1876.
 ##################################################################################

 ##################################################################################
 #
 # [0;31mfast[0;34mNLO[0m_toolkit
 # Version 2.3.1_2771
 #
 # C++ program and toolkit to read and create fastNLO v2 tables and
 # derive QCD cross sections using PDFs, e.g. from LHAPDF
 #
 #---------------------------------------------------------------------------------
 #
 # Copyright © 2005-2020 [0;31mfast[0;34mNLO[0m Collaboration
 # D. Britzger, T. Kluge, K. Rabbertz, F. Stober, G. Sieber, M. Wobisch
 #
 # This program is free software: you can redistribute it and/or modify
 # it under the terms of the GNU General Public License as published by
 # the Free Software Foundation, either version 3 of the License, or
 # (at your option) any later version.
 #
 # This program is distributed in the hope that it will be useful,
 # but WITHOUT ANY WARRANTY; without even the implied warranty of
 # MERCHANTABILITY or FITNESS FOR A PARTICULAR PURPOSE. See the
 # GNU General Public License for more details.
 #
 # You should have received a copy of the GNU General Public License
 # along with this program. If not, see <http://www.gnu.org/licenses/>.
 #
 #---------------------------------------------------------------------------------
 #
 # The projects web page can be found at:
 #   http://projects.hepforge.org/fastnlo
 #
 # If you use this code, please cite:
 #   T. Kluge, K. Rabbertz, M. Wobisch, hep-ph/0609285
 #   D. Britzger, T. Kluge, K. Rabbertz, F. Stober, M. Wobisch, arXiv:1109.1310
 #
 ##################################################################################

 ##################################################################################
 # Overview on contribution types and numbers contained in table: 2jet.NNLO.fnl5662j_mjj0_chi.tab.gz
 #---------------------------------------------------------------------------------
 # Total number of contributions:  3
 #   No.: 1, type: Fixed order calculation       , Id: 0, order: LO                  , by: NNLOJET_rev_5088
 #   No.: 2, type: Fixed order calculation       , Id: 1, order: NLO                 , by: NNLOJET_rev_5088
 #   No.: 3, type: Fixed order calculation       , Id: 2, order: NNLO                , by: NNLOJET_rev_5088
 ##################################################################################

 ##################################################################################
 # Information on table header
 #---------------------------------------------------------------------------------
 #===================== fastNLO Table: Header ====================
 # Table version (Itabversion)         23600
 # Scenario name (ScenName)            fnl5662j
 # Theory contributions (Ncontrib)     3
 # Data contribution 0/1 (Ndata)       0
 ##################################################################################

 ##################################################################################
 # Information on fastNLO scenario: fnl5662j
 #---------------------------------------------------------------------------------
 #===================== fastNLO Table: Scenario ====================
 # Scenario description (ScDescript)
 #   0	d2sigma-dijet_dChi_dMjj_[pb_GeV]
 #   1	CMS_Collaboration
 #   2	Dijet_Chi
 #   3	anti-kT_R=0.4
 #   4	THEORY_LABEL=NNLOJET
 #   5	provided by:
 #   6	fastNLO_2.3.1
 #   7	If you use this table, please cite:
 #   8	  D. Britzger, T. Kluge, K. Rabbertz, F. Stober, M. Wobisch, arXiv:1109.1310
 #
 # Publ. x section (10^-Ipublunits b)  12
 # Centre-of-mass energy (Ecms/GeV)    13000
 # Power in a_s of LO process (ILOord) 2
 # No. of observable bins (NObsBin)    12
 # Dim. of observable binning (NDim)   1
 #
 # Dimension labels (DimLabel)
 #   0	Chi
 # Differential dimension (IDiffBin)
 #   0	2
 #
 # Total no. of contributions (theory + optional data) in this table: 3
 ##################################################################################

 ##################################################################################
 # Information on table contribution no. 0: LO
 #---------------------------------------------------------------------------------
 #===================== fastNLO Table: CoeffBase ====================
 # Contribution description (CtrbDescript)
 #   0	LO
 # Code description (CodeDescript)
 #   0	NNLOJET_rev_5088
 #   1	Example for single jet inclusive production.
 #   2	Please adapt to selected process: 2jet
 #   3	Please cite:
 #   4	Currie, J.; Glover, E.W.N. & Pires, J., Phys. Rev. Lett., 2017, 118, 072002 [arXiv:1611.01460]
 #   5	2jet
 #   6	PC: Please check and modify NNLOJET references according to selected process.
 #===================== fastNLO Table: CoeffAddBase ====================
 # No. of events (Nevt)                0.000000
 # Weight of table [=Nevt] (fWgtNevt)  0.000000
 # Number of tables merged together    150
 # No. of filled events (WgtNumEv)     47160135723
 # Sum of weights squared (WgtSumW2)   766831490000000.000000
 # Sum of sigma squared (SigSumW2)     11299556.000000
 # Sum of sigma (SigSum)               81437743.000000
 # Sigma / Nevt (SigSum/WgtNevt)       39399435620341082322168379708726265755643316011008.000000
 # Abs. order in a_s (Npow)            2
 # No. of hadrons involved (NPDF)      2
 # Type(s) of hadrons (NPDFPDG)
 #   0	2212
 #   1	2212
 # PDF storage format (NPDFDim)        2
 #   --> x-interpolation storage format: Full-Matrix
 # Observable bin no. 1
 #   No. of X1 nodes (XNode1[i].size())          20
 # Observable bin no. 12
 #   No. of X1 nodes (XNode1[i].size())          20
 # No. of scales involved (NScales)    1
 # Scale descriptions (ScaleDescript)
 #   0	ptavg_j12_[GeV]
 #   1	m12_[GeV]
 # No. of subprocess contributions     13
 #ISub  Processes
 #   0: (0,0), 
 #   1: (1,0), (2,0), (3,0), (4,0), (5,0), 
 #   2: (1,-1), (2,-2), (3,-3), (4,-4), (5,-5), 
 #   3: (0,1), (0,2), (0,3), (0,4), (0,5), 
 #   4: (-1,1), (-2,2), (-3,3), (-4,4), (-5,5), 
 #   5: (0,-1), (0,-2), (0,-3), (0,-4), (0,-5), 
 #   6: (-1,0), (-2,0), (-3,0), (-4,0), (-5,0), 
 #   7: (1,-1), (1,-2), (1,-3), (1,-4), (1,-5), (2,-1), (2,-2), (2,-3), (2,-4), (2,-5), (3,-1), (3,-2), (3,-3), (3,-4), (3,-5), (4,-1), (4,-2), (4,-3), (4,-4), (4,-5), (5,-1), (5,-2), (5,-3), (5,-4), (5,-5), 
 #   8: (1,1), (1,2), (1,3), (1,4), (1,5), (2,1), (2,2), (2,3), (2,4), (2,5), (3,1), (3,2), (3,3), (3,4), (3,5), (4,1), (4,2), (4,3), (4,4), (4,5), (5,1), (5,2), (5,3), (5,4), (5,5), 
 #   9: (-1,-1), (-1,-2), (-1,-3), (-1,-4), (-1,-5), (-2,-1), (-2,-2), (-2,-3), (-2,-4), (-2,-5), (-3,-1), (-3,-2), (-3,-3), (-3,-4), (-3,-5), (-4,-1), (-4,-2), (-4,-3), (-4,-4), (-4,-5), (-5,-1), (-5,-2), (-5,-3), (-5,-4), (-5,-5), 
 #  10: (-1,1), (-1,2), (-1,3), (-1,4), (-1,5), (-2,1), (-2,2), (-2,3), (-2,4), (-2,5), (-3,1), (-3,2), (-3,3), (-3,4), (-3,5), (-4,1), (-4,2), (-4,3), (-4,4), (-4,5), (-5,1), (-5,2), (-5,3), (-5,4), (-5,5), 
 #  11: (1,1), (2,2), (3,3), (4,4), (5,5), 
 #  12: (-1,-1), (-2,-2), (-3,-3), (-4,-4), (-5,-5), 
 #===================== fastNLO Table: CoeffAddFlex ====================
 # No. of scale1 nodes (Nscalenode1)   6
 # No. of scale2 nodes (Nscalenode2)   6
 ##################################################################################

 ##################################################################################
 # Information on table contribution no. 1: NLO
 #---------------------------------------------------------------------------------
 #===================== fastNLO Table: CoeffBase ====================
 # Contribution description (CtrbDescript)
 #   0	NLO
 # Code description (CodeDescript)
 #   0	NNLOJET_rev_5088
 #   1	Example for single jet inclusive production.
 #   2	Please adapt to selected process: 2jet
 #   3	Please cite:
 #   4	Currie, J.; Glover, E.W.N. & Pires, J., Phys. Rev. Lett., 2017, 118, 072002 [arXiv:1611.01460]
 #   5	2jet
 #   6	PC: Please check and modify NNLOJET references according to selected process.
 #===================== fastNLO Table: CoeffAddBase ====================
 # No. of events (Nevt)                1.000000
 # Weight of table [=Nevt] (fWgtNevt)  1.000000
 # Number of tables merged together    550
 # No. of filled events (WgtNumEv)     576478414612
 # Sum of weights squared (WgtSumW2)   5586290499999999810173140992.000000
 # Sum of sigma squared (SigSumW2)     14328649000000000.000000
 # Sum of sigma (SigSum)               -15755736.000000
 # Sigma / Nevt (SigSum/WgtNevt)       -15755736.000000
 # Abs. order in a_s (Npow)            3
 # No. of hadrons involved (NPDF)      2
 # Type(s) of hadrons (NPDFPDG)
 #   0	2212
 #   1	2212
 # PDF storage format (NPDFDim)        2
 #   --> x-interpolation storage format: Full-Matrix
 # Observable bin no. 1
 #   No. of X1 nodes (XNode1[i].size())          20
 # Observable bin no. 12
 #   No. of X1 nodes (XNode1[i].size())          20
 # No. of scales involved (NScales)    1
 # Scale descriptions (ScaleDescript)
 #   0	ptavg_j12_[GeV]
 #   1	m12_[GeV]
 # No. of subprocess contributions     13
 #ISub  Processes
 #   0: (0,0), 
 #   1: (1,0), (2,0), (3,0), (4,0), (5,0), 
 #   2: (1,-1), (2,-2), (3,-3), (4,-4), (5,-5), 
 #   3: (0,1), (0,2), (0,3), (0,4), (0,5), 
 #   4: (-1,1), (-2,2), (-3,3), (-4,4), (-5,5), 
 #   5: (0,-1), (0,-2), (0,-3), (0,-4), (0,-5), 
 #   6: (-1,0), (-2,0), (-3,0), (-4,0), (-5,0), 
 #   7: (1,1), (1,2), (1,3), (1,4), (1,5), (2,1), (2,2), (2,3), (2,4), (2,5), (3,1), (3,2), (3,3), (3,4), (3,5), (4,1), (4,2), (4,3), (4,4), (4,5), (5,1), (5,2), (5,3), (5,4), (5,5), 
 #   8: (1,-1), (1,-2), (1,-3), (1,-4), (1,-5), (2,-1), (2,-2), (2,-3), (2,-4), (2,-5), (3,-1), (3,-2), (3,-3), (3,-4), (3,-5), (4,-1), (4,-2), (4,-3), (4,-4), (4,-5), (5,-1), (5,-2), (5,-3), (5,-4), (5,-5), 
 #   9: (-1,1), (-1,2), (-1,3), (-1,4), (-1,5), (-2,1), (-2,2), (-2,3), (-2,4), (-2,5), (-3,1), (-3,2), (-3,3), (-3,4), (-3,5), (-4,1), (-4,2), (-4,3), (-4,4), (-4,5), (-5,1), (-5,2), (-5,3), (-5,4), (-5,5), 
 #  10: (-1,-1), (-1,-2), (-1,-3), (-1,-4), (-1,-5), (-2,-1), (-2,-2), (-2,-3), (-2,-4), (-2,-5), (-3,-1), (-3,-2), (-3,-3), (-3,-4), (-3,-5), (-4,-1), (-4,-2), (-4,-3), (-4,-4), (-4,-5), (-5,-1), (-5,-2), (-5,-3), (-5,-4), (-5,-5), 
 #  11: (1,1), (2,2), (3,3), (4,4), (5,5), 
 #  12: (-1,-1), (-2,-2), (-3,-3), (-4,-4), (-5,-5), 
 #===================== fastNLO Table: CoeffAddFlex ====================
 # No. of scale1 nodes (Nscalenode1)   6
 # No. of scale2 nodes (Nscalenode2)   6
 ##################################################################################

 ##################################################################################
 # Information on table contribution no. 2: NNLO
 #---------------------------------------------------------------------------------
 #===================== fastNLO Table: CoeffBase ====================
 # Contribution description (CtrbDescript)
 #   0	NNLO
 # Code description (CodeDescript)
 #   0	NNLOJET_rev_5088
 #   1	Example for single jet inclusive production.
 #   2	Please adapt to selected process: 2jet
 #   3	Please cite:
 #   4	Currie, J.; Glover, E.W.N. & Pires, J., Phys. Rev. Lett., 2017, 118, 072002 [arXiv:1611.01460]
 #   5	2jet
 #   6	PC: Please check and modify NNLOJET references according to selected process.
 #===================== fastNLO Table: CoeffAddBase ====================
 # No. of events (Nevt)                1.000000
 # Weight of table [=Nevt] (fWgtNevt)  1.000000
 # Number of tables merged together    7750
 # No. of filled events (WgtNumEv)     4261645503961
 # Sum of weights squared (WgtSumW2)   1217487700000000032143089951866176460943974727680.000000
 # Sum of sigma squared (SigSumW2)     45612445999999997350424508104704.000000
 # Sum of sigma (SigSum)               16543115000000000.000000
 # Sigma / Nevt (SigSum/WgtNevt)       16543115000000000.000000
 # Abs. order in a_s (Npow)            4
 # No. of hadrons involved (NPDF)      2
 # Type(s) of hadrons (NPDFPDG)
 #   0	2212
 #   1	2212
 # PDF storage format (NPDFDim)        2
 #   --> x-interpolation storage format: Full-Matrix
 # Observable bin no. 1
 #   No. of X1 nodes (XNode1[i].size())          20
 # Observable bin no. 12
 #   No. of X1 nodes (XNode1[i].size())          20
 # No. of scales involved (NScales)    1
 # Scale descriptions (ScaleDescript)
 #   0	ptavg_j12_[GeV]
 #   1	m12_[GeV]
 # No. of subprocess contributions     13
 #ISub  Processes
 #   0: (0,0), 
 #   1: (1,0), (2,0), (3,0), (4,0), (5,0), 
 #   2: (1,-1), (2,-2), (3,-3), (4,-4), (5,-5), 
 #   3: (0,1), (0,2), (0,3), (0,4), (0,5), 
 #   4: (-1,1), (-2,2), (-3,3), (-4,4), (-5,5), 
 #   5: (0,-1), (0,-2), (0,-3), (0,-4), (0,-5), 
 #   6: (-1,0), (-2,0), (-3,0), (-4,0), (-5,0), 
 #   7: (1,1), (1,2), (1,3), (1,4), (1,5), (2,1), (2,2), (2,3), (2,4), (2,5), (3,1), (3,2), (3,3), (3,4), (3,5), (4,1), (4,2), (4,3), (4,4), (4,5), (5,1), (5,2), (5,3), (5,4), (5,5), 
 #   8: (1,-1), (1,-2), (1,-3), (1,-4), (1,-5), (2,-1), (2,-2), (2,-3), (2,-4), (2,-5), (3,-1), (3,-2), (3,-3), (3,-4), (3,-5), (4,-1), (4,-2), (4,-3), (4,-4), (4,-5), (5,-1), (5,-2), (5,-3), (5,-4), (5,-5), 
 #   9: (-1,1), (-1,2), (-1,3), (-1,4), (-1,5), (-2,1), (-2,2), (-2,3), (-2,4), (-2,5), (-3,1), (-3,2), (-3,3), (-3,4), (-3,5), (-4,1), (-4,2), (-4,3), (-4,4), (-4,5), (-5,1), (-5,2), (-5,3), (-5,4), (-5,5), 
 #  10: (-1,-1), (-1,-2), (-1,-3), (-1,-4), (-1,-5), (-2,-1), (-2,-2), (-2,-3), (-2,-4), (-2,-5), (-3,-1), (-3,-2), (-3,-3), (-3,-4), (-3,-5), (-4,-1), (-4,-2), (-4,-3), (-4,-4), (-4,-5), (-5,-1), (-5,-2), (-5,-3), (-5,-4), (-5,-5), 
 #  11: (1,1), (2,2), (3,3), (4,4), (5,5), 
 #  12: (-1,-1), (-2,-2), (-3,-3), (-4,-4), (-5,-5), 
 #===================== fastNLO Table: CoeffAddFlex ====================
 # No. of scale1 nodes (Nscalenode1)   6
 # No. of scale2 nodes (Nscalenode2)   6
 ##################################################################################
LHAPDF 6.3.0 loading /home/rabbertz/local/share/LHAPDF/CT14nnlo/CT14nnlo_0000.dat
CT14nnlo PDF set, member #0, version 1; LHAPDF ID = 13000
LHAPDF 6.3.0 loading /home/rabbertz/local/share/LHAPDF/CT14nnlo/CT14nnlo_0000.dat
CT14nnlo PDF set, member #0, version 1; LHAPDF ID = 13000

 ##################################################################################################################################################################
 # [fnlo-tk-cppread] Calculate my cross sections
 ##################################################################################################################################################################
 #=================================================================================================================================================================
 # My Cross Sections
 # The scale factors xmur, xmuf chosen here are:      1.000,      1.000
 #-----------------------------------------------------------------------------------------------------------------------------------------------------------------
 #IObs  BinSize  IODimO  [ Chi               ]  < ptavg_j12_ >  LO_cross_section   NLO_cross_section  NNLO_cross_section   KNLO      KNNLO
 #-----------------------------------------------------------------------------------------------------------------------------------------------------------------
     1  1.000         1   1.000       2.000      1318.          3.41234578902E+01  4.03268130568E+01  3.82577323000E+01    1.18179   0.94869
     2  1.000         2   2.000       3.000      1318.          2.78944627344E+01  3.32894385072E+01  3.19422769097E+01    1.19341   0.95953
     3  1.000         3   3.000       4.000      1318.          2.69178398877E+01  3.24484555350E+01  3.11305872351E+01    1.20546   0.95939
     4  1.000         4   4.000       5.000      1318.          2.68070203373E+01  3.25836753973E+01  3.18393790105E+01    1.21549   0.97716
     5  1.000         5   5.000       6.000      1318.          2.69019488580E+01  3.29351994684E+01  3.20586113259E+01    1.22427   0.97338
     6  1.000         6   6.000       7.000      1318.          2.70416837297E+01  3.34048795185E+01  3.25013095584E+01    1.23531   0.97295
     7  1.000         7   7.000       8.000      1318.          2.71983549297E+01  3.37796109017E+01  3.38961933784E+01    1.24197   1.00345
     8  1.000         8   8.000       9.000      1318.          2.73329816655E+01  3.41378946957E+01  3.29195163114E+01    1.24896   0.96431
     9  1.000         9   9.000       10.00      1318.          2.74731379219E+01  3.45945876403E+01  3.40935911152E+01    1.25922   0.98552
    10  2.000        10   10.00       12.00      1318.          2.76286136630E+01  3.50255374766E+01  3.40587645662E+01    1.26773   0.97240
    11  2.000        11   12.00       14.00      1318.          2.78163085832E+01  3.55508339404E+01  3.47685799627E+01    1.27806   0.97800
    12  2.000        12   14.00       16.00      1318.          2.79769753784E+01  3.61347790532E+01  3.58899561347E+01    1.29159   0.99322
 #=================================================================================================================================================================
 # My Cross Sections
 # The scale factors xmur, xmuf chosen here are:      0.500,      0.500
 #-----------------------------------------------------------------------------------------------------------------------------------------------------------------
 #IObs  BinSize  IODimO  [ Chi               ]  < ptavg_j12_ >  LO_cross_section   NLO_cross_section  NNLO_cross_section   KNLO      KNNLO
 #-----------------------------------------------------------------------------------------------------------------------------------------------------------------
     1  1.000         1   1.000       2.000      658.9          4.34647615066E+01  4.11981103723E+01  3.70064552068E+01    0.94785   0.89826
     2  1.000         2   2.000       3.000      658.9          3.54962222872E+01  3.41415422482E+01  3.10556091361E+01    0.96184   0.90961
     3  1.000         3   3.000       4.000      658.9          3.42328413963E+01  3.34006048586E+01  3.03046421020E+01    0.97569   0.90731
     4  1.000         4   4.000       5.000      658.9          3.40801217873E+01  3.36384205136E+01  3.12065060001E+01    0.98704   0.92770
     5  1.000         5   5.000       6.000      659.0          3.41934376836E+01  3.40876332294E+01  3.12391541673E+01    0.99691   0.91644
     6  1.000         6   6.000       7.000      658.9          3.43661301520E+01  3.46734959802E+01  3.16531296131E+01    1.00894   0.91289
     7  1.000         7   7.000       8.000      658.9          3.45617394992E+01  3.51253432600E+01  3.35740709624E+01    1.01631   0.95584
     8  1.000         8   8.000       9.000      659.0          3.47302106572E+01  3.55615422202E+01  3.19570567365E+01    1.02394   0.89864
     9  1.000         9   9.000       10.00      658.9          3.49062072381E+01  3.61379461933E+01  3.36642954379E+01    1.03529   0.93155
    10  2.000        10   10.00       12.00      658.8          3.51015917191E+01  3.66570657386E+01  3.31599335578E+01    1.04431   0.90460
    11  2.000        11   12.00       14.00      658.9          3.53374798163E+01  3.73049656599E+01  3.39158248117E+01    1.05568   0.90915
    12  2.000        12   14.00       16.00      658.8          3.55399544741E+01  3.80332250006E+01  3.55231731866E+01    1.07015   0.93400
 #=================================================================================================================================================================
 # My Cross Sections
 # The scale factors xmur, xmuf chosen here are:      2.000,      2.000
 #-----------------------------------------------------------------------------------------------------------------------------------------------------------------
 #IObs  BinSize  IODimO  [ Chi               ]  < ptavg_j12_ >  LO_cross_section   NLO_cross_section  NNLO_cross_section   KNLO      KNNLO
 #-----------------------------------------------------------------------------------------------------------------------------------------------------------------
     1  1.000         1   1.000       2.000      2635.          2.72297147577E+01  3.77356278892E+01  3.85357418413E+01    1.38583   1.02120
     2  1.000         2   2.000       3.000      2635.          2.22791558750E+01  3.10884220414E+01  3.20419664421E+01    1.39540   1.03067
     3  1.000         3   3.000       4.000      2635.          2.15111730098E+01  3.02428677849E+01  3.11848270554E+01    1.40591   1.03115
     4  1.000         4   4.000       5.000      2635.          2.14294901500E+01  3.03184354004E+01  3.17337604469E+01    1.41480   1.04668
     5  1.000         5   5.000       6.000      2635.          2.15096784022E+01  3.06003986087E+01  3.20293661315E+01    1.42263   1.04670
     6  1.000         6   6.000       7.000      2635.          2.16242761131E+01  3.09835592353E+01  3.24589317294E+01    1.43281   1.04762
     7  1.000         7   7.000       8.000      2635.          2.17516033312E+01  3.12975745997E+01  3.35080230021E+01    1.43886   1.07063
     8  1.000         8   8.000       9.000      2636.          2.18608004487E+01  3.15953762816E+01  3.29170135334E+01    1.44530   1.04183
     9  1.000         9   9.000       10.00      2635.          2.19741179047E+01  3.19633568937E+01  3.37587633537E+01    1.45459   1.05617
    10  2.000        10   10.00       12.00      2635.          2.20997359200E+01  3.23243123493E+01  3.39601592533E+01    1.46266   1.05061
    11  2.000        11   12.00       14.00      2635.          2.22513509759E+01  3.27558889674E+01  3.46073805158E+01    1.47209   1.05652
    12  2.000        12   14.00       16.00      2635.          2.23808308436E+01  3.32308974246E+01  3.54249533748E+01    1.48479   1.06602
 #=================================================================================================================================================================
 # My Cross Sections
 # The scale factors xmur, xmuf chosen here are:      0.500,      1.000
 #-----------------------------------------------------------------------------------------------------------------------------------------------------------------
 #IObs  BinSize  IODimO  [ Chi               ]  < ptavg_j12_ >  LO_cross_section   NLO_cross_section  NNLO_cross_section   KNLO      KNNLO
 #-----------------------------------------------------------------------------------------------------------------------------------------------------------------
     1  1.000         1   1.000       2.000      658.8          3.97850380281E+01  4.14695653509E+01  3.73573566855E+01    1.04234   0.90084
     2  1.000         2   2.000       3.000      658.8          3.25225083564E+01  3.43080741499E+01  3.13015134387E+01    1.05490   0.91237
     3  1.000         3   3.000       4.000      658.8          3.13838152469E+01  3.35144058538E+01  3.05477313774E+01    1.06789   0.91148
     4  1.000         4   4.000       5.000      658.9          3.12545879999E+01  3.37142508734E+01  3.14124389564E+01    1.07870   0.93173
     5  1.000         5   5.000       6.000      658.9          3.13652572043E+01  3.41327324207E+01  3.14690557161E+01    1.08823   0.92196
     6  1.000         6   6.000       7.000      658.9          3.15281654687E+01  3.46845892056E+01  3.19349782504E+01    1.10011   0.92073
     7  1.000         7   7.000       8.000      658.9          3.17108235922E+01  3.51136804369E+01  3.36524533298E+01    1.10731   0.95839
     8  1.000         8   8.000       9.000      659.0          3.18677741970E+01  3.55267340269E+01  3.22912325465E+01    1.11482   0.90893
     9  1.000         9   9.000       10.00      658.9          3.20311943425E+01  3.60700588901E+01  3.37927105975E+01    1.12609   0.93686
    10  2.000        10   10.00       12.00      658.8          3.22124463990E+01  3.65642153406E+01  3.34634792639E+01    1.13510   0.91520
    11  2.000        11   12.00       14.00      658.8          3.24312800210E+01  3.71771872065E+01  3.42080644123E+01    1.14634   0.92014
    12  2.000        12   14.00       16.00      658.8          3.26186297656E+01  3.78660658991E+01  3.56911050178E+01    1.16087   0.94256
 #=================================================================================================================================================================
 # My Cross Sections
 # The scale factors xmur, xmuf chosen here are:      1.000,      0.500
 #-----------------------------------------------------------------------------------------------------------------------------------------------------------------
 #IObs  BinSize  IODimO  [ Chi               ]  < ptavg_j12_ >  LO_cross_section   NLO_cross_section  NNLO_cross_section   KNLO      KNNLO
 #-----------------------------------------------------------------------------------------------------------------------------------------------------------------
     1  1.000         1   1.000       2.000      1318.          3.72796609633E+01  4.07942208699E+01  3.80220744752E+01    1.09428   0.93205
     2  1.000         2   2.000       3.000      1318.          3.04451058124E+01  3.37090918972E+01  3.17951675084E+01    1.10721   0.94322
     3  1.000         3   3.000       4.000      1318.          2.93615375571E+01  3.28869209684E+01  3.09923467706E+01    1.12007   0.94239
     4  1.000         4   4.000       5.000      1318.          2.92305696513E+01  3.30479825337E+01  3.17398204311E+01    1.13060   0.96042
     5  1.000         5   5.000       6.000      1318.          2.93277690837E+01  3.34242853443E+01  3.19564014223E+01    1.13968   0.95608
     6  1.000         6   6.000       7.000      1318.          2.94758969716E+01  3.39229040757E+01  3.23661331495E+01    1.15087   0.95411
     7  1.000         7   7.000       8.000      1318.          2.96436773635E+01  3.43181338367E+01  3.39192184497E+01    1.15769   0.98838
     8  1.000         8   8.000       9.000      1318.          2.97881865980E+01  3.46969968310E+01  3.27539732553E+01    1.16479   0.94400
     9  1.000         9   9.000       10.00      1318.          2.99391292437E+01  3.51818723873E+01  3.40824548644E+01    1.17511   0.96875
    10  2.000        10   10.00       12.00      1318.          3.01067282183E+01  3.56356466354E+01  3.39336124247E+01    1.18364   0.95224
    11  2.000        11   12.00       14.00      1318.          3.03090514432E+01  3.61916704613E+01  3.46616238807E+01    1.19409   0.95772
    12  2.000        12   14.00       16.00      1318.          3.04826893155E+01  3.68098706633E+01  3.58710699470E+01    1.20757   0.97450
 #=================================================================================================================================================================
 # My Cross Sections
 # The scale factors xmur, xmuf chosen here are:      1.000,      2.000
 #-----------------------------------------------------------------------------------------------------------------------------------------------------------------
 #IObs  BinSize  IODimO  [ Chi               ]  < ptavg_j12_ >  LO_cross_section   NLO_cross_section  NNLO_cross_section   KNLO      KNNLO
 #-----------------------------------------------------------------------------------------------------------------------------------------------------------------
     1  1.000         1   1.000       2.000      1318.          3.13898037918E+01  3.99174827780E+01  3.84834206330E+01    1.27167   0.96407
     2  1.000         2   2.000       3.000      1318.          2.56828745214E+01  3.29247429876E+01  3.20885925384E+01    1.28197   0.97460
     3  1.000         3   3.000       4.000      1318.          2.47975378769E+01  3.20688496313E+01  3.12695966857E+01    1.29323   0.97508
     4  1.000         4   4.000       5.000      1318.          2.47033613920E+01  3.21823198094E+01  3.19441419081E+01    1.30275   0.99260
     5  1.000         5   5.000       6.000      1318.          2.47957942365E+01  3.25126407428E+01  3.21690332765E+01    1.31122   0.98943
     6  1.000         6   6.000       7.000      1318.          2.49278926198E+01  3.29573188594E+01  3.26370057243E+01    1.32211   0.99028
     7  1.000         7   7.000       8.000      1318.          2.50746678072E+01  3.33142620054E+01  3.38985816684E+01    1.32860   1.01754
     8  1.000         8   8.000       9.000      1318.          2.52005392519E+01  3.36546592337E+01  3.30814279481E+01    1.33547   0.98297
     9  1.000         9   9.000       10.00      1318.          2.53311756057E+01  3.40866883222E+01  3.41277509498E+01    1.34564   1.00120
    10  2.000        10   10.00       12.00      1317.          2.54759721599E+01  3.44976714288E+01  3.41888339462E+01    1.35413   0.99105
    11  2.000        11   12.00       14.00      1318.          2.56507487658E+01  3.49961255967E+01  3.48838597927E+01    1.36433   0.99679
    12  2.000        12   14.00       16.00      1318.          2.58000276109E+01  3.55499315774E+01  3.59289513715E+01    1.37790   1.01066
 #=================================================================================================================================================================
 # My Cross Sections
 # The scale factors xmur, xmuf chosen here are:      2.000,      1.000
 #-----------------------------------------------------------------------------------------------------------------------------------------------------------------
 #IObs  BinSize  IODimO  [ Chi               ]  < ptavg_j12_ >  LO_cross_section   NLO_cross_section  NNLO_cross_section   KNLO      KNNLO
 #-----------------------------------------------------------------------------------------------------------------------------------------------------------------
     1  1.000         1   1.000       2.000      2635.          2.96011496659E+01  3.85439202651E+01  3.85089330614E+01    1.30211   0.99909
     2  1.000         2   2.000       3.000      2635.          2.41977033568E+01  3.17694132013E+01  3.20568923893E+01    1.31291   1.00905
     3  1.000         3   3.000       4.000      2635.          2.33505318566E+01  3.09200083811E+01  3.12050639361E+01    1.32417   1.00922
     4  1.000         4   4.000       5.000      2635.          2.32544122921E+01  3.10102693504E+01  3.17861998735E+01    1.33352   1.02502
     5  1.000         5   5.000       6.000      2636.          2.33367660277E+01  3.13097124899E+01  3.20872215895E+01    1.34165   1.02483
     6  1.000         6   6.000       7.000      2636.          2.34579888990E+01  3.17144842861E+01  3.25015568638E+01    1.35197   1.02482
     7  1.000         7   7.000       8.000      2635.          2.35939012241E+01  3.20446128403E+01  3.36568938638E+01    1.35817   1.05031
     8  1.000         8   8.000       9.000      2636.          2.37106941616E+01  3.23584357599E+01  3.29459501654E+01    1.36472   1.01816
     9  1.000         9   9.000       10.00      2635.          2.38322696100E+01  3.27477048493E+01  3.38861187963E+01    1.37409   1.03476
    10  2.000        10   10.00       12.00      2635.          2.39671527123E+01  3.31269247005E+01  3.40257029348E+01    1.38218   1.02713
    11  2.000        11   12.00       14.00      2635.          2.41299744930E+01  3.35823135539E+01  3.46912258634E+01    1.39173   1.03302
    12  2.000        12   14.00       16.00      2635.          2.42693320975E+01  3.40837806513E+01  3.55645763737E+01    1.40440   1.04345
