 ##################################################################################
 # INFO.    [fnlo-tk-cppread] Program to read fastNLO tables and derive
 # INFO.    [fnlo-tk-cppread] QCD cross sections using PDFs e.g. from LHAPDF
 #---------------------------------------------------------------------------------
 # INFO.    [fnlo-tk-cppread] For more explanations type:
 # INFO.    [fnlo-tk-cppread] ./fnlo-tk-cppread -h
 # INFO.    [fnlo-tk-cppread] For version number printout type:
 # INFO.    [fnlo-tk-cppread] ./fnlo-tk-cppread -v
 ##################################################################################

 ##################################################################################
 # [fnlo-tk-cppread] fastNLO Cross-Section Calculator
 #---------------------------------------------------------------------------------
 # [fnlo-tk-cppread] Evaluating table: 2jet.NNLO.fnl5662j_mjj0_chi.tab.gz
 # [fnlo-tk-cppread] Using PDF set   : CT14nnlo
 # [fnlo-tk-cppread] If possible, will try to do 7 scale factor variations.
 # [fnlo-tk-cppread] Using alpha_s evolution code: LHAPDF
 # [fnlo-tk-cppread] Preparing unnormalized cross sections,
 # [fnlo-tk-cppread] Using scale definition kScale1
 # [fnlo-tk-cppread] No request given for no. of flavours,
 #             using default value for LHAPDF or Nf = 5.
 # [fnlo-tk-cppread] No request given for no. of loops,
 #             using default value for LHAPDF or NLoop = 2.
 # [fnlo-tk-cppread] No request given for value of alpha_s(M_Z),
 #             using default value for LHAPDF or asMz = 0.1181.
 # [fnlo-tk-cppread] No request given for value of M_Z,
 #             using default value for LHAPDF or Mz = 91.1876.
 ##################################################################################

 ##################################################################################
 #
 # [0;31mfast[0;34mNLO[0m_toolkit
 # Version 2.3.1_2771
 #
 # C++ program and toolkit to read and create fastNLO v2 tables and
 # derive QCD cross sections using PDFs, e.g. from LHAPDF
 #
 #---------------------------------------------------------------------------------
 #
 # Copyright © 2005-2020 [0;31mfast[0;34mNLO[0m Collaboration
 # D. Britzger, T. Kluge, K. Rabbertz, F. Stober, G. Sieber, M. Wobisch
 #
 # This program is free software: you can redistribute it and/or modify
 # it under the terms of the GNU General Public License as published by
 # the Free Software Foundation, either version 3 of the License, or
 # (at your option) any later version.
 #
 # This program is distributed in the hope that it will be useful,
 # but WITHOUT ANY WARRANTY; without even the implied warranty of
 # MERCHANTABILITY or FITNESS FOR A PARTICULAR PURPOSE. See the
 # GNU General Public License for more details.
 #
 # You should have received a copy of the GNU General Public License
 # along with this program. If not, see <http://www.gnu.org/licenses/>.
 #
 #---------------------------------------------------------------------------------
 #
 # The projects web page can be found at:
 #   http://projects.hepforge.org/fastnlo
 #
 # If you use this code, please cite:
 #   T. Kluge, K. Rabbertz, M. Wobisch, hep-ph/0609285
 #   D. Britzger, T. Kluge, K. Rabbertz, F. Stober, M. Wobisch, arXiv:1109.1310
 #
 ##################################################################################

 ##################################################################################
 # Overview on contribution types and numbers contained in table: 2jet.NNLO.fnl5662j_mjj0_chi.tab.gz
 #---------------------------------------------------------------------------------
 # Total number of contributions:  3
 #   No.: 1, type: Fixed order calculation       , Id: 0, order: LO                  , by: NNLOJET_rev_5088
 #   No.: 2, type: Fixed order calculation       , Id: 1, order: NLO                 , by: NNLOJET_rev_5088
 #   No.: 3, type: Fixed order calculation       , Id: 2, order: NNLO                , by: NNLOJET_rev_5088
 ##################################################################################

 ##################################################################################
 # Information on table header
 #---------------------------------------------------------------------------------
 #===================== fastNLO Table: Header ====================
 # Table version (Itabversion)         23600
 # Scenario name (ScenName)            fnl5662j
 # Theory contributions (Ncontrib)     3
 # Data contribution 0/1 (Ndata)       0
 ##################################################################################

 ##################################################################################
 # Information on fastNLO scenario: fnl5662j
 #---------------------------------------------------------------------------------
 #===================== fastNLO Table: Scenario ====================
 # Scenario description (ScDescript)
 #   0	d2sigma-dijet_dChi_dMjj_[pb_GeV]
 #   1	CMS_Collaboration
 #   2	Dijet_Chi
 #   3	anti-kT_R=0.4
 #   4	THEORY_LABEL=NNLOJET
 #   5	provided by:
 #   6	fastNLO_2.3.1
 #   7	If you use this table, please cite:
 #   8	  D. Britzger, T. Kluge, K. Rabbertz, F. Stober, M. Wobisch, arXiv:1109.1310
 #
 # Publ. x section (10^-Ipublunits b)  12
 # Centre-of-mass energy (Ecms/GeV)    13000
 # Power in a_s of LO process (ILOord) 2
 # No. of observable bins (NObsBin)    12
 # Dim. of observable binning (NDim)   1
 #
 # Dimension labels (DimLabel)
 #   0	Chi
 # Differential dimension (IDiffBin)
 #   0	2
 #
 # Total no. of contributions (theory + optional data) in this table: 3
 ##################################################################################

 ##################################################################################
 # Information on table contribution no. 0: LO
 #---------------------------------------------------------------------------------
 #===================== fastNLO Table: CoeffBase ====================
 # Contribution description (CtrbDescript)
 #   0	LO
 # Code description (CodeDescript)
 #   0	NNLOJET_rev_5088
 #   1	Example for single jet inclusive production.
 #   2	Please adapt to selected process: 2jet
 #   3	Please cite:
 #   4	Currie, J.; Glover, E.W.N. & Pires, J., Phys. Rev. Lett., 2017, 118, 072002 [arXiv:1611.01460]
 #   5	2jet
 #   6	PC: Please check and modify NNLOJET references according to selected process.
 #===================== fastNLO Table: CoeffAddBase ====================
 # No. of events (Nevt)                0.000000
 # Weight of table [=Nevt] (fWgtNevt)  0.000000
 # Number of tables merged together    150
 # No. of filled events (WgtNumEv)     47160135723
 # Sum of weights squared (WgtSumW2)   766831490000000.000000
 # Sum of sigma squared (SigSumW2)     11299556.000000
 # Sum of sigma (SigSum)               81437743.000000
 # Sigma / Nevt (SigSum/WgtNevt)       39399435620341082322168379708726265755643316011008.000000
 # Abs. order in a_s (Npow)            2
 # No. of hadrons involved (NPDF)      2
 # Type(s) of hadrons (NPDFPDG)
 #   0	2212
 #   1	2212
 # PDF storage format (NPDFDim)        2
 #   --> x-interpolation storage format: Full-Matrix
 # Observable bin no. 1
 #   No. of X1 nodes (XNode1[i].size())          20
 # Observable bin no. 12
 #   No. of X1 nodes (XNode1[i].size())          20
 # No. of scales involved (NScales)    1
 # Scale descriptions (ScaleDescript)
 #   0	ptavg_j12_[GeV]
 #   1	m12_[GeV]
 # No. of subprocess contributions     13
 #ISub  Processes
 #   0: (0,0), 
 #   1: (1,0), (2,0), (3,0), (4,0), (5,0), 
 #   2: (1,-1), (2,-2), (3,-3), (4,-4), (5,-5), 
 #   3: (0,1), (0,2), (0,3), (0,4), (0,5), 
 #   4: (-1,1), (-2,2), (-3,3), (-4,4), (-5,5), 
 #   5: (0,-1), (0,-2), (0,-3), (0,-4), (0,-5), 
 #   6: (-1,0), (-2,0), (-3,0), (-4,0), (-5,0), 
 #   7: (1,-1), (1,-2), (1,-3), (1,-4), (1,-5), (2,-1), (2,-2), (2,-3), (2,-4), (2,-5), (3,-1), (3,-2), (3,-3), (3,-4), (3,-5), (4,-1), (4,-2), (4,-3), (4,-4), (4,-5), (5,-1), (5,-2), (5,-3), (5,-4), (5,-5), 
 #   8: (1,1), (1,2), (1,3), (1,4), (1,5), (2,1), (2,2), (2,3), (2,4), (2,5), (3,1), (3,2), (3,3), (3,4), (3,5), (4,1), (4,2), (4,3), (4,4), (4,5), (5,1), (5,2), (5,3), (5,4), (5,5), 
 #   9: (-1,-1), (-1,-2), (-1,-3), (-1,-4), (-1,-5), (-2,-1), (-2,-2), (-2,-3), (-2,-4), (-2,-5), (-3,-1), (-3,-2), (-3,-3), (-3,-4), (-3,-5), (-4,-1), (-4,-2), (-4,-3), (-4,-4), (-4,-5), (-5,-1), (-5,-2), (-5,-3), (-5,-4), (-5,-5), 
 #  10: (-1,1), (-1,2), (-1,3), (-1,4), (-1,5), (-2,1), (-2,2), (-2,3), (-2,4), (-2,5), (-3,1), (-3,2), (-3,3), (-3,4), (-3,5), (-4,1), (-4,2), (-4,3), (-4,4), (-4,5), (-5,1), (-5,2), (-5,3), (-5,4), (-5,5), 
 #  11: (1,1), (2,2), (3,3), (4,4), (5,5), 
 #  12: (-1,-1), (-2,-2), (-3,-3), (-4,-4), (-5,-5), 
 #===================== fastNLO Table: CoeffAddFlex ====================
 # No. of scale1 nodes (Nscalenode1)   6
 # No. of scale2 nodes (Nscalenode2)   6
 ##################################################################################

 ##################################################################################
 # Information on table contribution no. 1: NLO
 #---------------------------------------------------------------------------------
 #===================== fastNLO Table: CoeffBase ====================
 # Contribution description (CtrbDescript)
 #   0	NLO
 # Code description (CodeDescript)
 #   0	NNLOJET_rev_5088
 #   1	Example for single jet inclusive production.
 #   2	Please adapt to selected process: 2jet
 #   3	Please cite:
 #   4	Currie, J.; Glover, E.W.N. & Pires, J., Phys. Rev. Lett., 2017, 118, 072002 [arXiv:1611.01460]
 #   5	2jet
 #   6	PC: Please check and modify NNLOJET references according to selected process.
 #===================== fastNLO Table: CoeffAddBase ====================
 # No. of events (Nevt)                1.000000
 # Weight of table [=Nevt] (fWgtNevt)  1.000000
 # Number of tables merged together    550
 # No. of filled events (WgtNumEv)     576478414612
 # Sum of weights squared (WgtSumW2)   5586290499999999810173140992.000000
 # Sum of sigma squared (SigSumW2)     14328649000000000.000000
 # Sum of sigma (SigSum)               -15755736.000000
 # Sigma / Nevt (SigSum/WgtNevt)       -15755736.000000
 # Abs. order in a_s (Npow)            3
 # No. of hadrons involved (NPDF)      2
 # Type(s) of hadrons (NPDFPDG)
 #   0	2212
 #   1	2212
 # PDF storage format (NPDFDim)        2
 #   --> x-interpolation storage format: Full-Matrix
 # Observable bin no. 1
 #   No. of X1 nodes (XNode1[i].size())          20
 # Observable bin no. 12
 #   No. of X1 nodes (XNode1[i].size())          20
 # No. of scales involved (NScales)    1
 # Scale descriptions (ScaleDescript)
 #   0	ptavg_j12_[GeV]
 #   1	m12_[GeV]
 # No. of subprocess contributions     13
 #ISub  Processes
 #   0: (0,0), 
 #   1: (1,0), (2,0), (3,0), (4,0), (5,0), 
 #   2: (1,-1), (2,-2), (3,-3), (4,-4), (5,-5), 
 #   3: (0,1), (0,2), (0,3), (0,4), (0,5), 
 #   4: (-1,1), (-2,2), (-3,3), (-4,4), (-5,5), 
 #   5: (0,-1), (0,-2), (0,-3), (0,-4), (0,-5), 
 #   6: (-1,0), (-2,0), (-3,0), (-4,0), (-5,0), 
 #   7: (1,1), (1,2), (1,3), (1,4), (1,5), (2,1), (2,2), (2,3), (2,4), (2,5), (3,1), (3,2), (3,3), (3,4), (3,5), (4,1), (4,2), (4,3), (4,4), (4,5), (5,1), (5,2), (5,3), (5,4), (5,5), 
 #   8: (1,-1), (1,-2), (1,-3), (1,-4), (1,-5), (2,-1), (2,-2), (2,-3), (2,-4), (2,-5), (3,-1), (3,-2), (3,-3), (3,-4), (3,-5), (4,-1), (4,-2), (4,-3), (4,-4), (4,-5), (5,-1), (5,-2), (5,-3), (5,-4), (5,-5), 
 #   9: (-1,1), (-1,2), (-1,3), (-1,4), (-1,5), (-2,1), (-2,2), (-2,3), (-2,4), (-2,5), (-3,1), (-3,2), (-3,3), (-3,4), (-3,5), (-4,1), (-4,2), (-4,3), (-4,4), (-4,5), (-5,1), (-5,2), (-5,3), (-5,4), (-5,5), 
 #  10: (-1,-1), (-1,-2), (-1,-3), (-1,-4), (-1,-5), (-2,-1), (-2,-2), (-2,-3), (-2,-4), (-2,-5), (-3,-1), (-3,-2), (-3,-3), (-3,-4), (-3,-5), (-4,-1), (-4,-2), (-4,-3), (-4,-4), (-4,-5), (-5,-1), (-5,-2), (-5,-3), (-5,-4), (-5,-5), 
 #  11: (1,1), (2,2), (3,3), (4,4), (5,5), 
 #  12: (-1,-1), (-2,-2), (-3,-3), (-4,-4), (-5,-5), 
 #===================== fastNLO Table: CoeffAddFlex ====================
 # No. of scale1 nodes (Nscalenode1)   6
 # No. of scale2 nodes (Nscalenode2)   6
 ##################################################################################

 ##################################################################################
 # Information on table contribution no. 2: NNLO
 #---------------------------------------------------------------------------------
 #===================== fastNLO Table: CoeffBase ====================
 # Contribution description (CtrbDescript)
 #   0	NNLO
 # Code description (CodeDescript)
 #   0	NNLOJET_rev_5088
 #   1	Example for single jet inclusive production.
 #   2	Please adapt to selected process: 2jet
 #   3	Please cite:
 #   4	Currie, J.; Glover, E.W.N. & Pires, J., Phys. Rev. Lett., 2017, 118, 072002 [arXiv:1611.01460]
 #   5	2jet
 #   6	PC: Please check and modify NNLOJET references according to selected process.
 #===================== fastNLO Table: CoeffAddBase ====================
 # No. of events (Nevt)                1.000000
 # Weight of table [=Nevt] (fWgtNevt)  1.000000
 # Number of tables merged together    7750
 # No. of filled events (WgtNumEv)     4261645503961
 # Sum of weights squared (WgtSumW2)   1217487700000000032143089951866176460943974727680.000000
 # Sum of sigma squared (SigSumW2)     45612445999999997350424508104704.000000
 # Sum of sigma (SigSum)               16543115000000000.000000
 # Sigma / Nevt (SigSum/WgtNevt)       16543115000000000.000000
 # Abs. order in a_s (Npow)            4
 # No. of hadrons involved (NPDF)      2
 # Type(s) of hadrons (NPDFPDG)
 #   0	2212
 #   1	2212
 # PDF storage format (NPDFDim)        2
 #   --> x-interpolation storage format: Full-Matrix
 # Observable bin no. 1
 #   No. of X1 nodes (XNode1[i].size())          20
 # Observable bin no. 12
 #   No. of X1 nodes (XNode1[i].size())          20
 # No. of scales involved (NScales)    1
 # Scale descriptions (ScaleDescript)
 #   0	ptavg_j12_[GeV]
 #   1	m12_[GeV]
 # No. of subprocess contributions     13
 #ISub  Processes
 #   0: (0,0), 
 #   1: (1,0), (2,0), (3,0), (4,0), (5,0), 
 #   2: (1,-1), (2,-2), (3,-3), (4,-4), (5,-5), 
 #   3: (0,1), (0,2), (0,3), (0,4), (0,5), 
 #   4: (-1,1), (-2,2), (-3,3), (-4,4), (-5,5), 
 #   5: (0,-1), (0,-2), (0,-3), (0,-4), (0,-5), 
 #   6: (-1,0), (-2,0), (-3,0), (-4,0), (-5,0), 
 #   7: (1,1), (1,2), (1,3), (1,4), (1,5), (2,1), (2,2), (2,3), (2,4), (2,5), (3,1), (3,2), (3,3), (3,4), (3,5), (4,1), (4,2), (4,3), (4,4), (4,5), (5,1), (5,2), (5,3), (5,4), (5,5), 
 #   8: (1,-1), (1,-2), (1,-3), (1,-4), (1,-5), (2,-1), (2,-2), (2,-3), (2,-4), (2,-5), (3,-1), (3,-2), (3,-3), (3,-4), (3,-5), (4,-1), (4,-2), (4,-3), (4,-4), (4,-5), (5,-1), (5,-2), (5,-3), (5,-4), (5,-5), 
 #   9: (-1,1), (-1,2), (-1,3), (-1,4), (-1,5), (-2,1), (-2,2), (-2,3), (-2,4), (-2,5), (-3,1), (-3,2), (-3,3), (-3,4), (-3,5), (-4,1), (-4,2), (-4,3), (-4,4), (-4,5), (-5,1), (-5,2), (-5,3), (-5,4), (-5,5), 
 #  10: (-1,-1), (-1,-2), (-1,-3), (-1,-4), (-1,-5), (-2,-1), (-2,-2), (-2,-3), (-2,-4), (-2,-5), (-3,-1), (-3,-2), (-3,-3), (-3,-4), (-3,-5), (-4,-1), (-4,-2), (-4,-3), (-4,-4), (-4,-5), (-5,-1), (-5,-2), (-5,-3), (-5,-4), (-5,-5), 
 #  11: (1,1), (2,2), (3,3), (4,4), (5,5), 
 #  12: (-1,-1), (-2,-2), (-3,-3), (-4,-4), (-5,-5), 
 #===================== fastNLO Table: CoeffAddFlex ====================
 # No. of scale1 nodes (Nscalenode1)   6
 # No. of scale2 nodes (Nscalenode2)   6
 ##################################################################################
LHAPDF 6.3.0 loading /home/rabbertz/local/share/LHAPDF/CT14nnlo/CT14nnlo_0000.dat
CT14nnlo PDF set, member #0, version 1; LHAPDF ID = 13000
LHAPDF 6.3.0 loading /home/rabbertz/local/share/LHAPDF/CT14nnlo/CT14nnlo_0000.dat
CT14nnlo PDF set, member #0, version 1; LHAPDF ID = 13000

 ##################################################################################################################################################################
 # [fnlo-tk-cppread] Calculate my cross sections
 ##################################################################################################################################################################
 #=================================================================================================================================================================
 # My Cross Sections
 # The scale factors xmur, xmuf chosen here are:      1.000,      1.000
 #-----------------------------------------------------------------------------------------------------------------------------------------------------------------
 #IObs  BinSize  IODimO  [ Chi               ]  < ptavg_j12_ >  LO_cross_section   NLO_cross_section  NNLO_cross_section   KNLO      KNNLO
 #-----------------------------------------------------------------------------------------------------------------------------------------------------------------
     1  1.000         1   1.000       2.000      649.4          4.38011960896E+01  4.10404698577E+01  3.69864303397E+01    0.93697   0.90122
     2  1.000         2   2.000       3.000      599.7          3.68199263293E+01  3.39498702340E+01  3.08887581866E+01    0.92205   0.90983
     3  1.000         3   3.000       4.000      551.9          3.66005348473E+01  3.31477558555E+01  3.00076053539E+01    0.90566   0.90527
     4  1.000         4   4.000       5.000      512.2          3.74538108519E+01  3.33150042440E+01  3.08598131190E+01    0.88950   0.92630
     5  1.000         5   5.000       6.000      479.2          3.85162314575E+01  3.36905082380E+01  3.06321372161E+01    0.87471   0.90922
     6  1.000         6   6.000       7.000      451.5          3.95777930220E+01  3.42222144487E+01  3.08638890881E+01    0.86468   0.90187
     7  1.000         7   7.000       8.000      428.0          4.06091901569E+01  3.45969597579E+01  3.31525324869E+01    0.85195   0.95825
     8  1.000         8   8.000       9.000      407.9          4.15604252003E+01  3.49601735509E+01  3.07954472244E+01    0.84119   0.88087
     9  1.000         9   9.000       10.00      390.1          4.24788819231E+01  3.55180954476E+01  3.30065208164E+01    0.83614   0.92929
    10  2.000        10   10.00       12.00      367.5          4.37021679382E+01  3.59269153047E+01  3.17386877253E+01    0.82209   0.88342
    11  2.000        11   12.00       14.00      342.6          4.52027440447E+01  3.64530392309E+01  3.23303874499E+01    0.80643   0.88691
    12  2.000        12   14.00       16.00      322.1          4.65633170946E+01  3.71128306533E+01  3.45582328502E+01    0.79704   0.93117
 #=================================================================================================================================================================
 # My Cross Sections
 # The scale factors xmur, xmuf chosen here are:      0.500,      0.500
 #-----------------------------------------------------------------------------------------------------------------------------------------------------------------
 #IObs  BinSize  IODimO  [ Chi               ]  < ptavg_j12_ >  LO_cross_section   NLO_cross_section  NNLO_cross_section   KNLO      KNNLO
 #-----------------------------------------------------------------------------------------------------------------------------------------------------------------
     1  1.000         1   1.000       2.000      325.9          5.68774543754E+01  3.77821762138E+01  3.55642691805E+01    0.66427   0.94130
     2  1.000         2   2.000       3.000      301.1          4.78752843390E+01  3.09937489717E+01  2.98787863513E+01    0.64739   0.96403
     3  1.000         3   3.000       4.000      277.1          4.76770012238E+01  2.99457957450E+01  2.90968634012E+01    0.62810   0.97165
     4  1.000         4   4.000       5.000      257.2          4.88802870920E+01  2.97623385564E+01  3.02686511823E+01    0.60888   1.01701
     5  1.000         5   5.000       6.000      240.8          5.03569831628E+01  2.97718004775E+01  2.95804552724E+01    0.59121   0.99357
     6  1.000         6   6.000       7.000      226.9          5.18324313908E+01  2.99905590721E+01  2.96879268323E+01    0.57861   0.98991
     7  1.000         7   7.000       8.000      215.1          5.32672285114E+01  3.00023457589E+01  3.32262734351E+01    0.56324   1.10746
     8  1.000         8   8.000       9.000      205.1          5.45951269327E+01  3.00305389470E+01  2.93932238741E+01    0.55006   0.97878
     9  1.000         9   9.000       10.00      196.2          5.58778680854E+01  3.03661683771E+01  3.30622685297E+01    0.54344   1.08879
    10  2.000        10   10.00       12.00      184.9          5.75954615580E+01  3.02933866294E+01  3.04183760840E+01    0.52597   1.00413
    11  2.000        11   12.00       14.00      172.5          5.97067226934E+01  3.02578830819E+01  3.11337195570E+01    0.50678   1.02895
    12  2.000        12   14.00       16.00      162.2          6.16281351625E+01  3.04591939928E+01  3.49739877798E+01    0.49424   1.14822
 #=================================================================================================================================================================
 # My Cross Sections
 # The scale factors xmur, xmuf chosen here are:      2.000,      2.000
 #-----------------------------------------------------------------------------------------------------------------------------------------------------------------
 #IObs  BinSize  IODimO  [ Chi               ]  < ptavg_j12_ >  LO_cross_section   NLO_cross_section  NNLO_cross_section   KNLO      KNNLO
 #-----------------------------------------------------------------------------------------------------------------------------------------------------------------
     1  1.000         1   1.000       2.000      1296.          3.43691750735E+01  4.02961689686E+01  3.82141216200E+01    1.17245   0.94833
     2  1.000         2   2.000       3.000      1197.          2.88610526564E+01  3.34495707184E+01  3.18360398576E+01    1.15899   0.95176
     3  1.000         3   3.000       4.000      1102.          2.86462992344E+01  3.27950403361E+01  3.09638565087E+01    1.14483   0.94416
     4  1.000         4   4.000       5.000      1022.          2.92673304434E+01  3.31021719852E+01  3.16670003840E+01    1.13103   0.95664
     5  1.000         5   5.000       6.000      956.3          3.00507821047E+01  3.36113042832E+01  3.17542281471E+01    1.11848   0.94475
     6  1.000         6   6.000       7.000      901.0          3.08340749268E+01  3.42398687257E+01  3.21088826351E+01    1.11046   0.93776
     7  1.000         7   7.000       8.000      853.9          3.15949039507E+01  3.47469998596E+01  3.37399821865E+01    1.09977   0.97102
     8  1.000         8   8.000       9.000      813.7          3.22946078634E+01  3.52298697611E+01  3.23224806522E+01    1.09089   0.91747
     9  1.000         9   9.000       10.00      778.2          3.29701326900E+01  3.58385357082E+01  3.37921205569E+01    1.08700   0.94290
    10  2.000        10   10.00       12.00      733.0          3.38654334776E+01  3.64268675648E+01  3.33478982359E+01    1.07564   0.91548
    11  2.000        11   12.00       14.00      683.2          3.49611966779E+01  3.71540446064E+01  3.39793352674E+01    1.06272   0.91455
    12  2.000        12   14.00       16.00      642.2          3.59509643346E+01  3.79550102776E+01  3.54493114994E+01    1.05574   0.93398
 #=================================================================================================================================================================
 # My Cross Sections
 # The scale factors xmur, xmuf chosen here are:      0.500,      1.000
 #-----------------------------------------------------------------------------------------------------------------------------------------------------------------
 #IObs  BinSize  IODimO  [ Chi               ]  < ptavg_j12_ >  LO_cross_section   NLO_cross_section  NNLO_cross_section   KNLO      KNNLO
 #-----------------------------------------------------------------------------------------------------------------------------------------------------------------
     1  1.000         1   1.000       2.000      325.4          5.17727113137E+01  3.95272460872E+01  3.56793510758E+01    0.76348   0.90265
     2  1.000         2   2.000       3.000      300.6          4.35956388997E+01  3.25002708943E+01  2.98968743063E+01    0.74549   0.91990
     3  1.000         3   3.000       4.000      276.7          4.34141949277E+01  3.15063018358E+01  2.90875730410E+01    0.72571   0.92323
     4  1.000         4   4.000       5.000      256.8          4.44996591633E+01  3.14304579600E+01  3.01734342724E+01    0.70631   0.96001
     5  1.000         5   5.000       6.000      240.3          4.58300941116E+01  3.15600690938E+01  2.95160437971E+01    0.68863   0.93523
     6  1.000         6   6.000       7.000      226.5          4.71574783263E+01  3.18861005468E+01  2.97207864513E+01    0.67616   0.93209
     7  1.000         7   7.000       8.000      214.7          4.84470530116E+01  3.20184820308E+01  3.27668650281E+01    0.66090   1.02337
     8  1.000         8   8.000       9.000      204.7          4.96390608397E+01  3.21576065488E+01  2.94814136919E+01    0.64783   0.91678
     9  1.000         9   9.000       10.00      195.7          5.07901377928E+01  3.25753878538E+01  3.25793003661E+01    0.64137   1.00012
    10  2.000        10   10.00       12.00      184.4          5.23288276258E+01  3.26624492603E+01  3.03833637195E+01    0.62418   0.93022
    11  2.000        11   12.00       14.00      172.0          5.42195315350E+01  3.28135663589E+01  3.10171248897E+01    0.60520   0.94525
    12  2.000        12   14.00       16.00      161.8          5.59382741382E+01  3.31746789562E+01  3.44019989426E+01    0.59306   1.03700
 #=================================================================================================================================================================
 # My Cross Sections
 # The scale factors xmur, xmuf chosen here are:      1.000,      0.500
 #-----------------------------------------------------------------------------------------------------------------------------------------------------------------
 #IObs  BinSize  IODimO  [ Chi               ]  < ptavg_j12_ >  LO_cross_section   NLO_cross_section  NNLO_cross_section   KNLO      KNNLO
 #-----------------------------------------------------------------------------------------------------------------------------------------------------------------
     1  1.000         1   1.000       2.000      650.0          4.81201653579E+01  4.06961725748E+01  3.66165315573E+01    0.84572   0.89975
     2  1.000         2   2.000       3.000      600.3          4.04346036809E+01  3.36368831150E+01  3.06308820126E+01    0.83188   0.91063
     3  1.000         3   3.000       4.000      552.4          4.01944988355E+01  3.27998061978E+01  2.97513264475E+01    0.81603   0.90706
     4  1.000         4   4.000       5.000      512.7          4.11410269327E+01  3.29173038094E+01  3.06469509570E+01    0.80011   0.93103
     5  1.000         5   5.000       6.000      479.7          4.23208959004E+01  3.32386975427E+01  3.03880025873E+01    0.78540   0.91424
     6  1.000         6   6.000       7.000      452.0          4.35015532682E+01  3.37269045064E+01  3.05234687478E+01    0.77530   0.90502
     7  1.000         7   7.000       8.000      428.4          4.46497803336E+01  3.40471001448E+01  3.31395849248E+01    0.76254   0.97335
     8  1.000         8   8.000       9.000      408.3          4.57101474020E+01  3.43612679431E+01  3.03617809851E+01    0.75172   0.88360
     9  1.000         9   9.000       10.00      390.5          4.67343143083E+01  3.48902466024E+01  3.29457263340E+01    0.74657   0.94427
    10  2.000        10   10.00       12.00      367.9          4.81008366131E+01  3.52255569298E+01  3.13490560625E+01    0.73233   0.88995
    11  2.000        11   12.00       14.00      343.0          4.97776906258E+01  3.56686231037E+01  3.19592964047E+01    0.71656   0.89601
    12  2.000        12   14.00       16.00      322.5          5.12998900916E+01  3.62625370239E+01  3.44363592085E+01    0.70687   0.94964
 #=================================================================================================================================================================
 # My Cross Sections
 # The scale factors xmur, xmuf chosen here are:      1.000,      2.000
 #-----------------------------------------------------------------------------------------------------------------------------------------------------------------
 #IObs  BinSize  IODimO  [ Chi               ]  < ptavg_j12_ >  LO_cross_section   NLO_cross_section  NNLO_cross_section   KNLO      KNNLO
 #-----------------------------------------------------------------------------------------------------------------------------------------------------------------
     1  1.000         1   1.000       2.000      648.8          4.00866699553E+01  4.13595578986E+01  3.73192790432E+01    1.03175   0.90231
     2  1.000         2   2.000       3.000      599.2          3.37101512325E+01  3.42465736756E+01  3.11224988125E+01    1.01591   0.90878
     3  1.000         3   3.000       4.000      551.5          3.35090741168E+01  3.34811095840E+01  3.02392392130E+01    0.99917   0.90317
     4  1.000         4   4.000       5.000      511.7          3.42831898541E+01  3.36973151433E+01  3.10504955638E+01    0.98291   0.92145
     5  1.000         5   5.000       6.000      478.8          3.52457932896E+01  3.41248616909E+01  3.08558203100E+01    0.96820   0.90420
     6  1.000         6   6.000       7.000      451.1          3.62062308551E+01  3.46990158636E+01  3.11590668394E+01    0.95837   0.89798
     7  1.000         7   7.000       8.000      427.6          3.71385017449E+01  3.51252806465E+01  3.31738642444E+01    0.94579   0.94444
     8  1.000         8   8.000       9.000      407.5          3.79972882979E+01  3.55350952489E+01  3.11650771556E+01    0.93520   0.87702
     9  1.000         9   9.000       10.00      389.7          3.88262207348E+01  3.61217814861E+01  3.30716759280E+01    0.93035   0.91556
    10  2.000        10   10.00       12.00      367.1          3.99284071902E+01  3.65997629111E+01  3.20735310433E+01    0.91663   0.87633
    11  2.000        11   12.00       14.00      342.2          4.12799383165E+01  3.72049004248E+01  3.26493841125E+01    0.90128   0.87756
    12  2.000        12   14.00       16.00      321.7          4.25038944541E+01  3.79277902185E+01  3.46582259602E+01    0.89234   0.91380
 #=================================================================================================================================================================
 # My Cross Sections
 # The scale factors xmur, xmuf chosen here are:      2.000,      1.000
 #-----------------------------------------------------------------------------------------------------------------------------------------------------------------
 #IObs  BinSize  IODimO  [ Chi               ]  < ptavg_j12_ >  LO_cross_section   NLO_cross_section  NNLO_cross_section   KNLO      KNNLO
 #-----------------------------------------------------------------------------------------------------------------------------------------------------------------
     1  1.000         1   1.000       2.000      1297.          3.75540280426E+01  4.07342799638E+01  3.79812720800E+01    1.08468   0.93242
     2  1.000         2   2.000       3.000      1198.          3.15236016205E+01  3.37975371851E+01  3.16726034771E+01    1.07213   0.93713
     3  1.000         3   3.000       4.000      1102.          3.12892379675E+01  3.31155999367E+01  3.07918495251E+01    1.05837   0.92983
     4  1.000         4   4.000       5.000      1023.          3.19741797105E+01  3.34038244095E+01  3.15203860559E+01    1.04471   0.94362
     5  1.000         5   5.000       6.000      956.9          3.28392969782E+01  3.38952794901E+01  3.15850794137E+01    1.03216   0.93184
     6  1.000         6   6.000       7.000      901.5          3.37055014884E+01  3.45141601491E+01  3.18784507532E+01    1.02399   0.92363
     7  1.000         7   7.000       8.000      854.5          3.45476591378E+01  3.50039203697E+01  3.37037189358E+01    1.01321   0.96286
     8  1.000         8   8.000       9.000      814.2          3.53231197823E+01  3.54719953203E+01  3.20189126327E+01    1.00421   0.90265
     9  1.000         9   9.000       10.00      778.7          3.60720095056E+01  3.60785615319E+01  3.36982909074E+01    1.00018   0.93403
    10  2.000        10   10.00       12.00      733.5          3.70663088385E+01  3.66420574345E+01  3.30600694644E+01    0.98855   0.90224
    11  2.000        11   12.00       14.00      683.7          3.82836935763E+01  3.73430100082E+01  3.36916163773E+01    0.97543   0.90222
    12  2.000        12   14.00       16.00      642.7          3.93847040945E+01  3.81280955914E+01  3.52889148360E+01    0.96809   0.92554
