 ##################################################################################
 # INFO.    [fnlo-tk-cppread] Program to read fastNLO tables and derive
 # INFO.    [fnlo-tk-cppread] QCD cross sections using PDFs e.g. from LHAPDF
 #---------------------------------------------------------------------------------
 # INFO.    [fnlo-tk-cppread] For more explanations type:
 # INFO.    [fnlo-tk-cppread] ./fnlo-tk-cppread -h
 # INFO.    [fnlo-tk-cppread] For version number printout type:
 # INFO.    [fnlo-tk-cppread] ./fnlo-tk-cppread -v
 ##################################################################################

 ##################################################################################
 # [fnlo-tk-cppread] fastNLO Cross-Section Calculator
 #---------------------------------------------------------------------------------
 # [fnlo-tk-cppread] Evaluating table: 2jet.NNLO.fnl5662j_mjj9_chi.tab.gz
 # [fnlo-tk-cppread] Using PDF set   : CT14nlo
 # [fnlo-tk-cppread] If possible, will try to do 7 scale factor variations.
 # [fnlo-tk-cppread] Using alpha_s evolution code: LHAPDF
 # [fnlo-tk-cppread] Preparing unnormalized cross sections,
 # [fnlo-tk-cppread] Using scale definition scale1
 # [fnlo-tk-cppread] No request given for no. of flavours,
 #             using default value for LHAPDF or Nf = 5.
 # [fnlo-tk-cppread] No request given for no. of loops,
 #             using default value for LHAPDF or NLoop = 2.
 # [fnlo-tk-cppread] No request given for value of alpha_s(M_Z),
 #             using default value for LHAPDF or asMz = 0.1181.
 # [fnlo-tk-cppread] No request given for value of M_Z,
 #             using default value for LHAPDF or Mz = 91.1876.
 ##################################################################################

 ##################################################################################
 #
 # [0;31mfast[0;34mNLO[0m_toolkit
 # Version 2.3.1_2657-32-g0bd1223
 #
 # C++ program and toolkit to read and create fastNLO v2 tables and
 # derive QCD cross sections using PDFs, e.g. from LHAPDF
 #
 #---------------------------------------------------------------------------------
 #
 # Copyright © 2005-2019 [0;31mfast[0;34mNLO[0m Collaboration
 # D. Britzger, T. Kluge, K. Rabbertz, F. Stober, G. Sieber, M. Wobisch
 #
 # This program is free software: you can redistribute it and/or modify
 # it under the terms of the GNU General Public License as published by
 # the Free Software Foundation, either version 3 of the License, or
 # (at your option) any later version.
 #
 # This program is distributed in the hope that it will be useful,
 # but WITHOUT ANY WARRANTY; without even the implied warranty of
 # MERCHANTABILITY or FITNESS FOR A PARTICULAR PURPOSE. See the
 # GNU General Public License for more details.
 #
 # You should have received a copy of the GNU General Public License
 # along with this program. If not, see <http://www.gnu.org/licenses/>.
 #
 #---------------------------------------------------------------------------------
 #
 # The projects web page can be found at:
 #   http://projects.hepforge.org/fastnlo
 #
 # If you use this code, please cite:
 #   T. Kluge, K. Rabbertz, M. Wobisch, hep-ph/0609285
 #   D. Britzger, T. Kluge, K. Rabbertz, F. Stober, M. Wobisch, arXiv:1109.1310
 #
 ##################################################################################

 ##################################################################################
 # Overview on contribution types and numbers contained in table: 2jet.NNLO.fnl5662j_mjj9_chi.tab.gz
 #---------------------------------------------------------------------------------
 # Total number of contributions:  3
 #   No.: 1, type: Fixed order calculation       , Id: 0, order: LO                  , by: NNLOJET_rev_5088
 #   No.: 2, type: Fixed order calculation       , Id: 1, order: NLO                 , by: NNLOJET_rev_5088
 #   No.: 3, type: Fixed order calculation       , Id: 2, order: NNLO                , by: NNLOJET_rev_5088
 ##################################################################################

 ##################################################################################
 # Information on table header
 #---------------------------------------------------------------------------------
 #===================== fastNLO Table: Header ====================
 # Table version (Itabversion)         23600
 # Scenario name (ScenName)            fnl5662j
 # Theory contributions (Ncontrib)     3
 # Data contribution 0/1 (Ndata)       0
 ##################################################################################

 ##################################################################################
 # Information on fastNLO scenario: fnl5662j
 #---------------------------------------------------------------------------------
 #===================== fastNLO Table: Scenario ====================
 # Scenario description (ScDescript)
 #   0	d2sigma-dijet_dChi_dMjj_[pb_GeV]
 #   1	CMS_Collaboration
 #   2	Dijet_Chi
 #   3	anti-kT_R=0.4
 #   4	THEORY_LABEL=NNLOJET
 #   5	provided by:
 #   6	fastNLO_2.3.1
 #   7	If you use this table, please cite:
 #   8	  D. Britzger, T. Kluge, K. Rabbertz, F. Stober, M. Wobisch, arXiv:1109.1310
 #
 # Publ. x section (10^-Ipublunits b)  12
 # Centre-of-mass energy (Ecms/GeV)    13000
 # Power in a_s of LO process (ILOord) 2
 # No. of observable bins (NObsBin)    12
 # Dim. of observable binning (NDim)   1
 #
 # Dimension labels (DimLabel)
 #   0	Chi
 # Differential dimension (IDiffBin)
 #   0	2
 #
 # Total no. of contributions (theory + optional data) in this table: 3
 ##################################################################################

 ##################################################################################
 # Information on table contribution no. 0: LO
 #---------------------------------------------------------------------------------
 #===================== fastNLO Table: CoeffBase ====================
 # Contribution description (CtrbDescript)
 #   0	LO
 # Code description (CodeDescript)
 #   0	NNLOJET_rev_5088
 #   1	Example for single jet inclusive production.
 #   2	Please adapt to selected process: 2jet
 #   3	Please cite:
 #   4	Currie, J.; Glover, E.W.N. & Pires, J., Phys. Rev. Lett., 2017, 118, 072002 [arXiv:1611.01460]
 #   5	2jet
 #   6	PC: Please check and modify NNLOJET references according to selected process.
 #===================== fastNLO Table: CoeffAddBase ====================
 # No. of events (Nevt)                0.000000
 # Weight of table [=Nevt] (fWgtNevt)  0.000000
 # Number of tables merged together    100
 # No. of filled events (WgtNumEv)     3468450116
 # Sum of weights squared (WgtSumW2)   8994931200000.000000
 # Sum of sigma squared (SigSumW2)     0.005430
 # Sum of sigma (SigSum)               315.782370
 # Sigma / Nevt (SigSum/WgtNevt)       305547299340346757308390257542227601936875520.000000
 # Abs. order in a_s (Npow)            2
 # No. of hadrons involved (NPDF)      2
 # Type(s) of hadrons (NPDFPDG)
 #   0	2212
 #   1	2212
 # PDF storage format (NPDFDim)        2
 #   --> x-interpolation storage format: Full-Matrix
 # Observable bin no. 1
 #   No. of X1 nodes (XNode1[i].size())          20
 # Observable bin no. 12
 #   No. of X1 nodes (XNode1[i].size())          20
 # No. of scales involved (NScales)    1
 # Scale descriptions (ScaleDescript)
 #   0	ptavg_j12_[GeV]
 #   1	m12_[GeV]
 # No. of subprocess contributions     13
 #ISub  Processes
 #   0: (0,0), 
 #   1: (1,0), (2,0), (3,0), (4,0), (5,0), 
 #   2: (1,-1), (2,-2), (3,-3), (4,-4), (5,-5), 
 #   3: (0,1), (0,2), (0,3), (0,4), (0,5), 
 #   4: (-1,1), (-2,2), (-3,3), (-4,4), (-5,5), 
 #   5: (0,-1), (0,-2), (0,-3), (0,-4), (0,-5), 
 #   6: (-1,0), (-2,0), (-3,0), (-4,0), (-5,0), 
 #   7: (1,-1), (1,-2), (1,-3), (1,-4), (1,-5), (2,-1), (2,-2), (2,-3), (2,-4), (2,-5), (3,-1), (3,-2), (3,-3), (3,-4), (3,-5), (4,-1), (4,-2), (4,-3), (4,-4), (4,-5), (5,-1), (5,-2), (5,-3), (5,-4), (5,-5), 
 #   8: (1,1), (1,2), (1,3), (1,4), (1,5), (2,1), (2,2), (2,3), (2,4), (2,5), (3,1), (3,2), (3,3), (3,4), (3,5), (4,1), (4,2), (4,3), (4,4), (4,5), (5,1), (5,2), (5,3), (5,4), (5,5), 
 #   9: (-1,-1), (-1,-2), (-1,-3), (-1,-4), (-1,-5), (-2,-1), (-2,-2), (-2,-3), (-2,-4), (-2,-5), (-3,-1), (-3,-2), (-3,-3), (-3,-4), (-3,-5), (-4,-1), (-4,-2), (-4,-3), (-4,-4), (-4,-5), (-5,-1), (-5,-2), (-5,-3), (-5,-4), (-5,-5), 
 #  10: (-1,1), (-1,2), (-1,3), (-1,4), (-1,5), (-2,1), (-2,2), (-2,3), (-2,4), (-2,5), (-3,1), (-3,2), (-3,3), (-3,4), (-3,5), (-4,1), (-4,2), (-4,3), (-4,4), (-4,5), (-5,1), (-5,2), (-5,3), (-5,4), (-5,5), 
 #  11: (1,1), (2,2), (3,3), (4,4), (5,5), 
 #  12: (-1,-1), (-2,-2), (-3,-3), (-4,-4), (-5,-5), 
 #===================== fastNLO Table: CoeffAddFlex ====================
 # No. of scale1 nodes (Nscalenode1)   6
 # No. of scale2 nodes (Nscalenode2)   6
 ##################################################################################

 ##################################################################################
 # Information on table contribution no. 1: NLO
 #---------------------------------------------------------------------------------
 #===================== fastNLO Table: CoeffBase ====================
 # Contribution description (CtrbDescript)
 #   0	NLO
 # Code description (CodeDescript)
 #   0	NNLOJET_rev_5088
 #   1	Example for single jet inclusive production.
 #   2	Please adapt to selected process: 2jet
 #   3	Please cite:
 #   4	Currie, J.; Glover, E.W.N. & Pires, J., Phys. Rev. Lett., 2017, 118, 072002 [arXiv:1611.01460]
 #   5	2jet
 #   6	PC: Please check and modify NNLOJET references according to selected process.
 #===================== fastNLO Table: CoeffAddBase ====================
 # No. of events (Nevt)                1.000000
 # Weight of table [=Nevt] (fWgtNevt)  1.000000
 # Number of tables merged together    200
 # No. of filled events (WgtNumEv)     11278461850
 # Sum of weights squared (WgtSumW2)   8927034000000000374463266816.000000
 # Sum of sigma squared (SigSumW2)     39239835000.000000
 # Sum of sigma (SigSum)               56.436960
 # Sigma / Nevt (SigSum/WgtNevt)       56.436960
 # Abs. order in a_s (Npow)            3
 # No. of hadrons involved (NPDF)      2
 # Type(s) of hadrons (NPDFPDG)
 #   0	2212
 #   1	2212
 # PDF storage format (NPDFDim)        2
 #   --> x-interpolation storage format: Full-Matrix
 # Observable bin no. 1
 #   No. of X1 nodes (XNode1[i].size())          20
 # Observable bin no. 12
 #   No. of X1 nodes (XNode1[i].size())          20
 # No. of scales involved (NScales)    1
 # Scale descriptions (ScaleDescript)
 #   0	ptavg_j12_[GeV]
 #   1	m12_[GeV]
 # No. of subprocess contributions     13
 #ISub  Processes
 #   0: (0,0), 
 #   1: (1,0), (2,0), (3,0), (4,0), (5,0), 
 #   2: (1,-1), (2,-2), (3,-3), (4,-4), (5,-5), 
 #   3: (0,1), (0,2), (0,3), (0,4), (0,5), 
 #   4: (-1,1), (-2,2), (-3,3), (-4,4), (-5,5), 
 #   5: (0,-1), (0,-2), (0,-3), (0,-4), (0,-5), 
 #   6: (-1,0), (-2,0), (-3,0), (-4,0), (-5,0), 
 #   7: (1,1), (1,2), (1,3), (1,4), (1,5), (2,1), (2,2), (2,3), (2,4), (2,5), (3,1), (3,2), (3,3), (3,4), (3,5), (4,1), (4,2), (4,3), (4,4), (4,5), (5,1), (5,2), (5,3), (5,4), (5,5), 
 #   8: (1,-1), (1,-2), (1,-3), (1,-4), (1,-5), (2,-1), (2,-2), (2,-3), (2,-4), (2,-5), (3,-1), (3,-2), (3,-3), (3,-4), (3,-5), (4,-1), (4,-2), (4,-3), (4,-4), (4,-5), (5,-1), (5,-2), (5,-3), (5,-4), (5,-5), 
 #   9: (-1,1), (-1,2), (-1,3), (-1,4), (-1,5), (-2,1), (-2,2), (-2,3), (-2,4), (-2,5), (-3,1), (-3,2), (-3,3), (-3,4), (-3,5), (-4,1), (-4,2), (-4,3), (-4,4), (-4,5), (-5,1), (-5,2), (-5,3), (-5,4), (-5,5), 
 #  10: (-1,-1), (-1,-2), (-1,-3), (-1,-4), (-1,-5), (-2,-1), (-2,-2), (-2,-3), (-2,-4), (-2,-5), (-3,-1), (-3,-2), (-3,-3), (-3,-4), (-3,-5), (-4,-1), (-4,-2), (-4,-3), (-4,-4), (-4,-5), (-5,-1), (-5,-2), (-5,-3), (-5,-4), (-5,-5), 
 #  11: (1,1), (2,2), (3,3), (4,4), (5,5), 
 #  12: (-1,-1), (-2,-2), (-3,-3), (-4,-4), (-5,-5), 
 #===================== fastNLO Table: CoeffAddFlex ====================
 # No. of scale1 nodes (Nscalenode1)   6
 # No. of scale2 nodes (Nscalenode2)   6
 ##################################################################################

 ##################################################################################
 # Information on table contribution no. 2: NNLO
 #---------------------------------------------------------------------------------
 #===================== fastNLO Table: CoeffBase ====================
 # Contribution description (CtrbDescript)
 #   0	NNLO
 # Code description (CodeDescript)
 #   0	NNLOJET_rev_5088
 #   1	Example for single jet inclusive production.
 #   2	Please adapt to selected process: 2jet
 #   3	Please cite:
 #   4	Currie, J.; Glover, E.W.N. & Pires, J., Phys. Rev. Lett., 2017, 118, 072002 [arXiv:1611.01460]
 #   5	2jet
 #   6	PC: Please check and modify NNLOJET references according to selected process.
 #===================== fastNLO Table: CoeffAddBase ====================
 # No. of events (Nevt)                1.000000
 # Weight of table [=Nevt] (fWgtNevt)  1.000000
 # Number of tables merged together    396
 # No. of filled events (WgtNumEv)     7097600107
 # Sum of weights squared (WgtSumW2)   20621030999999998739056540254208.000000
 # Sum of sigma squared (SigSumW2)     2769642500.000000
 # Sum of sigma (SigSum)               -13.056144
 # Sigma / Nevt (SigSum/WgtNevt)       -13.056144
 # Abs. order in a_s (Npow)            4
 # No. of hadrons involved (NPDF)      2
 # Type(s) of hadrons (NPDFPDG)
 #   0	2212
 #   1	2212
 # PDF storage format (NPDFDim)        2
 #   --> x-interpolation storage format: Full-Matrix
 # Observable bin no. 1
 #   No. of X1 nodes (XNode1[i].size())          20
 # Observable bin no. 12
 #   No. of X1 nodes (XNode1[i].size())          20
 # No. of scales involved (NScales)    1
 # Scale descriptions (ScaleDescript)
 #   0	ptavg_j12_[GeV]
 #   1	m12_[GeV]
 # No. of subprocess contributions     13
 #ISub  Processes
 #   0: (0,0), 
 #   1: (1,0), (2,0), (3,0), (4,0), (5,0), 
 #   2: (1,-1), (2,-2), (3,-3), (4,-4), (5,-5), 
 #   3: (0,1), (0,2), (0,3), (0,4), (0,5), 
 #   4: (-1,1), (-2,2), (-3,3), (-4,4), (-5,5), 
 #   5: (0,-1), (0,-2), (0,-3), (0,-4), (0,-5), 
 #   6: (-1,0), (-2,0), (-3,0), (-4,0), (-5,0), 
 #   7: (1,1), (1,2), (1,3), (1,4), (1,5), (2,1), (2,2), (2,3), (2,4), (2,5), (3,1), (3,2), (3,3), (3,4), (3,5), (4,1), (4,2), (4,3), (4,4), (4,5), (5,1), (5,2), (5,3), (5,4), (5,5), 
 #   8: (1,-1), (1,-2), (1,-3), (1,-4), (1,-5), (2,-1), (2,-2), (2,-3), (2,-4), (2,-5), (3,-1), (3,-2), (3,-3), (3,-4), (3,-5), (4,-1), (4,-2), (4,-3), (4,-4), (4,-5), (5,-1), (5,-2), (5,-3), (5,-4), (5,-5), 
 #   9: (-1,1), (-1,2), (-1,3), (-1,4), (-1,5), (-2,1), (-2,2), (-2,3), (-2,4), (-2,5), (-3,1), (-3,2), (-3,3), (-3,4), (-3,5), (-4,1), (-4,2), (-4,3), (-4,4), (-4,5), (-5,1), (-5,2), (-5,3), (-5,4), (-5,5), 
 #  10: (-1,-1), (-1,-2), (-1,-3), (-1,-4), (-1,-5), (-2,-1), (-2,-2), (-2,-3), (-2,-4), (-2,-5), (-3,-1), (-3,-2), (-3,-3), (-3,-4), (-3,-5), (-4,-1), (-4,-2), (-4,-3), (-4,-4), (-4,-5), (-5,-1), (-5,-2), (-5,-3), (-5,-4), (-5,-5), 
 #  11: (1,1), (2,2), (3,3), (4,4), (5,5), 
 #  12: (-1,-1), (-2,-2), (-3,-3), (-4,-4), (-5,-5), 
 #===================== fastNLO Table: CoeffAddFlex ====================
 # No. of scale1 nodes (Nscalenode1)   6
 # No. of scale2 nodes (Nscalenode2)   6
 ##################################################################################
LHAPDF 6.2.1 loading /home/rabbertz/local.lx25/share/LHAPDF/CT14nlo/CT14nlo_0000.dat
CT14nlo PDF set, member #0, version 1; LHAPDF ID = 13100
LHAPDF 6.2.1 loading /home/rabbertz/local.lx25/share/LHAPDF/CT14nlo/CT14nlo_0000.dat
CT14nlo PDF set, member #0, version 1; LHAPDF ID = 13100

 ##################################################################################################################################################################
 # [fnlo-tk-cppread] Calculate my cross sections
 ##################################################################################################################################################################
 #=================================================================================================================================================================
 # My Cross Sections
 # The scale factors xmur, xmuf chosen here are:      1.000,      1.000
 #-----------------------------------------------------------------------------------------------------------------------------------------------------------------
 #IObs  BinSize  IODimO  [ Chi               ]  < ptavg_j12_ >  LO_cross_section   NLO_cross_section  NNLO_cross_section   KNLO      KNNLO
 #-----------------------------------------------------------------------------------------------------------------------------------------------------------------
     1  1.000         1   1.000       2.000      3098.          2.39797187291E-04  2.76085341371E-04  2.74367930291E-04    1.15133   0.99378
     2  1.000         2   2.000       3.000      2860.          2.21221607207E-04  2.39887996929E-04  2.19522674413E-04    1.08438   0.91510
     3  1.000         3   3.000       4.000      2631.          2.33638949051E-04  2.37672716997E-04  2.15099213779E-04    1.01726   0.90502
     4  1.000         4   4.000       5.000      2441.          2.48012301876E-04  2.40354288586E-04  2.17043581857E-04    0.96912   0.90302
     5  1.000         5   5.000       6.000      2283.          2.61600367759E-04  2.45586970945E-04  1.98558506274E-04    0.93879   0.80851
     6  1.000         6   6.000       7.000      2151.          2.73687107156E-04  2.46458459164E-04  2.48938341544E-04    0.90051   1.01006
     7  1.000         7   7.000       8.000      2040.          2.84877973258E-04  2.53132442471E-04  2.16753358436E-04    0.88856   0.85628
     8  1.000         8   8.000       9.000      1942.          2.94809550454E-04  2.53688913004E-04  2.21546868148E-04    0.86052   0.87330
     9  1.000         9   9.000       10.00      1857.          3.03912367068E-04  2.51443968048E-04  2.13927504537E-04    0.82736   0.85080
    10  2.000        10   10.00       12.00      1749.          3.16459339860E-04  2.62871830237E-04  2.21783411844E-04    0.83067   0.84369
    11  2.000        11   12.00       14.00      1630.          3.31253006320E-04  2.53428302976E-04  2.47926368977E-04    0.76506   0.97829
    12  2.000        12   14.00       16.00      1532.          3.44938783679E-04  2.64738485637E-04  1.82754965188E-04    0.76749   0.69032
 #=================================================================================================================================================================
 # My Cross Sections
 # The scale factors xmur, xmuf chosen here are:      0.500,      0.500
 #-----------------------------------------------------------------------------------------------------------------------------------------------------------------
 #IObs  BinSize  IODimO  [ Chi               ]  < ptavg_j12_ >  LO_cross_section   NLO_cross_section  NNLO_cross_section   KNLO      KNNLO
 #-----------------------------------------------------------------------------------------------------------------------------------------------------------------
     1  1.000         1   1.000       2.000      1549.          3.31813760160E-04  2.76450552149E-04  2.73167341437E-04    0.83315   0.98812
     2  1.000         2   2.000       3.000      1430.          3.06498823190E-04  2.33246425700E-04  2.10167433534E-04    0.76100   0.90105
     3  1.000         3   3.000       4.000      1315.          3.24362695019E-04  2.23194339128E-04  2.03875936459E-04    0.68810   0.91345
     4  1.000         4   4.000       5.000      1220.          3.45078118946E-04  2.19128067566E-04  2.01970133692E-04    0.63501   0.92170
     5  1.000         5   5.000       6.000      1141.          3.64772790419E-04  2.19207587652E-04  1.79895583832E-04    0.60094   0.82066
     6  1.000         6   6.000       7.000      1075.          3.82397446440E-04  2.13414084745E-04  2.53236048262E-04    0.55809   1.18659
     7  1.000         7   7.000       8.000      1020.          3.98771090718E-04  2.15983756946E-04  2.04687574736E-04    0.54162   0.94770
     8  1.000         8   8.000       9.000      970.9          4.13380113575E-04  2.11074687308E-04  1.99024567964E-04    0.51061   0.94291
     9  1.000         9   9.000       10.00      927.7          4.26809529609E-04  2.02553762858E-04  2.05011295371E-04    0.47458   1.01213
    10  2.000        10   10.00       12.00      874.1          4.45388816845E-04  2.11489538951E-04  2.10468750839E-04    0.47484   0.99517
    11  2.000        11   12.00       14.00      814.7          4.67443330385E-04  1.87739392484E-04  2.11004217548E-04    0.40163   1.12392
    12  2.000        12   14.00       16.00      765.1          4.87910752669E-04  1.96457444480E-04  1.60665560966E-04    0.40265   0.81781
 #=================================================================================================================================================================
 # My Cross Sections
 # The scale factors xmur, xmuf chosen here are:      2.000,      2.000
 #-----------------------------------------------------------------------------------------------------------------------------------------------------------------
 #IObs  BinSize  IODimO  [ Chi               ]  < ptavg_j12_ >  LO_cross_section   NLO_cross_section  NNLO_cross_section   KNLO      KNNLO
 #-----------------------------------------------------------------------------------------------------------------------------------------------------------------
     1  1.000         1   1.000       2.000      6194.          1.77197401516E-04  2.53069125206E-04  2.74365561025E-04    1.42818   1.08415
     2  1.000         2   2.000       3.000      5719.          1.63276862478E-04  2.22988313887E-04  2.25563413775E-04    1.36571   1.01155
     3  1.000         3   3.000       4.000      5263.          1.72134245484E-04  2.24370633473E-04  2.23379987052E-04    1.30346   0.99558
     4  1.000         4   4.000       5.000      4882.          1.82388536462E-04  2.29697967978E-04  2.27903316172E-04    1.25939   0.99219
     5  1.000         5   5.000       6.000      4567.          1.92040919494E-04  2.36608896995E-04  2.14274612189E-04    1.23208   0.90561
     6  1.000         6   6.000       7.000      4302.          2.00577799029E-04  2.40201968136E-04  2.51735821438E-04    1.19755   1.04802
     7  1.000         7   7.000       8.000      4080.          2.08450510249E-04  2.47906127696E-04  2.30744264440E-04    1.18928   0.93077
     8  1.000         8   8.000       9.000      3885.          2.15395586704E-04  2.50641833051E-04  2.40252489780E-04    1.16363   0.95855
     9  1.000         9   9.000       10.00      3715.          2.21737463932E-04  2.51170587731E-04  2.29427184706E-04    1.13274   0.91343
    10  2.000        10   10.00       12.00      3499.          2.30449150616E-04  2.62351935558E-04  2.38207791211E-04    1.13844   0.90797
    11  2.000        11   12.00       14.00      3261.          2.40669912862E-04  2.59695160196E-04  2.73094056975E-04    1.07905   1.05159
    12  2.000        12   14.00       16.00      3064.          2.50118962717E-04  2.70732638659E-04  2.11413215292E-04    1.08242   0.78089
 #=================================================================================================================================================================
 # My Cross Sections
 # The scale factors xmur, xmuf chosen here are:      0.500,      1.000
 #-----------------------------------------------------------------------------------------------------------------------------------------------------------------
 #IObs  BinSize  IODimO  [ Chi               ]  < ptavg_j12_ >  LO_cross_section   NLO_cross_section  NNLO_cross_section   KNLO      KNNLO
 #-----------------------------------------------------------------------------------------------------------------------------------------------------------------
     1  1.000         1   1.000       2.000      1549.          2.75756623441E-04  2.81881738146E-04  2.72255121805E-04    1.02221   0.96585
     2  1.000         2   2.000       3.000      1430.          2.54687714918E-04  2.41733717003E-04  2.12448966367E-04    0.94914   0.87886
     3  1.000         3   3.000       4.000      1316.          2.69312572831E-04  2.35923485559E-04  2.07799986073E-04    0.87602   0.88079
     4  1.000         4   4.000       5.000      1220.          2.86206807982E-04  2.35656193915E-04  2.06424035884E-04    0.82338   0.87595
     5  1.000         5   5.000       6.000      1141.          3.02202523792E-04  2.38674215170E-04  1.87480003603E-04    0.78978   0.78551
     6  1.000         6   6.000       7.000      1075.          3.16463570838E-04  2.36623879097E-04  2.44811728031E-04    0.74771   1.03460
     7  1.000         7   7.000       8.000      1020.          3.29684114415E-04  2.41577408036E-04  2.06691862454E-04    0.73275   0.85559
     8  1.000         8   8.000       9.000      971.1          3.41441106693E-04  2.39793585642E-04  1.99660660277E-04    0.70230   0.83264
     9  1.000         9   9.000       10.00      928.2          3.52232432273E-04  2.34714541156E-04  2.05100294660E-04    0.66636   0.87383
    10  2.000        10   10.00       12.00      874.5          3.67128312989E-04  2.45294727310E-04  2.10923898590E-04    0.66814   0.85988
    11  2.000        11   12.00       14.00      815.1          3.84737219295E-04  2.29403669446E-04  2.26614783741E-04    0.59626   0.98784
    12  2.000        12   14.00       16.00      765.6          4.01053729771E-04  2.39783489513E-04  1.64748452636E-04    0.59788   0.68707
 #=================================================================================================================================================================
 # My Cross Sections
 # The scale factors xmur, xmuf chosen here are:      1.000,      0.500
 #-----------------------------------------------------------------------------------------------------------------------------------------------------------------
 #IObs  BinSize  IODimO  [ Chi               ]  < ptavg_j12_ >  LO_cross_section   NLO_cross_section  NNLO_cross_section   KNLO      KNNLO
 #-----------------------------------------------------------------------------------------------------------------------------------------------------------------
     1  1.000         1   1.000       2.000      3098.          2.88544950407E-04  2.81336694005E-04  2.73231168781E-04    0.97502   0.97119
     2  1.000         2   2.000       3.000      2860.          2.66225293914E-04  2.42007950711E-04  2.15739373883E-04    0.90903   0.89146
     3  1.000         3   3.000       4.000      2631.          2.81397671312E-04  2.37001312777E-04  2.09338731134E-04    0.84223   0.88328
     4  1.000         4   4.000       5.000      2441.          2.99027895976E-04  2.37359346119E-04  2.10795964360E-04    0.79377   0.88809
     5  1.000         5   5.000       6.000      2283.          3.15764830613E-04  2.40956078715E-04  1.88344393452E-04    0.76309   0.78165
     6  1.000         6   6.000       7.000      2150.          3.30709508992E-04  2.39488849646E-04  2.51181720942E-04    0.72417   1.04882
     7  1.000         7   7.000       8.000      2040.          3.44576467343E-04  2.44955423364E-04  2.09914678872E-04    0.71089   0.85695
     8  1.000         8   8.000       9.000      1942.          3.56924564764E-04  2.43560909854E-04  2.17156817579E-04    0.68239   0.89159
     9  1.000         9   9.000       10.00      1856.          3.68259760150E-04  2.39077149593E-04  2.06632634207E-04    0.64921   0.86429
    10  2.000        10   10.00       12.00      1749.          3.83919742932E-04  2.50003817994E-04  2.14480201057E-04    0.65119   0.85791
    11  2.000        11   12.00       14.00      1630.          4.02462799775E-04  2.35223583148E-04  2.31385184444E-04    0.58446   0.98368
    12  2.000        12   14.00       16.00      1531.          4.19644040033E-04  2.46096497359E-04  1.69677195332E-04    0.58644   0.68947
 #=================================================================================================================================================================
 # My Cross Sections
 # The scale factors xmur, xmuf chosen here are:      1.000,      2.000
 #-----------------------------------------------------------------------------------------------------------------------------------------------------------------
 #IObs  BinSize  IODimO  [ Chi               ]  < ptavg_j12_ >  LO_cross_section   NLO_cross_section  NNLO_cross_section   KNLO      KNNLO
 #-----------------------------------------------------------------------------------------------------------------------------------------------------------------
     1  1.000         1   1.000       2.000      3097.          2.01864721430E-04  2.67751450651E-04  2.76205322779E-04    1.32639   1.03157
     2  1.000         2   2.000       3.000      2860.          1.86197879598E-04  2.34376374761E-04  2.23341754269E-04    1.25875   0.95292
     3  1.000         3   3.000       4.000      2631.          1.96508913234E-04  2.34139016163E-04  2.20510873002E-04    1.19149   0.94179
     4  1.000         4   4.000       5.000      2441.          2.08416686707E-04  2.38373939433E-04  2.22888877156E-04    1.14374   0.93504
     5  1.000         5   5.000       6.000      2283.          2.19638162503E-04  2.44636171883E-04  2.07718206856E-04    1.11381   0.84909
     6  1.000         6   6.000       7.000      2151.          2.29584659227E-04  2.47082665503E-04  2.49181760035E-04    1.07622   1.00850
     7  1.000         7   7.000       8.000      2040.          2.38770800779E-04  2.54431052645E-04  2.23970738469E-04    1.06559   0.88028
     8  1.000         8   8.000       9.000      1942.          2.46893127545E-04  2.56284922825E-04  2.27154761285E-04    1.03804   0.88634
     9  1.000         9   9.000       10.00      1857.          2.54322519911E-04  2.55565916031E-04  2.21801049087E-04    1.00489   0.86788
    10  2.000        10   10.00       12.00      1749.          2.64541528958E-04  2.67066808035E-04  2.29718296282E-04    1.00955   0.86015
    11  2.000        11   12.00       14.00      1630.          2.76554354819E-04  2.61358071159E-04  2.62083920434E-04    0.94505   1.00278
    12  2.000        12   14.00       16.00      1532.          2.87667590509E-04  2.72700521765E-04  1.95741178861E-04    0.94797   0.71779
 #=================================================================================================================================================================
 # My Cross Sections
 # The scale factors xmur, xmuf chosen here are:      2.000,      1.000
 #-----------------------------------------------------------------------------------------------------------------------------------------------------------------
 #IObs  BinSize  IODimO  [ Chi               ]  < ptavg_j12_ >  LO_cross_section   NLO_cross_section  NNLO_cross_section   KNLO      KNNLO
 #-----------------------------------------------------------------------------------------------------------------------------------------------------------------
     1  1.000         1   1.000       2.000      6195.          2.10495013465E-04  2.66098234753E-04  2.74437757692E-04    1.26415   1.03134
     2  1.000         2   2.000       3.000      5719.          1.93989520115E-04  2.33256379501E-04  2.23741192561E-04    1.20242   0.95921
     3  1.000         3   3.000       4.000      5263.          2.04659113676E-04  2.33392234467E-04  2.20041005780E-04    1.14040   0.94279
     4  1.000         4   4.000       5.000      4882.          2.17039663582E-04  2.37883545548E-04  2.24355947874E-04    1.09604   0.94313
     5  1.000         5   5.000       6.000      4567.          2.28731082325E-04  2.44378662271E-04  2.07390096872E-04    1.06841   0.84864
     6  1.000         6   6.000       7.000      4302.          2.39108613687E-04  2.47074378368E-04  2.52163881028E-04    1.03331   1.02060
     7  1.000         7   7.000       8.000      4080.          2.48703287435E-04  2.54640636057E-04  2.25238332573E-04    1.02387   0.88453
     8  1.000         8   8.000       9.000      3885.          2.57199595094E-04  2.56637920092E-04  2.36982374409E-04    0.99782   0.92341
     9  1.000         9   9.000       10.00      3714.          2.64974195485E-04  2.56221398497E-04  2.22663169903E-04    0.96697   0.86903
    10  2.000        10   10.00       12.00      3499.          2.75676722929E-04  2.67812363315E-04  2.31713673523E-04    0.97147   0.86521
    11  2.000        11   12.00       14.00      3261.          2.88271747590E-04  2.62655970926E-04  2.63324951998E-04    0.91114   1.00255
    12  2.000        12   14.00       16.00      3064.          2.99915344853E-04  2.74163222952E-04  1.99823065468E-04    0.91414   0.72885
