 ##################################################################################
 # INFO.    [fnlo-tk-cppread] Program to read fastNLO tables and derive
 # INFO.    [fnlo-tk-cppread] QCD cross sections using PDFs e.g. from LHAPDF
 #---------------------------------------------------------------------------------
 # INFO.    [fnlo-tk-cppread] For more explanations type:
 # INFO.    [fnlo-tk-cppread] ./fnlo-tk-cppread -h
 # INFO.    [fnlo-tk-cppread] For version number printout type:
 # INFO.    [fnlo-tk-cppread] ./fnlo-tk-cppread -v
 ##################################################################################

 ##################################################################################
 # [fnlo-tk-cppread] fastNLO Cross-Section Calculator
 #---------------------------------------------------------------------------------
 # [fnlo-tk-cppread] Evaluating table: 2jet.NNLO.fnl5662j_mjj4_chi.tab.gz
 # [fnlo-tk-cppread] Using PDF set   : CT14nnlo
 # [fnlo-tk-cppread] If possible, will try to do 7 scale factor variations.
 # [fnlo-tk-cppread] Using alpha_s evolution code: LHAPDF
 # [fnlo-tk-cppread] Preparing unnormalized cross sections,
 # [fnlo-tk-cppread] Using scale definition kScale2
 # [fnlo-tk-cppread] No request given for no. of flavours,
 #             using default value for LHAPDF or Nf = 5.
 # [fnlo-tk-cppread] No request given for no. of loops,
 #             using default value for LHAPDF or NLoop = 2.
 # [fnlo-tk-cppread] No request given for value of alpha_s(M_Z),
 #             using default value for LHAPDF or asMz = 0.1181.
 # [fnlo-tk-cppread] No request given for value of M_Z,
 #             using default value for LHAPDF or Mz = 91.1876.
 ##################################################################################

 ##################################################################################
 #
 # [0;31mfast[0;34mNLO[0m_toolkit
 # Version 2.3.1_2771
 #
 # C++ program and toolkit to read and create fastNLO v2 tables and
 # derive QCD cross sections using PDFs, e.g. from LHAPDF
 #
 #---------------------------------------------------------------------------------
 #
 # Copyright © 2005-2020 [0;31mfast[0;34mNLO[0m Collaboration
 # D. Britzger, T. Kluge, K. Rabbertz, F. Stober, G. Sieber, M. Wobisch
 #
 # This program is free software: you can redistribute it and/or modify
 # it under the terms of the GNU General Public License as published by
 # the Free Software Foundation, either version 3 of the License, or
 # (at your option) any later version.
 #
 # This program is distributed in the hope that it will be useful,
 # but WITHOUT ANY WARRANTY; without even the implied warranty of
 # MERCHANTABILITY or FITNESS FOR A PARTICULAR PURPOSE. See the
 # GNU General Public License for more details.
 #
 # You should have received a copy of the GNU General Public License
 # along with this program. If not, see <http://www.gnu.org/licenses/>.
 #
 #---------------------------------------------------------------------------------
 #
 # The projects web page can be found at:
 #   http://projects.hepforge.org/fastnlo
 #
 # If you use this code, please cite:
 #   T. Kluge, K. Rabbertz, M. Wobisch, hep-ph/0609285
 #   D. Britzger, T. Kluge, K. Rabbertz, F. Stober, M. Wobisch, arXiv:1109.1310
 #
 ##################################################################################

 ##################################################################################
 # Overview on contribution types and numbers contained in table: 2jet.NNLO.fnl5662j_mjj4_chi.tab.gz
 #---------------------------------------------------------------------------------
 # Total number of contributions:  3
 #   No.: 1, type: Fixed order calculation       , Id: 0, order: LO                  , by: NNLOJET_rev_5088
 #   No.: 2, type: Fixed order calculation       , Id: 1, order: NLO                 , by: NNLOJET_rev_5088
 #   No.: 3, type: Fixed order calculation       , Id: 2, order: NNLO                , by: NNLOJET_rev_5088
 ##################################################################################

 ##################################################################################
 # Information on table header
 #---------------------------------------------------------------------------------
 #===================== fastNLO Table: Header ====================
 # Table version (Itabversion)         23600
 # Scenario name (ScenName)            fnl5662j
 # Theory contributions (Ncontrib)     3
 # Data contribution 0/1 (Ndata)       0
 ##################################################################################

 ##################################################################################
 # Information on fastNLO scenario: fnl5662j
 #---------------------------------------------------------------------------------
 #===================== fastNLO Table: Scenario ====================
 # Scenario description (ScDescript)
 #   0	d2sigma-dijet_dChi_dMjj_[pb_GeV]
 #   1	CMS_Collaboration
 #   2	Dijet_Chi
 #   3	anti-kT_R=0.4
 #   4	THEORY_LABEL=NNLOJET
 #   5	provided by:
 #   6	fastNLO_2.3.1
 #   7	If you use this table, please cite:
 #   8	  D. Britzger, T. Kluge, K. Rabbertz, F. Stober, M. Wobisch, arXiv:1109.1310
 #
 # Publ. x section (10^-Ipublunits b)  12
 # Centre-of-mass energy (Ecms/GeV)    13000
 # Power in a_s of LO process (ILOord) 2
 # No. of observable bins (NObsBin)    12
 # Dim. of observable binning (NDim)   1
 #
 # Dimension labels (DimLabel)
 #   0	Chi
 # Differential dimension (IDiffBin)
 #   0	2
 #
 # Total no. of contributions (theory + optional data) in this table: 3
 ##################################################################################

 ##################################################################################
 # Information on table contribution no. 0: LO
 #---------------------------------------------------------------------------------
 #===================== fastNLO Table: CoeffBase ====================
 # Contribution description (CtrbDescript)
 #   0	LO
 # Code description (CodeDescript)
 #   0	NNLOJET_rev_5088
 #   1	Example for single jet inclusive production.
 #   2	Please adapt to selected process: 2jet
 #   3	Please cite:
 #   4	Currie, J.; Glover, E.W.N. & Pires, J., Phys. Rev. Lett., 2017, 118, 072002 [arXiv:1611.01460]
 #   5	2jet
 #   6	PC: Please check and modify NNLOJET references according to selected process.
 #===================== fastNLO Table: CoeffAddBase ====================
 # No. of events (Nevt)                0.000000
 # Weight of table [=Nevt] (fWgtNevt)  0.000000
 # Number of tables merged together    150
 # No. of filled events (WgtNumEv)     68440509723
 # Sum of weights squared (WgtSumW2)   36505466000000.000000
 # Sum of sigma squared (SigSumW2)     182.575550
 # Sum of sigma (SigSum)               346447.770000
 # Sigma / Nevt (SigSum/WgtNevt)       167610816644632882151556847769457272195412656128.000000
 # Abs. order in a_s (Npow)            2
 # No. of hadrons involved (NPDF)      2
 # Type(s) of hadrons (NPDFPDG)
 #   0	2212
 #   1	2212
 # PDF storage format (NPDFDim)        2
 #   --> x-interpolation storage format: Full-Matrix
 # Observable bin no. 1
 #   No. of X1 nodes (XNode1[i].size())          20
 # Observable bin no. 12
 #   No. of X1 nodes (XNode1[i].size())          20
 # No. of scales involved (NScales)    1
 # Scale descriptions (ScaleDescript)
 #   0	ptavg_j12_[GeV]
 #   1	m12_[GeV]
 # No. of subprocess contributions     13
 #ISub  Processes
 #   0: (0,0), 
 #   1: (1,0), (2,0), (3,0), (4,0), (5,0), 
 #   2: (1,-1), (2,-2), (3,-3), (4,-4), (5,-5), 
 #   3: (0,1), (0,2), (0,3), (0,4), (0,5), 
 #   4: (-1,1), (-2,2), (-3,3), (-4,4), (-5,5), 
 #   5: (0,-1), (0,-2), (0,-3), (0,-4), (0,-5), 
 #   6: (-1,0), (-2,0), (-3,0), (-4,0), (-5,0), 
 #   7: (1,-1), (1,-2), (1,-3), (1,-4), (1,-5), (2,-1), (2,-2), (2,-3), (2,-4), (2,-5), (3,-1), (3,-2), (3,-3), (3,-4), (3,-5), (4,-1), (4,-2), (4,-3), (4,-4), (4,-5), (5,-1), (5,-2), (5,-3), (5,-4), (5,-5), 
 #   8: (1,1), (1,2), (1,3), (1,4), (1,5), (2,1), (2,2), (2,3), (2,4), (2,5), (3,1), (3,2), (3,3), (3,4), (3,5), (4,1), (4,2), (4,3), (4,4), (4,5), (5,1), (5,2), (5,3), (5,4), (5,5), 
 #   9: (-1,-1), (-1,-2), (-1,-3), (-1,-4), (-1,-5), (-2,-1), (-2,-2), (-2,-3), (-2,-4), (-2,-5), (-3,-1), (-3,-2), (-3,-3), (-3,-4), (-3,-5), (-4,-1), (-4,-2), (-4,-3), (-4,-4), (-4,-5), (-5,-1), (-5,-2), (-5,-3), (-5,-4), (-5,-5), 
 #  10: (-1,1), (-1,2), (-1,3), (-1,4), (-1,5), (-2,1), (-2,2), (-2,3), (-2,4), (-2,5), (-3,1), (-3,2), (-3,3), (-3,4), (-3,5), (-4,1), (-4,2), (-4,3), (-4,4), (-4,5), (-5,1), (-5,2), (-5,3), (-5,4), (-5,5), 
 #  11: (1,1), (2,2), (3,3), (4,4), (5,5), 
 #  12: (-1,-1), (-2,-2), (-3,-3), (-4,-4), (-5,-5), 
 #===================== fastNLO Table: CoeffAddFlex ====================
 # No. of scale1 nodes (Nscalenode1)   6
 # No. of scale2 nodes (Nscalenode2)   6
 ##################################################################################

 ##################################################################################
 # Information on table contribution no. 1: NLO
 #---------------------------------------------------------------------------------
 #===================== fastNLO Table: CoeffBase ====================
 # Contribution description (CtrbDescript)
 #   0	NLO
 # Code description (CodeDescript)
 #   0	NNLOJET_rev_5088
 #   1	Example for single jet inclusive production.
 #   2	Please adapt to selected process: 2jet
 #   3	Please cite:
 #   4	Currie, J.; Glover, E.W.N. & Pires, J., Phys. Rev. Lett., 2017, 118, 072002 [arXiv:1611.01460]
 #   5	2jet
 #   6	PC: Please check and modify NNLOJET references according to selected process.
 #===================== fastNLO Table: CoeffAddBase ====================
 # No. of events (Nevt)                1.000000
 # Weight of table [=Nevt] (fWgtNevt)  1.000000
 # Number of tables merged together    550
 # No. of filled events (WgtNumEv)     532108947510
 # Sum of weights squared (WgtSumW2)   832905399999999996512436224.000000
 # Sum of sigma squared (SigSumW2)     690676860000.000000
 # Sum of sigma (SigSum)               -6906.980000
 # Sigma / Nevt (SigSum/WgtNevt)       -6906.980000
 # Abs. order in a_s (Npow)            3
 # No. of hadrons involved (NPDF)      2
 # Type(s) of hadrons (NPDFPDG)
 #   0	2212
 #   1	2212
 # PDF storage format (NPDFDim)        2
 #   --> x-interpolation storage format: Full-Matrix
 # Observable bin no. 1
 #   No. of X1 nodes (XNode1[i].size())          20
 # Observable bin no. 12
 #   No. of X1 nodes (XNode1[i].size())          20
 # No. of scales involved (NScales)    1
 # Scale descriptions (ScaleDescript)
 #   0	ptavg_j12_[GeV]
 #   1	m12_[GeV]
 # No. of subprocess contributions     13
 #ISub  Processes
 #   0: (0,0), 
 #   1: (1,0), (2,0), (3,0), (4,0), (5,0), 
 #   2: (1,-1), (2,-2), (3,-3), (4,-4), (5,-5), 
 #   3: (0,1), (0,2), (0,3), (0,4), (0,5), 
 #   4: (-1,1), (-2,2), (-3,3), (-4,4), (-5,5), 
 #   5: (0,-1), (0,-2), (0,-3), (0,-4), (0,-5), 
 #   6: (-1,0), (-2,0), (-3,0), (-4,0), (-5,0), 
 #   7: (1,1), (1,2), (1,3), (1,4), (1,5), (2,1), (2,2), (2,3), (2,4), (2,5), (3,1), (3,2), (3,3), (3,4), (3,5), (4,1), (4,2), (4,3), (4,4), (4,5), (5,1), (5,2), (5,3), (5,4), (5,5), 
 #   8: (1,-1), (1,-2), (1,-3), (1,-4), (1,-5), (2,-1), (2,-2), (2,-3), (2,-4), (2,-5), (3,-1), (3,-2), (3,-3), (3,-4), (3,-5), (4,-1), (4,-2), (4,-3), (4,-4), (4,-5), (5,-1), (5,-2), (5,-3), (5,-4), (5,-5), 
 #   9: (-1,1), (-1,2), (-1,3), (-1,4), (-1,5), (-2,1), (-2,2), (-2,3), (-2,4), (-2,5), (-3,1), (-3,2), (-3,3), (-3,4), (-3,5), (-4,1), (-4,2), (-4,3), (-4,4), (-4,5), (-5,1), (-5,2), (-5,3), (-5,4), (-5,5), 
 #  10: (-1,-1), (-1,-2), (-1,-3), (-1,-4), (-1,-5), (-2,-1), (-2,-2), (-2,-3), (-2,-4), (-2,-5), (-3,-1), (-3,-2), (-3,-3), (-3,-4), (-3,-5), (-4,-1), (-4,-2), (-4,-3), (-4,-4), (-4,-5), (-5,-1), (-5,-2), (-5,-3), (-5,-4), (-5,-5), 
 #  11: (1,1), (2,2), (3,3), (4,4), (5,5), 
 #  12: (-1,-1), (-2,-2), (-3,-3), (-4,-4), (-5,-5), 
 #===================== fastNLO Table: CoeffAddFlex ====================
 # No. of scale1 nodes (Nscalenode1)   6
 # No. of scale2 nodes (Nscalenode2)   6
 ##################################################################################

 ##################################################################################
 # Information on table contribution no. 2: NNLO
 #---------------------------------------------------------------------------------
 #===================== fastNLO Table: CoeffBase ====================
 # Contribution description (CtrbDescript)
 #   0	NNLO
 # Code description (CodeDescript)
 #   0	NNLOJET_rev_5088
 #   1	Example for single jet inclusive production.
 #   2	Please adapt to selected process: 2jet
 #   3	Please cite:
 #   4	Currie, J.; Glover, E.W.N. & Pires, J., Phys. Rev. Lett., 2017, 118, 072002 [arXiv:1611.01460]
 #   5	2jet
 #   6	PC: Please check and modify NNLOJET references according to selected process.
 #===================== fastNLO Table: CoeffAddBase ====================
 # No. of events (Nevt)                1.000000
 # Weight of table [=Nevt] (fWgtNevt)  1.000000
 # Number of tables merged together    7750
 # No. of filled events (WgtNumEv)     2080459672492
 # Sum of weights squared (WgtSumW2)   903193890000000038402948704982007808.000000
 # Sum of sigma squared (SigSumW2)     240834300000000000.000000
 # Sum of sigma (SigSum)               -1531426.400000
 # Sigma / Nevt (SigSum/WgtNevt)       -1531426.400000
 # Abs. order in a_s (Npow)            4
 # No. of hadrons involved (NPDF)      2
 # Type(s) of hadrons (NPDFPDG)
 #   0	2212
 #   1	2212
 # PDF storage format (NPDFDim)        2
 #   --> x-interpolation storage format: Full-Matrix
 # Observable bin no. 1
 #   No. of X1 nodes (XNode1[i].size())          20
 # Observable bin no. 12
 #   No. of X1 nodes (XNode1[i].size())          20
 # No. of scales involved (NScales)    1
 # Scale descriptions (ScaleDescript)
 #   0	ptavg_j12_[GeV]
 #   1	m12_[GeV]
 # No. of subprocess contributions     13
 #ISub  Processes
 #   0: (0,0), 
 #   1: (1,0), (2,0), (3,0), (4,0), (5,0), 
 #   2: (1,-1), (2,-2), (3,-3), (4,-4), (5,-5), 
 #   3: (0,1), (0,2), (0,3), (0,4), (0,5), 
 #   4: (-1,1), (-2,2), (-3,3), (-4,4), (-5,5), 
 #   5: (0,-1), (0,-2), (0,-3), (0,-4), (0,-5), 
 #   6: (-1,0), (-2,0), (-3,0), (-4,0), (-5,0), 
 #   7: (1,1), (1,2), (1,3), (1,4), (1,5), (2,1), (2,2), (2,3), (2,4), (2,5), (3,1), (3,2), (3,3), (3,4), (3,5), (4,1), (4,2), (4,3), (4,4), (4,5), (5,1), (5,2), (5,3), (5,4), (5,5), 
 #   8: (1,-1), (1,-2), (1,-3), (1,-4), (1,-5), (2,-1), (2,-2), (2,-3), (2,-4), (2,-5), (3,-1), (3,-2), (3,-3), (3,-4), (3,-5), (4,-1), (4,-2), (4,-3), (4,-4), (4,-5), (5,-1), (5,-2), (5,-3), (5,-4), (5,-5), 
 #   9: (-1,1), (-1,2), (-1,3), (-1,4), (-1,5), (-2,1), (-2,2), (-2,3), (-2,4), (-2,5), (-3,1), (-3,2), (-3,3), (-3,4), (-3,5), (-4,1), (-4,2), (-4,3), (-4,4), (-4,5), (-5,1), (-5,2), (-5,3), (-5,4), (-5,5), 
 #  10: (-1,-1), (-1,-2), (-1,-3), (-1,-4), (-1,-5), (-2,-1), (-2,-2), (-2,-3), (-2,-4), (-2,-5), (-3,-1), (-3,-2), (-3,-3), (-3,-4), (-3,-5), (-4,-1), (-4,-2), (-4,-3), (-4,-4), (-4,-5), (-5,-1), (-5,-2), (-5,-3), (-5,-4), (-5,-5), 
 #  11: (1,1), (2,2), (3,3), (4,4), (5,5), 
 #  12: (-1,-1), (-2,-2), (-3,-3), (-4,-4), (-5,-5), 
 #===================== fastNLO Table: CoeffAddFlex ====================
 # No. of scale1 nodes (Nscalenode1)   6
 # No. of scale2 nodes (Nscalenode2)   6
 ##################################################################################
LHAPDF 6.3.0 loading /home/rabbertz/local/share/LHAPDF/CT14nnlo/CT14nnlo_0000.dat
CT14nnlo PDF set, member #0, version 1; LHAPDF ID = 13000
LHAPDF 6.3.0 loading /home/rabbertz/local/share/LHAPDF/CT14nnlo/CT14nnlo_0000.dat
CT14nnlo PDF set, member #0, version 1; LHAPDF ID = 13000

 ##################################################################################################################################################################
 # [fnlo-tk-cppread] Calculate my cross sections
 ##################################################################################################################################################################
 #=================================================================================================================================================================
 # My Cross Sections
 # The scale factors xmur, xmuf chosen here are:      1.000,      1.000
 #-----------------------------------------------------------------------------------------------------------------------------------------------------------------
 #IObs  BinSize  IODimO  [ Chi               ]  < ptavg_j12_ >  LO_cross_section   NLO_cross_section  NNLO_cross_section   KNLO      KNNLO
 #-----------------------------------------------------------------------------------------------------------------------------------------------------------------
     1  1.000         1   1.000       2.000      3227.          1.37652456114E-01  1.76652004544E-01  1.73594121568E-01    1.28332   0.98269
     2  1.000         2   2.000       3.000      3228.          1.16514174616E-01  1.49075652968E-01  1.48152719135E-01    1.27946   0.99381
     3  1.000         3   3.000       4.000      3228.          1.14929633669E-01  1.47169275524E-01  1.45930843740E-01    1.28052   0.99158
     4  1.000         4   4.000       5.000      3228.          1.15906708592E-01  1.48816004916E-01  1.47693168292E-01    1.28393   0.99245
     5  1.000         5   5.000       6.000      3228.          1.17256580514E-01  1.51171605492E-01  1.48796298969E-01    1.28924   0.98429
     6  1.000         6   6.000       7.000      3228.          1.18509627498E-01  1.53546092725E-01  1.56866353526E-01    1.29564   1.02162
     7  1.000         7   7.000       8.000      3228.          1.19660662693E-01  1.55601619015E-01  1.56064760670E-01    1.30036   1.00298
     8  1.000         8   8.000       9.000      3228.          1.20623991637E-01  1.57652244729E-01  1.56370534101E-01    1.30697   0.99187
     9  1.000         9   9.000       10.00      3228.          1.21458426175E-01  1.59136083182E-01  1.54546103159E-01    1.31021   0.97116
    10  2.000        10   10.00       12.00      3228.          1.22495629608E-01  1.61840147221E-01  1.61198704909E-01    1.32119   0.99604
    11  2.000        11   12.00       14.00      3228.          1.23606136880E-01  1.64537564970E-01  1.65488478640E-01    1.33114   1.00578
    12  2.000        12   14.00       16.00      3228.          1.24433279159E-01  1.66686672401E-01  1.68005267891E-01    1.33957   1.00791
 #=================================================================================================================================================================
 # My Cross Sections
 # The scale factors xmur, xmuf chosen here are:      0.500,      0.500
 #-----------------------------------------------------------------------------------------------------------------------------------------------------------------
 #IObs  BinSize  IODimO  [ Chi               ]  < ptavg_j12_ >  LO_cross_section   NLO_cross_section  NNLO_cross_section   KNLO      KNNLO
 #-----------------------------------------------------------------------------------------------------------------------------------------------------------------
     1  1.000         1   1.000       2.000      1614.          1.80327848624E-01  1.85458056779E-01  1.69128720327E-01    1.02845   0.91195
     2  1.000         2   2.000       3.000      1614.          1.52413736083E-01  1.56503705679E-01  1.45110638108E-01    1.02683   0.92720
     3  1.000         3   3.000       4.000      1614.          1.50208151570E-01  1.54654777338E-01  1.43029295180E-01    1.02960   0.92483
     4  1.000         4   4.000       5.000      1614.          1.51408236403E-01  1.56591739689E-01  1.44134683329E-01    1.03424   0.92045
     5  1.000         5   5.000       6.000      1614.          1.53122668630E-01  1.59336366992E-01  1.44974715491E-01    1.04058   0.90987
     6  1.000         6   6.000       7.000      1614.          1.54726172423E-01  1.62157507098E-01  1.55620975687E-01    1.04803   0.95969
     7  1.000         7   7.000       8.000      1614.          1.56204834187E-01  1.64542605712E-01  1.53406763566E-01    1.05338   0.93232
     8  1.000         8   8.000       9.000      1614.          1.57444832570E-01  1.67012824839E-01  1.52875507578E-01    1.06077   0.91535
     9  1.000         9   9.000       10.00      1614.          1.58520780508E-01  1.68754455758E-01  1.49746303010E-01    1.06456   0.88736
    10  2.000        10   10.00       12.00      1614.          1.59859022770E-01  1.72097321901E-01  1.58633536806E-01    1.07656   0.92177
    11  2.000        11   12.00       14.00      1614.          1.61292719946E-01  1.75382711445E-01  1.61598177419E-01    1.08736   0.92140
    12  2.000        12   14.00       16.00      1614.          1.62361435095E-01  1.78017150443E-01  1.65884950901E-01    1.09643   0.93185
 #=================================================================================================================================================================
 # My Cross Sections
 # The scale factors xmur, xmuf chosen here are:      2.000,      2.000
 #-----------------------------------------------------------------------------------------------------------------------------------------------------------------
 #IObs  BinSize  IODimO  [ Chi               ]  < ptavg_j12_ >  LO_cross_section   NLO_cross_section  NNLO_cross_section   KNLO      KNNLO
 #-----------------------------------------------------------------------------------------------------------------------------------------------------------------
     1  1.000         1   1.000       2.000      6454.          1.07004473272E-01  1.61104489191E-01  1.72986725595E-01    1.50559   1.07375
     2  1.000         2   2.000       3.000      6455.          9.06935843930E-02  1.36030630515E-01  1.47061826828E-01    1.49989   1.08109
     3  1.000         3   3.000       4.000      6455.          8.95325736450E-02  1.34256958632E-01  1.44737648178E-01    1.49953   1.07806
     4  1.000         4   4.000       5.000      6456.          9.03356587973E-02  1.35678429476E-01  1.46679441989E-01    1.50194   1.08108
     5  1.000         5   5.000       6.000      6455.          9.14143543286E-02  1.37704285021E-01  1.47900894993E-01    1.50637   1.07405
     6  1.000         6   6.000       7.000      6455.          9.24091574963E-02  1.39712807689E-01  1.54172118593E-01    1.51189   1.10349
     7  1.000         7   7.000       8.000      6456.          9.33198155963E-02  1.41480119100E-01  1.54160343862E-01    1.51608   1.08963
     8  1.000         8   8.000       9.000      6455.          9.40806505010E-02  1.43194000909E-01  1.54899747182E-01    1.52203   1.08175
     9  1.000         9   9.000       10.00      6456.          9.47386764255E-02  1.44458542527E-01  1.53869683434E-01    1.52481   1.06515
    10  2.000        10   10.00       12.00      6455.          9.55561603284E-02  1.46670715449E-01  1.59011089465E-01    1.53492   1.08414
    11  2.000        11   12.00       14.00      6456.          9.64309236075E-02  1.48903255168E-01  1.63608367999E-01    1.54414   1.09876
    12  2.000        12   14.00       16.00      6456.          9.70820653445E-02  1.50672060423E-01  1.65154575900E-01    1.55201   1.09612
 #=================================================================================================================================================================
 # My Cross Sections
 # The scale factors xmur, xmuf chosen here are:      0.500,      1.000
 #-----------------------------------------------------------------------------------------------------------------------------------------------------------------
 #IObs  BinSize  IODimO  [ Chi               ]  < ptavg_j12_ >  LO_cross_section   NLO_cross_section  NNLO_cross_section   KNLO      KNNLO
 #-----------------------------------------------------------------------------------------------------------------------------------------------------------------
     1  1.000         1   1.000       2.000      1614.          1.58212032563E-01  1.84184796841E-01  1.71256964544E-01    1.16416   0.92981
     2  1.000         2   2.000       3.000      1614.          1.33916285226E-01  1.55350292277E-01  1.46588026480E-01    1.16006   0.94360
     3  1.000         3   3.000       4.000      1614.          1.32094899277E-01  1.53389269185E-01  1.44496815239E-01    1.16121   0.94203
     4  1.000         4   4.000       5.000      1614.          1.33217813664E-01  1.55172584803E-01  1.45830438934E-01    1.16480   0.93980
     5  1.000         5   5.000       6.000      1614.          1.34769233044E-01  1.57748453393E-01  1.46790182658E-01    1.17051   0.93053
     6  1.000         6   6.000       7.000      1614.          1.36209374810E-01  1.60384043447E-01  1.56456190193E-01    1.17748   0.97551
     7  1.000         7   7.000       8.000      1614.          1.37532313105E-01  1.62625723597E-01  1.54860591824E-01    1.18245   0.95225
     8  1.000         8   8.000       9.000      1614.          1.38639463436E-01  1.64920386650E-01  1.54603597144E-01    1.18956   0.93744
     9  1.000         9   9.000       10.00      1614.          1.39598520696E-01  1.66548395058E-01  1.52055200676E-01    1.19305   0.91298
    10  2.000        10   10.00       12.00      1614.          1.40790579747E-01  1.69624930005E-01  1.60131721183E-01    1.20480   0.94403
    11  2.000        11   12.00       14.00      1614.          1.42066946478E-01  1.72663813435E-01  1.63563702679E-01    1.21537   0.94730
    12  2.000        12   14.00       16.00      1614.          1.43017549917E-01  1.75102435023E-01  1.67460591494E-01    1.22434   0.95636
 #=================================================================================================================================================================
 # My Cross Sections
 # The scale factors xmur, xmuf chosen here are:      1.000,      0.500
 #-----------------------------------------------------------------------------------------------------------------------------------------------------------------
 #IObs  BinSize  IODimO  [ Chi               ]  < ptavg_j12_ >  LO_cross_section   NLO_cross_section  NNLO_cross_section   KNLO      KNNLO
 #-----------------------------------------------------------------------------------------------------------------------------------------------------------------
     1  1.000         1   1.000       2.000      3227.          1.56894624551E-01  1.81483891441E-01  1.72450909654E-01    1.15672   0.95023
     2  1.000         2   2.000       3.000      3228.          1.32608168823E-01  1.53188471561E-01  1.47508033728E-01    1.15520   0.96292
     3  1.000         3   3.000       4.000      3228.          1.30689372019E-01  1.51306699636E-01  1.45321074118E-01    1.15776   0.96044
     4  1.000         4   4.000       5.000      3228.          1.31733601337E-01  1.53092230791E-01  1.47006707586E-01    1.16214   0.96025
     5  1.000         5   5.000       6.000      3228.          1.33225312950E-01  1.55612689880E-01  1.48033300297E-01    1.16804   0.95129
     6  1.000         6   6.000       7.000      3228.          1.34620502158E-01  1.58164207967E-01  1.56922435108E-01    1.17489   0.99215
     7  1.000         7   7.000       8.000      3228.          1.35907028544E-01  1.60364079620E-01  1.55674081042E-01    1.17995   0.97075
     8  1.000         8   8.000       9.000      3228.          1.36985950811E-01  1.62579559308E-01  1.55804576920E-01    1.18683   0.95833
     9  1.000         9   9.000       10.00      3228.          1.37922088246E-01  1.64175402966E-01  1.53545975602E-01    1.19035   0.93526
    10  2.000        10   10.00       12.00      3228.          1.39086487301E-01  1.67121132978E-01  1.60846864879E-01    1.20156   0.96246
    11  2.000        11   12.00       14.00      3228.          1.40333882499E-01  1.70047385001E-01  1.64982806340E-01    1.21173   0.97022
    12  2.000        12   14.00       16.00      3228.          1.41263798817E-01  1.72377057254E-01  1.67711637066E-01    1.22025   0.97293
 #=================================================================================================================================================================
 # My Cross Sections
 # The scale factors xmur, xmuf chosen here are:      1.000,      2.000
 #-----------------------------------------------------------------------------------------------------------------------------------------------------------------
 #IObs  BinSize  IODimO  [ Chi               ]  < ptavg_j12_ >  LO_cross_section   NLO_cross_section  NNLO_cross_section   KNLO      KNNLO
 #-----------------------------------------------------------------------------------------------------------------------------------------------------------------
     1  1.000         1   1.000       2.000      3227.          1.21841796854E-01  1.71712585434E-01  1.74500737618E-01    1.40931   1.01624
     2  1.000         2   2.000       3.000      3227.          1.03269034183E-01  1.44912708642E-01  1.48646132396E-01    1.40325   1.02576
     3  1.000         3   3.000       4.000      3228.          1.01946913152E-01  1.43020132679E-01  1.46388254291E-01    1.40289   1.02355
     4  1.000         4   4.000       5.000      3228.          1.02861289415E-01  1.44561031896E-01  1.48200542919E-01    1.40540   1.02518
     5  1.000         5   5.000       6.000      3228.          1.04089511451E-01  1.46781445135E-01  1.49359163022E-01    1.41015   1.01756
     6  1.000         6   6.000       7.000      3228.          1.05222214529E-01  1.49008887023E-01  1.56751707072E-01    1.41614   1.05196
     7  1.000         7   7.000       8.000      3228.          1.06259135777E-01  1.50943660105E-01  1.56306198753E-01    1.42052   1.03553
     8  1.000         8   8.000       9.000      3227.          1.07125427439E-01  1.52856602855E-01  1.56749242157E-01    1.42689   1.02547
     9  1.000         9   9.000       10.00      3228.          1.07874690638E-01  1.54247190909E-01  1.55287663428E-01    1.42987   1.00675
    10  2.000        10   10.00       12.00      3228.          1.08805486626E-01  1.56749207549E-01  1.61392937594E-01    1.44064   1.02963
    11  2.000        11   12.00       14.00      3228.          1.09801542057E-01  1.59254855116E-01  1.65782665031E-01    1.45039   1.04099
    12  2.000        12   14.00       16.00      3228.          1.10542917070E-01  1.61252083208E-01  1.68119146687E-01    1.45873   1.04259
 #=================================================================================================================================================================
 # My Cross Sections
 # The scale factors xmur, xmuf chosen here are:      2.000,      1.000
 #-----------------------------------------------------------------------------------------------------------------------------------------------------------------
 #IObs  BinSize  IODimO  [ Chi               ]  < ptavg_j12_ >  LO_cross_section   NLO_cross_section  NNLO_cross_section   KNLO      KNNLO
 #-----------------------------------------------------------------------------------------------------------------------------------------------------------------
     1  1.000         1   1.000       2.000      6454.          1.20889966549E-01  1.67736610056E-01  1.73428684323E-01    1.38751   1.03393
     2  1.000         2   2.000       3.000      6455.          1.02325968133E-01  1.41606968458E-01  1.47678603418E-01    1.38388   1.04288
     3  1.000         3   3.000       4.000      6455.          1.00934504562E-01  1.39779089854E-01  1.45378830897E-01    1.38485   1.04006
     4  1.000         4   4.000       5.000      6456.          1.01792661216E-01  1.41298421525E-01  1.47342423828E-01    1.38810   1.04277
     5  1.000         5   5.000       6.000      6456.          1.02978199346E-01  1.43455222661E-01  1.48534770724E-01    1.39306   1.03541
     6  1.000         6   6.000       7.000      6456.          1.04078697344E-01  1.45603212025E-01  1.55381104533E-01    1.39897   1.06715
     7  1.000         7   7.000       8.000      6456.          1.05089575643E-01  1.47489250993E-01  1.55112344478E-01    1.40346   1.05169
     8  1.000         8   8.000       9.000      6455.          1.05935636754E-01  1.49331927276E-01  1.55771283054E-01    1.40965   1.04312
     9  1.000         9   9.000       10.00      6456.          1.06668463628E-01  1.50686841685E-01  1.54466426207E-01    1.41267   1.02508
    10  2.000        10   10.00       12.00      6456.          1.07579402862E-01  1.53082859843E-01  1.60057405905E-01    1.42298   1.04556
    11  2.000        11   12.00       14.00      6456.          1.08554682210E-01  1.55492995445E-01  1.64709161910E-01    1.43239   1.05927
    12  2.000        12   14.00       16.00      6456.          1.09281153880E-01  1.57401607917E-01  1.66345041380E-01    1.44034   1.05682
