 ##################################################################################
 # INFO.    [fnlo-tk-cppread] Program to read fastNLO tables and derive
 # INFO.    [fnlo-tk-cppread] QCD cross sections using PDFs e.g. from LHAPDF
 #---------------------------------------------------------------------------------
 # INFO.    [fnlo-tk-cppread] For more explanations type:
 # INFO.    [fnlo-tk-cppread] ./fnlo-tk-cppread -h
 # INFO.    [fnlo-tk-cppread] For version number printout type:
 # INFO.    [fnlo-tk-cppread] ./fnlo-tk-cppread -v
 ##################################################################################

 ##################################################################################
 # [fnlo-tk-cppread] fastNLO Cross-Section Calculator
 #---------------------------------------------------------------------------------
 # [fnlo-tk-cppread] Evaluating table: 2jet.NNLO.fnl5662j_mjj0_chi.tab.gz
 # [fnlo-tk-cppread] Using PDF set   : CT14nlo
 # [fnlo-tk-cppread] If possible, will try to do 7 scale factor variations.
 # [fnlo-tk-cppread] Using alpha_s evolution code: LHAPDF
 # [fnlo-tk-cppread] Preparing unnormalized cross sections,
 # [fnlo-tk-cppread] Using scale definition kScale1
 # [fnlo-tk-cppread] No request given for no. of flavours,
 #             using default value for LHAPDF or Nf = 5.
 # [fnlo-tk-cppread] No request given for no. of loops,
 #             using default value for LHAPDF or NLoop = 2.
 # [fnlo-tk-cppread] No request given for value of alpha_s(M_Z),
 #             using default value for LHAPDF or asMz = 0.1181.
 # [fnlo-tk-cppread] No request given for value of M_Z,
 #             using default value for LHAPDF or Mz = 91.1876.
 ##################################################################################

 ##################################################################################
 #
 # [0;31mfast[0;34mNLO[0m_toolkit
 # Version 2.3.1_2771
 #
 # C++ program and toolkit to read and create fastNLO v2 tables and
 # derive QCD cross sections using PDFs, e.g. from LHAPDF
 #
 #---------------------------------------------------------------------------------
 #
 # Copyright © 2005-2020 [0;31mfast[0;34mNLO[0m Collaboration
 # D. Britzger, T. Kluge, K. Rabbertz, F. Stober, G. Sieber, M. Wobisch
 #
 # This program is free software: you can redistribute it and/or modify
 # it under the terms of the GNU General Public License as published by
 # the Free Software Foundation, either version 3 of the License, or
 # (at your option) any later version.
 #
 # This program is distributed in the hope that it will be useful,
 # but WITHOUT ANY WARRANTY; without even the implied warranty of
 # MERCHANTABILITY or FITNESS FOR A PARTICULAR PURPOSE. See the
 # GNU General Public License for more details.
 #
 # You should have received a copy of the GNU General Public License
 # along with this program. If not, see <http://www.gnu.org/licenses/>.
 #
 #---------------------------------------------------------------------------------
 #
 # The projects web page can be found at:
 #   http://projects.hepforge.org/fastnlo
 #
 # If you use this code, please cite:
 #   T. Kluge, K. Rabbertz, M. Wobisch, hep-ph/0609285
 #   D. Britzger, T. Kluge, K. Rabbertz, F. Stober, M. Wobisch, arXiv:1109.1310
 #
 ##################################################################################

 ##################################################################################
 # Overview on contribution types and numbers contained in table: 2jet.NNLO.fnl5662j_mjj0_chi.tab.gz
 #---------------------------------------------------------------------------------
 # Total number of contributions:  3
 #   No.: 1, type: Fixed order calculation       , Id: 0, order: LO                  , by: NNLOJET_rev_5088
 #   No.: 2, type: Fixed order calculation       , Id: 1, order: NLO                 , by: NNLOJET_rev_5088
 #   No.: 3, type: Fixed order calculation       , Id: 2, order: NNLO                , by: NNLOJET_rev_5088
 ##################################################################################

 ##################################################################################
 # Information on table header
 #---------------------------------------------------------------------------------
 #===================== fastNLO Table: Header ====================
 # Table version (Itabversion)         23600
 # Scenario name (ScenName)            fnl5662j
 # Theory contributions (Ncontrib)     3
 # Data contribution 0/1 (Ndata)       0
 ##################################################################################

 ##################################################################################
 # Information on fastNLO scenario: fnl5662j
 #---------------------------------------------------------------------------------
 #===================== fastNLO Table: Scenario ====================
 # Scenario description (ScDescript)
 #   0	d2sigma-dijet_dChi_dMjj_[pb_GeV]
 #   1	CMS_Collaboration
 #   2	Dijet_Chi
 #   3	anti-kT_R=0.4
 #   4	THEORY_LABEL=NNLOJET
 #   5	provided by:
 #   6	fastNLO_2.3.1
 #   7	If you use this table, please cite:
 #   8	  D. Britzger, T. Kluge, K. Rabbertz, F. Stober, M. Wobisch, arXiv:1109.1310
 #
 # Publ. x section (10^-Ipublunits b)  12
 # Centre-of-mass energy (Ecms/GeV)    13000
 # Power in a_s of LO process (ILOord) 2
 # No. of observable bins (NObsBin)    12
 # Dim. of observable binning (NDim)   1
 #
 # Dimension labels (DimLabel)
 #   0	Chi
 # Differential dimension (IDiffBin)
 #   0	2
 #
 # Total no. of contributions (theory + optional data) in this table: 3
 ##################################################################################

 ##################################################################################
 # Information on table contribution no. 0: LO
 #---------------------------------------------------------------------------------
 #===================== fastNLO Table: CoeffBase ====================
 # Contribution description (CtrbDescript)
 #   0	LO
 # Code description (CodeDescript)
 #   0	NNLOJET_rev_5088
 #   1	Example for single jet inclusive production.
 #   2	Please adapt to selected process: 2jet
 #   3	Please cite:
 #   4	Currie, J.; Glover, E.W.N. & Pires, J., Phys. Rev. Lett., 2017, 118, 072002 [arXiv:1611.01460]
 #   5	2jet
 #   6	PC: Please check and modify NNLOJET references according to selected process.
 #===================== fastNLO Table: CoeffAddBase ====================
 # No. of events (Nevt)                0.000000
 # Weight of table [=Nevt] (fWgtNevt)  0.000000
 # Number of tables merged together    150
 # No. of filled events (WgtNumEv)     47160135723
 # Sum of weights squared (WgtSumW2)   766831490000000.000000
 # Sum of sigma squared (SigSumW2)     11299556.000000
 # Sum of sigma (SigSum)               81437743.000000
 # Sigma / Nevt (SigSum/WgtNevt)       39399435620341082322168379708726265755643316011008.000000
 # Abs. order in a_s (Npow)            2
 # No. of hadrons involved (NPDF)      2
 # Type(s) of hadrons (NPDFPDG)
 #   0	2212
 #   1	2212
 # PDF storage format (NPDFDim)        2
 #   --> x-interpolation storage format: Full-Matrix
 # Observable bin no. 1
 #   No. of X1 nodes (XNode1[i].size())          20
 # Observable bin no. 12
 #   No. of X1 nodes (XNode1[i].size())          20
 # No. of scales involved (NScales)    1
 # Scale descriptions (ScaleDescript)
 #   0	ptavg_j12_[GeV]
 #   1	m12_[GeV]
 # No. of subprocess contributions     13
 #ISub  Processes
 #   0: (0,0), 
 #   1: (1,0), (2,0), (3,0), (4,0), (5,0), 
 #   2: (1,-1), (2,-2), (3,-3), (4,-4), (5,-5), 
 #   3: (0,1), (0,2), (0,3), (0,4), (0,5), 
 #   4: (-1,1), (-2,2), (-3,3), (-4,4), (-5,5), 
 #   5: (0,-1), (0,-2), (0,-3), (0,-4), (0,-5), 
 #   6: (-1,0), (-2,0), (-3,0), (-4,0), (-5,0), 
 #   7: (1,-1), (1,-2), (1,-3), (1,-4), (1,-5), (2,-1), (2,-2), (2,-3), (2,-4), (2,-5), (3,-1), (3,-2), (3,-3), (3,-4), (3,-5), (4,-1), (4,-2), (4,-3), (4,-4), (4,-5), (5,-1), (5,-2), (5,-3), (5,-4), (5,-5), 
 #   8: (1,1), (1,2), (1,3), (1,4), (1,5), (2,1), (2,2), (2,3), (2,4), (2,5), (3,1), (3,2), (3,3), (3,4), (3,5), (4,1), (4,2), (4,3), (4,4), (4,5), (5,1), (5,2), (5,3), (5,4), (5,5), 
 #   9: (-1,-1), (-1,-2), (-1,-3), (-1,-4), (-1,-5), (-2,-1), (-2,-2), (-2,-3), (-2,-4), (-2,-5), (-3,-1), (-3,-2), (-3,-3), (-3,-4), (-3,-5), (-4,-1), (-4,-2), (-4,-3), (-4,-4), (-4,-5), (-5,-1), (-5,-2), (-5,-3), (-5,-4), (-5,-5), 
 #  10: (-1,1), (-1,2), (-1,3), (-1,4), (-1,5), (-2,1), (-2,2), (-2,3), (-2,4), (-2,5), (-3,1), (-3,2), (-3,3), (-3,4), (-3,5), (-4,1), (-4,2), (-4,3), (-4,4), (-4,5), (-5,1), (-5,2), (-5,3), (-5,4), (-5,5), 
 #  11: (1,1), (2,2), (3,3), (4,4), (5,5), 
 #  12: (-1,-1), (-2,-2), (-3,-3), (-4,-4), (-5,-5), 
 #===================== fastNLO Table: CoeffAddFlex ====================
 # No. of scale1 nodes (Nscalenode1)   6
 # No. of scale2 nodes (Nscalenode2)   6
 ##################################################################################

 ##################################################################################
 # Information on table contribution no. 1: NLO
 #---------------------------------------------------------------------------------
 #===================== fastNLO Table: CoeffBase ====================
 # Contribution description (CtrbDescript)
 #   0	NLO
 # Code description (CodeDescript)
 #   0	NNLOJET_rev_5088
 #   1	Example for single jet inclusive production.
 #   2	Please adapt to selected process: 2jet
 #   3	Please cite:
 #   4	Currie, J.; Glover, E.W.N. & Pires, J., Phys. Rev. Lett., 2017, 118, 072002 [arXiv:1611.01460]
 #   5	2jet
 #   6	PC: Please check and modify NNLOJET references according to selected process.
 #===================== fastNLO Table: CoeffAddBase ====================
 # No. of events (Nevt)                1.000000
 # Weight of table [=Nevt] (fWgtNevt)  1.000000
 # Number of tables merged together    550
 # No. of filled events (WgtNumEv)     576478414612
 # Sum of weights squared (WgtSumW2)   5586290499999999810173140992.000000
 # Sum of sigma squared (SigSumW2)     14328649000000000.000000
 # Sum of sigma (SigSum)               -15755736.000000
 # Sigma / Nevt (SigSum/WgtNevt)       -15755736.000000
 # Abs. order in a_s (Npow)            3
 # No. of hadrons involved (NPDF)      2
 # Type(s) of hadrons (NPDFPDG)
 #   0	2212
 #   1	2212
 # PDF storage format (NPDFDim)        2
 #   --> x-interpolation storage format: Full-Matrix
 # Observable bin no. 1
 #   No. of X1 nodes (XNode1[i].size())          20
 # Observable bin no. 12
 #   No. of X1 nodes (XNode1[i].size())          20
 # No. of scales involved (NScales)    1
 # Scale descriptions (ScaleDescript)
 #   0	ptavg_j12_[GeV]
 #   1	m12_[GeV]
 # No. of subprocess contributions     13
 #ISub  Processes
 #   0: (0,0), 
 #   1: (1,0), (2,0), (3,0), (4,0), (5,0), 
 #   2: (1,-1), (2,-2), (3,-3), (4,-4), (5,-5), 
 #   3: (0,1), (0,2), (0,3), (0,4), (0,5), 
 #   4: (-1,1), (-2,2), (-3,3), (-4,4), (-5,5), 
 #   5: (0,-1), (0,-2), (0,-3), (0,-4), (0,-5), 
 #   6: (-1,0), (-2,0), (-3,0), (-4,0), (-5,0), 
 #   7: (1,1), (1,2), (1,3), (1,4), (1,5), (2,1), (2,2), (2,3), (2,4), (2,5), (3,1), (3,2), (3,3), (3,4), (3,5), (4,1), (4,2), (4,3), (4,4), (4,5), (5,1), (5,2), (5,3), (5,4), (5,5), 
 #   8: (1,-1), (1,-2), (1,-3), (1,-4), (1,-5), (2,-1), (2,-2), (2,-3), (2,-4), (2,-5), (3,-1), (3,-2), (3,-3), (3,-4), (3,-5), (4,-1), (4,-2), (4,-3), (4,-4), (4,-5), (5,-1), (5,-2), (5,-3), (5,-4), (5,-5), 
 #   9: (-1,1), (-1,2), (-1,3), (-1,4), (-1,5), (-2,1), (-2,2), (-2,3), (-2,4), (-2,5), (-3,1), (-3,2), (-3,3), (-3,4), (-3,5), (-4,1), (-4,2), (-4,3), (-4,4), (-4,5), (-5,1), (-5,2), (-5,3), (-5,4), (-5,5), 
 #  10: (-1,-1), (-1,-2), (-1,-3), (-1,-4), (-1,-5), (-2,-1), (-2,-2), (-2,-3), (-2,-4), (-2,-5), (-3,-1), (-3,-2), (-3,-3), (-3,-4), (-3,-5), (-4,-1), (-4,-2), (-4,-3), (-4,-4), (-4,-5), (-5,-1), (-5,-2), (-5,-3), (-5,-4), (-5,-5), 
 #  11: (1,1), (2,2), (3,3), (4,4), (5,5), 
 #  12: (-1,-1), (-2,-2), (-3,-3), (-4,-4), (-5,-5), 
 #===================== fastNLO Table: CoeffAddFlex ====================
 # No. of scale1 nodes (Nscalenode1)   6
 # No. of scale2 nodes (Nscalenode2)   6
 ##################################################################################

 ##################################################################################
 # Information on table contribution no. 2: NNLO
 #---------------------------------------------------------------------------------
 #===================== fastNLO Table: CoeffBase ====================
 # Contribution description (CtrbDescript)
 #   0	NNLO
 # Code description (CodeDescript)
 #   0	NNLOJET_rev_5088
 #   1	Example for single jet inclusive production.
 #   2	Please adapt to selected process: 2jet
 #   3	Please cite:
 #   4	Currie, J.; Glover, E.W.N. & Pires, J., Phys. Rev. Lett., 2017, 118, 072002 [arXiv:1611.01460]
 #   5	2jet
 #   6	PC: Please check and modify NNLOJET references according to selected process.
 #===================== fastNLO Table: CoeffAddBase ====================
 # No. of events (Nevt)                1.000000
 # Weight of table [=Nevt] (fWgtNevt)  1.000000
 # Number of tables merged together    7750
 # No. of filled events (WgtNumEv)     4261645503961
 # Sum of weights squared (WgtSumW2)   1217487700000000032143089951866176460943974727680.000000
 # Sum of sigma squared (SigSumW2)     45612445999999997350424508104704.000000
 # Sum of sigma (SigSum)               16543115000000000.000000
 # Sigma / Nevt (SigSum/WgtNevt)       16543115000000000.000000
 # Abs. order in a_s (Npow)            4
 # No. of hadrons involved (NPDF)      2
 # Type(s) of hadrons (NPDFPDG)
 #   0	2212
 #   1	2212
 # PDF storage format (NPDFDim)        2
 #   --> x-interpolation storage format: Full-Matrix
 # Observable bin no. 1
 #   No. of X1 nodes (XNode1[i].size())          20
 # Observable bin no. 12
 #   No. of X1 nodes (XNode1[i].size())          20
 # No. of scales involved (NScales)    1
 # Scale descriptions (ScaleDescript)
 #   0	ptavg_j12_[GeV]
 #   1	m12_[GeV]
 # No. of subprocess contributions     13
 #ISub  Processes
 #   0: (0,0), 
 #   1: (1,0), (2,0), (3,0), (4,0), (5,0), 
 #   2: (1,-1), (2,-2), (3,-3), (4,-4), (5,-5), 
 #   3: (0,1), (0,2), (0,3), (0,4), (0,5), 
 #   4: (-1,1), (-2,2), (-3,3), (-4,4), (-5,5), 
 #   5: (0,-1), (0,-2), (0,-3), (0,-4), (0,-5), 
 #   6: (-1,0), (-2,0), (-3,0), (-4,0), (-5,0), 
 #   7: (1,1), (1,2), (1,3), (1,4), (1,5), (2,1), (2,2), (2,3), (2,4), (2,5), (3,1), (3,2), (3,3), (3,4), (3,5), (4,1), (4,2), (4,3), (4,4), (4,5), (5,1), (5,2), (5,3), (5,4), (5,5), 
 #   8: (1,-1), (1,-2), (1,-3), (1,-4), (1,-5), (2,-1), (2,-2), (2,-3), (2,-4), (2,-5), (3,-1), (3,-2), (3,-3), (3,-4), (3,-5), (4,-1), (4,-2), (4,-3), (4,-4), (4,-5), (5,-1), (5,-2), (5,-3), (5,-4), (5,-5), 
 #   9: (-1,1), (-1,2), (-1,3), (-1,4), (-1,5), (-2,1), (-2,2), (-2,3), (-2,4), (-2,5), (-3,1), (-3,2), (-3,3), (-3,4), (-3,5), (-4,1), (-4,2), (-4,3), (-4,4), (-4,5), (-5,1), (-5,2), (-5,3), (-5,4), (-5,5), 
 #  10: (-1,-1), (-1,-2), (-1,-3), (-1,-4), (-1,-5), (-2,-1), (-2,-2), (-2,-3), (-2,-4), (-2,-5), (-3,-1), (-3,-2), (-3,-3), (-3,-4), (-3,-5), (-4,-1), (-4,-2), (-4,-3), (-4,-4), (-4,-5), (-5,-1), (-5,-2), (-5,-3), (-5,-4), (-5,-5), 
 #  11: (1,1), (2,2), (3,3), (4,4), (5,5), 
 #  12: (-1,-1), (-2,-2), (-3,-3), (-4,-4), (-5,-5), 
 #===================== fastNLO Table: CoeffAddFlex ====================
 # No. of scale1 nodes (Nscalenode1)   6
 # No. of scale2 nodes (Nscalenode2)   6
 ##################################################################################
LHAPDF 6.3.0 loading /home/rabbertz/local/share/LHAPDF/CT14nlo/CT14nlo_0000.dat
CT14nlo PDF set, member #0, version 1; LHAPDF ID = 13100
LHAPDF 6.3.0 loading /home/rabbertz/local/share/LHAPDF/CT14nlo/CT14nlo_0000.dat
CT14nlo PDF set, member #0, version 1; LHAPDF ID = 13100

 ##################################################################################################################################################################
 # [fnlo-tk-cppread] Calculate my cross sections
 ##################################################################################################################################################################
 #=================================================================================================================================================================
 # My Cross Sections
 # The scale factors xmur, xmuf chosen here are:      1.000,      1.000
 #-----------------------------------------------------------------------------------------------------------------------------------------------------------------
 #IObs  BinSize  IODimO  [ Chi               ]  < ptavg_j12_ >  LO_cross_section   NLO_cross_section  NNLO_cross_section   KNLO      KNNLO
 #-----------------------------------------------------------------------------------------------------------------------------------------------------------------
     1  1.000         1   1.000       2.000      649.4          4.29538865971E+01  4.02656755184E+01  3.62965451448E+01    0.93742   0.90143
     2  1.000         2   2.000       3.000      599.7          3.61096376730E+01  3.33104556208E+01  3.03111209247E+01    0.92248   0.90996
     3  1.000         3   3.000       4.000      551.9          3.58944331918E+01  3.25234039044E+01  2.94444320324E+01    0.90608   0.90533
     4  1.000         4   4.000       5.000      512.2          3.67301416431E+01  3.26867533734E+01  3.02834503733E+01    0.88992   0.92647
     5  1.000         5   5.000       6.000      479.2          3.77705839475E+01  3.30543663883E+01  3.00572966257E+01    0.87514   0.90933
     6  1.000         6   6.000       7.000      451.5          3.88100858705E+01  3.35746041245E+01  3.02861094708E+01    0.86510   0.90205
     7  1.000         7   7.000       8.000      428.0          3.98199813960E+01  3.39418401352E+01  3.25291269992E+01    0.85238   0.95838
     8  1.000         8   8.000       9.000      407.9          4.07510801325E+01  3.42969070451E+01  3.02156284125E+01    0.84162   0.88100
     9  1.000         9   9.000       10.00      390.1          4.16503132532E+01  3.48431430329E+01  3.23831892188E+01    0.83656   0.92940
    10  2.000        10   10.00       12.00      367.5          4.28477498984E+01  3.52438676763E+01  3.11417928502E+01    0.82254   0.88361
    11  2.000        11   12.00       14.00      342.6          4.43166800034E+01  3.57577669428E+01  3.17181818461E+01    0.80687   0.88703
    12  2.000        12   14.00       16.00      322.1          4.56484804781E+01  3.64045455529E+01  3.39018335038E+01    0.79750   0.93125
 #=================================================================================================================================================================
 # My Cross Sections
 # The scale factors xmur, xmuf chosen here are:      0.500,      0.500
 #-----------------------------------------------------------------------------------------------------------------------------------------------------------------
 #IObs  BinSize  IODimO  [ Chi               ]  < ptavg_j12_ >  LO_cross_section   NLO_cross_section  NNLO_cross_section   KNLO      KNNLO
 #-----------------------------------------------------------------------------------------------------------------------------------------------------------------
     1  1.000         1   1.000       2.000      326.0          5.57487148632E+01  3.70817345746E+01  3.49019384112E+01    0.66516   0.94122
     2  1.000         2   2.000       3.000      301.1          4.69276190844E+01  3.04206759788E+01  2.93186956802E+01    0.64825   0.96378
     3  1.000         3   3.000       4.000      277.1          4.67331236757E+01  2.93925030333E+01  2.85477396635E+01    0.62894   0.97126
     4  1.000         4   4.000       5.000      257.2          4.79111062692E+01  2.92124018059E+01  2.97023983126E+01    0.60972   1.01677
     5  1.000         5   5.000       6.000      240.8          4.93566086504E+01  2.92217998775E+01  2.90235346089E+01    0.59205   0.99322
     6  1.000         6   6.000       7.000      226.9          5.08007631026E+01  2.94356333011E+01  2.91323447171E+01    0.57943   0.98970
     7  1.000         7   7.000       8.000      215.1          5.22050359804E+01  2.94479611911E+01  3.25972960248E+01    0.56408   1.10695
     8  1.000         8   8.000       9.000      205.1          5.35042809397E+01  2.94751068369E+01  2.88385979225E+01    0.55089   0.97841
     9  1.000         9   9.000       10.00      196.2          5.47596288498E+01  2.98038326373E+01  3.24330876341E+01    0.54427   1.08822
    10  2.000        10   10.00       12.00      184.9          5.64402176020E+01  2.97336637192E+01  2.98471802905E+01    0.52682   1.00382
    11  2.000        11   12.00       14.00      172.5          5.85060358519E+01  2.96977290481E+01  3.05428991119E+01    0.50760   1.02846
    12  2.000        12   14.00       16.00      162.2          6.03860359209E+01  2.98962382844E+01  3.43052409486E+01    0.49509   1.14748
 #=================================================================================================================================================================
 # My Cross Sections
 # The scale factors xmur, xmuf chosen here are:      2.000,      2.000
 #-----------------------------------------------------------------------------------------------------------------------------------------------------------------
 #IObs  BinSize  IODimO  [ Chi               ]  < ptavg_j12_ >  LO_cross_section   NLO_cross_section  NNLO_cross_section   KNLO      KNNLO
 #-----------------------------------------------------------------------------------------------------------------------------------------------------------------
     1  1.000         1   1.000       2.000      1296.          3.37214771241E+01  3.95360532624E+01  3.74998746737E+01    1.17243   0.94850
     2  1.000         2   2.000       3.000      1197.          2.83187354225E+01  3.28202119022E+01  3.12406951733E+01    1.15896   0.95187
     3  1.000         3   3.000       4.000      1102.          2.81080166522E+01  3.21779371190E+01  3.03836456225E+01    1.14480   0.94424
     4  1.000         4   4.000       5.000      1022.          2.87165278538E+01  3.24784093838E+01  3.10751071287E+01    1.13100   0.95679
     5  1.000         5   5.000       6.000      956.3          2.94841186639E+01  3.29769071162E+01  3.11583716270E+01    1.11846   0.94485
     6  1.000         6   6.000       7.000      901.0          3.02514813995E+01  3.35921362883E+01  3.15067273812E+01    1.11043   0.93792
     7  1.000         7   7.000       8.000      854.0          3.09967876658E+01  3.40888897719E+01  3.31062300858E+01    1.09976   0.97117
     8  1.000         8   8.000       9.000      813.7          3.16819758373E+01  3.45612174071E+01  3.17132452285E+01    1.09088   0.91760
     9  1.000         9   9.000       10.00      778.2          3.23436596865E+01  3.51571847625E+01  3.31546808416E+01    1.08699   0.94304
    10  2.000        10   10.00       12.00      733.0          3.32204305054E+01  3.57334870559E+01  3.27187847826E+01    1.07565   0.91563
    11  2.000        11   12.00       14.00      683.2          3.42935607406E+01  3.64444754731E+01  3.33349727417E+01    1.06272   0.91468
    12  2.000        12   14.00       16.00      642.3          3.52628199010E+01  3.72292802490E+01  3.47763239560E+01    1.05577   0.93411
 #=================================================================================================================================================================
 # My Cross Sections
 # The scale factors xmur, xmuf chosen here are:      0.500,      1.000
 #-----------------------------------------------------------------------------------------------------------------------------------------------------------------
 #IObs  BinSize  IODimO  [ Chi               ]  < ptavg_j12_ >  LO_cross_section   NLO_cross_section  NNLO_cross_section   KNLO      KNNLO
 #-----------------------------------------------------------------------------------------------------------------------------------------------------------------
     1  1.000         1   1.000       2.000      325.4          5.07628304977E+01  3.87788434782E+01  3.50101881495E+01    0.76392   0.90282
     2  1.000         2   2.000       3.000      300.6          4.27472700372E+01  3.18863057157E+01  2.93333842245E+01    0.74593   0.91994
     3  1.000         3   3.000       4.000      276.7          4.25689678856E+01  3.09111312106E+01  2.85365305877E+01    0.72614   0.92318
     4  1.000         4   4.000       5.000      256.8          4.36316673203E+01  3.08361897184E+01  2.96058850732E+01    0.70674   0.96010
     5  1.000         5   5.000       6.000      240.3          4.49341233189E+01  3.09628750285E+01  2.89575252194E+01    0.68907   0.93523
     6  1.000         6   6.000       7.000      226.5          4.62334635322E+01  3.12814503887E+01  2.91607560580E+01    0.67660   0.93221
     7  1.000         7   7.000       8.000      214.7          4.74956957556E+01  3.14113932654E+01  3.21450713565E+01    0.66135   1.02336
     8  1.000         8   8.000       9.000      204.7          4.86620443943E+01  3.15468683157E+01  2.89218644813E+01    0.64828   0.91679
     9  1.000         9   9.000       10.00      195.7          4.97885946992E+01  3.19557760180E+01  3.19579685521E+01    0.64183   1.00007
    10  2.000        10   10.00       12.00      184.4          5.12941713337E+01  3.20415935170E+01  2.98085170778E+01    0.62466   0.93031
    11  2.000        11   12.00       14.00      172.0          5.31442334910E+01  3.21880511265E+01  3.04249069814E+01    0.60567   0.94522
    12  2.000        12   14.00       16.00      161.8          5.48259023137E+01  3.25425913578E+01  3.37415814114E+01    0.59356   1.03684
 #=================================================================================================================================================================
 # My Cross Sections
 # The scale factors xmur, xmuf chosen here are:      1.000,      0.500
 #-----------------------------------------------------------------------------------------------------------------------------------------------------------------
 #IObs  BinSize  IODimO  [ Chi               ]  < ptavg_j12_ >  LO_cross_section   NLO_cross_section  NNLO_cross_section   KNLO      KNNLO
 #-----------------------------------------------------------------------------------------------------------------------------------------------------------------
     1  1.000         1   1.000       2.000      650.0          4.71729831146E+01  3.99348424295E+01  3.59391855711E+01    0.84656   0.89995
     2  1.000         2   2.000       3.000      600.3          3.96410514790E+01  3.30090972034E+01  3.00621632843E+01    0.83270   0.91072
     3  1.000         3   3.000       4.000      552.5          3.94058534463E+01  3.21876958805E+01  2.91963684158E+01    0.81683   0.90707
     4  1.000         4   4.000       5.000      512.7          4.03328567737E+01  3.23024046085E+01  3.00787774807E+01    0.80090   0.93116
     5  1.000         5   5.000       6.000      479.7          4.14882183521E+01  3.26172030847E+01  2.98218162500E+01    0.78618   0.91430
     6  1.000         6   6.000       7.000      452.0          4.26442547183E+01  3.30949700128E+01  2.99569458480E+01    0.77607   0.90518
     7  1.000         7   7.000       8.000      428.4          4.37684726263E+01  3.34090473194E+01  3.25198273350E+01    0.76331   0.97338
     8  1.000         8   8.000       9.000      408.3          4.48063483928E+01  3.37162122843E+01  2.97948629352E+01    0.75249   0.88370
     9  1.000         9   9.000       10.00      390.5          4.58090398113E+01  3.42342176600E+01  3.23270988911E+01    0.74732   0.94429
    10  2.000        10   10.00       12.00      367.9          4.71466672261E+01  3.45632345733E+01  3.07651382202E+01    0.73310   0.89011
    11  2.000        11   12.00       14.00      343.0          4.87881261963E+01  3.49958942576E+01  3.13593312124E+01    0.71730   0.89609
    12  2.000        12   14.00       16.00      322.5          5.02781788894E+01  3.55783678069E+01  3.37870645860E+01    0.70763   0.94965
 #=================================================================================================================================================================
 # My Cross Sections
 # The scale factors xmur, xmuf chosen here are:      1.000,      2.000
 #-----------------------------------------------------------------------------------------------------------------------------------------------------------------
 #IObs  BinSize  IODimO  [ Chi               ]  < ptavg_j12_ >  LO_cross_section   NLO_cross_section  NNLO_cross_section   KNLO      KNNLO
 #-----------------------------------------------------------------------------------------------------------------------------------------------------------------
     1  1.000         1   1.000       2.000      648.9          3.93267370857E+01  4.05720807231E+01  3.66173195233E+01    1.03167   0.90253
     2  1.000         2   2.000       3.000      599.3          3.30727716524E+01  3.35959505997E+01  3.05361092110E+01    1.01582   0.90892
     3  1.000         3   3.000       4.000      551.5          3.28753219917E+01  3.28447821758E+01  2.96679735831E+01    0.99907   0.90328
     4  1.000         4   4.000       5.000      511.7          3.36336318093E+01  3.30558446647E+01  3.04662065897E+01    0.98282   0.92166
     5  1.000         5   5.000       6.000      478.8          3.45765245526E+01  3.34741091042E+01  3.02723429628E+01    0.96812   0.90435
     6  1.000         6   6.000       7.000      451.1          3.55172101205E+01  3.40356513234E+01  3.05707606273E+01    0.95829   0.89820
     7  1.000         7   7.000       8.000      427.6          3.64302466308E+01  3.44529844868E+01  3.25463047079E+01    0.94572   0.94466
     8  1.000         8   8.000       9.000      407.5          3.72710249948E+01  3.48534209950E+01  3.05733142869E+01    0.93513   0.87720
     9  1.000         9   9.000       10.00      389.7          3.80827749534E+01  3.54276012816E+01  3.24432500076E+01    0.93028   0.91576
    10  2.000        10   10.00       12.00      367.1          3.91618788681E+01  3.58956016782E+01  3.14646722735E+01    0.91660   0.87656
    11  2.000        11   12.00       14.00      342.2          4.04851401760E+01  3.64864956272E+01  3.20256268703E+01    0.90123   0.87774
    12  2.000        12   14.00       16.00      321.7          4.16833983641E+01  3.71946153945E+01  3.39953484397E+01    0.89231   0.91399
 #=================================================================================================================================================================
 # My Cross Sections
 # The scale factors xmur, xmuf chosen here are:      2.000,      1.000
 #-----------------------------------------------------------------------------------------------------------------------------------------------------------------
 #IObs  BinSize  IODimO  [ Chi               ]  < ptavg_j12_ >  LO_cross_section   NLO_cross_section  NNLO_cross_section   KNLO      KNNLO
 #-----------------------------------------------------------------------------------------------------------------------------------------------------------------
     1  1.000         1   1.000       2.000      1297.          3.68317650499E+01  3.99680188190E+01  3.72763059938E+01    1.08515   0.93265
     2  1.000         2   2.000       3.000      1198.          3.09191683771E+01  3.31634216835E+01  3.10840719155E+01    1.07258   0.93730
     3  1.000         3   3.000       4.000      1102.          3.06894217508E+01  3.24943161416E+01  3.02181815982E+01    1.05881   0.92995
     4  1.000         4   4.000       5.000      1023.          3.13604463558E+01  3.27764012072E+01  3.09350459394E+01    1.04515   0.94382
     5  1.000         5   5.000       6.000      956.9          3.22078727713E+01  3.32577667809E+01  3.09962972251E+01    1.03260   0.93200
     6  1.000         6   6.000       7.000      901.5          3.30562796883E+01  3.38636514505E+01  3.12849636859E+01    1.02442   0.92385
     7  1.000         7   7.000       8.000      854.5          3.38810781421E+01  3.43436037743E+01  3.30741921347E+01    1.01365   0.96304
     8  1.000         8   8.000       9.000      814.2          3.46403013175E+01  3.48015852535E+01  3.14198851849E+01    1.00466   0.90283
     9  1.000         9   9.000       10.00      778.7          3.53736994721E+01  3.53956125682E+01  3.30664117536E+01    1.00062   0.93420
    10  2.000        10   10.00       12.00      733.5          3.63472379372E+01  3.59478601992E+01  3.24414400828E+01    0.98901   0.90246
    11  2.000        11   12.00       14.00      683.7          3.75392751352E+01  3.66333578511E+01  3.30577239984E+01    0.97587   0.90239
    12  2.000        12   14.00       16.00      642.7          3.86173126694E+01  3.74028718150E+01  3.46235214395E+01    0.96855   0.92569
