 ##################################################################################
 # INFO.    [fnlo-tk-cppread] Program to read fastNLO tables and derive
 # INFO.    [fnlo-tk-cppread] QCD cross sections using PDFs e.g. from LHAPDF
 #---------------------------------------------------------------------------------
 # INFO.    [fnlo-tk-cppread] For more explanations type:
 # INFO.    [fnlo-tk-cppread] ./fnlo-tk-cppread -h
 # INFO.    [fnlo-tk-cppread] For version number printout type:
 # INFO.    [fnlo-tk-cppread] ./fnlo-tk-cppread -v
 ##################################################################################

 ##################################################################################
 # [fnlo-tk-cppread] fastNLO Cross-Section Calculator
 #---------------------------------------------------------------------------------
 # [fnlo-tk-cppread] Evaluating table: 2jet.NNLO.fnl5662j_mjj6_chi.tab.gz
 # [fnlo-tk-cppread] Using PDF set   : CT14nlo
 # [fnlo-tk-cppread] If possible, will try to do 7 scale factor variations.
 # [fnlo-tk-cppread] Using alpha_s evolution code: LHAPDF
 # [fnlo-tk-cppread] Preparing unnormalized cross sections,
 # [fnlo-tk-cppread] Using scale definition scale1
 # [fnlo-tk-cppread] No request given for no. of flavours,
 #             using default value for LHAPDF or Nf = 5.
 # [fnlo-tk-cppread] No request given for no. of loops,
 #             using default value for LHAPDF or NLoop = 2.
 # [fnlo-tk-cppread] No request given for value of alpha_s(M_Z),
 #             using default value for LHAPDF or asMz = 0.1181.
 # [fnlo-tk-cppread] No request given for value of M_Z,
 #             using default value for LHAPDF or Mz = 91.1876.
 ##################################################################################

 ##################################################################################
 #
 # [0;31mfast[0;34mNLO[0m_toolkit
 # Version 2.3.1_2657-66-gda2fd2f1
 #
 # C++ program and toolkit to read and create fastNLO v2 tables and
 # derive QCD cross sections using PDFs, e.g. from LHAPDF
 #
 #---------------------------------------------------------------------------------
 #
 # Copyright © 2005-2019 [0;31mfast[0;34mNLO[0m Collaboration
 # D. Britzger, T. Kluge, K. Rabbertz, F. Stober, G. Sieber, M. Wobisch
 #
 # This program is free software: you can redistribute it and/or modify
 # it under the terms of the GNU General Public License as published by
 # the Free Software Foundation, either version 3 of the License, or
 # (at your option) any later version.
 #
 # This program is distributed in the hope that it will be useful,
 # but WITHOUT ANY WARRANTY; without even the implied warranty of
 # MERCHANTABILITY or FITNESS FOR A PARTICULAR PURPOSE. See the
 # GNU General Public License for more details.
 #
 # You should have received a copy of the GNU General Public License
 # along with this program. If not, see <http://www.gnu.org/licenses/>.
 #
 #---------------------------------------------------------------------------------
 #
 # The projects web page can be found at:
 #   http://projects.hepforge.org/fastnlo
 #
 # If you use this code, please cite:
 #   T. Kluge, K. Rabbertz, M. Wobisch, hep-ph/0609285
 #   D. Britzger, T. Kluge, K. Rabbertz, F. Stober, M. Wobisch, arXiv:1109.1310
 #
 ##################################################################################

 ##################################################################################
 # Overview on contribution types and numbers contained in table: 2jet.NNLO.fnl5662j_mjj6_chi.tab.gz
 #---------------------------------------------------------------------------------
 # Total number of contributions:  3
 #   No.: 1, type: Fixed order calculation       , Id: 0, order: LO                  , by: NNLOJET_rev_5088
 #   No.: 2, type: Fixed order calculation       , Id: 1, order: NLO                 , by: NNLOJET_rev_5088
 #   No.: 3, type: Fixed order calculation       , Id: 2, order: NNLO                , by: NNLOJET_rev_5088
 ##################################################################################

 ##################################################################################
 # Information on table header
 #---------------------------------------------------------------------------------
 #===================== fastNLO Table: Header ====================
 # Table version (Itabversion)         23600
 # Scenario name (ScenName)            fnl5662j
 # Theory contributions (Ncontrib)     3
 # Data contribution 0/1 (Ndata)       0
 ##################################################################################

 ##################################################################################
 # Information on fastNLO scenario: fnl5662j
 #---------------------------------------------------------------------------------
 #===================== fastNLO Table: Scenario ====================
 # Scenario description (ScDescript)
 #   0	d2sigma-dijet_dChi_dMjj_[pb_GeV]
 #   1	CMS_Collaboration
 #   2	Dijet_Chi
 #   3	anti-kT_R=0.4
 #   4	THEORY_LABEL=NNLOJET
 #   5	provided by:
 #   6	fastNLO_2.3.1
 #   7	If you use this table, please cite:
 #   8	  D. Britzger, T. Kluge, K. Rabbertz, F. Stober, M. Wobisch, arXiv:1109.1310
 #
 # Publ. x section (10^-Ipublunits b)  12
 # Centre-of-mass energy (Ecms/GeV)    13000
 # Power in a_s of LO process (ILOord) 2
 # No. of observable bins (NObsBin)    12
 # Dim. of observable binning (NDim)   1
 #
 # Dimension labels (DimLabel)
 #   0	Chi
 # Differential dimension (IDiffBin)
 #   0	2
 #
 # Total no. of contributions (theory + optional data) in this table: 3
 ##################################################################################

 ##################################################################################
 # Information on table contribution no. 0: LO
 #---------------------------------------------------------------------------------
 #===================== fastNLO Table: CoeffBase ====================
 # Contribution description (CtrbDescript)
 #   0	LO
 # Code description (CodeDescript)
 #   0	NNLOJET_rev_5088
 #   1	Example for single jet inclusive production.
 #   2	Please adapt to selected process: 2jet
 #   3	Please cite:
 #   4	Currie, J.; Glover, E.W.N. & Pires, J., Phys. Rev. Lett., 2017, 118, 072002 [arXiv:1611.01460]
 #   5	2jet
 #   6	PC: Please check and modify NNLOJET references according to selected process.
 #===================== fastNLO Table: CoeffAddBase ====================
 # No. of events (Nevt)                0.000000
 # Weight of table [=Nevt] (fWgtNevt)  0.000000
 # Number of tables merged together    150
 # No. of filled events (WgtNumEv)     31060566305
 # Sum of weights squared (WgtSumW2)   15944326000000.000000
 # Sum of sigma squared (SigSumW2)     1.666314
 # Sum of sigma (SigSum)               20432.877000
 # Sigma / Nevt (SigSum/WgtNevt)       9885389651575290305338336798061727641665273856.000000
 # Abs. order in a_s (Npow)            2
 # No. of hadrons involved (NPDF)      2
 # Type(s) of hadrons (NPDFPDG)
 #   0	2212
 #   1	2212
 # PDF storage format (NPDFDim)        2
 #   --> x-interpolation storage format: Full-Matrix
 # Observable bin no. 1
 #   No. of X1 nodes (XNode1[i].size())          20
 # Observable bin no. 12
 #   No. of X1 nodes (XNode1[i].size())          20
 # No. of scales involved (NScales)    1
 # Scale descriptions (ScaleDescript)
 #   0	ptavg_j12_[GeV]
 #   1	m12_[GeV]
 # No. of subprocess contributions     13
 #ISub  Processes
 #   0: (0,0), 
 #   1: (1,0), (2,0), (3,0), (4,0), (5,0), 
 #   2: (1,-1), (2,-2), (3,-3), (4,-4), (5,-5), 
 #   3: (0,1), (0,2), (0,3), (0,4), (0,5), 
 #   4: (-1,1), (-2,2), (-3,3), (-4,4), (-5,5), 
 #   5: (0,-1), (0,-2), (0,-3), (0,-4), (0,-5), 
 #   6: (-1,0), (-2,0), (-3,0), (-4,0), (-5,0), 
 #   7: (1,-1), (1,-2), (1,-3), (1,-4), (1,-5), (2,-1), (2,-2), (2,-3), (2,-4), (2,-5), (3,-1), (3,-2), (3,-3), (3,-4), (3,-5), (4,-1), (4,-2), (4,-3), (4,-4), (4,-5), (5,-1), (5,-2), (5,-3), (5,-4), (5,-5), 
 #   8: (1,1), (1,2), (1,3), (1,4), (1,5), (2,1), (2,2), (2,3), (2,4), (2,5), (3,1), (3,2), (3,3), (3,4), (3,5), (4,1), (4,2), (4,3), (4,4), (4,5), (5,1), (5,2), (5,3), (5,4), (5,5), 
 #   9: (-1,-1), (-1,-2), (-1,-3), (-1,-4), (-1,-5), (-2,-1), (-2,-2), (-2,-3), (-2,-4), (-2,-5), (-3,-1), (-3,-2), (-3,-3), (-3,-4), (-3,-5), (-4,-1), (-4,-2), (-4,-3), (-4,-4), (-4,-5), (-5,-1), (-5,-2), (-5,-3), (-5,-4), (-5,-5), 
 #  10: (-1,1), (-1,2), (-1,3), (-1,4), (-1,5), (-2,1), (-2,2), (-2,3), (-2,4), (-2,5), (-3,1), (-3,2), (-3,3), (-3,4), (-3,5), (-4,1), (-4,2), (-4,3), (-4,4), (-4,5), (-5,1), (-5,2), (-5,3), (-5,4), (-5,5), 
 #  11: (1,1), (2,2), (3,3), (4,4), (5,5), 
 #  12: (-1,-1), (-2,-2), (-3,-3), (-4,-4), (-5,-5), 
 #===================== fastNLO Table: CoeffAddFlex ====================
 # No. of scale1 nodes (Nscalenode1)   6
 # No. of scale2 nodes (Nscalenode2)   6
 ##################################################################################

 ##################################################################################
 # Information on table contribution no. 1: NLO
 #---------------------------------------------------------------------------------
 #===================== fastNLO Table: CoeffBase ====================
 # Contribution description (CtrbDescript)
 #   0	NLO
 # Code description (CodeDescript)
 #   0	NNLOJET_rev_5088
 #   1	Example for single jet inclusive production.
 #   2	Please adapt to selected process: 2jet
 #   3	Please cite:
 #   4	Currie, J.; Glover, E.W.N. & Pires, J., Phys. Rev. Lett., 2017, 118, 072002 [arXiv:1611.01460]
 #   5	2jet
 #   6	PC: Please check and modify NNLOJET references according to selected process.
 #===================== fastNLO Table: CoeffAddBase ====================
 # No. of events (Nevt)                1.000000
 # Weight of table [=Nevt] (fWgtNevt)  1.000000
 # Number of tables merged together    500
 # No. of filled events (WgtNumEv)     198964750831
 # Sum of weights squared (WgtSumW2)   23418925999999998054367232.000000
 # Sum of sigma squared (SigSumW2)     1298673400.000000
 # Sum of sigma (SigSum)               4594.671000
 # Sigma / Nevt (SigSum/WgtNevt)       4594.671000
 # Abs. order in a_s (Npow)            3
 # No. of hadrons involved (NPDF)      2
 # Type(s) of hadrons (NPDFPDG)
 #   0	2212
 #   1	2212
 # PDF storage format (NPDFDim)        2
 #   --> x-interpolation storage format: Full-Matrix
 # Observable bin no. 1
 #   No. of X1 nodes (XNode1[i].size())          20
 # Observable bin no. 12
 #   No. of X1 nodes (XNode1[i].size())          20
 # No. of scales involved (NScales)    1
 # Scale descriptions (ScaleDescript)
 #   0	ptavg_j12_[GeV]
 #   1	m12_[GeV]
 # No. of subprocess contributions     13
 #ISub  Processes
 #   0: (0,0), 
 #   1: (1,0), (2,0), (3,0), (4,0), (5,0), 
 #   2: (1,-1), (2,-2), (3,-3), (4,-4), (5,-5), 
 #   3: (0,1), (0,2), (0,3), (0,4), (0,5), 
 #   4: (-1,1), (-2,2), (-3,3), (-4,4), (-5,5), 
 #   5: (0,-1), (0,-2), (0,-3), (0,-4), (0,-5), 
 #   6: (-1,0), (-2,0), (-3,0), (-4,0), (-5,0), 
 #   7: (1,1), (1,2), (1,3), (1,4), (1,5), (2,1), (2,2), (2,3), (2,4), (2,5), (3,1), (3,2), (3,3), (3,4), (3,5), (4,1), (4,2), (4,3), (4,4), (4,5), (5,1), (5,2), (5,3), (5,4), (5,5), 
 #   8: (1,-1), (1,-2), (1,-3), (1,-4), (1,-5), (2,-1), (2,-2), (2,-3), (2,-4), (2,-5), (3,-1), (3,-2), (3,-3), (3,-4), (3,-5), (4,-1), (4,-2), (4,-3), (4,-4), (4,-5), (5,-1), (5,-2), (5,-3), (5,-4), (5,-5), 
 #   9: (-1,1), (-1,2), (-1,3), (-1,4), (-1,5), (-2,1), (-2,2), (-2,3), (-2,4), (-2,5), (-3,1), (-3,2), (-3,3), (-3,4), (-3,5), (-4,1), (-4,2), (-4,3), (-4,4), (-4,5), (-5,1), (-5,2), (-5,3), (-5,4), (-5,5), 
 #  10: (-1,-1), (-1,-2), (-1,-3), (-1,-4), (-1,-5), (-2,-1), (-2,-2), (-2,-3), (-2,-4), (-2,-5), (-3,-1), (-3,-2), (-3,-3), (-3,-4), (-3,-5), (-4,-1), (-4,-2), (-4,-3), (-4,-4), (-4,-5), (-5,-1), (-5,-2), (-5,-3), (-5,-4), (-5,-5), 
 #  11: (1,1), (2,2), (3,3), (4,4), (5,5), 
 #  12: (-1,-1), (-2,-2), (-3,-3), (-4,-4), (-5,-5), 
 #===================== fastNLO Table: CoeffAddFlex ====================
 # No. of scale1 nodes (Nscalenode1)   6
 # No. of scale2 nodes (Nscalenode2)   6
 ##################################################################################

 ##################################################################################
 # Information on table contribution no. 2: NNLO
 #---------------------------------------------------------------------------------
 #===================== fastNLO Table: CoeffBase ====================
 # Contribution description (CtrbDescript)
 #   0	NNLO
 # Code description (CodeDescript)
 #   0	NNLOJET_rev_5088
 #   1	Example for single jet inclusive production.
 #   2	Please adapt to selected process: 2jet
 #   3	Please cite:
 #   4	Currie, J.; Glover, E.W.N. & Pires, J., Phys. Rev. Lett., 2017, 118, 072002 [arXiv:1611.01460]
 #   5	2jet
 #   6	PC: Please check and modify NNLOJET references according to selected process.
 #===================== fastNLO Table: CoeffAddBase ====================
 # No. of events (Nevt)                1.000000
 # Weight of table [=Nevt] (fWgtNevt)  1.000000
 # Number of tables merged together    6748
 # No. of filled events (WgtNumEv)     677809658726
 # Sum of weights squared (WgtSumW2)   17042466000000000175777863880933376.000000
 # Sum of sigma squared (SigSumW2)     283417270000000.000000
 # Sum of sigma (SigSum)               -124174.000000
 # Sigma / Nevt (SigSum/WgtNevt)       -124174.000000
 # Abs. order in a_s (Npow)            4
 # No. of hadrons involved (NPDF)      2
 # Type(s) of hadrons (NPDFPDG)
 #   0	2212
 #   1	2212
 # PDF storage format (NPDFDim)        2
 #   --> x-interpolation storage format: Full-Matrix
 # Observable bin no. 1
 #   No. of X1 nodes (XNode1[i].size())          20
 # Observable bin no. 12
 #   No. of X1 nodes (XNode1[i].size())          20
 # No. of scales involved (NScales)    1
 # Scale descriptions (ScaleDescript)
 #   0	ptavg_j12_[GeV]
 #   1	m12_[GeV]
 # No. of subprocess contributions     13
 #ISub  Processes
 #   0: (0,0), 
 #   1: (1,0), (2,0), (3,0), (4,0), (5,0), 
 #   2: (1,-1), (2,-2), (3,-3), (4,-4), (5,-5), 
 #   3: (0,1), (0,2), (0,3), (0,4), (0,5), 
 #   4: (-1,1), (-2,2), (-3,3), (-4,4), (-5,5), 
 #   5: (0,-1), (0,-2), (0,-3), (0,-4), (0,-5), 
 #   6: (-1,0), (-2,0), (-3,0), (-4,0), (-5,0), 
 #   7: (1,1), (1,2), (1,3), (1,4), (1,5), (2,1), (2,2), (2,3), (2,4), (2,5), (3,1), (3,2), (3,3), (3,4), (3,5), (4,1), (4,2), (4,3), (4,4), (4,5), (5,1), (5,2), (5,3), (5,4), (5,5), 
 #   8: (1,-1), (1,-2), (1,-3), (1,-4), (1,-5), (2,-1), (2,-2), (2,-3), (2,-4), (2,-5), (3,-1), (3,-2), (3,-3), (3,-4), (3,-5), (4,-1), (4,-2), (4,-3), (4,-4), (4,-5), (5,-1), (5,-2), (5,-3), (5,-4), (5,-5), 
 #   9: (-1,1), (-1,2), (-1,3), (-1,4), (-1,5), (-2,1), (-2,2), (-2,3), (-2,4), (-2,5), (-3,1), (-3,2), (-3,3), (-3,4), (-3,5), (-4,1), (-4,2), (-4,3), (-4,4), (-4,5), (-5,1), (-5,2), (-5,3), (-5,4), (-5,5), 
 #  10: (-1,-1), (-1,-2), (-1,-3), (-1,-4), (-1,-5), (-2,-1), (-2,-2), (-2,-3), (-2,-4), (-2,-5), (-3,-1), (-3,-2), (-3,-3), (-3,-4), (-3,-5), (-4,-1), (-4,-2), (-4,-3), (-4,-4), (-4,-5), (-5,-1), (-5,-2), (-5,-3), (-5,-4), (-5,-5), 
 #  11: (1,1), (2,2), (3,3), (4,4), (5,5), 
 #  12: (-1,-1), (-2,-2), (-3,-3), (-4,-4), (-5,-5), 
 #===================== fastNLO Table: CoeffAddFlex ====================
 # No. of scale1 nodes (Nscalenode1)   6
 # No. of scale2 nodes (Nscalenode2)   6
 ##################################################################################
LHAPDF 6.2.1 loading /home/rabbertz/local/share/LHAPDF/CT14nlo/CT14nlo_0000.dat
CT14nlo PDF set, member #0, version 1; LHAPDF ID = 13100
LHAPDF 6.2.1 loading /home/rabbertz/local/share/LHAPDF/CT14nlo/CT14nlo_0000.dat
CT14nlo PDF set, member #0, version 1; LHAPDF ID = 13100

 ##################################################################################################################################################################
 # [fnlo-tk-cppread] Calculate my cross sections
 ##################################################################################################################################################################
 #=================================================================================================================================================================
 # My Cross Sections
 # The scale factors xmur, xmuf chosen here are:      1.000,      1.000
 #-----------------------------------------------------------------------------------------------------------------------------------------------------------------
 #IObs  BinSize  IODimO  [ Chi               ]  < ptavg_j12_ >  LO_cross_section   NLO_cross_section  NNLO_cross_section   KNLO      KNNLO
 #-----------------------------------------------------------------------------------------------------------------------------------------------------------------
     1  1.000         1   1.000       2.000      2172.          1.04549535181E-02  1.11903864040E-02  1.05366716657E-02    1.07034   0.94158
     2  1.000         2   2.000       3.000      2006.          9.33988555533E-03  9.54351569232E-03  8.60485856652E-03    1.02180   0.90164
     3  1.000         3   3.000       4.000      1846.          9.66268149698E-03  9.49161763214E-03  8.83457860450E-03    0.98230   0.93078
     4  1.000         4   4.000       5.000      1713.          1.01327212175E-02  9.60817786643E-03  8.63773272392E-03    0.94823   0.89900
     5  1.000         5   5.000       6.000      1603.          1.05953452486E-02  9.76986743868E-03  8.98348968115E-03    0.92209   0.91951
     6  1.000         6   6.000       7.000      1510.          1.10240278704E-02  9.91801884495E-03  9.33075616517E-03    0.89967   0.94079
     7  1.000         7   7.000       8.000      1431.          1.14124111802E-02  1.00428131150E-02  8.92314161910E-03    0.87999   0.88851
     8  1.000         8   8.000       9.000      1363.          1.17724875938E-02  1.02095670112E-02  9.25294983731E-03    0.86724   0.90630
     9  1.000         9   9.000       10.00      1305.          1.21015406928E-02  1.02893766350E-02  8.96733402990E-03    0.85025   0.87151
    10  2.000        10   10.00       12.00      1229.          1.25474200928E-02  1.03591997509E-02  8.93448268841E-03    0.82560   0.86247
    11  2.000        11   12.00       14.00      1145.          1.30883069959E-02  1.06081950081E-02  9.32005710449E-03    0.81051   0.87857
    12  2.000        12   14.00       16.00      1077.          1.35502616285E-02  1.07716892489E-02  1.01270989341E-02    0.79494   0.94016
 #=================================================================================================================================================================
 # My Cross Sections
 # The scale factors xmur, xmuf chosen here are:      0.500,      0.500
 #-----------------------------------------------------------------------------------------------------------------------------------------------------------------
 #IObs  BinSize  IODimO  [ Chi               ]  < ptavg_j12_ >  LO_cross_section   NLO_cross_section  NNLO_cross_section   KNLO      KNNLO
 #-----------------------------------------------------------------------------------------------------------------------------------------------------------------
     1  1.000         1   1.000       2.000      1086.          1.41632486216E-02  1.08474103562E-02  1.02666844856E-02    0.76588   0.94646
     2  1.000         2   2.000       3.000      1004.          1.26650641107E-02  9.04273324654E-03  8.21668520203E-03    0.71399   0.90865
     3  1.000         3   3.000       4.000      923.6          1.31258419053E-02  8.80314150228E-03  8.63971993398E-03    0.67067   0.98144
     4  1.000         4   4.000       5.000      857.0          1.37913203521E-02  8.72195224873E-03  8.34314411681E-03    0.63242   0.95657
     5  1.000         5   5.000       6.000      802.2          1.44492030299E-02  8.70822958430E-03  8.77602684361E-03    0.60268   1.00779
     6  1.000         6   6.000       7.000      755.8          1.50622412421E-02  8.68960332493E-03  9.30844903831E-03    0.57691   1.07122
     7  1.000         7   7.000       8.000      716.3          1.56206320675E-02  8.65932551363E-03  8.66151106226E-03    0.55435   1.00025
     8  1.000         8   8.000       9.000      682.1          1.61403050280E-02  8.69856315076E-03  9.03273838467E-03    0.53893   1.03842
     9  1.000         9   9.000       10.00      653.1          1.66170435886E-02  8.62723252480E-03  8.57853382053E-03    0.51918   0.99436
    10  2.000        10   10.00       12.00      616.0          1.72655075967E-02  8.46697449115E-03  8.61887896077E-03    0.49040   1.01794
    11  2.000        11   12.00       14.00      573.7          1.80549293599E-02  8.52078010865E-03  9.06483254488E-03    0.47194   1.06385
    12  2.000        12   14.00       16.00      539.8          1.87343357171E-02  8.47419295929E-03  1.02288579427E-02    0.45233   1.20706
 #=================================================================================================================================================================
 # My Cross Sections
 # The scale factors xmur, xmuf chosen here are:      2.000,      2.000
 #-----------------------------------------------------------------------------------------------------------------------------------------------------------------
 #IObs  BinSize  IODimO  [ Chi               ]  < ptavg_j12_ >  LO_cross_section   NLO_cross_section  NNLO_cross_section   KNLO      KNNLO
 #-----------------------------------------------------------------------------------------------------------------------------------------------------------------
     1  1.000         1   1.000       2.000      4343.          7.88654726779E-03  1.05180440420E-02  1.07197049872E-02    1.33367   1.01917
     2  1.000         2   2.000       3.000      4011.          7.03994958518E-03  9.06686221482E-03  8.89114712176E-03    1.28792   0.98062
     3  1.000         3   3.000       4.000      3691.          7.27204752624E-03  9.10096977780E-03  9.03674682738E-03    1.25150   0.99294
     4  1.000         4   4.000       5.000      3425.          7.61262065428E-03  9.29362674212E-03  8.94397525131E-03    1.22082   0.96238
     5  1.000         5   5.000       6.000      3205.          7.94691444178E-03  9.51684941697E-03  9.26182270703E-03    1.19755   0.97320
     6  1.000         6   6.000       7.000      3019.          8.25557841720E-03  9.72334252580E-03  9.53894233464E-03    1.17779   0.98104
     7  1.000         7   7.000       8.000      2861.          8.53405626181E-03  9.90277078777E-03  9.31323119444E-03    1.16038   0.94047
     8  1.000         8   8.000       9.000      2725.          8.79126478581E-03  1.01073576918E-02  9.62790705738E-03    1.14970   0.95256
     9  1.000         9   9.000       10.00      2608.          9.02527549926E-03  1.02430014520E-02  9.47819003588E-03    1.13492   0.92533
    10  2.000        10   10.00       12.00      2457.          9.34087267598E-03  1.04013879746E-02  9.46798844223E-03    1.11353   0.91026
    11  2.000        11   12.00       14.00      2289.          9.72203284017E-03  1.07041586491E-02  9.84846710063E-03    1.10102   0.92006
    12  2.000        12   14.00       16.00      2152.          1.00452401732E-02  1.09354793856E-02  1.04762948346E-02    1.08862   0.95801
 #=================================================================================================================================================================
 # My Cross Sections
 # The scale factors xmur, xmuf chosen here are:      0.500,      1.000
 #-----------------------------------------------------------------------------------------------------------------------------------------------------------------
 #IObs  BinSize  IODimO  [ Chi               ]  < ptavg_j12_ >  LO_cross_section   NLO_cross_section  NNLO_cross_section   KNLO      KNNLO
 #-----------------------------------------------------------------------------------------------------------------------------------------------------------------
     1  1.000         1   1.000       2.000      1086.          1.20874294902E-02  1.12414151190E-02  1.02988335985E-02    0.93001   0.91615
     2  1.000         2   2.000       3.000      1003.          1.08119216726E-02  9.47677542861E-03  8.29757376456E-03    0.87651   0.87557
     3  1.000         3   3.000       4.000      923.3          1.12003503384E-02  9.32692735437E-03  8.61611003008E-03    0.83274   0.92379
     4  1.000         4   4.000       5.000      856.8          1.17593853628E-02  9.34502613517E-03  8.35357100492E-03    0.79469   0.89391
     5  1.000         5   5.000       6.000      801.8          1.23098712910E-02  9.42125705130E-03  8.73154030831E-03    0.76534   0.92679
     6  1.000         6   6.000       7.000      755.5          1.28209393499E-02  9.48891060889E-03  9.17493966063E-03    0.74011   0.96691
     7  1.000         7   7.000       8.000      715.9          1.32850121286E-02  9.53848131658E-03  8.61792872904E-03    0.71799   0.90349
     8  1.000         8   8.000       9.000      681.8          1.37158773757E-02  9.64645805392E-03  8.96049704775E-03    0.70331   0.92889
     9  1.000         9   9.000       10.00      652.7          1.41102858034E-02  9.65121840613E-03  8.55108610870E-03    0.68398   0.88601
    10  2.000        10   10.00       12.00      615.3          1.46456807220E-02  9.61097021594E-03  8.54994025876E-03    0.65623   0.88960
    11  2.000        11   12.00       14.00      573.1          1.52961619213E-02  9.76786379608E-03  8.94888985135E-03    0.63858   0.91616
    12  2.000        12   14.00       16.00      539.0          1.58537548165E-02  9.83302865019E-03  9.98097121645E-03    0.62023   1.01505
 #=================================================================================================================================================================
 # My Cross Sections
 # The scale factors xmur, xmuf chosen here are:      1.000,      0.500
 #-----------------------------------------------------------------------------------------------------------------------------------------------------------------
 #IObs  BinSize  IODimO  [ Chi               ]  < ptavg_j12_ >  LO_cross_section   NLO_cross_section  NNLO_cross_section   KNLO      KNNLO
 #-----------------------------------------------------------------------------------------------------------------------------------------------------------------
     1  1.000         1   1.000       2.000      2172.          1.22504390776E-02  1.12422302719E-02  1.04285936256E-02    0.91770   0.92763
     2  1.000         2   2.000       3.000      2007.          1.09407389763E-02  9.52660873202E-03  8.45771783355E-03    0.87075   0.88780
     3  1.000         3   3.000       4.000      1847.          1.13238423732E-02  9.41878948328E-03  8.75315196763E-03    0.83177   0.92933
     4  1.000         4   4.000       5.000      1713.          1.18835971367E-02  9.47845086442E-03  8.50859697799E-03    0.79761   0.89768
     5  1.000         5   5.000       6.000      1603.          1.24367274844E-02  9.59093313228E-03  8.88286686933E-03    0.77118   0.92617
     6  1.000         6   6.000       7.000      1511.          1.29512206174E-02  9.69191535619E-03  9.27711967173E-03    0.74834   0.95720
     7  1.000         7   7.000       8.000      1432.          1.34188322119E-02  9.77320233719E-03  8.78277297980E-03    0.72832   0.89866
     8  1.000         8   8.000       9.000      1363.          1.38534219564E-02  9.90457601165E-03  9.12740206188E-03    0.71496   0.92153
     9  1.000         9   9.000       10.00      1305.          1.42514581001E-02  9.94221830661E-03  8.79174942955E-03    0.69763   0.88428
    10  2.000        10   10.00       12.00      1230.          1.47919312301E-02  9.94174555971E-03  8.75770676366E-03    0.67211   0.88090
    11  2.000        11   12.00       14.00      1146.          1.54488968702E-02  1.01399805578E-02  9.16000920267E-03    0.65636   0.90336
    12  2.000        12   14.00       16.00      1078.          1.60123306816E-02  1.02433527640E-02  1.00427941411E-02    0.63972   0.98042
 #=================================================================================================================================================================
 # My Cross Sections
 # The scale factors xmur, xmuf chosen here are:      1.000,      2.000
 #-----------------------------------------------------------------------------------------------------------------------------------------------------------------
 #IObs  BinSize  IODimO  [ Chi               ]  < ptavg_j12_ >  LO_cross_section   NLO_cross_section  NNLO_cross_section   KNLO      KNNLO
 #-----------------------------------------------------------------------------------------------------------------------------------------------------------------
     1  1.000         1   1.000       2.000      2171.          9.02603491525E-03  1.10255325561E-02  1.06510372895E-02    1.22153   0.96603
     2  1.000         2   2.000       3.000      2006.          8.06592308244E-03  9.45009862490E-03  8.74815458230E-03    1.17161   0.92572
     3  1.000         3   3.000       4.000      1846.          8.34158697726E-03  9.44022832781E-03  8.92912058902E-03    1.13171   0.94586
     4  1.000         4   4.000       5.000      1713.          8.74162983820E-03  9.59666343119E-03  8.77289727485E-03    1.09781   0.91416
     5  1.000         5   5.000       6.000      1603.          9.13422577767E-03  9.79194585633E-03  9.09883714469E-03    1.07201   0.92922
     6  1.000         6   6.000       7.000      1510.          9.49709236543E-03  9.97224741283E-03  9.41328790681E-03    1.05003   0.94395
     7  1.000         7   7.000       8.000      1431.          9.82504323351E-03  1.01268343065E-02  9.07772215565E-03    1.03072   0.89640
     8  1.000         8   8.000       9.000      1363.          1.01283748964E-02  1.03165408722E-02  9.39769032489E-03    1.01858   0.91093
     9  1.000         9   9.000       10.00      1304.          1.04048809551E-02  1.04253130032E-02  9.15465811896E-03    1.00196   0.87812
    10  2.000        10   10.00       12.00      1229.          1.07786036582E-02  1.05433254252E-02  9.12865423598E-03    0.97817   0.86582
    11  2.000        11   12.00       14.00      1145.          1.12308297670E-02  1.08237637282E-02  9.50483804424E-03    0.96375   0.87815
    12  2.000        12   14.00       16.00      1076.          1.16156042630E-02  1.10262899441E-02  1.02530116370E-02    0.94927   0.92987
 #=================================================================================================================================================================
 # My Cross Sections
 # The scale factors xmur, xmuf chosen here are:      2.000,      1.000
 #-----------------------------------------------------------------------------------------------------------------------------------------------------------------
 #IObs  BinSize  IODimO  [ Chi               ]  < ptavg_j12_ >  LO_cross_section   NLO_cross_section  NNLO_cross_section   KNLO      KNNLO
 #-----------------------------------------------------------------------------------------------------------------------------------------------------------------
     1  1.000         1   1.000       2.000      4343.          9.13508309488E-03  1.08922057986E-02  1.06715937203E-02    1.19235   0.97975
     2  1.000         2   2.000       3.000      4012.          8.15187511071E-03  9.35802264970E-03  8.80935885152E-03    1.14796   0.94137
     3  1.000         3   3.000       4.000      3692.          8.42376376214E-03  9.36718502508E-03  8.98817189545E-03    1.11200   0.95954
     4  1.000         4   4.000       5.000      3425.          8.82405824508E-03  9.54084560763E-03  8.85650009101E-03    1.08123   0.92827
     5  1.000         5   5.000       6.000      3205.          9.21812115556E-03  9.75017367327E-03  9.18754967135E-03    1.05772   0.94230
     6  1.000         6   6.000       7.000      3020.          9.58291553991E-03  9.94324319040E-03  9.48340745265E-03    1.03760   0.95375
     7  1.000         7   7.000       8.000      2862.          9.91285985770E-03  1.01101644786E-02  9.19613619820E-03    1.01990   0.90959
     8  1.000         8   8.000       9.000      2726.          1.02183405208E-02  1.03073169834E-02  9.51920378348E-03    1.00871   0.92354
     9  1.000         9   9.000       10.00      2608.          1.04969847512E-02  1.04300984476E-02  9.33198889135E-03    0.99363   0.89472
    10  2.000        10   10.00       12.00      2458.          1.08737643719E-02  1.05639144018E-02  9.30437548264E-03    0.97150   0.88077
    11  2.000        11   12.00       14.00      2290.          1.13299832419E-02  1.08590927575E-02  9.68991815383E-03    0.95844   0.89233
    12  2.000        12   14.00       16.00      2153.          1.17183582736E-02  1.10751136681E-02  1.03572412620E-02    0.94511   0.93518
