 ##################################################################################
 # INFO.    [fnlo-tk-cppread] Program to read fastNLO tables and derive
 # INFO.    [fnlo-tk-cppread] QCD cross sections using PDFs e.g. from LHAPDF
 #---------------------------------------------------------------------------------
 # INFO.    [fnlo-tk-cppread] For more explanations type:
 # INFO.    [fnlo-tk-cppread] ./fnlo-tk-cppread -h
 # INFO.    [fnlo-tk-cppread] For version number printout type:
 # INFO.    [fnlo-tk-cppread] ./fnlo-tk-cppread -v
 ##################################################################################

 ##################################################################################
 # [fnlo-tk-cppread] fastNLO Cross-Section Calculator
 #---------------------------------------------------------------------------------
 # [fnlo-tk-cppread] Evaluating table: 2jet.NNLO.fnl5662j_mjj5_chi.tab.gz
 # [fnlo-tk-cppread] Using PDF set   : CT14nnlo
 # [fnlo-tk-cppread] If possible, will try to do 7 scale factor variations.
 # [fnlo-tk-cppread] Using alpha_s evolution code: LHAPDF
 # [fnlo-tk-cppread] Preparing unnormalized cross sections,
 # [fnlo-tk-cppread] Using scale definition scale1
 # [fnlo-tk-cppread] No request given for no. of flavours,
 #             using default value for LHAPDF or Nf = 5.
 # [fnlo-tk-cppread] No request given for no. of loops,
 #             using default value for LHAPDF or NLoop = 2.
 # [fnlo-tk-cppread] No request given for value of alpha_s(M_Z),
 #             using default value for LHAPDF or asMz = 0.1181.
 # [fnlo-tk-cppread] No request given for value of M_Z,
 #             using default value for LHAPDF or Mz = 91.1876.
 ##################################################################################

 ##################################################################################
 #
 # [0;31mfast[0;34mNLO[0m_toolkit
 # Version 2.3.1_2657-66-gda2fd2f1
 #
 # C++ program and toolkit to read and create fastNLO v2 tables and
 # derive QCD cross sections using PDFs, e.g. from LHAPDF
 #
 #---------------------------------------------------------------------------------
 #
 # Copyright © 2005-2019 [0;31mfast[0;34mNLO[0m Collaboration
 # D. Britzger, T. Kluge, K. Rabbertz, F. Stober, G. Sieber, M. Wobisch
 #
 # This program is free software: you can redistribute it and/or modify
 # it under the terms of the GNU General Public License as published by
 # the Free Software Foundation, either version 3 of the License, or
 # (at your option) any later version.
 #
 # This program is distributed in the hope that it will be useful,
 # but WITHOUT ANY WARRANTY; without even the implied warranty of
 # MERCHANTABILITY or FITNESS FOR A PARTICULAR PURPOSE. See the
 # GNU General Public License for more details.
 #
 # You should have received a copy of the GNU General Public License
 # along with this program. If not, see <http://www.gnu.org/licenses/>.
 #
 #---------------------------------------------------------------------------------
 #
 # The projects web page can be found at:
 #   http://projects.hepforge.org/fastnlo
 #
 # If you use this code, please cite:
 #   T. Kluge, K. Rabbertz, M. Wobisch, hep-ph/0609285
 #   D. Britzger, T. Kluge, K. Rabbertz, F. Stober, M. Wobisch, arXiv:1109.1310
 #
 ##################################################################################

 ##################################################################################
 # Overview on contribution types and numbers contained in table: 2jet.NNLO.fnl5662j_mjj5_chi.tab.gz
 #---------------------------------------------------------------------------------
 # Total number of contributions:  3
 #   No.: 1, type: Fixed order calculation       , Id: 0, order: LO                  , by: NNLOJET_rev_5088
 #   No.: 2, type: Fixed order calculation       , Id: 1, order: NLO                 , by: NNLOJET_rev_5088
 #   No.: 3, type: Fixed order calculation       , Id: 2, order: NNLO                , by: NNLOJET_rev_5088
 ##################################################################################

 ##################################################################################
 # Information on table header
 #---------------------------------------------------------------------------------
 #===================== fastNLO Table: Header ====================
 # Table version (Itabversion)         23600
 # Scenario name (ScenName)            fnl5662j
 # Theory contributions (Ncontrib)     3
 # Data contribution 0/1 (Ndata)       0
 ##################################################################################

 ##################################################################################
 # Information on fastNLO scenario: fnl5662j
 #---------------------------------------------------------------------------------
 #===================== fastNLO Table: Scenario ====================
 # Scenario description (ScDescript)
 #   0	d2sigma-dijet_dChi_dMjj_[pb_GeV]
 #   1	CMS_Collaboration
 #   2	Dijet_Chi
 #   3	anti-kT_R=0.4
 #   4	THEORY_LABEL=NNLOJET
 #   5	provided by:
 #   6	fastNLO_2.3.1
 #   7	If you use this table, please cite:
 #   8	  D. Britzger, T. Kluge, K. Rabbertz, F. Stober, M. Wobisch, arXiv:1109.1310
 #
 # Publ. x section (10^-Ipublunits b)  12
 # Centre-of-mass energy (Ecms/GeV)    13000
 # Power in a_s of LO process (ILOord) 2
 # No. of observable bins (NObsBin)    12
 # Dim. of observable binning (NDim)   1
 #
 # Dimension labels (DimLabel)
 #   0	Chi
 # Differential dimension (IDiffBin)
 #   0	2
 #
 # Total no. of contributions (theory + optional data) in this table: 3
 ##################################################################################

 ##################################################################################
 # Information on table contribution no. 0: LO
 #---------------------------------------------------------------------------------
 #===================== fastNLO Table: CoeffBase ====================
 # Contribution description (CtrbDescript)
 #   0	LO
 # Code description (CodeDescript)
 #   0	NNLOJET_rev_5088
 #   1	Example for single jet inclusive production.
 #   2	Please adapt to selected process: 2jet
 #   3	Please cite:
 #   4	Currie, J.; Glover, E.W.N. & Pires, J., Phys. Rev. Lett., 2017, 118, 072002 [arXiv:1611.01460]
 #   5	2jet
 #   6	PC: Please check and modify NNLOJET references according to selected process.
 #===================== fastNLO Table: CoeffAddBase ====================
 # No. of events (Nevt)                0.000000
 # Weight of table [=Nevt] (fWgtNevt)  0.000000
 # Number of tables merged together    150
 # No. of filled events (WgtNumEv)     47717983059
 # Sum of weights squared (WgtSumW2)   24452410000000.000000
 # Sum of sigma squared (SigSumW2)     15.104959
 # Sum of sigma (SigSum)               80575.151000
 # Sigma / Nevt (SigSum/WgtNevt)       38982115140688038474905353987833705552597221376.000000
 # Abs. order in a_s (Npow)            2
 # No. of hadrons involved (NPDF)      2
 # Type(s) of hadrons (NPDFPDG)
 #   0	2212
 #   1	2212
 # PDF storage format (NPDFDim)        2
 #   --> x-interpolation storage format: Full-Matrix
 # Observable bin no. 1
 #   No. of X1 nodes (XNode1[i].size())          20
 # Observable bin no. 12
 #   No. of X1 nodes (XNode1[i].size())          20
 # No. of scales involved (NScales)    1
 # Scale descriptions (ScaleDescript)
 #   0	ptavg_j12_[GeV]
 #   1	m12_[GeV]
 # No. of subprocess contributions     13
 #ISub  Processes
 #   0: (0,0), 
 #   1: (1,0), (2,0), (3,0), (4,0), (5,0), 
 #   2: (1,-1), (2,-2), (3,-3), (4,-4), (5,-5), 
 #   3: (0,1), (0,2), (0,3), (0,4), (0,5), 
 #   4: (-1,1), (-2,2), (-3,3), (-4,4), (-5,5), 
 #   5: (0,-1), (0,-2), (0,-3), (0,-4), (0,-5), 
 #   6: (-1,0), (-2,0), (-3,0), (-4,0), (-5,0), 
 #   7: (1,-1), (1,-2), (1,-3), (1,-4), (1,-5), (2,-1), (2,-2), (2,-3), (2,-4), (2,-5), (3,-1), (3,-2), (3,-3), (3,-4), (3,-5), (4,-1), (4,-2), (4,-3), (4,-4), (4,-5), (5,-1), (5,-2), (5,-3), (5,-4), (5,-5), 
 #   8: (1,1), (1,2), (1,3), (1,4), (1,5), (2,1), (2,2), (2,3), (2,4), (2,5), (3,1), (3,2), (3,3), (3,4), (3,5), (4,1), (4,2), (4,3), (4,4), (4,5), (5,1), (5,2), (5,3), (5,4), (5,5), 
 #   9: (-1,-1), (-1,-2), (-1,-3), (-1,-4), (-1,-5), (-2,-1), (-2,-2), (-2,-3), (-2,-4), (-2,-5), (-3,-1), (-3,-2), (-3,-3), (-3,-4), (-3,-5), (-4,-1), (-4,-2), (-4,-3), (-4,-4), (-4,-5), (-5,-1), (-5,-2), (-5,-3), (-5,-4), (-5,-5), 
 #  10: (-1,1), (-1,2), (-1,3), (-1,4), (-1,5), (-2,1), (-2,2), (-2,3), (-2,4), (-2,5), (-3,1), (-3,2), (-3,3), (-3,4), (-3,5), (-4,1), (-4,2), (-4,3), (-4,4), (-4,5), (-5,1), (-5,2), (-5,3), (-5,4), (-5,5), 
 #  11: (1,1), (2,2), (3,3), (4,4), (5,5), 
 #  12: (-1,-1), (-2,-2), (-3,-3), (-4,-4), (-5,-5), 
 #===================== fastNLO Table: CoeffAddFlex ====================
 # No. of scale1 nodes (Nscalenode1)   6
 # No. of scale2 nodes (Nscalenode2)   6
 ##################################################################################

 ##################################################################################
 # Information on table contribution no. 1: NLO
 #---------------------------------------------------------------------------------
 #===================== fastNLO Table: CoeffBase ====================
 # Contribution description (CtrbDescript)
 #   0	NLO
 # Code description (CodeDescript)
 #   0	NNLOJET_rev_5088
 #   1	Example for single jet inclusive production.
 #   2	Please adapt to selected process: 2jet
 #   3	Please cite:
 #   4	Currie, J.; Glover, E.W.N. & Pires, J., Phys. Rev. Lett., 2017, 118, 072002 [arXiv:1611.01460]
 #   5	2jet
 #   6	PC: Please check and modify NNLOJET references according to selected process.
 #===================== fastNLO Table: CoeffAddBase ====================
 # No. of events (Nevt)                1.000000
 # Weight of table [=Nevt] (fWgtNevt)  1.000000
 # Number of tables merged together    500
 # No. of filled events (WgtNumEv)     314931533470
 # Sum of weights squared (WgtSumW2)   95534720000000000369098752.000000
 # Sum of sigma squared (SigSumW2)     71202101000.000000
 # Sum of sigma (SigSum)               16113.852000
 # Sigma / Nevt (SigSum/WgtNevt)       16113.852000
 # Abs. order in a_s (Npow)            3
 # No. of hadrons involved (NPDF)      2
 # Type(s) of hadrons (NPDFPDG)
 #   0	2212
 #   1	2212
 # PDF storage format (NPDFDim)        2
 #   --> x-interpolation storage format: Full-Matrix
 # Observable bin no. 1
 #   No. of X1 nodes (XNode1[i].size())          20
 # Observable bin no. 12
 #   No. of X1 nodes (XNode1[i].size())          20
 # No. of scales involved (NScales)    1
 # Scale descriptions (ScaleDescript)
 #   0	ptavg_j12_[GeV]
 #   1	m12_[GeV]
 # No. of subprocess contributions     13
 #ISub  Processes
 #   0: (0,0), 
 #   1: (1,0), (2,0), (3,0), (4,0), (5,0), 
 #   2: (1,-1), (2,-2), (3,-3), (4,-4), (5,-5), 
 #   3: (0,1), (0,2), (0,3), (0,4), (0,5), 
 #   4: (-1,1), (-2,2), (-3,3), (-4,4), (-5,5), 
 #   5: (0,-1), (0,-2), (0,-3), (0,-4), (0,-5), 
 #   6: (-1,0), (-2,0), (-3,0), (-4,0), (-5,0), 
 #   7: (1,1), (1,2), (1,3), (1,4), (1,5), (2,1), (2,2), (2,3), (2,4), (2,5), (3,1), (3,2), (3,3), (3,4), (3,5), (4,1), (4,2), (4,3), (4,4), (4,5), (5,1), (5,2), (5,3), (5,4), (5,5), 
 #   8: (1,-1), (1,-2), (1,-3), (1,-4), (1,-5), (2,-1), (2,-2), (2,-3), (2,-4), (2,-5), (3,-1), (3,-2), (3,-3), (3,-4), (3,-5), (4,-1), (4,-2), (4,-3), (4,-4), (4,-5), (5,-1), (5,-2), (5,-3), (5,-4), (5,-5), 
 #   9: (-1,1), (-1,2), (-1,3), (-1,4), (-1,5), (-2,1), (-2,2), (-2,3), (-2,4), (-2,5), (-3,1), (-3,2), (-3,3), (-3,4), (-3,5), (-4,1), (-4,2), (-4,3), (-4,4), (-4,5), (-5,1), (-5,2), (-5,3), (-5,4), (-5,5), 
 #  10: (-1,-1), (-1,-2), (-1,-3), (-1,-4), (-1,-5), (-2,-1), (-2,-2), (-2,-3), (-2,-4), (-2,-5), (-3,-1), (-3,-2), (-3,-3), (-3,-4), (-3,-5), (-4,-1), (-4,-2), (-4,-3), (-4,-4), (-4,-5), (-5,-1), (-5,-2), (-5,-3), (-5,-4), (-5,-5), 
 #  11: (1,1), (2,2), (3,3), (4,4), (5,5), 
 #  12: (-1,-1), (-2,-2), (-3,-3), (-4,-4), (-5,-5), 
 #===================== fastNLO Table: CoeffAddFlex ====================
 # No. of scale1 nodes (Nscalenode1)   6
 # No. of scale2 nodes (Nscalenode2)   6
 ##################################################################################

 ##################################################################################
 # Information on table contribution no. 2: NNLO
 #---------------------------------------------------------------------------------
 #===================== fastNLO Table: CoeffBase ====================
 # Contribution description (CtrbDescript)
 #   0	NNLO
 # Code description (CodeDescript)
 #   0	NNLOJET_rev_5088
 #   1	Example for single jet inclusive production.
 #   2	Please adapt to selected process: 2jet
 #   3	Please cite:
 #   4	Currie, J.; Glover, E.W.N. & Pires, J., Phys. Rev. Lett., 2017, 118, 072002 [arXiv:1611.01460]
 #   5	2jet
 #   6	PC: Please check and modify NNLOJET references according to selected process.
 #===================== fastNLO Table: CoeffAddBase ====================
 # No. of events (Nevt)                1.000000
 # Weight of table [=Nevt] (fWgtNevt)  1.000000
 # Number of tables merged together    6748
 # No. of filled events (WgtNumEv)     1087822926640
 # Sum of weights squared (WgtSumW2)   18257129999999999937972374100508672.000000
 # Sum of sigma squared (SigSumW2)     2136551900000000.000000
 # Sum of sigma (SigSum)               -363029.230000
 # Sigma / Nevt (SigSum/WgtNevt)       -363029.230000
 # Abs. order in a_s (Npow)            4
 # No. of hadrons involved (NPDF)      2
 # Type(s) of hadrons (NPDFPDG)
 #   0	2212
 #   1	2212
 # PDF storage format (NPDFDim)        2
 #   --> x-interpolation storage format: Full-Matrix
 # Observable bin no. 1
 #   No. of X1 nodes (XNode1[i].size())          20
 # Observable bin no. 12
 #   No. of X1 nodes (XNode1[i].size())          20
 # No. of scales involved (NScales)    1
 # Scale descriptions (ScaleDescript)
 #   0	ptavg_j12_[GeV]
 #   1	m12_[GeV]
 # No. of subprocess contributions     13
 #ISub  Processes
 #   0: (0,0), 
 #   1: (1,0), (2,0), (3,0), (4,0), (5,0), 
 #   2: (1,-1), (2,-2), (3,-3), (4,-4), (5,-5), 
 #   3: (0,1), (0,2), (0,3), (0,4), (0,5), 
 #   4: (-1,1), (-2,2), (-3,3), (-4,4), (-5,5), 
 #   5: (0,-1), (0,-2), (0,-3), (0,-4), (0,-5), 
 #   6: (-1,0), (-2,0), (-3,0), (-4,0), (-5,0), 
 #   7: (1,1), (1,2), (1,3), (1,4), (1,5), (2,1), (2,2), (2,3), (2,4), (2,5), (3,1), (3,2), (3,3), (3,4), (3,5), (4,1), (4,2), (4,3), (4,4), (4,5), (5,1), (5,2), (5,3), (5,4), (5,5), 
 #   8: (1,-1), (1,-2), (1,-3), (1,-4), (1,-5), (2,-1), (2,-2), (2,-3), (2,-4), (2,-5), (3,-1), (3,-2), (3,-3), (3,-4), (3,-5), (4,-1), (4,-2), (4,-3), (4,-4), (4,-5), (5,-1), (5,-2), (5,-3), (5,-4), (5,-5), 
 #   9: (-1,1), (-1,2), (-1,3), (-1,4), (-1,5), (-2,1), (-2,2), (-2,3), (-2,4), (-2,5), (-3,1), (-3,2), (-3,3), (-3,4), (-3,5), (-4,1), (-4,2), (-4,3), (-4,4), (-4,5), (-5,1), (-5,2), (-5,3), (-5,4), (-5,5), 
 #  10: (-1,-1), (-1,-2), (-1,-3), (-1,-4), (-1,-5), (-2,-1), (-2,-2), (-2,-3), (-2,-4), (-2,-5), (-3,-1), (-3,-2), (-3,-3), (-3,-4), (-3,-5), (-4,-1), (-4,-2), (-4,-3), (-4,-4), (-4,-5), (-5,-1), (-5,-2), (-5,-3), (-5,-4), (-5,-5), 
 #  11: (1,1), (2,2), (3,3), (4,4), (5,5), 
 #  12: (-1,-1), (-2,-2), (-3,-3), (-4,-4), (-5,-5), 
 #===================== fastNLO Table: CoeffAddFlex ====================
 # No. of scale1 nodes (Nscalenode1)   6
 # No. of scale2 nodes (Nscalenode2)   6
 ##################################################################################
LHAPDF 6.2.1 loading /home/rabbertz/local/share/LHAPDF/CT14nnlo/CT14nnlo_0000.dat
CT14nnlo PDF set, member #0, version 1; LHAPDF ID = 13000
LHAPDF 6.2.1 loading /home/rabbertz/local/share/LHAPDF/CT14nnlo/CT14nnlo_0000.dat
CT14nnlo PDF set, member #0, version 1; LHAPDF ID = 13000

 ##################################################################################################################################################################
 # [fnlo-tk-cppread] Calculate my cross sections
 ##################################################################################################################################################################
 #=================================================================================================================================================================
 # My Cross Sections
 # The scale factors xmur, xmuf chosen here are:      1.000,      1.000
 #-----------------------------------------------------------------------------------------------------------------------------------------------------------------
 #IObs  BinSize  IODimO  [ Chi               ]  < ptavg_j12_ >  LO_cross_section   NLO_cross_section  NNLO_cross_section   KNLO      KNNLO
 #-----------------------------------------------------------------------------------------------------------------------------------------------------------------
     1  1.000         1   1.000       2.000      1877.          4.17434803153E-02  4.35679747910E-02  4.09723576841E-02    1.04371   0.94042
     2  1.000         2   2.000       3.000      1734.          3.68591799130E-02  3.70117481940E-02  3.46086640293E-02    1.00414   0.93507
     3  1.000         3   3.000       4.000      1596.          3.78498297938E-02  3.66397938210E-02  3.31321241804E-02    0.96803   0.90427
     4  1.000         4   4.000       5.000      1481.          3.95213811187E-02  3.72327339322E-02  3.44948020990E-02    0.94209   0.92646
     5  1.000         5   5.000       6.000      1386.          4.11952368043E-02  3.77439761046E-02  3.44669196198E-02    0.91622   0.91318
     6  1.000         6   6.000       7.000      1306.          4.27688224766E-02  3.83824536693E-02  3.53593456186E-02    0.89744   0.92124
     7  1.000         7   7.000       8.000      1238.          4.42189488449E-02  3.89649236649E-02  3.31692428125E-02    0.88118   0.85126
     8  1.000         8   8.000       9.000      1179.          4.55472094840E-02  3.94513810618E-02  3.56556981338E-02    0.86616   0.90379
     9  1.000         9   9.000       10.00      1127.          4.67559825462E-02  4.01081158359E-02  3.71665810031E-02    0.85782   0.92666
    10  2.000        10   10.00       12.00      1063.          4.84531164645E-02  4.02932641382E-02  3.58690569818E-02    0.83159   0.89020
    11  2.000        11   12.00       14.00      990.4          5.04614409703E-02  4.11820784787E-02  3.87386235032E-02    0.81611   0.94067
    12  2.000        12   14.00       16.00      931.1          5.22345761396E-02  4.16901577714E-02  3.74002473746E-02    0.79813   0.89710
 #=================================================================================================================================================================
 # My Cross Sections
 # The scale factors xmur, xmuf chosen here are:      0.500,      0.500
 #-----------------------------------------------------------------------------------------------------------------------------------------------------------------
 #IObs  BinSize  IODimO  [ Chi               ]  < ptavg_j12_ >  LO_cross_section   NLO_cross_section  NNLO_cross_section   KNLO      KNNLO
 #-----------------------------------------------------------------------------------------------------------------------------------------------------------------
     1  1.000         1   1.000       2.000      939.3          5.62764204311E-02  4.17465185859E-02  4.00497737067E-02    0.74181   0.95936
     2  1.000         2   2.000       3.000      867.8          4.97366432432E-02  3.47931599287E-02  3.39448848224E-02    0.69955   0.97562
     3  1.000         3   3.000       4.000      798.8          5.11636587358E-02  3.37508954938E-02  3.19819911153E-02    0.65967   0.94759
     4  1.000         4   4.000       5.000      741.2          5.35308470563E-02  3.37386707437E-02  3.37365689750E-02    0.63027   0.99994
     5  1.000         5   5.000       6.000      693.5          5.59089797061E-02  3.35851362677E-02  3.36365816113E-02    0.60071   1.00153
     6  1.000         6   6.000       7.000      653.7          5.81532407470E-02  3.36592173202E-02  3.48386185316E-02    0.57880   1.03504
     7  1.000         7   7.000       8.000      619.7          6.02290839458E-02  3.37199914767E-02  3.10966707466E-02    0.55986   0.92220
     8  1.000         8   8.000       9.000      590.4          6.21376615018E-02  3.36872031752E-02  3.50823943488E-02    0.54214   1.04142
     9  1.000         9   9.000       10.00      564.5          6.38819077821E-02  3.39485987968E-02  3.65196901813E-02    0.53143   1.07573
    10  2.000        10   10.00       12.00      532.7          6.63386254180E-02  3.32672696860E-02  3.47220033364E-02    0.50148   1.04373
    11  2.000        11   12.00       14.00      496.4          6.92645869684E-02  3.33986219483E-02  3.94396640760E-02    0.48219   1.18088
    12  2.000        12   14.00       16.00      466.9          7.18645707739E-02  3.30925102711E-02  3.67068501906E-02    0.46048   1.10922
 #=================================================================================================================================================================
 # My Cross Sections
 # The scale factors xmur, xmuf chosen here are:      2.000,      2.000
 #-----------------------------------------------------------------------------------------------------------------------------------------------------------------
 #IObs  BinSize  IODimO  [ Chi               ]  < ptavg_j12_ >  LO_cross_section   NLO_cross_section  NNLO_cross_section   KNLO      KNNLO
 #-----------------------------------------------------------------------------------------------------------------------------------------------------------------
     1  1.000         1   1.000       2.000      3753.          3.16365087451E-02  4.12669996652E-02  4.16754492227E-02    1.30441   1.00990
     2  1.000         2   2.000       3.000      3467.          2.79129358308E-02  3.53662495877E-02  3.52502755071E-02    1.26702   0.99672
     3  1.000         3   3.000       4.000      3191.          2.86209459507E-02  3.53165426597E-02  3.41888798775E-02    1.23394   0.96807
     4  1.000         4   4.000       5.000      2960.          2.98362127372E-02  3.61237980131E-02  3.53991154363E-02    1.21074   0.97994
     5  1.000         5   5.000       6.000      2770.          3.10495106781E-02  3.68804876634E-02  3.55639639465E-02    1.18780   0.96430
     6  1.000         6   6.000       7.000      2610.          3.21852197591E-02  3.77043623783E-02  3.63892407230E-02    1.17148   0.96512
     7  1.000         7   7.000       8.000      2474.          3.32270988125E-02  3.84540242033E-02  3.52200234345E-02    1.15731   0.91590
     8  1.000         8   8.000       9.000      2356.          3.41770912100E-02  3.91128820649E-02  3.69628873837E-02    1.14442   0.94503
     9  1.000         9   9.000       10.00      2253.          3.50379002163E-02  3.98697237461E-02  3.84702733112E-02    1.13790   0.96490
    10  2.000        10   10.00       12.00      2124.          3.62437688817E-02  4.03974765585E-02  3.76890621581E-02    1.11460   0.93296
    11  2.000        11   12.00       14.00      1979.          3.76644982593E-02  4.15075634238E-02  3.97329646913E-02    1.10203   0.95725
    12  2.000        12   14.00       16.00      1860.          3.89134771362E-02  4.22973382131E-02  3.93071306105E-02    1.08696   0.92931
 #=================================================================================================================================================================
 # My Cross Sections
 # The scale factors xmur, xmuf chosen here are:      0.500,      1.000
 #-----------------------------------------------------------------------------------------------------------------------------------------------------------------
 #IObs  BinSize  IODimO  [ Chi               ]  < ptavg_j12_ >  LO_cross_section   NLO_cross_section  NNLO_cross_section   KNLO      KNNLO
 #-----------------------------------------------------------------------------------------------------------------------------------------------------------------
     1  1.000         1   1.000       2.000      939.0          4.83781889464E-02  4.34973087923E-02  4.00748319753E-02    0.89911   0.92132
     2  1.000         2   2.000       3.000      867.5          4.27724181700E-02  3.65790562828E-02  3.39063399477E-02    0.85520   0.92693
     3  1.000         3   3.000       4.000      798.4          4.39826311066E-02  3.58392516769E-02  3.20783384844E-02    0.81485   0.89506
     4  1.000         4   4.000       5.000      740.8          4.59842799472E-02  3.61237874536E-02  3.36337487342E-02    0.78557   0.93107
     5  1.000         5   5.000       6.000      693.1          4.79879173638E-02  3.62979034949E-02  3.35239810491E-02    0.75640   0.92358
     6  1.000         6   6.000       7.000      653.2          4.98733799403E-02  3.66562119594E-02  3.45208046541E-02    0.73499   0.94175
     7  1.000         7   7.000       8.000      619.2          5.16133231320E-02  3.69820790124E-02  3.13587673889E-02    0.71652   0.84794
     8  1.000         8   8.000       9.000      589.9          5.32095862109E-02  3.72128880694E-02  3.47191432254E-02    0.69936   0.93299
     9  1.000         9   9.000       10.00      564.1          5.46651910851E-02  3.76830410970E-02  3.60767810985E-02    0.68934   0.95737
    10  2.000        10   10.00       12.00      532.1          5.67115562758E-02  3.74266472140E-02  3.45145403672E-02    0.65995   0.92219
    11  2.000        11   12.00       14.00      495.8          5.91405826111E-02  3.79515427869E-02  3.83154091768E-02    0.64172   1.00959
    12  2.000        12   14.00       16.00      466.1          6.12918291275E-02  3.80527445847E-02  3.60899561799E-02    0.62085   0.94842
 #=================================================================================================================================================================
 # My Cross Sections
 # The scale factors xmur, xmuf chosen here are:      1.000,      0.500
 #-----------------------------------------------------------------------------------------------------------------------------------------------------------------
 #IObs  BinSize  IODimO  [ Chi               ]  < ptavg_j12_ >  LO_cross_section   NLO_cross_section  NNLO_cross_section   KNLO      KNNLO
 #-----------------------------------------------------------------------------------------------------------------------------------------------------------------
     1  1.000         1   1.000       2.000      1878.          4.85586158092E-02  4.35857046759E-02  4.06118241605E-02    0.89759   0.93177
     2  1.000         2   2.000       3.000      1735.          4.28606841274E-02  3.68448291014E-02  3.42946904310E-02    0.85964   0.93079
     3  1.000         3   3.000       4.000      1597.          4.40296354766E-02  3.62833924044E-02  3.26676869739E-02    0.82407   0.90035
     4  1.000         4   4.000       5.000      1481.          4.60073937142E-02  3.67190221702E-02  3.41362181149E-02    0.79811   0.92966
     5  1.000         5   5.000       6.000      1386.          4.79951644331E-02  3.70508939735E-02  3.40436155653E-02    0.77197   0.91883
     6  1.000         6   6.000       7.000      1306.          4.98692967465E-02  3.75417781435E-02  3.50357572567E-02    0.75280   0.93325
     7  1.000         7   7.000       8.000      1238.          5.16004744492E-02  3.79868765311E-02  3.23616106408E-02    0.73617   0.85192
     8  1.000         8   8.000       9.000      1180.          5.31897142544E-02  3.83335324934E-02  3.52379748384E-02    0.72069   0.91925
     9  1.000         9   9.000       10.00      1128.          5.46392926901E-02  3.88905866332E-02  3.68270622446E-02    0.71177   0.94694
    10  2.000        10   10.00       12.00      1064.          5.66783858944E-02  3.88310249357E-02  3.52375099959E-02    0.68511   0.90746
    11  2.000        11   12.00       14.00      991.1          5.90998254252E-02  3.95230132055E-02  3.86707741959E-02    0.66875   0.97844
    12  2.000        12   14.00       16.00      931.8          6.12450882771E-02  3.98148583887E-02  3.69018542072E-02    0.65009   0.92684
 #=================================================================================================================================================================
 # My Cross Sections
 # The scale factors xmur, xmuf chosen here are:      1.000,      2.000
 #-----------------------------------------------------------------------------------------------------------------------------------------------------------------
 #IObs  BinSize  IODimO  [ Chi               ]  < ptavg_j12_ >  LO_cross_section   NLO_cross_section  NNLO_cross_section   KNLO      KNNLO
 #-----------------------------------------------------------------------------------------------------------------------------------------------------------------
     1  1.000         1   1.000       2.000      1877.          3.62831450751E-02  4.31253543042E-02  4.13637094416E-02    1.18858   0.95915
     2  1.000         2   2.000       3.000      1734.          3.20493657159E-02  3.67788719568E-02  3.49492219363E-02    1.14757   0.95025
     3  1.000         3   3.000       4.000      1596.          3.29014331891E-02  3.65548405964E-02  3.36006205273E-02    1.11104   0.91918
     4  1.000         4   4.000       5.000      1481.          3.43353929458E-02  3.72603972694E-02  3.48851811015E-02    1.08519   0.93625
     5  1.000         5   5.000       6.000      1385.          3.57664419182E-02  3.78993936724E-02  3.49226686241E-02    1.05964   0.92146
     6  1.000         6   6.000       7.000      1305.          3.71076441260E-02  3.86393764559E-02  3.57491518901E-02    1.04128   0.92520
     7  1.000         7   7.000       8.000      1237.          3.83402442971E-02  3.93146672381E-02  3.39498055088E-02    1.02542   0.86354
     8  1.000         8   8.000       9.000      1179.          3.94663534021E-02  3.98958368459E-02  3.61378007939E-02    1.01088   0.90580
     9  1.000         9   9.000       10.00      1127.          4.04888264522E-02  4.06152370260E-02  3.75893376970E-02    1.00312   0.92550
    10  2.000        10   10.00       12.00      1062.          4.19223559046E-02  4.09729300050E-02  3.65317662888E-02    0.97735   0.89161
    11  2.000        11   12.00       14.00      989.9          4.36147553962E-02  4.19901225358E-02  3.89856209143E-02    0.96275   0.92845
    12  2.000        12   14.00       16.00      930.6          4.51056208233E-02  4.26464341611E-02  3.79927765262E-02    0.94548   0.89088
 #=================================================================================================================================================================
 # My Cross Sections
 # The scale factors xmur, xmuf chosen here are:      2.000,      1.000
 #-----------------------------------------------------------------------------------------------------------------------------------------------------------------
 #IObs  BinSize  IODimO  [ Chi               ]  < ptavg_j12_ >  LO_cross_section   NLO_cross_section  NNLO_cross_section   KNLO      KNNLO
 #-----------------------------------------------------------------------------------------------------------------------------------------------------------------
     1  1.000         1   1.000       2.000      3754.          3.63976142058E-02  4.25535925499E-02  4.15087769200E-02    1.16913   0.97545
     2  1.000         2   2.000       3.000      3468.          3.21020210633E-02  3.63768271182E-02  3.50816770306E-02    1.13316   0.96440
     3  1.000         3   3.000       4.000      3192.          3.29256011346E-02  3.62364084681E-02  3.39038073333E-02    1.10055   0.93563
     4  1.000         4   4.000       5.000      2961.          3.43426976790E-02  3.69987626540E-02  3.51663596774E-02    1.07734   0.95047
     5  1.000         5   5.000       6.000      2770.          3.57624005720E-02  3.76996753659E-02  3.52573763177E-02    1.05417   0.93522
     6  1.000         6   6.000       7.000      2610.          3.70954842286E-02  3.84872520710E-02  3.61202204414E-02    1.03752   0.93850
     7  1.000         7   7.000       8.000      2474.          3.83218648898E-02  3.92045648034E-02  3.46411267240E-02    1.02303   0.88360
     8  1.000         8   8.000       9.000      2357.          3.94430565909E-02  3.98273586395E-02  3.65844754476E-02    1.00974   0.91858
     9  1.000         9   9.000       10.00      2254.          4.04613877134E-02  4.05718695252E-02  3.81653135762E-02    1.00273   0.94068
    10  2.000        10   10.00       12.00      2125.          4.18899718014E-02  4.10133828239E-02  3.71565436633E-02    0.97907   0.90596
    11  2.000        11   12.00       14.00      1980.          4.35771771750E-02  4.20852028430E-02  3.94790599379E-02    0.96576   0.93807
    12  2.000        12   14.00       16.00      1861.          4.50638371678E-02  4.28150180084E-02  3.87865503403E-02    0.95010   0.90591
