 ##################################################################################
 # INFO.    [fnlo-tk-cppread] Program to read fastNLO tables and derive
 # INFO.    [fnlo-tk-cppread] QCD cross sections using PDFs e.g. from LHAPDF
 #---------------------------------------------------------------------------------
 # INFO.    [fnlo-tk-cppread] For more explanations type:
 # INFO.    [fnlo-tk-cppread] ./fnlo-tk-cppread -h
 # INFO.    [fnlo-tk-cppread] For version number printout type:
 # INFO.    [fnlo-tk-cppread] ./fnlo-tk-cppread -v
 ##################################################################################

 ##################################################################################
 # [fnlo-tk-cppread] fastNLO Cross-Section Calculator
 #---------------------------------------------------------------------------------
 # [fnlo-tk-cppread] Evaluating table: 2jet.NNLO.fnl5662j_mjj9_chi.tab.gz
 # [fnlo-tk-cppread] Using PDF set   : CT14nnlo
 # [fnlo-tk-cppread] If possible, will try to do 7 scale factor variations.
 # [fnlo-tk-cppread] Using alpha_s evolution code: LHAPDF
 # [fnlo-tk-cppread] Preparing unnormalized cross sections,
 # [fnlo-tk-cppread] Using scale definition kScale1
 # [fnlo-tk-cppread] No request given for no. of flavours,
 #             using default value for LHAPDF or Nf = 5.
 # [fnlo-tk-cppread] No request given for no. of loops,
 #             using default value for LHAPDF or NLoop = 2.
 # [fnlo-tk-cppread] No request given for value of alpha_s(M_Z),
 #             using default value for LHAPDF or asMz = 0.1181.
 # [fnlo-tk-cppread] No request given for value of M_Z,
 #             using default value for LHAPDF or Mz = 91.1876.
 ##################################################################################

 ##################################################################################
 #
 # [0;31mfast[0;34mNLO[0m_toolkit
 # Version 2.3.1_2771
 #
 # C++ program and toolkit to read and create fastNLO v2 tables and
 # derive QCD cross sections using PDFs, e.g. from LHAPDF
 #
 #---------------------------------------------------------------------------------
 #
 # Copyright © 2005-2020 [0;31mfast[0;34mNLO[0m Collaboration
 # D. Britzger, T. Kluge, K. Rabbertz, F. Stober, G. Sieber, M. Wobisch
 #
 # This program is free software: you can redistribute it and/or modify
 # it under the terms of the GNU General Public License as published by
 # the Free Software Foundation, either version 3 of the License, or
 # (at your option) any later version.
 #
 # This program is distributed in the hope that it will be useful,
 # but WITHOUT ANY WARRANTY; without even the implied warranty of
 # MERCHANTABILITY or FITNESS FOR A PARTICULAR PURPOSE. See the
 # GNU General Public License for more details.
 #
 # You should have received a copy of the GNU General Public License
 # along with this program. If not, see <http://www.gnu.org/licenses/>.
 #
 #---------------------------------------------------------------------------------
 #
 # The projects web page can be found at:
 #   http://projects.hepforge.org/fastnlo
 #
 # If you use this code, please cite:
 #   T. Kluge, K. Rabbertz, M. Wobisch, hep-ph/0609285
 #   D. Britzger, T. Kluge, K. Rabbertz, F. Stober, M. Wobisch, arXiv:1109.1310
 #
 ##################################################################################

 ##################################################################################
 # Overview on contribution types and numbers contained in table: 2jet.NNLO.fnl5662j_mjj9_chi.tab.gz
 #---------------------------------------------------------------------------------
 # Total number of contributions:  3
 #   No.: 1, type: Fixed order calculation       , Id: 0, order: LO                  , by: NNLOJET_rev_5088
 #   No.: 2, type: Fixed order calculation       , Id: 1, order: NLO                 , by: NNLOJET_rev_5088
 #   No.: 3, type: Fixed order calculation       , Id: 2, order: NNLO                , by: NNLOJET_rev_5088
 ##################################################################################

 ##################################################################################
 # Information on table header
 #---------------------------------------------------------------------------------
 #===================== fastNLO Table: Header ====================
 # Table version (Itabversion)         23600
 # Scenario name (ScenName)            fnl5662j
 # Theory contributions (Ncontrib)     3
 # Data contribution 0/1 (Ndata)       0
 ##################################################################################

 ##################################################################################
 # Information on fastNLO scenario: fnl5662j
 #---------------------------------------------------------------------------------
 #===================== fastNLO Table: Scenario ====================
 # Scenario description (ScDescript)
 #   0	d2sigma-dijet_dChi_dMjj_[pb_GeV]
 #   1	CMS_Collaboration
 #   2	Dijet_Chi
 #   3	anti-kT_R=0.4
 #   4	THEORY_LABEL=NNLOJET
 #   5	provided by:
 #   6	fastNLO_2.3.1
 #   7	If you use this table, please cite:
 #   8	  D. Britzger, T. Kluge, K. Rabbertz, F. Stober, M. Wobisch, arXiv:1109.1310
 #
 # Publ. x section (10^-Ipublunits b)  12
 # Centre-of-mass energy (Ecms/GeV)    13000
 # Power in a_s of LO process (ILOord) 2
 # No. of observable bins (NObsBin)    12
 # Dim. of observable binning (NDim)   1
 #
 # Dimension labels (DimLabel)
 #   0	Chi
 # Differential dimension (IDiffBin)
 #   0	2
 #
 # Total no. of contributions (theory + optional data) in this table: 3
 ##################################################################################

 ##################################################################################
 # Information on table contribution no. 0: LO
 #---------------------------------------------------------------------------------
 #===================== fastNLO Table: CoeffBase ====================
 # Contribution description (CtrbDescript)
 #   0	LO
 # Code description (CodeDescript)
 #   0	NNLOJET_rev_5088
 #   1	Example for single jet inclusive production.
 #   2	Please adapt to selected process: 2jet
 #   3	Please cite:
 #   4	Currie, J.; Glover, E.W.N. & Pires, J., Phys. Rev. Lett., 2017, 118, 072002 [arXiv:1611.01460]
 #   5	2jet
 #   6	PC: Please check and modify NNLOJET references according to selected process.
 #===================== fastNLO Table: CoeffAddBase ====================
 # No. of events (Nevt)                0.000000
 # Weight of table [=Nevt] (fWgtNevt)  0.000000
 # Number of tables merged together    150
 # No. of filled events (WgtNumEv)     6936916594
 # Sum of weights squared (WgtSumW2)   11258439000000.000000
 # Sum of sigma squared (SigSumW2)     0.006783
 # Sum of sigma (SigSum)               473.691090
 # Sigma / Nevt (SigSum/WgtNevt)       229170909173946425784173994305625388360925184.000000
 # Abs. order in a_s (Npow)            2
 # No. of hadrons involved (NPDF)      2
 # Type(s) of hadrons (NPDFPDG)
 #   0	2212
 #   1	2212
 # PDF storage format (NPDFDim)        2
 #   --> x-interpolation storage format: Full-Matrix
 # Observable bin no. 1
 #   No. of X1 nodes (XNode1[i].size())          20
 # Observable bin no. 12
 #   No. of X1 nodes (XNode1[i].size())          20
 # No. of scales involved (NScales)    1
 # Scale descriptions (ScaleDescript)
 #   0	ptavg_j12_[GeV]
 #   1	m12_[GeV]
 # No. of subprocess contributions     13
 #ISub  Processes
 #   0: (0,0), 
 #   1: (1,0), (2,0), (3,0), (4,0), (5,0), 
 #   2: (1,-1), (2,-2), (3,-3), (4,-4), (5,-5), 
 #   3: (0,1), (0,2), (0,3), (0,4), (0,5), 
 #   4: (-1,1), (-2,2), (-3,3), (-4,4), (-5,5), 
 #   5: (0,-1), (0,-2), (0,-3), (0,-4), (0,-5), 
 #   6: (-1,0), (-2,0), (-3,0), (-4,0), (-5,0), 
 #   7: (1,-1), (1,-2), (1,-3), (1,-4), (1,-5), (2,-1), (2,-2), (2,-3), (2,-4), (2,-5), (3,-1), (3,-2), (3,-3), (3,-4), (3,-5), (4,-1), (4,-2), (4,-3), (4,-4), (4,-5), (5,-1), (5,-2), (5,-3), (5,-4), (5,-5), 
 #   8: (1,1), (1,2), (1,3), (1,4), (1,5), (2,1), (2,2), (2,3), (2,4), (2,5), (3,1), (3,2), (3,3), (3,4), (3,5), (4,1), (4,2), (4,3), (4,4), (4,5), (5,1), (5,2), (5,3), (5,4), (5,5), 
 #   9: (-1,-1), (-1,-2), (-1,-3), (-1,-4), (-1,-5), (-2,-1), (-2,-2), (-2,-3), (-2,-4), (-2,-5), (-3,-1), (-3,-2), (-3,-3), (-3,-4), (-3,-5), (-4,-1), (-4,-2), (-4,-3), (-4,-4), (-4,-5), (-5,-1), (-5,-2), (-5,-3), (-5,-4), (-5,-5), 
 #  10: (-1,1), (-1,2), (-1,3), (-1,4), (-1,5), (-2,1), (-2,2), (-2,3), (-2,4), (-2,5), (-3,1), (-3,2), (-3,3), (-3,4), (-3,5), (-4,1), (-4,2), (-4,3), (-4,4), (-4,5), (-5,1), (-5,2), (-5,3), (-5,4), (-5,5), 
 #  11: (1,1), (2,2), (3,3), (4,4), (5,5), 
 #  12: (-1,-1), (-2,-2), (-3,-3), (-4,-4), (-5,-5), 
 #===================== fastNLO Table: CoeffAddFlex ====================
 # No. of scale1 nodes (Nscalenode1)   6
 # No. of scale2 nodes (Nscalenode2)   6
 ##################################################################################

 ##################################################################################
 # Information on table contribution no. 1: NLO
 #---------------------------------------------------------------------------------
 #===================== fastNLO Table: CoeffBase ====================
 # Contribution description (CtrbDescript)
 #   0	NLO
 # Code description (CodeDescript)
 #   0	NNLOJET_rev_5088
 #   1	Example for single jet inclusive production.
 #   2	Please adapt to selected process: 2jet
 #   3	Please cite:
 #   4	Currie, J.; Glover, E.W.N. & Pires, J., Phys. Rev. Lett., 2017, 118, 072002 [arXiv:1611.01460]
 #   5	2jet
 #   6	PC: Please check and modify NNLOJET references according to selected process.
 #===================== fastNLO Table: CoeffAddBase ====================
 # No. of events (Nevt)                1.000000
 # Weight of table [=Nevt] (fWgtNevt)  1.000000
 # Number of tables merged together    550
 # No. of filled events (WgtNumEv)     48746289169
 # Sum of weights squared (WgtSumW2)   9082353800000000529134518272.000000
 # Sum of sigma squared (SigSumW2)     39240565000.000000
 # Sum of sigma (SigSum)               49.070500
 # Sigma / Nevt (SigSum/WgtNevt)       49.070500
 # Abs. order in a_s (Npow)            3
 # No. of hadrons involved (NPDF)      2
 # Type(s) of hadrons (NPDFPDG)
 #   0	2212
 #   1	2212
 # PDF storage format (NPDFDim)        2
 #   --> x-interpolation storage format: Full-Matrix
 # Observable bin no. 1
 #   No. of X1 nodes (XNode1[i].size())          20
 # Observable bin no. 12
 #   No. of X1 nodes (XNode1[i].size())          20
 # No. of scales involved (NScales)    1
 # Scale descriptions (ScaleDescript)
 #   0	ptavg_j12_[GeV]
 #   1	m12_[GeV]
 # No. of subprocess contributions     13
 #ISub  Processes
 #   0: (0,0), 
 #   1: (1,0), (2,0), (3,0), (4,0), (5,0), 
 #   2: (1,-1), (2,-2), (3,-3), (4,-4), (5,-5), 
 #   3: (0,1), (0,2), (0,3), (0,4), (0,5), 
 #   4: (-1,1), (-2,2), (-3,3), (-4,4), (-5,5), 
 #   5: (0,-1), (0,-2), (0,-3), (0,-4), (0,-5), 
 #   6: (-1,0), (-2,0), (-3,0), (-4,0), (-5,0), 
 #   7: (1,1), (1,2), (1,3), (1,4), (1,5), (2,1), (2,2), (2,3), (2,4), (2,5), (3,1), (3,2), (3,3), (3,4), (3,5), (4,1), (4,2), (4,3), (4,4), (4,5), (5,1), (5,2), (5,3), (5,4), (5,5), 
 #   8: (1,-1), (1,-2), (1,-3), (1,-4), (1,-5), (2,-1), (2,-2), (2,-3), (2,-4), (2,-5), (3,-1), (3,-2), (3,-3), (3,-4), (3,-5), (4,-1), (4,-2), (4,-3), (4,-4), (4,-5), (5,-1), (5,-2), (5,-3), (5,-4), (5,-5), 
 #   9: (-1,1), (-1,2), (-1,3), (-1,4), (-1,5), (-2,1), (-2,2), (-2,3), (-2,4), (-2,5), (-3,1), (-3,2), (-3,3), (-3,4), (-3,5), (-4,1), (-4,2), (-4,3), (-4,4), (-4,5), (-5,1), (-5,2), (-5,3), (-5,4), (-5,5), 
 #  10: (-1,-1), (-1,-2), (-1,-3), (-1,-4), (-1,-5), (-2,-1), (-2,-2), (-2,-3), (-2,-4), (-2,-5), (-3,-1), (-3,-2), (-3,-3), (-3,-4), (-3,-5), (-4,-1), (-4,-2), (-4,-3), (-4,-4), (-4,-5), (-5,-1), (-5,-2), (-5,-3), (-5,-4), (-5,-5), 
 #  11: (1,1), (2,2), (3,3), (4,4), (5,5), 
 #  12: (-1,-1), (-2,-2), (-3,-3), (-4,-4), (-5,-5), 
 #===================== fastNLO Table: CoeffAddFlex ====================
 # No. of scale1 nodes (Nscalenode1)   6
 # No. of scale2 nodes (Nscalenode2)   6
 ##################################################################################

 ##################################################################################
 # Information on table contribution no. 2: NNLO
 #---------------------------------------------------------------------------------
 #===================== fastNLO Table: CoeffBase ====================
 # Contribution description (CtrbDescript)
 #   0	NNLO
 # Code description (CodeDescript)
 #   0	NNLOJET_rev_5088
 #   1	Example for single jet inclusive production.
 #   2	Please adapt to selected process: 2jet
 #   3	Please cite:
 #   4	Currie, J.; Glover, E.W.N. & Pires, J., Phys. Rev. Lett., 2017, 118, 072002 [arXiv:1611.01460]
 #   5	2jet
 #   6	PC: Please check and modify NNLOJET references according to selected process.
 #===================== fastNLO Table: CoeffAddBase ====================
 # No. of events (Nevt)                1.000000
 # Weight of table [=Nevt] (fWgtNevt)  1.000000
 # Number of tables merged together    7750
 # No. of filled events (WgtNumEv)     152774164706
 # Sum of weights squared (WgtSumW2)   1005577299999999976584401681121280.000000
 # Sum of sigma squared (SigSumW2)     98670316000.000000
 # Sum of sigma (SigSum)               -2763.675300
 # Sigma / Nevt (SigSum/WgtNevt)       -2763.675300
 # Abs. order in a_s (Npow)            4
 # No. of hadrons involved (NPDF)      2
 # Type(s) of hadrons (NPDFPDG)
 #   0	2212
 #   1	2212
 # PDF storage format (NPDFDim)        2
 #   --> x-interpolation storage format: Full-Matrix
 # Observable bin no. 1
 #   No. of X1 nodes (XNode1[i].size())          20
 # Observable bin no. 12
 #   No. of X1 nodes (XNode1[i].size())          20
 # No. of scales involved (NScales)    1
 # Scale descriptions (ScaleDescript)
 #   0	ptavg_j12_[GeV]
 #   1	m12_[GeV]
 # No. of subprocess contributions     13
 #ISub  Processes
 #   0: (0,0), 
 #   1: (1,0), (2,0), (3,0), (4,0), (5,0), 
 #   2: (1,-1), (2,-2), (3,-3), (4,-4), (5,-5), 
 #   3: (0,1), (0,2), (0,3), (0,4), (0,5), 
 #   4: (-1,1), (-2,2), (-3,3), (-4,4), (-5,5), 
 #   5: (0,-1), (0,-2), (0,-3), (0,-4), (0,-5), 
 #   6: (-1,0), (-2,0), (-3,0), (-4,0), (-5,0), 
 #   7: (1,1), (1,2), (1,3), (1,4), (1,5), (2,1), (2,2), (2,3), (2,4), (2,5), (3,1), (3,2), (3,3), (3,4), (3,5), (4,1), (4,2), (4,3), (4,4), (4,5), (5,1), (5,2), (5,3), (5,4), (5,5), 
 #   8: (1,-1), (1,-2), (1,-3), (1,-4), (1,-5), (2,-1), (2,-2), (2,-3), (2,-4), (2,-5), (3,-1), (3,-2), (3,-3), (3,-4), (3,-5), (4,-1), (4,-2), (4,-3), (4,-4), (4,-5), (5,-1), (5,-2), (5,-3), (5,-4), (5,-5), 
 #   9: (-1,1), (-1,2), (-1,3), (-1,4), (-1,5), (-2,1), (-2,2), (-2,3), (-2,4), (-2,5), (-3,1), (-3,2), (-3,3), (-3,4), (-3,5), (-4,1), (-4,2), (-4,3), (-4,4), (-4,5), (-5,1), (-5,2), (-5,3), (-5,4), (-5,5), 
 #  10: (-1,-1), (-1,-2), (-1,-3), (-1,-4), (-1,-5), (-2,-1), (-2,-2), (-2,-3), (-2,-4), (-2,-5), (-3,-1), (-3,-2), (-3,-3), (-3,-4), (-3,-5), (-4,-1), (-4,-2), (-4,-3), (-4,-4), (-4,-5), (-5,-1), (-5,-2), (-5,-3), (-5,-4), (-5,-5), 
 #  11: (1,1), (2,2), (3,3), (4,4), (5,5), 
 #  12: (-1,-1), (-2,-2), (-3,-3), (-4,-4), (-5,-5), 
 #===================== fastNLO Table: CoeffAddFlex ====================
 # No. of scale1 nodes (Nscalenode1)   6
 # No. of scale2 nodes (Nscalenode2)   6
 ##################################################################################
LHAPDF 6.3.0 loading /home/rabbertz/local/share/LHAPDF/CT14nnlo/CT14nnlo_0000.dat
CT14nnlo PDF set, member #0, version 1; LHAPDF ID = 13000
LHAPDF 6.3.0 loading /home/rabbertz/local/share/LHAPDF/CT14nnlo/CT14nnlo_0000.dat
CT14nnlo PDF set, member #0, version 1; LHAPDF ID = 13000

 ##################################################################################################################################################################
 # [fnlo-tk-cppread] Calculate my cross sections
 ##################################################################################################################################################################
 #=================================================================================================================================================================
 # My Cross Sections
 # The scale factors xmur, xmuf chosen here are:      1.000,      1.000
 #-----------------------------------------------------------------------------------------------------------------------------------------------------------------
 #IObs  BinSize  IODimO  [ Chi               ]  < ptavg_j12_ >  LO_cross_section   NLO_cross_section  NNLO_cross_section   KNLO      KNNLO
 #-----------------------------------------------------------------------------------------------------------------------------------------------------------------
     1  1.000         1   1.000       2.000      3096.          2.34104248772E-04  2.70032332966E-04  2.59449774749E-04    1.15347   0.96081
     2  1.000         2   2.000       3.000      2859.          2.15815479336E-04  2.32852548052E-04  2.16218359356E-04    1.07894   0.92856
     3  1.000         3   3.000       4.000      2632.          2.27712238017E-04  2.31991918264E-04  2.10945135867E-04    1.01879   0.90928
     4  1.000         4   4.000       5.000      2440.          2.41755156141E-04  2.36909989040E-04  2.16048184414E-04    0.97996   0.91194
     5  1.000         5   5.000       6.000      2284.          2.54948522189E-04  2.37971907016E-04  2.12315155747E-04    0.93341   0.89219
     6  1.000         6   6.000       7.000      2151.          2.66880632733E-04  2.40423683268E-04  2.18466112747E-04    0.90087   0.90867
     7  1.000         7   7.000       8.000      2039.          2.77657914205E-04  2.44244703524E-04  2.12329330703E-04    0.87966   0.86933
     8  1.000         8   8.000       9.000      1942.          2.87245205880E-04  2.46795407805E-04  2.14574400564E-04    0.85918   0.86944
     9  1.000         9   9.000       10.00      1858.          2.96530779580E-04  2.44867906994E-04  2.14800908640E-04    0.82578   0.87721
    10  2.000        10   10.00       12.00      1751.          3.08500362271E-04  2.51745732129E-04  2.17198392921E-04    0.81603   0.86277
    11  2.000        11   12.00       14.00      1630.          3.23230702322E-04  2.54186002894E-04  2.24068375111E-04    0.78639   0.88151
    12  2.000        12   14.00       16.00      1530.          3.36143104509E-04  2.55093885626E-04  2.25497636318E-04    0.75888   0.88398
 #=================================================================================================================================================================
 # My Cross Sections
 # The scale factors xmur, xmuf chosen here are:      0.500,      0.500
 #-----------------------------------------------------------------------------------------------------------------------------------------------------------------
 #IObs  BinSize  IODimO  [ Chi               ]  < ptavg_j12_ >  LO_cross_section   NLO_cross_section  NNLO_cross_section   KNLO      KNNLO
 #-----------------------------------------------------------------------------------------------------------------------------------------------------------------
     1  1.000         1   1.000       2.000      1548.          3.24619681722E-04  2.70427535380E-04  2.51688775483E-04    0.83306   0.93071
     2  1.000         2   2.000       3.000      1430.          2.99626390888E-04  2.25753844768E-04  2.08669374010E-04    0.75345   0.92432
     3  1.000         3   3.000       4.000      1316.          3.16785135111E-04  2.17785443570E-04  2.00258386919E-04    0.68749   0.91952
     4  1.000         4   4.000       5.000      1220.          3.37067464131E-04  2.17164587826E-04  2.09918165890E-04    0.64428   0.96663
     5  1.000         5   5.000       6.000      1142.          3.56237633999E-04  2.11236723100E-04  2.07218732495E-04    0.59297   0.98098
     6  1.000         6   6.000       7.000      1075.          3.73671796604E-04  2.07805368282E-04  2.14314632194E-04    0.55612   1.03132
     7  1.000         7   7.000       8.000      1020.          3.89490829411E-04  2.06826882828E-04  1.96574596436E-04    0.53102   0.95043
     8  1.000         8   8.000       9.000      970.3          4.03634578049E-04  2.04904097119E-04  2.05120250553E-04    0.50765   1.00105
     9  1.000         9   9.000       10.00      929.1          4.17337983443E-04  1.96591673220E-04  2.07547652313E-04    0.47106   1.05573
    10  2.000        10   10.00       12.00      875.7          4.35133979228E-04  1.99007502810E-04  2.00948421753E-04    0.45735   1.00975
    11  2.000        11   12.00       14.00      815.0          4.57126028582E-04  1.93198584425E-04  2.21267580928E-04    0.42264   1.14529
    12  2.000        12   14.00       16.00      763.9          4.76547060405E-04  1.86301181926E-04  2.17618143524E-04    0.39094   1.16810
 #=================================================================================================================================================================
 # My Cross Sections
 # The scale factors xmur, xmuf chosen here are:      2.000,      2.000
 #-----------------------------------------------------------------------------------------------------------------------------------------------------------------
 #IObs  BinSize  IODimO  [ Chi               ]  < ptavg_j12_ >  LO_cross_section   NLO_cross_section  NNLO_cross_section   KNLO      KNNLO
 #-----------------------------------------------------------------------------------------------------------------------------------------------------------------
     1  1.000         1   1.000       2.000      6192.          1.72678074869E-04  2.47272991648E-04  2.62940361817E-04    1.43199   1.06336
     2  1.000         2   2.000       3.000      5718.          1.59004764120E-04  2.16542084375E-04  2.21256817357E-04    1.36186   1.02177
     3  1.000         3   3.000       4.000      5263.          1.67471993284E-04  2.18818757076E-04  2.18755919219E-04    1.30660   0.99971
     4  1.000         4   4.000       5.000      4881.          1.77472834637E-04  2.25629475939E-04  2.22826127126E-04    1.27135   0.98758
     5  1.000         5   5.000       6.000      4567.          1.86825527274E-04  2.29552710403E-04  2.20412937906E-04    1.22870   0.96018
     6  1.000         6   6.000       7.000      4303.          1.95239249642E-04  2.34221997809E-04  2.26930345061E-04    1.19967   0.96887
     7  1.000         7   7.000       8.000      4079.          2.02800086830E-04  2.39631085497E-04  2.27241019146E-04    1.18161   0.94830
     8  1.000         8   8.000       9.000      3884.          2.09487501856E-04  2.43722879494E-04  2.27856561914E-04    1.16342   0.93490
     9  1.000         9   9.000       10.00      3716.          2.15956430327E-04  2.44586477490E-04  2.28176648377E-04    1.13257   0.93291
    10  2.000        10   10.00       12.00      3501.          2.24237100443E-04  2.52494306540E-04  2.35187737398E-04    1.12601   0.93146
    11  2.000        11   12.00       14.00      3261.          2.34403151471E-04  2.57935943771E-04  2.37950149981E-04    1.10039   0.92252
    12  2.000        12   14.00       16.00      3062.          2.43272934154E-04  2.61824703536E-04  2.42797807459E-04    1.07626   0.92733
 #=================================================================================================================================================================
 # My Cross Sections
 # The scale factors xmur, xmuf chosen here are:      0.500,      1.000
 #-----------------------------------------------------------------------------------------------------------------------------------------------------------------
 #IObs  BinSize  IODimO  [ Chi               ]  < ptavg_j12_ >  LO_cross_section   NLO_cross_section  NNLO_cross_section   KNLO      KNNLO
 #-----------------------------------------------------------------------------------------------------------------------------------------------------------------
     1  1.000         1   1.000       2.000      1548.          2.69228397996E-04  2.75821480004E-04  2.54061966990E-04    1.02449   0.92111
     2  1.000         2   2.000       3.000      1430.          2.48481552629E-04  2.34431160145E-04  2.10239004020E-04    0.94345   0.89680
     3  1.000         3   3.000       4.000      1316.          2.62500600638E-04  2.30369482527E-04  2.02988928663E-04    0.87760   0.88115
     4  1.000         4   4.000       5.000      1220.          2.79007967337E-04  2.32915306411E-04  2.09749898515E-04    0.83480   0.90054
     5  1.000         5   5.000       6.000      1142.          2.94542436750E-04  2.30884762211E-04  2.06259441056E-04    0.78388   0.89334
     6  1.000         6   6.000       7.000      1076.          3.08619502310E-04  2.30797276968E-04  2.12201175161E-04    0.74784   0.91943
     7  1.000         7   7.000       8.000      1020.          3.21356609406E-04  2.32579746012E-04  2.00111482293E-04    0.72374   0.86040
     8  1.000         8   8.000       9.000      970.6          3.32710418582E-04  2.33280843660E-04  2.04675902228E-04    0.70115   0.87738
     9  1.000         9   9.000       10.00      929.2          3.43709229853E-04  2.28468139144E-04  2.05539456593E-04    0.66471   0.89964
    10  2.000        10   10.00       12.00      875.6          3.57929700183E-04  2.33555710979E-04  2.02836059204E-04    0.65252   0.86847
    11  2.000        11   12.00       14.00      815.2          3.75457551831E-04  2.32468585820E-04  2.15692339907E-04    0.61916   0.92783
    12  2.000        12   14.00       16.00      764.8          3.90867779514E-04  2.30011756183E-04  2.13502501189E-04    0.58846   0.92822
 #=================================================================================================================================================================
 # My Cross Sections
 # The scale factors xmur, xmuf chosen here are:      1.000,      0.500
 #-----------------------------------------------------------------------------------------------------------------------------------------------------------------
 #IObs  BinSize  IODimO  [ Chi               ]  < ptavg_j12_ >  LO_cross_section   NLO_cross_section  NNLO_cross_section   KNLO      KNNLO
 #-----------------------------------------------------------------------------------------------------------------------------------------------------------------
     1  1.000         1   1.000       2.000      3096.          2.82269677944E-04  2.75201648923E-04  2.55978403988E-04    0.97496   0.93015
     2  1.000         2   2.000       3.000      2859.          2.60237247065E-04  2.34698455007E-04  2.12955826417E-04    0.90186   0.90736
     3  1.000         3   3.000       4.000      2632.          2.74803237031E-04  2.31308531884E-04  2.06330731286E-04    0.84172   0.89202
     4  1.000         4   4.000       5.000      2440.          2.92063301135E-04  2.34411692835E-04  2.12855023209E-04    0.80261   0.90804
     5  1.000         5   5.000       6.000      2283.          3.08351081038E-04  2.33049189829E-04  2.08757720985E-04    0.75579   0.89577
     6  1.000         6   6.000       7.000      2151.          3.23135811620E-04  2.33489387692E-04  2.15316374115E-04    0.72257   0.92217
     7  1.000         7   7.000       8.000      2039.          3.36527959906E-04  2.35741560459E-04  2.04907416710E-04    0.70051   0.86920
     8  1.000         8   8.000       9.000      1941.          3.48478401404E-04  2.36748913777E-04  2.09215050312E-04    0.67938   0.88370
     9  1.000         9   9.000       10.00      1858.          3.60053986857E-04  2.32558972987E-04  2.09971931944E-04    0.64590   0.90288
    10  2.000        10   10.00       12.00      1751.          3.75043840967E-04  2.38087970002E-04  2.09554729103E-04    0.63483   0.88016
    11  2.000        11   12.00       14.00      1630.          3.93539981799E-04  2.37715394852E-04  2.20274871793E-04    0.60404   0.92663
    12  2.000        12   14.00       16.00      1530.          4.09827713904E-04  2.35937179659E-04  2.20312616065E-04    0.57570   0.93378
 #=================================================================================================================================================================
 # My Cross Sections
 # The scale factors xmur, xmuf chosen here are:      1.000,      2.000
 #-----------------------------------------------------------------------------------------------------------------------------------------------------------------
 #IObs  BinSize  IODimO  [ Chi               ]  < ptavg_j12_ >  LO_cross_section   NLO_cross_section  NNLO_cross_section   KNLO      KNNLO
 #-----------------------------------------------------------------------------------------------------------------------------------------------------------------
     1  1.000         1   1.000       2.000      3096.          1.96725081002E-04  2.61732842541E-04  2.62967861977E-04    1.33045   1.00472
     2  1.000         2   2.000       3.000      2859.          1.81334601445E-04  2.27537000233E-04  2.19654558994E-04    1.25479   0.96536
     3  1.000         3   3.000       4.000      2632.          1.91195901712E-04  2.28439707608E-04  2.15530261808E-04    1.19479   0.94349
     4  1.000         4   4.000       5.000      2440.          2.02809961622E-04  2.34514846531E-04  2.19797969763E-04    1.15633   0.93725
     5  1.000         5   5.000       6.000      2284.          2.13684822269E-04  2.37211758214E-04  2.16600247980E-04    1.11010   0.91311
     6  1.000         6   6.000       7.000      2151.          2.23486556433E-04  2.40976496410E-04  2.22606133242E-04    1.07826   0.92377
     7  1.000         7   7.000       8.000      2039.          2.32311864180E-04  2.45768616048E-04  2.19730166247E-04    1.05793   0.89405
     8  1.000         8   8.000       9.000      1942.          2.40135447781E-04  2.49286913004E-04  2.20667617542E-04    1.03811   0.88520
     9  1.000         9   9.000       10.00      1858.          2.47707192335E-04  2.48891443582E-04  2.20724340918E-04    1.00478   0.88683
    10  2.000        10   10.00       12.00      1751.          2.57426999126E-04  2.56496570917E-04  2.25231926648E-04    0.99639   0.87811
    11  2.000        11   12.00       14.00      1630.          2.69371156455E-04  2.60715812283E-04  2.29687019718E-04    0.96787   0.88099
    12  2.000        12   14.00       16.00      1531.          2.79812845570E-04  2.63373234450E-04  2.32323096908E-04    0.94125   0.88211
 #=================================================================================================================================================================
 # My Cross Sections
 # The scale factors xmur, xmuf chosen here are:      2.000,      1.000
 #-----------------------------------------------------------------------------------------------------------------------------------------------------------------
 #IObs  BinSize  IODimO  [ Chi               ]  < ptavg_j12_ >  LO_cross_section   NLO_cross_section  NNLO_cross_section   KNLO      KNNLO
 #-----------------------------------------------------------------------------------------------------------------------------------------------------------------
     1  1.000         1   1.000       2.000      6192.          2.05488518832E-04  2.60184324906E-04  2.61787110762E-04    1.26617   1.00616
     2  1.000         2   2.000       3.000      5719.          1.89239961536E-04  2.26556193564E-04  2.19704504483E-04    1.19719   0.96976
     3  1.000         3   3.000       4.000      5263.          1.99457695010E-04  2.27755953177E-04  2.16177888178E-04    1.14188   0.94916
     4  1.000         4   4.000       5.000      4881.          2.11552994738E-04  2.34053137342E-04  2.20617293495E-04    1.10636   0.94259
     5  1.000         5   5.000       6.000      4567.          2.22902990407E-04  2.37054154036E-04  2.17399116615E-04    1.06349   0.91709
     6  1.000         6   6.000       7.000      4303.          2.33149058474E-04  2.41042660346E-04  2.23947527394E-04    1.03386   0.92908
     7  1.000         7   7.000       8.000      4079.          2.42386098498E-04  2.46033906124E-04  2.21901780770E-04    1.01505   0.90192
     8  1.000         8   8.000       9.000      3884.          2.50585283935E-04  2.49658356598E-04  2.23140979686E-04    0.99630   0.89379
     9  1.000         9   9.000       10.00      3717.          2.58522442792E-04  2.49585450474E-04  2.23363753103E-04    0.96543   0.89494
    10  2.000        10   10.00       12.00      3501.          2.68726179254E-04  2.57353576058E-04  2.29027548000E-04    0.95768   0.88993
    11  2.000        11   12.00       14.00      3261.          2.81271618209E-04  2.61892784706E-04  2.32912661023E-04    0.93110   0.88934
    12  2.000        12   14.00       16.00      3062.          2.92247846176E-04  2.64838242070E-04  2.36913727171E-04    0.90621   0.89456
