 ##################################################################################
 # INFO.    [fnlo-tk-cppread] Program to read fastNLO tables and derive
 # INFO.    [fnlo-tk-cppread] QCD cross sections using PDFs e.g. from LHAPDF
 #---------------------------------------------------------------------------------
 # INFO.    [fnlo-tk-cppread] For more explanations type:
 # INFO.    [fnlo-tk-cppread] ./fnlo-tk-cppread -h
 # INFO.    [fnlo-tk-cppread] For version number printout type:
 # INFO.    [fnlo-tk-cppread] ./fnlo-tk-cppread -v
 ##################################################################################

 ##################################################################################
 # [fnlo-tk-cppread] fastNLO Cross-Section Calculator
 #---------------------------------------------------------------------------------
 # [fnlo-tk-cppread] Evaluating table: 2jet.NNLO.fnl5662j_mjj1_chi.tab.gz
 # [fnlo-tk-cppread] Using PDF set   : CT14nnlo
 # [fnlo-tk-cppread] If possible, will try to do 7 scale factor variations.
 # [fnlo-tk-cppread] Using alpha_s evolution code: LHAPDF
 # [fnlo-tk-cppread] Preparing unnormalized cross sections,
 # [fnlo-tk-cppread] Using scale definition scale1
 # [fnlo-tk-cppread] No request given for no. of flavours,
 #             using default value for LHAPDF or Nf = 5.
 # [fnlo-tk-cppread] No request given for no. of loops,
 #             using default value for LHAPDF or NLoop = 2.
 # [fnlo-tk-cppread] No request given for value of alpha_s(M_Z),
 #             using default value for LHAPDF or asMz = 0.1181.
 # [fnlo-tk-cppread] No request given for value of M_Z,
 #             using default value for LHAPDF or Mz = 91.1876.
 ##################################################################################

 ##################################################################################
 #
 # [0;31mfast[0;34mNLO[0m_toolkit
 # Version 2.3.1_2657-66-gda2fd2f1
 #
 # C++ program and toolkit to read and create fastNLO v2 tables and
 # derive QCD cross sections using PDFs, e.g. from LHAPDF
 #
 #---------------------------------------------------------------------------------
 #
 # Copyright © 2005-2019 [0;31mfast[0;34mNLO[0m Collaboration
 # D. Britzger, T. Kluge, K. Rabbertz, F. Stober, G. Sieber, M. Wobisch
 #
 # This program is free software: you can redistribute it and/or modify
 # it under the terms of the GNU General Public License as published by
 # the Free Software Foundation, either version 3 of the License, or
 # (at your option) any later version.
 #
 # This program is distributed in the hope that it will be useful,
 # but WITHOUT ANY WARRANTY; without even the implied warranty of
 # MERCHANTABILITY or FITNESS FOR A PARTICULAR PURPOSE. See the
 # GNU General Public License for more details.
 #
 # You should have received a copy of the GNU General Public License
 # along with this program. If not, see <http://www.gnu.org/licenses/>.
 #
 #---------------------------------------------------------------------------------
 #
 # The projects web page can be found at:
 #   http://projects.hepforge.org/fastnlo
 #
 # If you use this code, please cite:
 #   T. Kluge, K. Rabbertz, M. Wobisch, hep-ph/0609285
 #   D. Britzger, T. Kluge, K. Rabbertz, F. Stober, M. Wobisch, arXiv:1109.1310
 #
 ##################################################################################

 ##################################################################################
 # Overview on contribution types and numbers contained in table: 2jet.NNLO.fnl5662j_mjj1_chi.tab.gz
 #---------------------------------------------------------------------------------
 # Total number of contributions:  3
 #   No.: 1, type: Fixed order calculation       , Id: 0, order: LO                  , by: NNLOJET_rev_5088
 #   No.: 2, type: Fixed order calculation       , Id: 1, order: NLO                 , by: NNLOJET_rev_5088
 #   No.: 3, type: Fixed order calculation       , Id: 2, order: NNLO                , by: NNLOJET_rev_5088
 ##################################################################################

 ##################################################################################
 # Information on table header
 #---------------------------------------------------------------------------------
 #===================== fastNLO Table: Header ====================
 # Table version (Itabversion)         23600
 # Scenario name (ScenName)            fnl5662j
 # Theory contributions (Ncontrib)     3
 # Data contribution 0/1 (Ndata)       0
 ##################################################################################

 ##################################################################################
 # Information on fastNLO scenario: fnl5662j
 #---------------------------------------------------------------------------------
 #===================== fastNLO Table: Scenario ====================
 # Scenario description (ScDescript)
 #   0	d2sigma-dijet_dChi_dMjj_[pb_GeV]
 #   1	CMS_Collaboration
 #   2	Dijet_Chi
 #   3	anti-kT_R=0.4
 #   4	THEORY_LABEL=NNLOJET
 #   5	provided by:
 #   6	fastNLO_2.3.1
 #   7	If you use this table, please cite:
 #   8	  D. Britzger, T. Kluge, K. Rabbertz, F. Stober, M. Wobisch, arXiv:1109.1310
 #
 # Publ. x section (10^-Ipublunits b)  12
 # Centre-of-mass energy (Ecms/GeV)    13000
 # Power in a_s of LO process (ILOord) 2
 # No. of observable bins (NObsBin)    12
 # Dim. of observable binning (NDim)   1
 #
 # Dimension labels (DimLabel)
 #   0	Chi
 # Differential dimension (IDiffBin)
 #   0	2
 #
 # Total no. of contributions (theory + optional data) in this table: 3
 ##################################################################################

 ##################################################################################
 # Information on table contribution no. 0: LO
 #---------------------------------------------------------------------------------
 #===================== fastNLO Table: CoeffBase ====================
 # Contribution description (CtrbDescript)
 #   0	LO
 # Code description (CodeDescript)
 #   0	NNLOJET_rev_5088
 #   1	Example for single jet inclusive production.
 #   2	Please adapt to selected process: 2jet
 #   3	Please cite:
 #   4	Currie, J.; Glover, E.W.N. & Pires, J., Phys. Rev. Lett., 2017, 118, 072002 [arXiv:1611.01460]
 #   5	2jet
 #   6	PC: Please check and modify NNLOJET references according to selected process.
 #===================== fastNLO Table: CoeffAddBase ====================
 # No. of events (Nevt)                0.000000
 # Weight of table [=Nevt] (fWgtNevt)  0.000000
 # Number of tables merged together    150
 # No. of filled events (WgtNumEv)     69375582203
 # Sum of weights squared (WgtSumW2)   246340940000000.000000
 # Sum of sigma squared (SigSumW2)     907794.420000
 # Sum of sigma (SigSum)               26743556.000000
 # Sigma / Nevt (SigSum/WgtNevt)       12938484958761521670251388211597753109489421123584.000000
 # Abs. order in a_s (Npow)            2
 # No. of hadrons involved (NPDF)      2
 # Type(s) of hadrons (NPDFPDG)
 #   0	2212
 #   1	2212
 # PDF storage format (NPDFDim)        2
 #   --> x-interpolation storage format: Full-Matrix
 # Observable bin no. 1
 #   No. of X1 nodes (XNode1[i].size())          20
 # Observable bin no. 12
 #   No. of X1 nodes (XNode1[i].size())          20
 # No. of scales involved (NScales)    1
 # Scale descriptions (ScaleDescript)
 #   0	ptavg_j12_[GeV]
 #   1	m12_[GeV]
 # No. of subprocess contributions     13
 #ISub  Processes
 #   0: (0,0), 
 #   1: (1,0), (2,0), (3,0), (4,0), (5,0), 
 #   2: (1,-1), (2,-2), (3,-3), (4,-4), (5,-5), 
 #   3: (0,1), (0,2), (0,3), (0,4), (0,5), 
 #   4: (-1,1), (-2,2), (-3,3), (-4,4), (-5,5), 
 #   5: (0,-1), (0,-2), (0,-3), (0,-4), (0,-5), 
 #   6: (-1,0), (-2,0), (-3,0), (-4,0), (-5,0), 
 #   7: (1,-1), (1,-2), (1,-3), (1,-4), (1,-5), (2,-1), (2,-2), (2,-3), (2,-4), (2,-5), (3,-1), (3,-2), (3,-3), (3,-4), (3,-5), (4,-1), (4,-2), (4,-3), (4,-4), (4,-5), (5,-1), (5,-2), (5,-3), (5,-4), (5,-5), 
 #   8: (1,1), (1,2), (1,3), (1,4), (1,5), (2,1), (2,2), (2,3), (2,4), (2,5), (3,1), (3,2), (3,3), (3,4), (3,5), (4,1), (4,2), (4,3), (4,4), (4,5), (5,1), (5,2), (5,3), (5,4), (5,5), 
 #   9: (-1,-1), (-1,-2), (-1,-3), (-1,-4), (-1,-5), (-2,-1), (-2,-2), (-2,-3), (-2,-4), (-2,-5), (-3,-1), (-3,-2), (-3,-3), (-3,-4), (-3,-5), (-4,-1), (-4,-2), (-4,-3), (-4,-4), (-4,-5), (-5,-1), (-5,-2), (-5,-3), (-5,-4), (-5,-5), 
 #  10: (-1,1), (-1,2), (-1,3), (-1,4), (-1,5), (-2,1), (-2,2), (-2,3), (-2,4), (-2,5), (-3,1), (-3,2), (-3,3), (-3,4), (-3,5), (-4,1), (-4,2), (-4,3), (-4,4), (-4,5), (-5,1), (-5,2), (-5,3), (-5,4), (-5,5), 
 #  11: (1,1), (2,2), (3,3), (4,4), (5,5), 
 #  12: (-1,-1), (-2,-2), (-3,-3), (-4,-4), (-5,-5), 
 #===================== fastNLO Table: CoeffAddFlex ====================
 # No. of scale1 nodes (Nscalenode1)   6
 # No. of scale2 nodes (Nscalenode2)   6
 ##################################################################################

 ##################################################################################
 # Information on table contribution no. 1: NLO
 #---------------------------------------------------------------------------------
 #===================== fastNLO Table: CoeffBase ====================
 # Contribution description (CtrbDescript)
 #   0	NLO
 # Code description (CodeDescript)
 #   0	NNLOJET_rev_5088
 #   1	Example for single jet inclusive production.
 #   2	Please adapt to selected process: 2jet
 #   3	Please cite:
 #   4	Currie, J.; Glover, E.W.N. & Pires, J., Phys. Rev. Lett., 2017, 118, 072002 [arXiv:1611.01460]
 #   5	2jet
 #   6	PC: Please check and modify NNLOJET references according to selected process.
 #===================== fastNLO Table: CoeffAddBase ====================
 # No. of events (Nevt)                1.000000
 # Weight of table [=Nevt] (fWgtNevt)  1.000000
 # Number of tables merged together    500
 # No. of filled events (WgtNumEv)     635334428875
 # Sum of weights squared (WgtSumW2)   905907029999999967660343296.000000
 # Sum of sigma squared (SigSumW2)     1075787100000000.000000
 # Sum of sigma (SigSum)               1560855.000000
 # Sigma / Nevt (SigSum/WgtNevt)       1560855.000000
 # Abs. order in a_s (Npow)            3
 # No. of hadrons involved (NPDF)      2
 # Type(s) of hadrons (NPDFPDG)
 #   0	2212
 #   1	2212
 # PDF storage format (NPDFDim)        2
 #   --> x-interpolation storage format: Full-Matrix
 # Observable bin no. 1
 #   No. of X1 nodes (XNode1[i].size())          20
 # Observable bin no. 12
 #   No. of X1 nodes (XNode1[i].size())          20
 # No. of scales involved (NScales)    1
 # Scale descriptions (ScaleDescript)
 #   0	ptavg_j12_[GeV]
 #   1	m12_[GeV]
 # No. of subprocess contributions     13
 #ISub  Processes
 #   0: (0,0), 
 #   1: (1,0), (2,0), (3,0), (4,0), (5,0), 
 #   2: (1,-1), (2,-2), (3,-3), (4,-4), (5,-5), 
 #   3: (0,1), (0,2), (0,3), (0,4), (0,5), 
 #   4: (-1,1), (-2,2), (-3,3), (-4,4), (-5,5), 
 #   5: (0,-1), (0,-2), (0,-3), (0,-4), (0,-5), 
 #   6: (-1,0), (-2,0), (-3,0), (-4,0), (-5,0), 
 #   7: (1,1), (1,2), (1,3), (1,4), (1,5), (2,1), (2,2), (2,3), (2,4), (2,5), (3,1), (3,2), (3,3), (3,4), (3,5), (4,1), (4,2), (4,3), (4,4), (4,5), (5,1), (5,2), (5,3), (5,4), (5,5), 
 #   8: (1,-1), (1,-2), (1,-3), (1,-4), (1,-5), (2,-1), (2,-2), (2,-3), (2,-4), (2,-5), (3,-1), (3,-2), (3,-3), (3,-4), (3,-5), (4,-1), (4,-2), (4,-3), (4,-4), (4,-5), (5,-1), (5,-2), (5,-3), (5,-4), (5,-5), 
 #   9: (-1,1), (-1,2), (-1,3), (-1,4), (-1,5), (-2,1), (-2,2), (-2,3), (-2,4), (-2,5), (-3,1), (-3,2), (-3,3), (-3,4), (-3,5), (-4,1), (-4,2), (-4,3), (-4,4), (-4,5), (-5,1), (-5,2), (-5,3), (-5,4), (-5,5), 
 #  10: (-1,-1), (-1,-2), (-1,-3), (-1,-4), (-1,-5), (-2,-1), (-2,-2), (-2,-3), (-2,-4), (-2,-5), (-3,-1), (-3,-2), (-3,-3), (-3,-4), (-3,-5), (-4,-1), (-4,-2), (-4,-3), (-4,-4), (-4,-5), (-5,-1), (-5,-2), (-5,-3), (-5,-4), (-5,-5), 
 #  11: (1,1), (2,2), (3,3), (4,4), (5,5), 
 #  12: (-1,-1), (-2,-2), (-3,-3), (-4,-4), (-5,-5), 
 #===================== fastNLO Table: CoeffAddFlex ====================
 # No. of scale1 nodes (Nscalenode1)   6
 # No. of scale2 nodes (Nscalenode2)   6
 ##################################################################################

 ##################################################################################
 # Information on table contribution no. 2: NNLO
 #---------------------------------------------------------------------------------
 #===================== fastNLO Table: CoeffBase ====================
 # Contribution description (CtrbDescript)
 #   0	NNLO
 # Code description (CodeDescript)
 #   0	NNLOJET_rev_5088
 #   1	Example for single jet inclusive production.
 #   2	Please adapt to selected process: 2jet
 #   3	Please cite:
 #   4	Currie, J.; Glover, E.W.N. & Pires, J., Phys. Rev. Lett., 2017, 118, 072002 [arXiv:1611.01460]
 #   5	2jet
 #   6	PC: Please check and modify NNLOJET references according to selected process.
 #===================== fastNLO Table: CoeffAddBase ====================
 # No. of events (Nevt)                1.000000
 # Weight of table [=Nevt] (fWgtNevt)  1.000000
 # Number of tables merged together    6748
 # No. of filled events (WgtNumEv)     4267837668519
 # Sum of weights squared (WgtSumW2)   2910727500000000011586927462759530496.000000
 # Sum of sigma squared (SigSumW2)     228132489999999991808.000000
 # Sum of sigma (SigSum)               -142855880.000000
 # Sigma / Nevt (SigSum/WgtNevt)       -142855880.000000
 # Abs. order in a_s (Npow)            4
 # No. of hadrons involved (NPDF)      2
 # Type(s) of hadrons (NPDFPDG)
 #   0	2212
 #   1	2212
 # PDF storage format (NPDFDim)        2
 #   --> x-interpolation storage format: Full-Matrix
 # Observable bin no. 1
 #   No. of X1 nodes (XNode1[i].size())          20
 # Observable bin no. 12
 #   No. of X1 nodes (XNode1[i].size())          20
 # No. of scales involved (NScales)    1
 # Scale descriptions (ScaleDescript)
 #   0	ptavg_j12_[GeV]
 #   1	m12_[GeV]
 # No. of subprocess contributions     13
 #ISub  Processes
 #   0: (0,0), 
 #   1: (1,0), (2,0), (3,0), (4,0), (5,0), 
 #   2: (1,-1), (2,-2), (3,-3), (4,-4), (5,-5), 
 #   3: (0,1), (0,2), (0,3), (0,4), (0,5), 
 #   4: (-1,1), (-2,2), (-3,3), (-4,4), (-5,5), 
 #   5: (0,-1), (0,-2), (0,-3), (0,-4), (0,-5), 
 #   6: (-1,0), (-2,0), (-3,0), (-4,0), (-5,0), 
 #   7: (1,1), (1,2), (1,3), (1,4), (1,5), (2,1), (2,2), (2,3), (2,4), (2,5), (3,1), (3,2), (3,3), (3,4), (3,5), (4,1), (4,2), (4,3), (4,4), (4,5), (5,1), (5,2), (5,3), (5,4), (5,5), 
 #   8: (1,-1), (1,-2), (1,-3), (1,-4), (1,-5), (2,-1), (2,-2), (2,-3), (2,-4), (2,-5), (3,-1), (3,-2), (3,-3), (3,-4), (3,-5), (4,-1), (4,-2), (4,-3), (4,-4), (4,-5), (5,-1), (5,-2), (5,-3), (5,-4), (5,-5), 
 #   9: (-1,1), (-1,2), (-1,3), (-1,4), (-1,5), (-2,1), (-2,2), (-2,3), (-2,4), (-2,5), (-3,1), (-3,2), (-3,3), (-3,4), (-3,5), (-4,1), (-4,2), (-4,3), (-4,4), (-4,5), (-5,1), (-5,2), (-5,3), (-5,4), (-5,5), 
 #  10: (-1,-1), (-1,-2), (-1,-3), (-1,-4), (-1,-5), (-2,-1), (-2,-2), (-2,-3), (-2,-4), (-2,-5), (-3,-1), (-3,-2), (-3,-3), (-3,-4), (-3,-5), (-4,-1), (-4,-2), (-4,-3), (-4,-4), (-4,-5), (-5,-1), (-5,-2), (-5,-3), (-5,-4), (-5,-5), 
 #  11: (1,1), (2,2), (3,3), (4,4), (5,5), 
 #  12: (-1,-1), (-2,-2), (-3,-3), (-4,-4), (-5,-5), 
 #===================== fastNLO Table: CoeffAddFlex ====================
 # No. of scale1 nodes (Nscalenode1)   6
 # No. of scale2 nodes (Nscalenode2)   6
 ##################################################################################
LHAPDF 6.2.1 loading /home/rabbertz/local/share/LHAPDF/CT14nnlo/CT14nnlo_0000.dat
CT14nnlo PDF set, member #0, version 1; LHAPDF ID = 13000
LHAPDF 6.2.1 loading /home/rabbertz/local/share/LHAPDF/CT14nnlo/CT14nnlo_0000.dat
CT14nnlo PDF set, member #0, version 1; LHAPDF ID = 13000

 ##################################################################################################################################################################
 # [fnlo-tk-cppread] Calculate my cross sections
 ##################################################################################################################################################################
 #=================================================================================================================================================================
 # My Cross Sections
 # The scale factors xmur, xmuf chosen here are:      1.000,      1.000
 #-----------------------------------------------------------------------------------------------------------------------------------------------------------------
 #IObs  BinSize  IODimO  [ Chi               ]  < ptavg_j12_ >  LO_cross_section   NLO_cross_section  NNLO_cross_section   KNLO      KNNLO
 #-----------------------------------------------------------------------------------------------------------------------------------------------------------------
     1  1.000         1   1.000       2.000      812.9          1.43849672692E+01  1.37293912420E+01  1.24314721700E+01    0.95443   0.90546
     2  1.000         2   2.000       3.000      750.8          1.21745569159E+01  1.14079848284E+01  1.03807679913E+01    0.93703   0.90996
     3  1.000         3   3.000       4.000      691.1          1.21626067134E+01  1.11594657820E+01  1.00578468437E+01    0.91752   0.90128
     4  1.000         4   4.000       5.000      641.2          1.24817206826E+01  1.12290088002E+01  1.00022893241E+01    0.89964   0.89075
     5  1.000         5   5.000       6.000      600.0          1.28597719612E+01  1.13887637668E+01  1.05509469041E+01    0.88561   0.92643
     6  1.000         6   6.000       7.000      565.2          1.32361069368E+01  1.15941361100E+01  1.03214817190E+01    0.87595   0.89023
     7  1.000         7   7.000       8.000      536.1          1.35923904966E+01  1.16577052420E+01  9.78066423309E+00    0.85766   0.83899
     8  1.000         8   8.000       9.000      510.3          1.39283040168E+01  1.19029705438E+01  1.07710951053E+01    0.85459   0.90491
     9  1.000         9   9.000       10.00      488.5          1.42420486175E+01  1.19504571658E+01  1.11250069052E+01    0.83910   0.93093
    10  2.000        10   10.00       12.00      460.2          1.46737565591E+01  1.22018506746E+01  1.09117726901E+01    0.83154   0.89427
    11  2.000        11   12.00       14.00      428.9          1.51875934744E+01  1.23750821711E+01  1.05034800597E+01    0.81482   0.84876
    12  2.000        12   14.00       16.00      403.3          1.56596919196E+01  1.25528073351E+01  1.06182499722E+01    0.80160   0.84589
 #=================================================================================================================================================================
 # My Cross Sections
 # The scale factors xmur, xmuf chosen here are:      0.500,      0.500
 #-----------------------------------------------------------------------------------------------------------------------------------------------------------------
 #IObs  BinSize  IODimO  [ Chi               ]  < ptavg_j12_ >  LO_cross_section   NLO_cross_section  NNLO_cross_section   KNLO      KNNLO
 #-----------------------------------------------------------------------------------------------------------------------------------------------------------------
     1  1.000         1   1.000       2.000      407.7          1.88167591436E+01  1.27163581855E+01  1.19715096160E+01    0.67580   0.94143
     2  1.000         2   2.000       3.000      376.6          1.59454768804E+01  1.04658155910E+01  1.00583980044E+01    0.65635   0.96107
     3  1.000         3   3.000       4.000      346.8          1.59587549629E+01  1.01151740828E+01  9.69190732893E+00    0.63383   0.95816
     4  1.000         4   4.000       5.000      321.8          1.64094406841E+01  1.00560575160E+01  9.61239065364E+00    0.61282   0.95588
     5  1.000         5   5.000       6.000      301.2          1.69382646782E+01  1.00920661070E+01  1.03134285970E+01    0.59581   1.02193
     6  1.000         6   6.000       7.000      283.8          1.74645655630E+01  1.01944940891E+01  9.90247841126E+00    0.58372   0.97136
     7  1.000         7   7.000       8.000      269.3          1.79638218594E+01  1.01003331169E+01  9.01293136765E+00    0.56226   0.89234
     8  1.000         8   8.000       9.000      256.3          1.84355021229E+01  1.02786135144E+01  1.04066659316E+01    0.55754   1.01246
     9  1.000         9   9.000       10.00      245.5          1.88772471643E+01  1.01783027860E+01  1.10455937507E+01    0.53918   1.08521
    10  2.000        10   10.00       12.00      231.3          1.94874196379E+01  1.03104077975E+01  1.06809021652E+01    0.52908   1.03593
    11  2.000        11   12.00       14.00      215.7          2.02173245979E+01  1.02795477775E+01  9.74217476495E+00    0.50845   0.94772
    12  2.000        12   14.00       16.00      203.0          2.08899118920E+01  1.02763139588E+01  1.00687741905E+01    0.49193   0.97980
 #=================================================================================================================================================================
 # My Cross Sections
 # The scale factors xmur, xmuf chosen here are:      2.000,      2.000
 #-----------------------------------------------------------------------------------------------------------------------------------------------------------------
 #IObs  BinSize  IODimO  [ Chi               ]  < ptavg_j12_ >  LO_cross_section   NLO_cross_section  NNLO_cross_section   KNLO      KNNLO
 #-----------------------------------------------------------------------------------------------------------------------------------------------------------------
     1  1.000         1   1.000       2.000      1623.          1.12134039741E+01  1.33971590921E+01  1.28180534494E+01    1.19475   0.95677
     2  1.000         2   2.000       3.000      1499.          9.48068792967E+00  1.11766321225E+01  1.06836641557E+01    1.17888   0.95589
     3  1.000         3   3.000       4.000      1380.          9.45652065337E+00  1.09855035681E+01  1.04025375837E+01    1.16169   0.94693
     4  1.000         4   4.000       5.000      1280.          9.68872912904E+00  1.11053502803E+01  1.03893693626E+01    1.14621   0.93553
     5  1.000         5   5.000       6.000      1198.          9.96651127931E+00  1.13070093250E+01  1.08542898754E+01    1.13450   0.95996
     6  1.000         6   6.000       7.000      1128.          1.02431267315E+01  1.15408854023E+01  1.07586677493E+01    1.12670   0.93222
     7  1.000         7   7.000       8.000      1070.          1.05043975787E+01  1.16695152262E+01  1.04517067299E+01    1.11092   0.89564
     8  1.000         8   8.000       9.000      1019.          1.07501162881E+01  1.19225690258E+01  1.12055285407E+01    1.10906   0.93986
     9  1.000         9   9.000       10.00      974.9          1.09789416876E+01  1.20311302896E+01  1.14367379941E+01    1.09584   0.95060
    10  2.000        10   10.00       12.00      918.3          1.12927757988E+01  1.23115051016E+01  1.13507929634E+01    1.09021   0.92197
    11  2.000        11   12.00       14.00      855.7          1.16647465633E+01  1.25570800613E+01  1.12560296971E+01    1.07650   0.89639
    12  2.000        12   14.00       16.00      804.5          1.20058027227E+01  1.27960134653E+01  1.13183463884E+01    1.06582   0.88452
 #=================================================================================================================================================================
 # My Cross Sections
 # The scale factors xmur, xmuf chosen here are:      0.500,      1.000
 #-----------------------------------------------------------------------------------------------------------------------------------------------------------------
 #IObs  BinSize  IODimO  [ Chi               ]  < ptavg_j12_ >  LO_cross_section   NLO_cross_section  NNLO_cross_section   KNLO      KNNLO
 #-----------------------------------------------------------------------------------------------------------------------------------------------------------------
     1  1.000         1   1.000       2.000      407.2          1.69254471291E+01  1.33244651093E+01  1.20025748916E+01    0.78724   0.90079
     2  1.000         2   2.000       3.000      376.1          1.43474345952E+01  1.10001923739E+01  1.00622041893E+01    0.76670   0.91473
     3  1.000         3   3.000       4.000      346.3          1.43573807534E+01  1.06784356073E+01  9.70858157358E+00    0.74376   0.90918
     4  1.000         4   4.000       5.000      321.3          1.47572982572E+01  1.06645721760E+01  9.62181436472E+00    0.72266   0.90222
     5  1.000         5   5.000       6.000      300.7          1.52259578629E+01  1.07471706405E+01  1.02676693948E+01    0.70585   0.95538
     6  1.000         6   6.000       7.000      283.3          1.56917656325E+01  1.08893588338E+01  9.91351967364E+00    0.69395   0.91039
     7  1.000         7   7.000       8.000      268.8          1.61330357097E+01  1.08529590794E+01  9.11002946870E+00    0.67272   0.83941
     8  1.000         8   8.000       9.000      255.8          1.65494683372E+01  1.10592922383E+01  1.03765491271E+01    0.66826   0.93827
     9  1.000         9   9.000       10.00      245.0          1.69390117406E+01  1.10133136650E+01  1.09237573142E+01    0.65017   0.99187
    10  2.000        10   10.00       12.00      230.8          1.74763396857E+01  1.11929483753E+01  1.06138020962E+01    0.64046   0.94826
    11  2.000        11   12.00       14.00      215.2          1.81180455025E+01  1.12403203544E+01  9.81417513997E+00    0.62039   0.87312
    12  2.000        12   14.00       16.00      202.4          1.87087275953E+01  1.13059944010E+01  1.00862130889E+01    0.60432   0.89211
 #=================================================================================================================================================================
 # My Cross Sections
 # The scale factors xmur, xmuf chosen here are:      1.000,      0.500
 #-----------------------------------------------------------------------------------------------------------------------------------------------------------------
 #IObs  BinSize  IODimO  [ Chi               ]  < ptavg_j12_ >  LO_cross_section   NLO_cross_section  NNLO_cross_section   KNLO      KNNLO
 #-----------------------------------------------------------------------------------------------------------------------------------------------------------------
     1  1.000         1   1.000       2.000      813.6          1.59924676908E+01  1.36204425664E+01  1.23086543198E+01    0.85168   0.90369
     2  1.000         2   2.000       3.000      751.4          1.35306414486E+01  1.13031766169E+01  1.02887227487E+01    0.83538   0.91025
     3  1.000         3   3.000       4.000      691.7          1.35192451916E+01  1.10362906677E+01  9.95172331943E+00    0.81634   0.90173
     4  1.000         4   4.000       5.000      641.8          1.38791688318E+01  1.10840332921E+01  9.89157993025E+00    0.79861   0.89242
     5  1.000         5   5.000       6.000      600.5          1.43060486803E+01  1.12228567619E+01  1.04757841594E+01    0.78448   0.93343
     6  1.000         6   6.000       7.000      565.8          1.47315493798E+01  1.14125720785E+01  1.01943277318E+01    0.77470   0.89325
     7  1.000         7   7.000       8.000      536.7          1.51349403991E+01  1.14460894598E+01  9.58309044616E+00    0.75627   0.83724
     8  1.000         8   8.000       9.000      510.8          1.55157020868E+01  1.16835296910E+01  1.06603487549E+01    0.75301   0.91243
     9  1.000         9   9.000       10.00      489.0          1.58717703427E+01  1.17025003400E+01  1.10617019551E+01    0.73732   0.94524
    10  2.000        10   10.00       12.00      460.7          1.63624198034E+01  1.19359173962E+01  1.07927451215E+01    0.72947   0.90422
    11  2.000        11   12.00       14.00      429.4          1.69474269598E+01  1.20719161026E+01  1.02839601139E+01    0.71232   0.85189
    12  2.000        12   14.00       16.00      403.8          1.74855027173E+01  1.22182812136E+01  1.04077154143E+01    0.69877   0.85182
 #=================================================================================================================================================================
 # My Cross Sections
 # The scale factors xmur, xmuf chosen here are:      1.000,      2.000
 #-----------------------------------------------------------------------------------------------------------------------------------------------------------------
 #IObs  BinSize  IODimO  [ Chi               ]  < ptavg_j12_ >  LO_cross_section   NLO_cross_section  NNLO_cross_section   KNLO      KNNLO
 #-----------------------------------------------------------------------------------------------------------------------------------------------------------------
     1  1.000         1   1.000       2.000      812.4          1.30276486027E+01  1.38010045628E+01  1.25458210038E+01    1.05936   0.90905
     2  1.000         2   2.000       3.000      750.3          1.10294387367E+01  1.14818937698E+01  1.04672019305E+01    1.04102   0.91163
     3  1.000         3   3.000       4.000      690.6          1.10174107586E+01  1.12507275018E+01  1.01558452257E+01    1.02118   0.90268
     4  1.000         4   4.000       5.000      640.7          1.13028848091E+01  1.13396875621E+01  1.01037672094E+01    1.00326   0.89101
     5  1.000         5   5.000       6.000      599.5          1.16407116972E+01  1.15178199647E+01  1.06230315704E+01    0.98944   0.92231
     6  1.000         6   6.000       7.000      564.8          1.19765879718E+01  1.17370343875E+01  1.04362028012E+01    0.98000   0.88917
     7  1.000         7   7.000       8.000      535.7          1.22941220997E+01  1.18263551562E+01  9.95558032919E+00    0.96195   0.84181
     8  1.000         8   8.000       9.000      509.9          1.25931421944E+01  1.20785971485E+01  1.08726249748E+01    0.95914   0.90016
     9  1.000         9   9.000       10.00      488.1          1.28720762486E+01  1.21503625996E+01  1.11875013897E+01    0.94393   0.92075
    10  2.000        10   10.00       12.00      459.8          1.32553686816E+01  1.24172927035E+01  1.10179139551E+01    0.93677   0.88730
    11  2.000        11   12.00       14.00      428.5          1.37108679738E+01  1.26222477036E+01  1.06932670952E+01    0.92060   0.84718
    12  2.000        12   14.00       16.00      402.9          1.41289804416E+01  1.28267833670E+01  1.08009360723E+01    0.90784   0.84206
 #=================================================================================================================================================================
 # My Cross Sections
 # The scale factors xmur, xmuf chosen here are:      2.000,      1.000
 #-----------------------------------------------------------------------------------------------------------------------------------------------------------------
 #IObs  BinSize  IODimO  [ Chi               ]  < ptavg_j12_ >  LO_cross_section   NLO_cross_section  NNLO_cross_section   KNLO      KNNLO
 #-----------------------------------------------------------------------------------------------------------------------------------------------------------------
     1  1.000         1   1.000       2.000      1624.          1.23817421535E+01  1.35875348243E+01  1.27448754186E+01    1.09738   0.93798
     2  1.000         2   2.000       3.000      1500.          1.04650443678E+01  1.13280833925E+01  1.06270111902E+01    1.08247   0.93811
     3  1.000         3   3.000       4.000      1381.          1.04395076756E+01  1.11248542051E+01  1.03351739688E+01    1.06565   0.92902
     4  1.000         4   4.000       5.000      1281.          1.06992543491E+01  1.12371296892E+01  1.03162101270E+01    1.05027   0.91805
     5  1.000         5   5.000       6.000      1198.          1.10102824839E+01  1.14332940074E+01  1.08034876993E+01    1.03842   0.94491
     6  1.000         6   6.000       7.000      1129.          1.13203877436E+01  1.16652541723E+01  1.06727283665E+01    1.03046   0.91492
     7  1.000         7   7.000       8.000      1071.          1.16137136938E+01  1.17822656392E+01  1.03190750251E+01    1.01451   0.87581
     8  1.000         8   8.000       9.000      1019.          1.18899214668E+01  1.20380623771E+01  1.11273702445E+01    1.01246   0.92435
     9  1.000         9   9.000       10.00      975.5          1.21474767530E+01  1.21354652663E+01  1.13793983859E+01    0.99901   0.93770
    10  2.000        10   10.00       12.00      918.9          1.25012074149E+01  1.24146303892E+01  1.12555048120E+01    0.99307   0.90663
    11  2.000        11   12.00       14.00      856.3          1.29211488116E+01  1.26487318115E+01  1.11035892155E+01    0.97892   0.87784
    12  2.000        12   14.00       16.00      805.1          1.33065489632E+01  1.28792045408E+01  1.11578785152E+01    0.96788   0.86635
