 ##################################################################################
 # INFO.    [fnlo-tk-cppread] Program to read fastNLO tables and derive
 # INFO.    [fnlo-tk-cppread] QCD cross sections using PDFs e.g. from LHAPDF
 #---------------------------------------------------------------------------------
 # INFO.    [fnlo-tk-cppread] For more explanations type:
 # INFO.    [fnlo-tk-cppread] ./fnlo-tk-cppread -h
 # INFO.    [fnlo-tk-cppread] For version number printout type:
 # INFO.    [fnlo-tk-cppread] ./fnlo-tk-cppread -v
 ##################################################################################

 ##################################################################################
 # [fnlo-tk-cppread] fastNLO Cross-Section Calculator
 #---------------------------------------------------------------------------------
 # [fnlo-tk-cppread] Evaluating table: 2jet.NNLO.fnl5662j_mjj4_chi.tab.gz
 # [fnlo-tk-cppread] Using PDF set   : CT14nnlo
 # [fnlo-tk-cppread] If possible, will try to do 7 scale factor variations.
 # [fnlo-tk-cppread] Using alpha_s evolution code: LHAPDF
 # [fnlo-tk-cppread] Preparing unnormalized cross sections,
 # [fnlo-tk-cppread] Using scale definition scale1
 # [fnlo-tk-cppread] No request given for no. of flavours,
 #             using default value for LHAPDF or Nf = 5.
 # [fnlo-tk-cppread] No request given for no. of loops,
 #             using default value for LHAPDF or NLoop = 2.
 # [fnlo-tk-cppread] No request given for value of alpha_s(M_Z),
 #             using default value for LHAPDF or asMz = 0.1181.
 # [fnlo-tk-cppread] No request given for value of M_Z,
 #             using default value for LHAPDF or Mz = 91.1876.
 ##################################################################################

 ##################################################################################
 #
 # [0;31mfast[0;34mNLO[0m_toolkit
 # Version 2.3.1_2657-66-gda2fd2f1
 #
 # C++ program and toolkit to read and create fastNLO v2 tables and
 # derive QCD cross sections using PDFs, e.g. from LHAPDF
 #
 #---------------------------------------------------------------------------------
 #
 # Copyright © 2005-2019 [0;31mfast[0;34mNLO[0m Collaboration
 # D. Britzger, T. Kluge, K. Rabbertz, F. Stober, G. Sieber, M. Wobisch
 #
 # This program is free software: you can redistribute it and/or modify
 # it under the terms of the GNU General Public License as published by
 # the Free Software Foundation, either version 3 of the License, or
 # (at your option) any later version.
 #
 # This program is distributed in the hope that it will be useful,
 # but WITHOUT ANY WARRANTY; without even the implied warranty of
 # MERCHANTABILITY or FITNESS FOR A PARTICULAR PURPOSE. See the
 # GNU General Public License for more details.
 #
 # You should have received a copy of the GNU General Public License
 # along with this program. If not, see <http://www.gnu.org/licenses/>.
 #
 #---------------------------------------------------------------------------------
 #
 # The projects web page can be found at:
 #   http://projects.hepforge.org/fastnlo
 #
 # If you use this code, please cite:
 #   T. Kluge, K. Rabbertz, M. Wobisch, hep-ph/0609285
 #   D. Britzger, T. Kluge, K. Rabbertz, F. Stober, M. Wobisch, arXiv:1109.1310
 #
 ##################################################################################

 ##################################################################################
 # Overview on contribution types and numbers contained in table: 2jet.NNLO.fnl5662j_mjj4_chi.tab.gz
 #---------------------------------------------------------------------------------
 # Total number of contributions:  3
 #   No.: 1, type: Fixed order calculation       , Id: 0, order: LO                  , by: NNLOJET_rev_5088
 #   No.: 2, type: Fixed order calculation       , Id: 1, order: NLO                 , by: NNLOJET_rev_5088
 #   No.: 3, type: Fixed order calculation       , Id: 2, order: NNLO                , by: NNLOJET_rev_5088
 ##################################################################################

 ##################################################################################
 # Information on table header
 #---------------------------------------------------------------------------------
 #===================== fastNLO Table: Header ====================
 # Table version (Itabversion)         23600
 # Scenario name (ScenName)            fnl5662j
 # Theory contributions (Ncontrib)     3
 # Data contribution 0/1 (Ndata)       0
 ##################################################################################

 ##################################################################################
 # Information on fastNLO scenario: fnl5662j
 #---------------------------------------------------------------------------------
 #===================== fastNLO Table: Scenario ====================
 # Scenario description (ScDescript)
 #   0	d2sigma-dijet_dChi_dMjj_[pb_GeV]
 #   1	CMS_Collaboration
 #   2	Dijet_Chi
 #   3	anti-kT_R=0.4
 #   4	THEORY_LABEL=NNLOJET
 #   5	provided by:
 #   6	fastNLO_2.3.1
 #   7	If you use this table, please cite:
 #   8	  D. Britzger, T. Kluge, K. Rabbertz, F. Stober, M. Wobisch, arXiv:1109.1310
 #
 # Publ. x section (10^-Ipublunits b)  12
 # Centre-of-mass energy (Ecms/GeV)    13000
 # Power in a_s of LO process (ILOord) 2
 # No. of observable bins (NObsBin)    12
 # Dim. of observable binning (NDim)   1
 #
 # Dimension labels (DimLabel)
 #   0	Chi
 # Differential dimension (IDiffBin)
 #   0	2
 #
 # Total no. of contributions (theory + optional data) in this table: 3
 ##################################################################################

 ##################################################################################
 # Information on table contribution no. 0: LO
 #---------------------------------------------------------------------------------
 #===================== fastNLO Table: CoeffBase ====================
 # Contribution description (CtrbDescript)
 #   0	LO
 # Code description (CodeDescript)
 #   0	NNLOJET_rev_5088
 #   1	Example for single jet inclusive production.
 #   2	Please adapt to selected process: 2jet
 #   3	Please cite:
 #   4	Currie, J.; Glover, E.W.N. & Pires, J., Phys. Rev. Lett., 2017, 118, 072002 [arXiv:1611.01460]
 #   5	2jet
 #   6	PC: Please check and modify NNLOJET references according to selected process.
 #===================== fastNLO Table: CoeffAddBase ====================
 # No. of events (Nevt)                0.000000
 # Weight of table [=Nevt] (fWgtNevt)  0.000000
 # Number of tables merged together    150
 # No. of filled events (WgtNumEv)     68440509723
 # Sum of weights squared (WgtSumW2)   36505466000000.000000
 # Sum of sigma squared (SigSumW2)     182.575550
 # Sum of sigma (SigSum)               346447.770000
 # Sigma / Nevt (SigSum/WgtNevt)       167610816644632882151556847769457272195412656128.000000
 # Abs. order in a_s (Npow)            2
 # No. of hadrons involved (NPDF)      2
 # Type(s) of hadrons (NPDFPDG)
 #   0	2212
 #   1	2212
 # PDF storage format (NPDFDim)        2
 #   --> x-interpolation storage format: Full-Matrix
 # Observable bin no. 1
 #   No. of X1 nodes (XNode1[i].size())          20
 # Observable bin no. 12
 #   No. of X1 nodes (XNode1[i].size())          20
 # No. of scales involved (NScales)    1
 # Scale descriptions (ScaleDescript)
 #   0	ptavg_j12_[GeV]
 #   1	m12_[GeV]
 # No. of subprocess contributions     13
 #ISub  Processes
 #   0: (0,0), 
 #   1: (1,0), (2,0), (3,0), (4,0), (5,0), 
 #   2: (1,-1), (2,-2), (3,-3), (4,-4), (5,-5), 
 #   3: (0,1), (0,2), (0,3), (0,4), (0,5), 
 #   4: (-1,1), (-2,2), (-3,3), (-4,4), (-5,5), 
 #   5: (0,-1), (0,-2), (0,-3), (0,-4), (0,-5), 
 #   6: (-1,0), (-2,0), (-3,0), (-4,0), (-5,0), 
 #   7: (1,-1), (1,-2), (1,-3), (1,-4), (1,-5), (2,-1), (2,-2), (2,-3), (2,-4), (2,-5), (3,-1), (3,-2), (3,-3), (3,-4), (3,-5), (4,-1), (4,-2), (4,-3), (4,-4), (4,-5), (5,-1), (5,-2), (5,-3), (5,-4), (5,-5), 
 #   8: (1,1), (1,2), (1,3), (1,4), (1,5), (2,1), (2,2), (2,3), (2,4), (2,5), (3,1), (3,2), (3,3), (3,4), (3,5), (4,1), (4,2), (4,3), (4,4), (4,5), (5,1), (5,2), (5,3), (5,4), (5,5), 
 #   9: (-1,-1), (-1,-2), (-1,-3), (-1,-4), (-1,-5), (-2,-1), (-2,-2), (-2,-3), (-2,-4), (-2,-5), (-3,-1), (-3,-2), (-3,-3), (-3,-4), (-3,-5), (-4,-1), (-4,-2), (-4,-3), (-4,-4), (-4,-5), (-5,-1), (-5,-2), (-5,-3), (-5,-4), (-5,-5), 
 #  10: (-1,1), (-1,2), (-1,3), (-1,4), (-1,5), (-2,1), (-2,2), (-2,3), (-2,4), (-2,5), (-3,1), (-3,2), (-3,3), (-3,4), (-3,5), (-4,1), (-4,2), (-4,3), (-4,4), (-4,5), (-5,1), (-5,2), (-5,3), (-5,4), (-5,5), 
 #  11: (1,1), (2,2), (3,3), (4,4), (5,5), 
 #  12: (-1,-1), (-2,-2), (-3,-3), (-4,-4), (-5,-5), 
 #===================== fastNLO Table: CoeffAddFlex ====================
 # No. of scale1 nodes (Nscalenode1)   6
 # No. of scale2 nodes (Nscalenode2)   6
 ##################################################################################

 ##################################################################################
 # Information on table contribution no. 1: NLO
 #---------------------------------------------------------------------------------
 #===================== fastNLO Table: CoeffBase ====================
 # Contribution description (CtrbDescript)
 #   0	NLO
 # Code description (CodeDescript)
 #   0	NNLOJET_rev_5088
 #   1	Example for single jet inclusive production.
 #   2	Please adapt to selected process: 2jet
 #   3	Please cite:
 #   4	Currie, J.; Glover, E.W.N. & Pires, J., Phys. Rev. Lett., 2017, 118, 072002 [arXiv:1611.01460]
 #   5	2jet
 #   6	PC: Please check and modify NNLOJET references according to selected process.
 #===================== fastNLO Table: CoeffAddBase ====================
 # No. of events (Nevt)                1.000000
 # Weight of table [=Nevt] (fWgtNevt)  1.000000
 # Number of tables merged together    500
 # No. of filled events (WgtNumEv)     473171636464
 # Sum of weights squared (WgtSumW2)   827012049999999981812973568.000000
 # Sum of sigma squared (SigSumW2)     611692900000.000000
 # Sum of sigma (SigSum)               58479.830000
 # Sigma / Nevt (SigSum/WgtNevt)       58479.830000
 # Abs. order in a_s (Npow)            3
 # No. of hadrons involved (NPDF)      2
 # Type(s) of hadrons (NPDFPDG)
 #   0	2212
 #   1	2212
 # PDF storage format (NPDFDim)        2
 #   --> x-interpolation storage format: Full-Matrix
 # Observable bin no. 1
 #   No. of X1 nodes (XNode1[i].size())          20
 # Observable bin no. 12
 #   No. of X1 nodes (XNode1[i].size())          20
 # No. of scales involved (NScales)    1
 # Scale descriptions (ScaleDescript)
 #   0	ptavg_j12_[GeV]
 #   1	m12_[GeV]
 # No. of subprocess contributions     13
 #ISub  Processes
 #   0: (0,0), 
 #   1: (1,0), (2,0), (3,0), (4,0), (5,0), 
 #   2: (1,-1), (2,-2), (3,-3), (4,-4), (5,-5), 
 #   3: (0,1), (0,2), (0,3), (0,4), (0,5), 
 #   4: (-1,1), (-2,2), (-3,3), (-4,4), (-5,5), 
 #   5: (0,-1), (0,-2), (0,-3), (0,-4), (0,-5), 
 #   6: (-1,0), (-2,0), (-3,0), (-4,0), (-5,0), 
 #   7: (1,1), (1,2), (1,3), (1,4), (1,5), (2,1), (2,2), (2,3), (2,4), (2,5), (3,1), (3,2), (3,3), (3,4), (3,5), (4,1), (4,2), (4,3), (4,4), (4,5), (5,1), (5,2), (5,3), (5,4), (5,5), 
 #   8: (1,-1), (1,-2), (1,-3), (1,-4), (1,-5), (2,-1), (2,-2), (2,-3), (2,-4), (2,-5), (3,-1), (3,-2), (3,-3), (3,-4), (3,-5), (4,-1), (4,-2), (4,-3), (4,-4), (4,-5), (5,-1), (5,-2), (5,-3), (5,-4), (5,-5), 
 #   9: (-1,1), (-1,2), (-1,3), (-1,4), (-1,5), (-2,1), (-2,2), (-2,3), (-2,4), (-2,5), (-3,1), (-3,2), (-3,3), (-3,4), (-3,5), (-4,1), (-4,2), (-4,3), (-4,4), (-4,5), (-5,1), (-5,2), (-5,3), (-5,4), (-5,5), 
 #  10: (-1,-1), (-1,-2), (-1,-3), (-1,-4), (-1,-5), (-2,-1), (-2,-2), (-2,-3), (-2,-4), (-2,-5), (-3,-1), (-3,-2), (-3,-3), (-3,-4), (-3,-5), (-4,-1), (-4,-2), (-4,-3), (-4,-4), (-4,-5), (-5,-1), (-5,-2), (-5,-3), (-5,-4), (-5,-5), 
 #  11: (1,1), (2,2), (3,3), (4,4), (5,5), 
 #  12: (-1,-1), (-2,-2), (-3,-3), (-4,-4), (-5,-5), 
 #===================== fastNLO Table: CoeffAddFlex ====================
 # No. of scale1 nodes (Nscalenode1)   6
 # No. of scale2 nodes (Nscalenode2)   6
 ##################################################################################

 ##################################################################################
 # Information on table contribution no. 2: NNLO
 #---------------------------------------------------------------------------------
 #===================== fastNLO Table: CoeffBase ====================
 # Contribution description (CtrbDescript)
 #   0	NNLO
 # Code description (CodeDescript)
 #   0	NNLOJET_rev_5088
 #   1	Example for single jet inclusive production.
 #   2	Please adapt to selected process: 2jet
 #   3	Please cite:
 #   4	Currie, J.; Glover, E.W.N. & Pires, J., Phys. Rev. Lett., 2017, 118, 072002 [arXiv:1611.01460]
 #   5	2jet
 #   6	PC: Please check and modify NNLOJET references according to selected process.
 #===================== fastNLO Table: CoeffAddBase ====================
 # No. of events (Nevt)                1.000000
 # Weight of table [=Nevt] (fWgtNevt)  1.000000
 # Number of tables merged together    6748
 # No. of filled events (WgtNumEv)     1880672167983
 # Sum of weights squared (WgtSumW2)   909340770000000022266371804969828352.000000
 # Sum of sigma squared (SigSumW2)     240505160000000000.000000
 # Sum of sigma (SigSum)               -1677641.300000
 # Sigma / Nevt (SigSum/WgtNevt)       -1677641.300000
 # Abs. order in a_s (Npow)            4
 # No. of hadrons involved (NPDF)      2
 # Type(s) of hadrons (NPDFPDG)
 #   0	2212
 #   1	2212
 # PDF storage format (NPDFDim)        2
 #   --> x-interpolation storage format: Full-Matrix
 # Observable bin no. 1
 #   No. of X1 nodes (XNode1[i].size())          20
 # Observable bin no. 12
 #   No. of X1 nodes (XNode1[i].size())          20
 # No. of scales involved (NScales)    1
 # Scale descriptions (ScaleDescript)
 #   0	ptavg_j12_[GeV]
 #   1	m12_[GeV]
 # No. of subprocess contributions     13
 #ISub  Processes
 #   0: (0,0), 
 #   1: (1,0), (2,0), (3,0), (4,0), (5,0), 
 #   2: (1,-1), (2,-2), (3,-3), (4,-4), (5,-5), 
 #   3: (0,1), (0,2), (0,3), (0,4), (0,5), 
 #   4: (-1,1), (-2,2), (-3,3), (-4,4), (-5,5), 
 #   5: (0,-1), (0,-2), (0,-3), (0,-4), (0,-5), 
 #   6: (-1,0), (-2,0), (-3,0), (-4,0), (-5,0), 
 #   7: (1,1), (1,2), (1,3), (1,4), (1,5), (2,1), (2,2), (2,3), (2,4), (2,5), (3,1), (3,2), (3,3), (3,4), (3,5), (4,1), (4,2), (4,3), (4,4), (4,5), (5,1), (5,2), (5,3), (5,4), (5,5), 
 #   8: (1,-1), (1,-2), (1,-3), (1,-4), (1,-5), (2,-1), (2,-2), (2,-3), (2,-4), (2,-5), (3,-1), (3,-2), (3,-3), (3,-4), (3,-5), (4,-1), (4,-2), (4,-3), (4,-4), (4,-5), (5,-1), (5,-2), (5,-3), (5,-4), (5,-5), 
 #   9: (-1,1), (-1,2), (-1,3), (-1,4), (-1,5), (-2,1), (-2,2), (-2,3), (-2,4), (-2,5), (-3,1), (-3,2), (-3,3), (-3,4), (-3,5), (-4,1), (-4,2), (-4,3), (-4,4), (-4,5), (-5,1), (-5,2), (-5,3), (-5,4), (-5,5), 
 #  10: (-1,-1), (-1,-2), (-1,-3), (-1,-4), (-1,-5), (-2,-1), (-2,-2), (-2,-3), (-2,-4), (-2,-5), (-3,-1), (-3,-2), (-3,-3), (-3,-4), (-3,-5), (-4,-1), (-4,-2), (-4,-3), (-4,-4), (-4,-5), (-5,-1), (-5,-2), (-5,-3), (-5,-4), (-5,-5), 
 #  11: (1,1), (2,2), (3,3), (4,4), (5,5), 
 #  12: (-1,-1), (-2,-2), (-3,-3), (-4,-4), (-5,-5), 
 #===================== fastNLO Table: CoeffAddFlex ====================
 # No. of scale1 nodes (Nscalenode1)   6
 # No. of scale2 nodes (Nscalenode2)   6
 ##################################################################################
LHAPDF 6.2.1 loading /home/rabbertz/local/share/LHAPDF/CT14nnlo/CT14nnlo_0000.dat
CT14nnlo PDF set, member #0, version 1; LHAPDF ID = 13000
LHAPDF 6.2.1 loading /home/rabbertz/local/share/LHAPDF/CT14nnlo/CT14nnlo_0000.dat
CT14nnlo PDF set, member #0, version 1; LHAPDF ID = 13000

 ##################################################################################################################################################################
 # [fnlo-tk-cppread] Calculate my cross sections
 ##################################################################################################################################################################
 #=================================================================================================================================================================
 # My Cross Sections
 # The scale factors xmur, xmuf chosen here are:      1.000,      1.000
 #-----------------------------------------------------------------------------------------------------------------------------------------------------------------
 #IObs  BinSize  IODimO  [ Chi               ]  < ptavg_j12_ >  LO_cross_section   NLO_cross_section  NNLO_cross_section   KNLO      KNNLO
 #-----------------------------------------------------------------------------------------------------------------------------------------------------------------
     1  1.000         1   1.000       2.000      1582.          1.81899457022E-01  1.85467902997E-01  1.69464577881E-01    1.01962   0.91371
     2  1.000         2   2.000       3.000      1462.          1.58773100849E-01  1.56532275808E-01  1.45406591121E-01    0.98589   0.92892
     3  1.000         3   3.000       4.000      1345.          1.61827919407E-01  1.54566388537E-01  1.39878667177E-01    0.95513   0.90497
     4  1.000         4   4.000       5.000      1249.          1.68185025386E-01  1.56510437247E-01  1.42647290978E-01    0.93058   0.91142
     5  1.000         5   5.000       6.000      1168.          1.74813123869E-01  1.58923900853E-01  1.38837893970E-01    0.90911   0.87361
     6  1.000         6   6.000       7.000      1101.          1.81047157839E-01  1.61382343416E-01  1.53147700754E-01    0.89138   0.94897
     7  1.000         7   7.000       8.000      1043.          1.86896151396E-01  1.63935519450E-01  1.51283801830E-01    0.87715   0.92283
     8  1.000         8   8.000       9.000      993.7          1.92248319226E-01  1.65817637700E-01  1.46917855378E-01    0.86252   0.88602
     9  1.000         9   9.000       10.00      951.0          1.97210978669E-01  1.66516381461E-01  1.42012001058E-01    0.84436   0.85284
    10  2.000        10   10.00       12.00      895.8          2.03981586206E-01  1.70767509550E-01  1.53480544200E-01    0.83717   0.89877
    11  2.000        11   12.00       14.00      835.0          2.12094034058E-01  1.73168833190E-01  1.49265548963E-01    0.81647   0.86197
    12  2.000        12   14.00       16.00      785.0          2.19254846200E-01  1.75063330203E-01  1.46970106867E-01    0.79845   0.83953
 #=================================================================================================================================================================
 # My Cross Sections
 # The scale factors xmur, xmuf chosen here are:      0.500,      0.500
 #-----------------------------------------------------------------------------------------------------------------------------------------------------------------
 #IObs  BinSize  IODimO  [ Chi               ]  < ptavg_j12_ >  LO_cross_section   NLO_cross_section  NNLO_cross_section   KNLO      KNNLO
 #-----------------------------------------------------------------------------------------------------------------------------------------------------------------
     1  1.000         1   1.000       2.000      791.9          2.43498830547E-01  1.76011984241E-01  1.63761917912E-01    0.72285   0.93040
     2  1.000         2   2.000       3.000      731.6          2.12766426756E-01  1.46082898851E-01  1.41976603660E-01    0.68659   0.97189
     3  1.000         3   3.000       4.000      673.5          2.17255519320E-01  1.41737456604E-01  1.35213502445E-01    0.65240   0.95397
     4  1.000         4   4.000       5.000      625.3          2.26234628279E-01  1.41254938956E-01  1.37803592242E-01    0.62437   0.97557
     5  1.000         5   5.000       6.000      584.8          2.35597575185E-01  1.41253381998E-01  1.31599662617E-01    0.59955   0.93166
     6  1.000         6   6.000       7.000      551.3          2.44439819111E-01  1.41501717603E-01  1.52729452800E-01    0.57888   1.07935
     7  1.000         7   7.000       8.000      522.6          2.52766245416E-01  1.42014531392E-01  1.49107719791E-01    0.56184   1.04995
     8  1.000         8   8.000       9.000      497.9          2.60424701268E-01  1.41811981276E-01  1.41945765776E-01    0.54454   1.00094
     9  1.000         9   9.000       10.00      476.8          2.67554824320E-01  1.40077866957E-01  1.34327380437E-01    0.52355   0.95895
    10  2.000        10   10.00       12.00      449.1          2.77323807894E-01  1.42472912602E-01  1.52433351706E-01    0.51374   1.06991
    11  2.000        11   12.00       14.00      418.9          2.89079731997E-01  1.41261187405E-01  1.39738406105E-01    0.48866   0.98922
    12  2.000        12   14.00       16.00      394.0          2.99510883806E-01  1.39751607607E-01  1.39631930918E-01    0.46660   0.99914
 #=================================================================================================================================================================
 # My Cross Sections
 # The scale factors xmur, xmuf chosen here are:      2.000,      2.000
 #-----------------------------------------------------------------------------------------------------------------------------------------------------------------
 #IObs  BinSize  IODimO  [ Chi               ]  < ptavg_j12_ >  LO_cross_section   NLO_cross_section  NNLO_cross_section   KNLO      KNNLO
 #-----------------------------------------------------------------------------------------------------------------------------------------------------------------
     1  1.000         1   1.000       2.000      3163.          1.38768186802E-01  1.77027474417E-01  1.73835782076E-01    1.27571   0.98197
     2  1.000         2   2.000       3.000      2921.          1.21035105070E-01  1.50562789564E-01  1.48583313859E-01    1.24396   0.98685
     3  1.000         3   3.000       4.000      2689.          1.23184408609E-01  1.49780785361E-01  1.44292679843E-01    1.21591   0.96336
     4  1.000         4   4.000       5.000      2495.          1.27811182543E-01  1.52620659770E-01  1.47413256962E-01    1.19411   0.96588
     5  1.000         5   5.000       6.000      2334.          1.32627662374E-01  1.55872267384E-01  1.45626252407E-01    1.17526   0.93427
     6  1.000         6   6.000       7.000      2199.          1.37140121157E-01  1.59060081437E-01  1.56218669940E-01    1.15984   0.98214
     7  1.000         7   7.000       8.000      2084.          1.41362643579E-01  1.62254635241E-01  1.55832449151E-01    1.14779   0.96042
     8  1.000         8   8.000       9.000      1986.          1.45212561847E-01  1.64852155323E-01  1.53667145032E-01    1.13525   0.93215
     9  1.000         9   9.000       10.00      1900.          1.48772469184E-01  1.66523927549E-01  1.50871245525E-01    1.11932   0.90600
    10  2.000        10   10.00       12.00      1790.          1.53612349902E-01  1.71140560745E-01  1.59147071268E-01    1.11411   0.92992
    11  2.000        11   12.00       14.00      1668.          1.59385518609E-01  1.74818686742E-01  1.59693730168E-01    1.09683   0.91348
    12  2.000        12   14.00       16.00      1568.          1.64450685658E-01  1.77925611513E-01  1.57537252700E-01    1.08194   0.88541
 #=================================================================================================================================================================
 # My Cross Sections
 # The scale factors xmur, xmuf chosen here are:      0.500,      1.000
 #-----------------------------------------------------------------------------------------------------------------------------------------------------------------
 #IObs  BinSize  IODimO  [ Chi               ]  < ptavg_j12_ >  LO_cross_section   NLO_cross_section  NNLO_cross_section   KNLO      KNNLO
 #-----------------------------------------------------------------------------------------------------------------------------------------------------------------
     1  1.000         1   1.000       2.000      791.5          2.11405949276E-01  1.83985857345E-01  1.64530995957E-01    0.87030   0.89426
     2  1.000         2   2.000       3.000      731.2          1.84782872040E-01  1.53844464682E-01  1.41873626433E-01    0.83257   0.92219
     3  1.000         3   3.000       4.000      673.1          1.88613011969E-01  1.50497800050E-01  1.35466229464E-01    0.79792   0.90012
     4  1.000         4   4.000       5.000      624.8          1.96282276999E-01  1.51130095951E-01  1.37878867349E-01    0.76996   0.91232
     5  1.000         5   5.000       6.000      584.3          2.04259457784E-01  1.52277066430E-01  1.32438380278E-01    0.74551   0.86972
     6  1.000         6   6.000       7.000      550.7          2.11770781624E-01  1.53598677556E-01  1.50733016258E-01    0.72531   0.98134
     7  1.000         7   7.000       8.000      522.1          2.18828237621E-01  1.55094704545E-01  1.47761000882E-01    0.70875   0.95271
     8  1.000         8   8.000       9.000      497.4          2.25301236886E-01  1.55896592726E-01  1.41212134489E-01    0.69195   0.90581
     9  1.000         9   9.000       10.00      476.1          2.31314409633E-01  1.55299517472E-01  1.34755145532E-01    0.67138   0.86771
    10  2.000        10   10.00       12.00      448.5          2.39535262793E-01  1.58643891925E-01  1.49989088762E-01    0.66230   0.94545
    11  2.000        11   12.00       14.00      418.2          2.49406598711E-01  1.59173391570E-01  1.40209419606E-01    0.63821   0.88086
    12  2.000        12   14.00       16.00      393.2          2.58142075347E-01  1.59326791950E-01  1.39523350824E-01    0.61721   0.87571
 #=================================================================================================================================================================
 # My Cross Sections
 # The scale factors xmur, xmuf chosen here are:      1.000,      0.500
 #-----------------------------------------------------------------------------------------------------------------------------------------------------------------
 #IObs  BinSize  IODimO  [ Chi               ]  < ptavg_j12_ >  LO_cross_section   NLO_cross_section  NNLO_cross_section   KNLO      KNNLO
 #-----------------------------------------------------------------------------------------------------------------------------------------------------------------
     1  1.000         1   1.000       2.000      1583.          2.09513549449E-01  1.84966673201E-01  1.67377685182E-01    0.88284   0.90491
     2  1.000         2   2.000       3.000      1462.          1.82818176316E-01  1.55498802477E-01  1.44092571038E-01    0.85057   0.92665
     3  1.000         3   3.000       4.000      1346.          1.86403334969E-01  1.52912797550E-01  1.38103391751E-01    0.82033   0.90315
     4  1.000         4   4.000       5.000      1249.          1.93850260144E-01  1.54268592480E-01  1.40880595815E-01    0.79581   0.91322
     5  1.000         5   5.000       6.000      1168.          2.01634000391E-01  1.56080546951E-01  1.36219440141E-01    0.77408   0.87275
     6  1.000         6   6.000       7.000      1101.          2.08977122178E-01  1.57984953658E-01  1.52454998685E-01    0.75599   0.96500
     7  1.000         7   7.000       8.000      1044.          2.15882394397E-01  1.60049762796E-01  1.49874418964E-01    0.74137   0.93642
     8  1.000         8   8.000       9.000      994.3          2.22219587048E-01  1.61408455084E-01  1.44826282280E-01    0.72635   0.89727
     9  1.000         9   9.000       10.00      951.7          2.28108988511E-01  1.61467365960E-01  1.38813880661E-01    0.70785   0.85970
    10  2.000        10   10.00       12.00      896.4          2.36161910876E-01  1.65331411879E-01  1.52051639439E-01    0.70008   0.91968
    11  2.000        11   12.00       14.00      835.8          2.45832549112E-01  1.66811348879E-01  1.45731048388E-01    0.67856   0.87363
    12  2.000        12   14.00       16.00      785.8          2.54392482046E-01  1.67809264332E-01  1.43159499800E-01    0.65965   0.85311
 #=================================================================================================================================================================
 # My Cross Sections
 # The scale factors xmur, xmuf chosen here are:      1.000,      2.000
 #-----------------------------------------------------------------------------------------------------------------------------------------------------------------
 #IObs  BinSize  IODimO  [ Chi               ]  < ptavg_j12_ >  LO_cross_section   NLO_cross_section  NNLO_cross_section   KNLO      KNNLO
 #-----------------------------------------------------------------------------------------------------------------------------------------------------------------
     1  1.000         1   1.000       2.000      1582.          1.59544436100E-01  1.84385934121E-01  1.71510775757E-01    1.15570   0.93017
     2  1.000         2   2.000       3.000      1461.          1.39315506039E-01  1.56124655080E-01  1.46794896521E-01    1.12066   0.94024
     3  1.000         3   3.000       4.000      1345.          1.41962664716E-01  1.54664861972E-01  1.41659378008E-01    1.08948   0.91591
     4  1.000         4   4.000       5.000      1248.          1.47462171616E-01  1.57044902298E-01  1.44442489840E-01    1.06498   0.91975
     5  1.000         5   5.000       6.000      1167.          1.53178388333E-01  1.59890035457E-01  1.41337576859E-01    1.04382   0.88397
     6  1.000         6   6.000       7.000      1100.          1.58539382704E-01  1.62739274592E-01  1.54136660464E-01    1.02649   0.94714
     7  1.000         7   7.000       8.000      1043.          1.63560306008E-01  1.65632515433E-01  1.52858257065E-01    1.01267   0.92288
     8  1.000         8   8.000       9.000      993.3          1.68144993595E-01  1.67886903628E-01  1.49090340227E-01    0.99847   0.88804
     9  1.000         9   9.000       10.00      950.5          1.72389262982E-01  1.69056157049E-01  1.45099011342E-01    0.98067   0.85829
    10  2.000        10   10.00       12.00      895.3          1.78169360512E-01  1.73554428150E-01  1.55202849836E-01    0.97410   0.89426
    11  2.000        11   12.00       14.00      834.5          1.85079578658E-01  1.76612577554E-01  1.52648792410E-01    0.95425   0.86431
    12  2.000        12   14.00       16.00      784.5          1.91160619922E-01  1.79142113788E-01  1.50623920339E-01    0.93713   0.84081
 #=================================================================================================================================================================
 # My Cross Sections
 # The scale factors xmur, xmuf chosen here are:      2.000,      1.000
 #-----------------------------------------------------------------------------------------------------------------------------------------------------------------
 #IObs  BinSize  IODimO  [ Chi               ]  < ptavg_j12_ >  LO_cross_section   NLO_cross_section  NNLO_cross_section   KNLO      KNNLO
 #-----------------------------------------------------------------------------------------------------------------------------------------------------------------
     1  1.000         1   1.000       2.000      3163.          1.58212392620E-01  1.81752456087E-01  1.72714054138E-01    1.14879   0.95027
     2  1.000         2   2.000       3.000      2922.          1.37939815150E-01  1.54263726527E-01  1.47863286285E-01    1.11834   0.95851
     3  1.000         3   3.000       4.000      2689.          1.40422232348E-01  1.53166477369E-01  1.43190725745E-01    1.09076   0.93487
     4  1.000         4   4.000       5.000      2496.          1.45772767299E-01  1.55828518308E-01  1.46293966151E-01    1.06898   0.93881
     5  1.000         5   5.000       6.000      2334.          1.51360141247E-01  1.58914863625E-01  1.43877192094E-01    1.04991   0.90537
     6  1.000         6   6.000       7.000      2200.          1.56610172422E-01  1.61962100488E-01  1.55583884158E-01    1.03417   0.96062
     7  1.000         7   7.000       8.000      2085.          1.61531789985E-01  1.65052594288E-01  1.54681990671E-01    1.02180   0.93717
     8  1.000         8   8.000       9.000      1986.          1.66028908013E-01  1.67507473535E-01  1.51998427798E-01    1.00891   0.90741
     9  1.000         9   9.000       10.00      1901.          1.70194048351E-01  1.68949363675E-01  1.48422839525E-01    0.99269   0.87850
    10  2.000        10   10.00       12.00      1790.          1.75867254949E-01  1.73574240191E-01  1.57615979262E-01    0.98696   0.90806
    11  2.000        11   12.00       14.00      1669.          1.82650033200E-01  1.76981801509E-01  1.57042900703E-01    0.96897   0.88734
    12  2.000        12   14.00       16.00      1569.          1.88619870248E-01  1.79813342930E-01  1.54376429939E-01    0.95331   0.85854
