 ##################################################################################
 # INFO.    [fnlo-tk-cppread] Program to read fastNLO tables and derive
 # INFO.    [fnlo-tk-cppread] QCD cross sections using PDFs e.g. from LHAPDF
 #---------------------------------------------------------------------------------
 # INFO.    [fnlo-tk-cppread] For more explanations type:
 # INFO.    [fnlo-tk-cppread] ./fnlo-tk-cppread -h
 # INFO.    [fnlo-tk-cppread] For version number printout type:
 # INFO.    [fnlo-tk-cppread] ./fnlo-tk-cppread -v
 ##################################################################################

 ##################################################################################
 # [fnlo-tk-cppread] fastNLO Cross-Section Calculator
 #---------------------------------------------------------------------------------
 # [fnlo-tk-cppread] Evaluating table: 2jet.NNLO.fnl5662j_mjja_chi.tab.gz
 # [fnlo-tk-cppread] Using PDF set   : CT14nlo
 # [fnlo-tk-cppread] If possible, will try to do 7 scale factor variations.
 # [fnlo-tk-cppread] Using alpha_s evolution code: LHAPDF
 # [fnlo-tk-cppread] Preparing unnormalized cross sections,
 # [fnlo-tk-cppread] Using scale definition scale1
 # [fnlo-tk-cppread] No request given for no. of flavours,
 #             using default value for LHAPDF or Nf = 5.
 # [fnlo-tk-cppread] No request given for no. of loops,
 #             using default value for LHAPDF or NLoop = 2.
 # [fnlo-tk-cppread] No request given for value of alpha_s(M_Z),
 #             using default value for LHAPDF or asMz = 0.1181.
 # [fnlo-tk-cppread] No request given for value of M_Z,
 #             using default value for LHAPDF or Mz = 91.1876.
 ##################################################################################

 ##################################################################################
 #
 # [0;31mfast[0;34mNLO[0m_toolkit
 # Version 2.3.1_2657-66-gda2fd2f1
 #
 # C++ program and toolkit to read and create fastNLO v2 tables and
 # derive QCD cross sections using PDFs, e.g. from LHAPDF
 #
 #---------------------------------------------------------------------------------
 #
 # Copyright © 2005-2019 [0;31mfast[0;34mNLO[0m Collaboration
 # D. Britzger, T. Kluge, K. Rabbertz, F. Stober, G. Sieber, M. Wobisch
 #
 # This program is free software: you can redistribute it and/or modify
 # it under the terms of the GNU General Public License as published by
 # the Free Software Foundation, either version 3 of the License, or
 # (at your option) any later version.
 #
 # This program is distributed in the hope that it will be useful,
 # but WITHOUT ANY WARRANTY; without even the implied warranty of
 # MERCHANTABILITY or FITNESS FOR A PARTICULAR PURPOSE. See the
 # GNU General Public License for more details.
 #
 # You should have received a copy of the GNU General Public License
 # along with this program. If not, see <http://www.gnu.org/licenses/>.
 #
 #---------------------------------------------------------------------------------
 #
 # The projects web page can be found at:
 #   http://projects.hepforge.org/fastnlo
 #
 # If you use this code, please cite:
 #   T. Kluge, K. Rabbertz, M. Wobisch, hep-ph/0609285
 #   D. Britzger, T. Kluge, K. Rabbertz, F. Stober, M. Wobisch, arXiv:1109.1310
 #
 ##################################################################################

 ##################################################################################
 # Overview on contribution types and numbers contained in table: 2jet.NNLO.fnl5662j_mjja_chi.tab.gz
 #---------------------------------------------------------------------------------
 # Total number of contributions:  3
 #   No.: 1, type: Fixed order calculation       , Id: 0, order: LO                  , by: NNLOJET_rev_5088
 #   No.: 2, type: Fixed order calculation       , Id: 1, order: NLO                 , by: NNLOJET_rev_5088
 #   No.: 3, type: Fixed order calculation       , Id: 2, order: NNLO                , by: NNLOJET_rev_5088
 ##################################################################################

 ##################################################################################
 # Information on table header
 #---------------------------------------------------------------------------------
 #===================== fastNLO Table: Header ====================
 # Table version (Itabversion)         23600
 # Scenario name (ScenName)            fnl5662j
 # Theory contributions (Ncontrib)     3
 # Data contribution 0/1 (Ndata)       0
 ##################################################################################

 ##################################################################################
 # Information on fastNLO scenario: fnl5662j
 #---------------------------------------------------------------------------------
 #===================== fastNLO Table: Scenario ====================
 # Scenario description (ScDescript)
 #   0	d2sigma-dijet_dChi_dMjj_[pb_GeV]
 #   1	CMS_Collaboration
 #   2	Dijet_Chi
 #   3	anti-kT_R=0.4
 #   4	THEORY_LABEL=NNLOJET
 #   5	provided by:
 #   6	fastNLO_2.3.1
 #   7	If you use this table, please cite:
 #   8	  D. Britzger, T. Kluge, K. Rabbertz, F. Stober, M. Wobisch, arXiv:1109.1310
 #
 # Publ. x section (10^-Ipublunits b)  12
 # Centre-of-mass energy (Ecms/GeV)    13000
 # Power in a_s of LO process (ILOord) 2
 # No. of observable bins (NObsBin)    12
 # Dim. of observable binning (NDim)   1
 #
 # Dimension labels (DimLabel)
 #   0	Chi
 # Differential dimension (IDiffBin)
 #   0	2
 #
 # Total no. of contributions (theory + optional data) in this table: 3
 ##################################################################################

 ##################################################################################
 # Information on table contribution no. 0: LO
 #---------------------------------------------------------------------------------
 #===================== fastNLO Table: CoeffBase ====================
 # Contribution description (CtrbDescript)
 #   0	LO
 # Code description (CodeDescript)
 #   0	NNLOJET_rev_5088
 #   1	Example for single jet inclusive production.
 #   2	Please adapt to selected process: 2jet
 #   3	Please cite:
 #   4	Currie, J.; Glover, E.W.N. & Pires, J., Phys. Rev. Lett., 2017, 118, 072002 [arXiv:1611.01460]
 #   5	2jet
 #   6	PC: Please check and modify NNLOJET references according to selected process.
 #===================== fastNLO Table: CoeffAddBase ====================
 # No. of events (Nevt)                0.000000
 # Weight of table [=Nevt] (fWgtNevt)  0.000000
 # Number of tables merged together    150
 # No. of filled events (WgtNumEv)     5793290376
 # Sum of weights squared (WgtSumW2)   20664269000000.000000
 # Sum of sigma squared (SigSumW2)     0.000517
 # Sum of sigma (SigSum)               51.786236
 # Sigma / Nevt (SigSum/WgtNevt)       25054089125502775261978885791951351189602304.000000
 # Abs. order in a_s (Npow)            2
 # No. of hadrons involved (NPDF)      2
 # Type(s) of hadrons (NPDFPDG)
 #   0	2212
 #   1	2212
 # PDF storage format (NPDFDim)        2
 #   --> x-interpolation storage format: Full-Matrix
 # Observable bin no. 1
 #   No. of X1 nodes (XNode1[i].size())          20
 # Observable bin no. 12
 #   No. of X1 nodes (XNode1[i].size())          20
 # No. of scales involved (NScales)    1
 # Scale descriptions (ScaleDescript)
 #   0	ptavg_j12_[GeV]
 #   1	m12_[GeV]
 # No. of subprocess contributions     13
 #ISub  Processes
 #   0: (0,0), 
 #   1: (1,0), (2,0), (3,0), (4,0), (5,0), 
 #   2: (1,-1), (2,-2), (3,-3), (4,-4), (5,-5), 
 #   3: (0,1), (0,2), (0,3), (0,4), (0,5), 
 #   4: (-1,1), (-2,2), (-3,3), (-4,4), (-5,5), 
 #   5: (0,-1), (0,-2), (0,-3), (0,-4), (0,-5), 
 #   6: (-1,0), (-2,0), (-3,0), (-4,0), (-5,0), 
 #   7: (1,-1), (1,-2), (1,-3), (1,-4), (1,-5), (2,-1), (2,-2), (2,-3), (2,-4), (2,-5), (3,-1), (3,-2), (3,-3), (3,-4), (3,-5), (4,-1), (4,-2), (4,-3), (4,-4), (4,-5), (5,-1), (5,-2), (5,-3), (5,-4), (5,-5), 
 #   8: (1,1), (1,2), (1,3), (1,4), (1,5), (2,1), (2,2), (2,3), (2,4), (2,5), (3,1), (3,2), (3,3), (3,4), (3,5), (4,1), (4,2), (4,3), (4,4), (4,5), (5,1), (5,2), (5,3), (5,4), (5,5), 
 #   9: (-1,-1), (-1,-2), (-1,-3), (-1,-4), (-1,-5), (-2,-1), (-2,-2), (-2,-3), (-2,-4), (-2,-5), (-3,-1), (-3,-2), (-3,-3), (-3,-4), (-3,-5), (-4,-1), (-4,-2), (-4,-3), (-4,-4), (-4,-5), (-5,-1), (-5,-2), (-5,-3), (-5,-4), (-5,-5), 
 #  10: (-1,1), (-1,2), (-1,3), (-1,4), (-1,5), (-2,1), (-2,2), (-2,3), (-2,4), (-2,5), (-3,1), (-3,2), (-3,3), (-3,4), (-3,5), (-4,1), (-4,2), (-4,3), (-4,4), (-4,5), (-5,1), (-5,2), (-5,3), (-5,4), (-5,5), 
 #  11: (1,1), (2,2), (3,3), (4,4), (5,5), 
 #  12: (-1,-1), (-2,-2), (-3,-3), (-4,-4), (-5,-5), 
 #===================== fastNLO Table: CoeffAddFlex ====================
 # No. of scale1 nodes (Nscalenode1)   6
 # No. of scale2 nodes (Nscalenode2)   6
 ##################################################################################

 ##################################################################################
 # Information on table contribution no. 1: NLO
 #---------------------------------------------------------------------------------
 #===================== fastNLO Table: CoeffBase ====================
 # Contribution description (CtrbDescript)
 #   0	NLO
 # Code description (CodeDescript)
 #   0	NNLOJET_rev_5088
 #   1	Example for single jet inclusive production.
 #   2	Please adapt to selected process: 2jet
 #   3	Please cite:
 #   4	Currie, J.; Glover, E.W.N. & Pires, J., Phys. Rev. Lett., 2017, 118, 072002 [arXiv:1611.01460]
 #   5	2jet
 #   6	PC: Please check and modify NNLOJET references according to selected process.
 #===================== fastNLO Table: CoeffAddBase ====================
 # No. of events (Nevt)                1.000000
 # Weight of table [=Nevt] (fWgtNevt)  1.000000
 # Number of tables merged together    500
 # No. of filled events (WgtNumEv)     42054497882
 # Sum of weights squared (WgtSumW2)   5297526500000000271974400.000000
 # Sum of sigma squared (SigSumW2)     301603.570000
 # Sum of sigma (SigSum)               17.496705
 # Sigma / Nevt (SigSum/WgtNevt)       17.496705
 # Abs. order in a_s (Npow)            3
 # No. of hadrons involved (NPDF)      2
 # Type(s) of hadrons (NPDFPDG)
 #   0	2212
 #   1	2212
 # PDF storage format (NPDFDim)        2
 #   --> x-interpolation storage format: Full-Matrix
 # Observable bin no. 1
 #   No. of X1 nodes (XNode1[i].size())          20
 # Observable bin no. 12
 #   No. of X1 nodes (XNode1[i].size())          20
 # No. of scales involved (NScales)    1
 # Scale descriptions (ScaleDescript)
 #   0	ptavg_j12_[GeV]
 #   1	m12_[GeV]
 # No. of subprocess contributions     13
 #ISub  Processes
 #   0: (0,0), 
 #   1: (1,0), (2,0), (3,0), (4,0), (5,0), 
 #   2: (1,-1), (2,-2), (3,-3), (4,-4), (5,-5), 
 #   3: (0,1), (0,2), (0,3), (0,4), (0,5), 
 #   4: (-1,1), (-2,2), (-3,3), (-4,4), (-5,5), 
 #   5: (0,-1), (0,-2), (0,-3), (0,-4), (0,-5), 
 #   6: (-1,0), (-2,0), (-3,0), (-4,0), (-5,0), 
 #   7: (1,1), (1,2), (1,3), (1,4), (1,5), (2,1), (2,2), (2,3), (2,4), (2,5), (3,1), (3,2), (3,3), (3,4), (3,5), (4,1), (4,2), (4,3), (4,4), (4,5), (5,1), (5,2), (5,3), (5,4), (5,5), 
 #   8: (1,-1), (1,-2), (1,-3), (1,-4), (1,-5), (2,-1), (2,-2), (2,-3), (2,-4), (2,-5), (3,-1), (3,-2), (3,-3), (3,-4), (3,-5), (4,-1), (4,-2), (4,-3), (4,-4), (4,-5), (5,-1), (5,-2), (5,-3), (5,-4), (5,-5), 
 #   9: (-1,1), (-1,2), (-1,3), (-1,4), (-1,5), (-2,1), (-2,2), (-2,3), (-2,4), (-2,5), (-3,1), (-3,2), (-3,3), (-3,4), (-3,5), (-4,1), (-4,2), (-4,3), (-4,4), (-4,5), (-5,1), (-5,2), (-5,3), (-5,4), (-5,5), 
 #  10: (-1,-1), (-1,-2), (-1,-3), (-1,-4), (-1,-5), (-2,-1), (-2,-2), (-2,-3), (-2,-4), (-2,-5), (-3,-1), (-3,-2), (-3,-3), (-3,-4), (-3,-5), (-4,-1), (-4,-2), (-4,-3), (-4,-4), (-4,-5), (-5,-1), (-5,-2), (-5,-3), (-5,-4), (-5,-5), 
 #  11: (1,1), (2,2), (3,3), (4,4), (5,5), 
 #  12: (-1,-1), (-2,-2), (-3,-3), (-4,-4), (-5,-5), 
 #===================== fastNLO Table: CoeffAddFlex ====================
 # No. of scale1 nodes (Nscalenode1)   6
 # No. of scale2 nodes (Nscalenode2)   6
 ##################################################################################

 ##################################################################################
 # Information on table contribution no. 2: NNLO
 #---------------------------------------------------------------------------------
 #===================== fastNLO Table: CoeffBase ====================
 # Contribution description (CtrbDescript)
 #   0	NNLO
 # Code description (CodeDescript)
 #   0	NNLOJET_rev_5088
 #   1	Example for single jet inclusive production.
 #   2	Please adapt to selected process: 2jet
 #   3	Please cite:
 #   4	Currie, J.; Glover, E.W.N. & Pires, J., Phys. Rev. Lett., 2017, 118, 072002 [arXiv:1611.01460]
 #   5	2jet
 #   6	PC: Please check and modify NNLOJET references according to selected process.
 #===================== fastNLO Table: CoeffAddBase ====================
 # No. of events (Nevt)                1.000000
 # Weight of table [=Nevt] (fWgtNevt)  1.000000
 # Number of tables merged together    6748
 # No. of filled events (WgtNumEv)     231883230006
 # Sum of weights squared (WgtSumW2)   55384529999999995489384808497283072.000000
 # Sum of sigma squared (SigSumW2)     10837759000.000000
 # Sum of sigma (SigSum)               -307.996420
 # Sigma / Nevt (SigSum/WgtNevt)       -307.996420
 # Abs. order in a_s (Npow)            4
 # No. of hadrons involved (NPDF)      2
 # Type(s) of hadrons (NPDFPDG)
 #   0	2212
 #   1	2212
 # PDF storage format (NPDFDim)        2
 #   --> x-interpolation storage format: Full-Matrix
 # Observable bin no. 1
 #   No. of X1 nodes (XNode1[i].size())          20
 # Observable bin no. 12
 #   No. of X1 nodes (XNode1[i].size())          20
 # No. of scales involved (NScales)    1
 # Scale descriptions (ScaleDescript)
 #   0	ptavg_j12_[GeV]
 #   1	m12_[GeV]
 # No. of subprocess contributions     13
 #ISub  Processes
 #   0: (0,0), 
 #   1: (1,0), (2,0), (3,0), (4,0), (5,0), 
 #   2: (1,-1), (2,-2), (3,-3), (4,-4), (5,-5), 
 #   3: (0,1), (0,2), (0,3), (0,4), (0,5), 
 #   4: (-1,1), (-2,2), (-3,3), (-4,4), (-5,5), 
 #   5: (0,-1), (0,-2), (0,-3), (0,-4), (0,-5), 
 #   6: (-1,0), (-2,0), (-3,0), (-4,0), (-5,0), 
 #   7: (1,1), (1,2), (1,3), (1,4), (1,5), (2,1), (2,2), (2,3), (2,4), (2,5), (3,1), (3,2), (3,3), (3,4), (3,5), (4,1), (4,2), (4,3), (4,4), (4,5), (5,1), (5,2), (5,3), (5,4), (5,5), 
 #   8: (1,-1), (1,-2), (1,-3), (1,-4), (1,-5), (2,-1), (2,-2), (2,-3), (2,-4), (2,-5), (3,-1), (3,-2), (3,-3), (3,-4), (3,-5), (4,-1), (4,-2), (4,-3), (4,-4), (4,-5), (5,-1), (5,-2), (5,-3), (5,-4), (5,-5), 
 #   9: (-1,1), (-1,2), (-1,3), (-1,4), (-1,5), (-2,1), (-2,2), (-2,3), (-2,4), (-2,5), (-3,1), (-3,2), (-3,3), (-3,4), (-3,5), (-4,1), (-4,2), (-4,3), (-4,4), (-4,5), (-5,1), (-5,2), (-5,3), (-5,4), (-5,5), 
 #  10: (-1,-1), (-1,-2), (-1,-3), (-1,-4), (-1,-5), (-2,-1), (-2,-2), (-2,-3), (-2,-4), (-2,-5), (-3,-1), (-3,-2), (-3,-3), (-3,-4), (-3,-5), (-4,-1), (-4,-2), (-4,-3), (-4,-4), (-4,-5), (-5,-1), (-5,-2), (-5,-3), (-5,-4), (-5,-5), 
 #  11: (1,1), (2,2), (3,3), (4,4), (5,5), 
 #  12: (-1,-1), (-2,-2), (-3,-3), (-4,-4), (-5,-5), 
 #===================== fastNLO Table: CoeffAddFlex ====================
 # No. of scale1 nodes (Nscalenode1)   6
 # No. of scale2 nodes (Nscalenode2)   6
 ##################################################################################
LHAPDF 6.2.1 loading /home/rabbertz/local/share/LHAPDF/CT14nlo/CT14nlo_0000.dat
CT14nlo PDF set, member #0, version 1; LHAPDF ID = 13100
LHAPDF 6.2.1 loading /home/rabbertz/local/share/LHAPDF/CT14nlo/CT14nlo_0000.dat
CT14nlo PDF set, member #0, version 1; LHAPDF ID = 13100

 ##################################################################################################################################################################
 # [fnlo-tk-cppread] Calculate my cross sections
 ##################################################################################################################################################################
 #=================================================================================================================================================================
 # My Cross Sections
 # The scale factors xmur, xmuf chosen here are:      1.000,      1.000
 #-----------------------------------------------------------------------------------------------------------------------------------------------------------------
 #IObs  BinSize  IODimO  [ Chi               ]  < ptavg_j12_ >  LO_cross_section   NLO_cross_section  NNLO_cross_section   KNLO      KNNLO
 #-----------------------------------------------------------------------------------------------------------------------------------------------------------------
     1  1.000         1   1.000       2.000      3622.          2.64102485884E-05  3.20251630652E-05  3.12240783365E-05    1.21260   0.97499
     2  1.000         2   2.000       3.000      3345.          2.47703503238E-05  2.77494734513E-05  2.59377494580E-05    1.12027   0.93471
     3  1.000         3   3.000       4.000      3079.          2.64009039667E-05  2.75563168694E-05  2.50547581799E-05    1.04376   0.90922
     4  1.000         4   4.000       5.000      2857.          2.81928072228E-05  2.78422637455E-05  2.48787338550E-05    0.98757   0.89356
     5  1.000         5   5.000       6.000      2673.          2.98915735859E-05  2.81576867505E-05  2.53105599770E-05    0.94199   0.89889
     6  1.000         6   6.000       7.000      2514.          3.13815710936E-05  2.90257452889E-05  2.52112809603E-05    0.92493   0.86858
     7  1.000         7   7.000       8.000      2382.          3.27386187127E-05  2.99585941053E-05  2.66756746937E-05    0.91508   0.89042
     8  1.000         8   8.000       9.000      2271.          3.39156257662E-05  2.85642812326E-05  2.55944431505E-05    0.84222   0.89603
     9  1.000         9   9.000       10.00      2172.          3.51213579435E-05  2.94859587085E-05  2.45932429253E-05    0.83954   0.83407
    10  2.000        10   10.00       12.00      2045.          3.65536570405E-05  2.93574243788E-05  2.45958522610E-05    0.80313   0.83781
    11  2.000        11   12.00       14.00      1905.          3.84435561358E-05  2.98218293669E-05  2.51974334091E-05    0.77573   0.84493
    12  2.000        12   14.00       16.00      1790.          3.99078937973E-05  3.00964853071E-05  2.38684920331E-05    0.75415   0.79307
 #=================================================================================================================================================================
 # My Cross Sections
 # The scale factors xmur, xmuf chosen here are:      0.500,      0.500
 #-----------------------------------------------------------------------------------------------------------------------------------------------------------------
 #IObs  BinSize  IODimO  [ Chi               ]  < ptavg_j12_ >  LO_cross_section   NLO_cross_section  NNLO_cross_section   KNLO      KNNLO
 #-----------------------------------------------------------------------------------------------------------------------------------------------------------------
     1  1.000         1   1.000       2.000      1811.          3.70834115318E-05  3.28029161458E-05  3.03187698283E-05    0.88457   0.92427
     2  1.000         2   2.000       3.000      1672.          3.48426053204E-05  2.73833916829E-05  2.43712451769E-05    0.78592   0.89000
     3  1.000         3   3.000       4.000      1539.          3.72219815746E-05  2.61210705870E-05  2.35833453641E-05    0.70176   0.90285
     4  1.000         4   4.000       5.000      1428.          3.98396665623E-05  2.54627731502E-05  2.31692075245E-05    0.63913   0.90992
     5  1.000         5   5.000       6.000      1336.          4.23325804826E-05  2.49380853809E-05  2.31650507970E-05    0.58910   0.92890
     6  1.000         6   6.000       7.000      1255.          4.45353451767E-05  2.53628894172E-05  2.29352100348E-05    0.56950   0.90428
     7  1.000         7   7.000       8.000      1189.          4.65510073545E-05  2.59162193747E-05  2.58147315256E-05    0.55673   0.99608
     8  1.000         8   8.000       9.000      1134.          4.83124558520E-05  2.29713465555E-05  2.31763376236E-05    0.47547   1.00892
     9  1.000         9   9.000       10.00      1084.          5.01155840529E-05  2.37437632052E-05  2.12373741497E-05    0.47378   0.89444
    10  2.000        10   10.00       12.00      1021.          5.22795375123E-05  2.24719357447E-05  2.19145617355E-05    0.42984   0.97520
    11  2.000        11   12.00       14.00      950.0          5.51300682999E-05  2.20160121615E-05  2.36868484231E-05    0.39935   1.07589
    12  2.000        12   14.00       16.00      892.4          5.73679920669E-05  2.13914153558E-05  2.09935003979E-05    0.37288   0.98140
 #=================================================================================================================================================================
 # My Cross Sections
 # The scale factors xmur, xmuf chosen here are:      2.000,      2.000
 #-----------------------------------------------------------------------------------------------------------------------------------------------------------------
 #IObs  BinSize  IODimO  [ Chi               ]  < ptavg_j12_ >  LO_cross_section   NLO_cross_section  NNLO_cross_section   KNLO      KNNLO
 #-----------------------------------------------------------------------------------------------------------------------------------------------------------------
     1  1.000         1   1.000       2.000      7243.          1.92411903090E-05  2.88463709511E-05  3.15064316968E-05    1.49920   1.09221
     2  1.000         2   2.000       3.000      6689.          1.80189445419E-05  2.54484793281E-05  2.67411342719E-05    1.41232   1.05079
     3  1.000         3   3.000       4.000      6157.          1.91653328012E-05  2.57258617794E-05  2.60575065310E-05    1.34231   1.01289
     4  1.000         4   4.000       5.000      5713.          2.04231175420E-05  2.63766052181E-05  2.61725951277E-05    1.29151   0.99227
     5  1.000         5   5.000       6.000      5345.          2.16116764046E-05  2.70048721888E-05  2.69029377917E-05    1.24955   0.99623
     6  1.000         6   6.000       7.000      5030.          2.26488981001E-05  2.79590413021E-05  2.70625014921E-05    1.23445   0.96793
     7  1.000         7   7.000       8.000      4767.          2.35908283342E-05  2.89454017453E-05  2.79339371639E-05    1.22698   0.96506
     8  1.000         8   8.000       9.000      4543.          2.44025490498E-05  2.83358525997E-05  2.77471259522E-05    1.16118   0.97922
     9  1.000         9   9.000       10.00      4345.          2.52344730073E-05  2.92078549101E-05  2.73370521843E-05    1.15746   0.93595
    10  2.000        10   10.00       12.00      4092.          2.62122948657E-05  2.95487549676E-05  2.73125798732E-05    1.12729   0.92432
    11  2.000        11   12.00       14.00      3812.          2.75028916643E-05  3.03143963671E-05  2.75699677935E-05    1.10223   0.90947
    12  2.000        12   14.00       16.00      3583.          2.84891194371E-05  3.08995631948E-05  2.71840515070E-05    1.08461   0.87976
 #=================================================================================================================================================================
 # My Cross Sections
 # The scale factors xmur, xmuf chosen here are:      0.500,      1.000
 #-----------------------------------------------------------------------------------------------------------------------------------------------------------------
 #IObs  BinSize  IODimO  [ Chi               ]  < ptavg_j12_ >  LO_cross_section   NLO_cross_section  NNLO_cross_section   KNLO      KNNLO
 #-----------------------------------------------------------------------------------------------------------------------------------------------------------------
     1  1.000         1   1.000       2.000      1811.          3.03027795708E-05  3.30217943617E-05  3.07033986985E-05    1.08973   0.92979
     2  1.000         2   2.000       3.000      1673.          2.84537384384E-05  2.81712670576E-05  2.49776205301E-05    0.99007   0.88663
     3  1.000         3   3.000       4.000      1539.          3.03627383467E-05  2.75269492463E-05  2.40401832252E-05    0.90660   0.87333
     4  1.000         4   4.000       5.000      1428.          3.24584524022E-05  2.74278615236E-05  2.37026959902E-05    0.84501   0.86418
     5  1.000         5   5.000       6.000      1336.          3.44479168841E-05  2.73957753738E-05  2.37930221178E-05    0.79528   0.86849
     6  1.000         6   6.000       7.000      1256.          3.61975488794E-05  2.81074428863E-05  2.35822630331E-05    0.77650   0.83900
     7  1.000         7   7.000       8.000      1191.          3.77940622150E-05  2.89052183231E-05  2.57056327861E-05    0.76481   0.88931
     8  1.000         8   8.000       9.000      1135.          3.91826857767E-05  2.68331088669E-05  2.37182736433E-05    0.68482   0.88392
     9  1.000         9   9.000       10.00      1086.          4.06043755296E-05  2.77174326947E-05  2.22046189662E-05    0.68262   0.80111
    10  2.000        10   10.00       12.00      1022.          4.23006939735E-05  2.71360345474E-05  2.24764172551E-05    0.64150   0.82829
    11  2.000        11   12.00       14.00      951.8          4.45377282403E-05  2.72304399960E-05  2.36768868670E-05    0.61140   0.86950
    12  2.000        12   14.00       16.00      894.4          4.62797720205E-05  2.71512408049E-05  2.14554824885E-05    0.58668   0.79022
 #=================================================================================================================================================================
 # My Cross Sections
 # The scale factors xmur, xmuf chosen here are:      1.000,      0.500
 #-----------------------------------------------------------------------------------------------------------------------------------------------------------------
 #IObs  BinSize  IODimO  [ Chi               ]  < ptavg_j12_ >  LO_cross_section   NLO_cross_section  NNLO_cross_section   KNLO      KNNLO
 #-----------------------------------------------------------------------------------------------------------------------------------------------------------------
     1  1.000         1   1.000       2.000      3623.          3.23200340616E-05  3.30008727081E-05  3.07630823934E-05    1.02107   0.93219
     2  1.000         2   2.000       3.000      3345.          3.03323193840E-05  2.82022463232E-05  2.52900944981E-05    0.92978   0.89674
     3  1.000         3   3.000       4.000      3079.          3.23652963105E-05  2.75992696908E-05  2.44038486978E-05    0.85274   0.88422
     4  1.000         4   4.000       5.000      2856.          3.46041731369E-05  2.75334934750E-05  2.40842601339E-05    0.79567   0.87473
     5  1.000         5   5.000       6.000      2672.          3.67335478936E-05  2.75471522322E-05  2.44210471111E-05    0.74992   0.88652
     6  1.000         6   6.000       7.000      2512.          3.86102609223E-05  2.82696804034E-05  2.42047022844E-05    0.73218   0.85621
     7  1.000         7   7.000       8.000      2381.          4.03244389939E-05  2.90900165011E-05  2.61323926256E-05    0.72140   0.89833
     8  1.000         8   8.000       9.000      2270.          4.18183887435E-05  2.70745277287E-05  2.45597385451E-05    0.64743   0.90712
     9  1.000         9   9.000       10.00      2171.          4.33484788114E-05  2.79729937813E-05  2.32046671990E-05    0.64531   0.82954
    10  2.000        10   10.00       12.00      2044.          4.51770305972E-05  2.73933702350E-05  2.33268703236E-05    0.60636   0.85155
    11  2.000        11   12.00       14.00      1903.          4.75868208359E-05  2.75388165816E-05  2.41772552988E-05    0.57871   0.87793
    12  2.000        12   14.00       16.00      1788.          4.94697728570E-05  2.74855029744E-05  2.24069974448E-05    0.55560   0.81523
 #=================================================================================================================================================================
 # My Cross Sections
 # The scale factors xmur, xmuf chosen here are:      1.000,      2.000
 #-----------------------------------------------------------------------------------------------------------------------------------------------------------------
 #IObs  BinSize  IODimO  [ Chi               ]  < ptavg_j12_ >  LO_cross_section   NLO_cross_section  NNLO_cross_section   KNLO      KNNLO
 #-----------------------------------------------------------------------------------------------------------------------------------------------------------------
     1  1.000         1   1.000       2.000      3622.          2.18769061512E-05  3.07031253405E-05  3.16769005278E-05    1.40345   1.03172
     2  1.000         2   2.000       3.000      3345.          2.05074733496E-05  2.68715437567E-05  2.65390075450E-05    1.31033   0.98762
     3  1.000         3   3.000       4.000      3078.          2.18350728770E-05  2.69556595465E-05  2.56975665574E-05    1.23451   0.95333
     4  1.000         4   4.000       5.000      2856.          2.32905950342E-05  2.74660636795E-05  2.56536975281E-05    1.17928   0.93401
     5  1.000         5   5.000       6.000      2672.          2.46673278228E-05  2.79704437199E-05  2.61766134397E-05    1.13391   0.93587
     6  1.000         6   6.000       7.000      2515.          2.58710951339E-05  2.89119086389E-05  2.61944671085E-05    1.11754   0.90601
     7  1.000         7   7.000       8.000      2383.          2.69656874844E-05  2.98959706561E-05  2.73464100903E-05    1.10867   0.91472
     8  1.000         8   8.000       9.000      2271.          2.79113138279E-05  2.89417869788E-05  2.66485549737E-05    1.03692   0.92076
     9  1.000         9   9.000       10.00      2172.          2.88800252075E-05  2.98538604242E-05  2.59332676731E-05    1.03372   0.86867
    10  2.000        10   10.00       12.00      2046.          3.00237275102E-05  3.00183983099E-05  2.59010976473E-05    0.99982   0.86284
    11  2.000        11   12.00       14.00      1905.          3.15330615225E-05  3.06717223073E-05  2.63606841950E-05    0.97268   0.85945
    12  2.000        12   14.00       16.00      1791.          3.26924588822E-05  3.11447667785E-05  2.54017439484E-05    0.95266   0.81560
 #=================================================================================================================================================================
 # My Cross Sections
 # The scale factors xmur, xmuf chosen here are:      2.000,      1.000
 #-----------------------------------------------------------------------------------------------------------------------------------------------------------------
 #IObs  BinSize  IODimO  [ Chi               ]  < ptavg_j12_ >  LO_cross_section   NLO_cross_section  NNLO_cross_section   KNLO      KNNLO
 #-----------------------------------------------------------------------------------------------------------------------------------------------------------------
     1  1.000         1   1.000       2.000      7244.          2.32284492458E-05  3.06664472854E-05  3.13811604547E-05    1.32021   1.02331
     2  1.000         2   2.000       3.000      6690.          2.17646211367E-05  2.68609096503E-05  2.64647285008E-05    1.23415   0.98525
     3  1.000         3   3.000       4.000      6158.          2.31730055524E-05  2.69639856523E-05  2.57012731443E-05    1.16359   0.95317
     4  1.000         4   4.000       5.000      5713.          2.47218913073E-05  2.74900250941E-05  2.56898591141E-05    1.11197   0.93452
     5  1.000         5   5.000       6.000      5345.          2.61888901042E-05  2.80196697980E-05  2.63611129655E-05    1.06991   0.94081
     6  1.000         6   6.000       7.000      5029.          2.74731800976E-05  2.89631417150E-05  2.63971062055E-05    1.05423   0.91140
     7  1.000         7   7.000       8.000      4766.          2.86413866232E-05  2.99559327664E-05  2.74662206213E-05    1.04590   0.91689
     8  1.000         8   8.000       9.000      4543.          2.96521896210E-05  2.90329546717E-05  2.70064089676E-05    0.97912   0.93020
     9  1.000         9   9.000       10.00      4345.          3.06881014388E-05  2.99499105288E-05  2.63739252487E-05    0.97595   0.88060
    10  2.000        10   10.00       12.00      4092.          3.19134198323E-05  3.01100011814E-05  2.63019769857E-05    0.94349   0.87353
    11  2.000        11   12.00       14.00      3811.          3.35303394330E-05  3.07902483592E-05  2.65941766219E-05    0.91828   0.86372
    12  2.000        12   14.00       16.00      3582.          3.47770286925E-05  3.12745971292E-05  2.59134350350E-05    0.89929   0.82858
