 ##################################################################################
 # INFO.    [fnlo-tk-cppread] Program to read fastNLO tables and derive
 # INFO.    [fnlo-tk-cppread] QCD cross sections using PDFs e.g. from LHAPDF
 #---------------------------------------------------------------------------------
 # INFO.    [fnlo-tk-cppread] For more explanations type:
 # INFO.    [fnlo-tk-cppread] ./fnlo-tk-cppread -h
 # INFO.    [fnlo-tk-cppread] For version number printout type:
 # INFO.    [fnlo-tk-cppread] ./fnlo-tk-cppread -v
 ##################################################################################

 ##################################################################################
 # [fnlo-tk-cppread] fastNLO Cross-Section Calculator
 #---------------------------------------------------------------------------------
 # [fnlo-tk-cppread] Evaluating table: 2jet.NNLO.fnl5662j_mjj5_chi.tab.gz
 # [fnlo-tk-cppread] Using PDF set   : CT14nnlo
 # [fnlo-tk-cppread] If possible, will try to do 7 scale factor variations.
 # [fnlo-tk-cppread] Using alpha_s evolution code: LHAPDF
 # [fnlo-tk-cppread] Preparing unnormalized cross sections,
 # [fnlo-tk-cppread] Using scale definition scale2
 # [fnlo-tk-cppread] No request given for no. of flavours,
 #             using default value for LHAPDF or Nf = 5.
 # [fnlo-tk-cppread] No request given for no. of loops,
 #             using default value for LHAPDF or NLoop = 2.
 # [fnlo-tk-cppread] No request given for value of alpha_s(M_Z),
 #             using default value for LHAPDF or asMz = 0.1181.
 # [fnlo-tk-cppread] No request given for value of M_Z,
 #             using default value for LHAPDF or Mz = 91.1876.
 ##################################################################################

 ##################################################################################
 #
 # [0;31mfast[0;34mNLO[0m_toolkit
 # Version 2.3.1_2657-32-g0bd1223
 #
 # C++ program and toolkit to read and create fastNLO v2 tables and
 # derive QCD cross sections using PDFs, e.g. from LHAPDF
 #
 #---------------------------------------------------------------------------------
 #
 # Copyright © 2005-2019 [0;31mfast[0;34mNLO[0m Collaboration
 # D. Britzger, T. Kluge, K. Rabbertz, F. Stober, G. Sieber, M. Wobisch
 #
 # This program is free software: you can redistribute it and/or modify
 # it under the terms of the GNU General Public License as published by
 # the Free Software Foundation, either version 3 of the License, or
 # (at your option) any later version.
 #
 # This program is distributed in the hope that it will be useful,
 # but WITHOUT ANY WARRANTY; without even the implied warranty of
 # MERCHANTABILITY or FITNESS FOR A PARTICULAR PURPOSE. See the
 # GNU General Public License for more details.
 #
 # You should have received a copy of the GNU General Public License
 # along with this program. If not, see <http://www.gnu.org/licenses/>.
 #
 #---------------------------------------------------------------------------------
 #
 # The projects web page can be found at:
 #   http://projects.hepforge.org/fastnlo
 #
 # If you use this code, please cite:
 #   T. Kluge, K. Rabbertz, M. Wobisch, hep-ph/0609285
 #   D. Britzger, T. Kluge, K. Rabbertz, F. Stober, M. Wobisch, arXiv:1109.1310
 #
 ##################################################################################

 ##################################################################################
 # Overview on contribution types and numbers contained in table: 2jet.NNLO.fnl5662j_mjj5_chi.tab.gz
 #---------------------------------------------------------------------------------
 # Total number of contributions:  3
 #   No.: 1, type: Fixed order calculation       , Id: 0, order: LO                  , by: NNLOJET_rev_5088
 #   No.: 2, type: Fixed order calculation       , Id: 1, order: NLO                 , by: NNLOJET_rev_5088
 #   No.: 3, type: Fixed order calculation       , Id: 2, order: NNLO                , by: NNLOJET_rev_5088
 ##################################################################################

 ##################################################################################
 # Information on table header
 #---------------------------------------------------------------------------------
 #===================== fastNLO Table: Header ====================
 # Table version (Itabversion)         23600
 # Scenario name (ScenName)            fnl5662j
 # Theory contributions (Ncontrib)     3
 # Data contribution 0/1 (Ndata)       0
 ##################################################################################

 ##################################################################################
 # Information on fastNLO scenario: fnl5662j
 #---------------------------------------------------------------------------------
 #===================== fastNLO Table: Scenario ====================
 # Scenario description (ScDescript)
 #   0	d2sigma-dijet_dChi_dMjj_[pb_GeV]
 #   1	CMS_Collaboration
 #   2	Dijet_Chi
 #   3	anti-kT_R=0.4
 #   4	THEORY_LABEL=NNLOJET
 #   5	provided by:
 #   6	fastNLO_2.3.1
 #   7	If you use this table, please cite:
 #   8	  D. Britzger, T. Kluge, K. Rabbertz, F. Stober, M. Wobisch, arXiv:1109.1310
 #
 # Publ. x section (10^-Ipublunits b)  12
 # Centre-of-mass energy (Ecms/GeV)    13000
 # Power in a_s of LO process (ILOord) 2
 # No. of observable bins (NObsBin)    12
 # Dim. of observable binning (NDim)   1
 #
 # Dimension labels (DimLabel)
 #   0	Chi
 # Differential dimension (IDiffBin)
 #   0	2
 #
 # Total no. of contributions (theory + optional data) in this table: 3
 ##################################################################################

 ##################################################################################
 # Information on table contribution no. 0: LO
 #---------------------------------------------------------------------------------
 #===================== fastNLO Table: CoeffBase ====================
 # Contribution description (CtrbDescript)
 #   0	LO
 # Code description (CodeDescript)
 #   0	NNLOJET_rev_5088
 #   1	Example for single jet inclusive production.
 #   2	Please adapt to selected process: 2jet
 #   3	Please cite:
 #   4	Currie, J.; Glover, E.W.N. & Pires, J., Phys. Rev. Lett., 2017, 118, 072002 [arXiv:1611.01460]
 #   5	2jet
 #   6	PC: Please check and modify NNLOJET references according to selected process.
 #===================== fastNLO Table: CoeffAddBase ====================
 # No. of events (Nevt)                0.000000
 # Weight of table [=Nevt] (fWgtNevt)  0.000000
 # Number of tables merged together    100
 # No. of filled events (WgtNumEv)     23858956917
 # Sum of weights squared (WgtSumW2)   19545567000000.000000
 # Sum of sigma squared (SigSumW2)     12.085843
 # Sum of sigma (SigSum)               53720.209000
 # Sigma / Nevt (SigSum/WgtNevt)       51979041071700712927550941329598249690753662976.000000
 # Abs. order in a_s (Npow)            2
 # No. of hadrons involved (NPDF)      2
 # Type(s) of hadrons (NPDFPDG)
 #   0	2212
 #   1	2212
 # PDF storage format (NPDFDim)        2
 #   --> x-interpolation storage format: Full-Matrix
 # Observable bin no. 1
 #   No. of X1 nodes (XNode1[i].size())          20
 # Observable bin no. 12
 #   No. of X1 nodes (XNode1[i].size())          20
 # No. of scales involved (NScales)    1
 # Scale descriptions (ScaleDescript)
 #   0	ptavg_j12_[GeV]
 #   1	m12_[GeV]
 # No. of subprocess contributions     13
 #ISub  Processes
 #   0: (0,0), 
 #   1: (1,0), (2,0), (3,0), (4,0), (5,0), 
 #   2: (1,-1), (2,-2), (3,-3), (4,-4), (5,-5), 
 #   3: (0,1), (0,2), (0,3), (0,4), (0,5), 
 #   4: (-1,1), (-2,2), (-3,3), (-4,4), (-5,5), 
 #   5: (0,-1), (0,-2), (0,-3), (0,-4), (0,-5), 
 #   6: (-1,0), (-2,0), (-3,0), (-4,0), (-5,0), 
 #   7: (1,-1), (1,-2), (1,-3), (1,-4), (1,-5), (2,-1), (2,-2), (2,-3), (2,-4), (2,-5), (3,-1), (3,-2), (3,-3), (3,-4), (3,-5), (4,-1), (4,-2), (4,-3), (4,-4), (4,-5), (5,-1), (5,-2), (5,-3), (5,-4), (5,-5), 
 #   8: (1,1), (1,2), (1,3), (1,4), (1,5), (2,1), (2,2), (2,3), (2,4), (2,5), (3,1), (3,2), (3,3), (3,4), (3,5), (4,1), (4,2), (4,3), (4,4), (4,5), (5,1), (5,2), (5,3), (5,4), (5,5), 
 #   9: (-1,-1), (-1,-2), (-1,-3), (-1,-4), (-1,-5), (-2,-1), (-2,-2), (-2,-3), (-2,-4), (-2,-5), (-3,-1), (-3,-2), (-3,-3), (-3,-4), (-3,-5), (-4,-1), (-4,-2), (-4,-3), (-4,-4), (-4,-5), (-5,-1), (-5,-2), (-5,-3), (-5,-4), (-5,-5), 
 #  10: (-1,1), (-1,2), (-1,3), (-1,4), (-1,5), (-2,1), (-2,2), (-2,3), (-2,4), (-2,5), (-3,1), (-3,2), (-3,3), (-3,4), (-3,5), (-4,1), (-4,2), (-4,3), (-4,4), (-4,5), (-5,1), (-5,2), (-5,3), (-5,4), (-5,5), 
 #  11: (1,1), (2,2), (3,3), (4,4), (5,5), 
 #  12: (-1,-1), (-2,-2), (-3,-3), (-4,-4), (-5,-5), 
 #===================== fastNLO Table: CoeffAddFlex ====================
 # No. of scale1 nodes (Nscalenode1)   6
 # No. of scale2 nodes (Nscalenode2)   6
 ##################################################################################

 ##################################################################################
 # Information on table contribution no. 1: NLO
 #---------------------------------------------------------------------------------
 #===================== fastNLO Table: CoeffBase ====================
 # Contribution description (CtrbDescript)
 #   0	NLO
 # Code description (CodeDescript)
 #   0	NNLOJET_rev_5088
 #   1	Example for single jet inclusive production.
 #   2	Please adapt to selected process: 2jet
 #   3	Please cite:
 #   4	Currie, J.; Glover, E.W.N. & Pires, J., Phys. Rev. Lett., 2017, 118, 072002 [arXiv:1611.01460]
 #   5	2jet
 #   6	PC: Please check and modify NNLOJET references according to selected process.
 #===================== fastNLO Table: CoeffAddBase ====================
 # No. of events (Nevt)                1.000000
 # Weight of table [=Nevt] (fWgtNevt)  1.000000
 # Number of tables merged together    200
 # No. of filled events (WgtNumEv)     78736398328
 # Sum of weights squared (WgtSumW2)   78643368999999993540509696.000000
 # Sum of sigma squared (SigSumW2)     59543552000.000000
 # Sum of sigma (SigSum)               6410.022000
 # Sigma / Nevt (SigSum/WgtNevt)       6410.022000
 # Abs. order in a_s (Npow)            3
 # No. of hadrons involved (NPDF)      2
 # Type(s) of hadrons (NPDFPDG)
 #   0	2212
 #   1	2212
 # PDF storage format (NPDFDim)        2
 #   --> x-interpolation storage format: Full-Matrix
 # Observable bin no. 1
 #   No. of X1 nodes (XNode1[i].size())          20
 # Observable bin no. 12
 #   No. of X1 nodes (XNode1[i].size())          20
 # No. of scales involved (NScales)    1
 # Scale descriptions (ScaleDescript)
 #   0	ptavg_j12_[GeV]
 #   1	m12_[GeV]
 # No. of subprocess contributions     13
 #ISub  Processes
 #   0: (0,0), 
 #   1: (1,0), (2,0), (3,0), (4,0), (5,0), 
 #   2: (1,-1), (2,-2), (3,-3), (4,-4), (5,-5), 
 #   3: (0,1), (0,2), (0,3), (0,4), (0,5), 
 #   4: (-1,1), (-2,2), (-3,3), (-4,4), (-5,5), 
 #   5: (0,-1), (0,-2), (0,-3), (0,-4), (0,-5), 
 #   6: (-1,0), (-2,0), (-3,0), (-4,0), (-5,0), 
 #   7: (1,1), (1,2), (1,3), (1,4), (1,5), (2,1), (2,2), (2,3), (2,4), (2,5), (3,1), (3,2), (3,3), (3,4), (3,5), (4,1), (4,2), (4,3), (4,4), (4,5), (5,1), (5,2), (5,3), (5,4), (5,5), 
 #   8: (1,-1), (1,-2), (1,-3), (1,-4), (1,-5), (2,-1), (2,-2), (2,-3), (2,-4), (2,-5), (3,-1), (3,-2), (3,-3), (3,-4), (3,-5), (4,-1), (4,-2), (4,-3), (4,-4), (4,-5), (5,-1), (5,-2), (5,-3), (5,-4), (5,-5), 
 #   9: (-1,1), (-1,2), (-1,3), (-1,4), (-1,5), (-2,1), (-2,2), (-2,3), (-2,4), (-2,5), (-3,1), (-3,2), (-3,3), (-3,4), (-3,5), (-4,1), (-4,2), (-4,3), (-4,4), (-4,5), (-5,1), (-5,2), (-5,3), (-5,4), (-5,5), 
 #  10: (-1,-1), (-1,-2), (-1,-3), (-1,-4), (-1,-5), (-2,-1), (-2,-2), (-2,-3), (-2,-4), (-2,-5), (-3,-1), (-3,-2), (-3,-3), (-3,-4), (-3,-5), (-4,-1), (-4,-2), (-4,-3), (-4,-4), (-4,-5), (-5,-1), (-5,-2), (-5,-3), (-5,-4), (-5,-5), 
 #  11: (1,1), (2,2), (3,3), (4,4), (5,5), 
 #  12: (-1,-1), (-2,-2), (-3,-3), (-4,-4), (-5,-5), 
 #===================== fastNLO Table: CoeffAddFlex ====================
 # No. of scale1 nodes (Nscalenode1)   6
 # No. of scale2 nodes (Nscalenode2)   6
 ##################################################################################

 ##################################################################################
 # Information on table contribution no. 2: NNLO
 #---------------------------------------------------------------------------------
 #===================== fastNLO Table: CoeffBase ====================
 # Contribution description (CtrbDescript)
 #   0	NNLO
 # Code description (CodeDescript)
 #   0	NNLOJET_rev_5088
 #   1	Example for single jet inclusive production.
 #   2	Please adapt to selected process: 2jet
 #   3	Please cite:
 #   4	Currie, J.; Glover, E.W.N. & Pires, J., Phys. Rev. Lett., 2017, 118, 072002 [arXiv:1611.01460]
 #   5	2jet
 #   6	PC: Please check and modify NNLOJET references according to selected process.
 #===================== fastNLO Table: CoeffAddBase ====================
 # No. of events (Nevt)                1.000000
 # Weight of table [=Nevt] (fWgtNevt)  1.000000
 # Number of tables merged together    396
 # No. of filled events (WgtNumEv)     54358682864
 # Sum of weights squared (WgtSumW2)   352328630000000011328356515577856.000000
 # Sum of sigma squared (SigSumW2)     109289160000000.000000
 # Sum of sigma (SigSum)               10153.500000
 # Sigma / Nevt (SigSum/WgtNevt)       10153.500000
 # Abs. order in a_s (Npow)            4
 # No. of hadrons involved (NPDF)      2
 # Type(s) of hadrons (NPDFPDG)
 #   0	2212
 #   1	2212
 # PDF storage format (NPDFDim)        2
 #   --> x-interpolation storage format: Full-Matrix
 # Observable bin no. 1
 #   No. of X1 nodes (XNode1[i].size())          20
 # Observable bin no. 12
 #   No. of X1 nodes (XNode1[i].size())          20
 # No. of scales involved (NScales)    1
 # Scale descriptions (ScaleDescript)
 #   0	ptavg_j12_[GeV]
 #   1	m12_[GeV]
 # No. of subprocess contributions     13
 #ISub  Processes
 #   0: (0,0), 
 #   1: (1,0), (2,0), (3,0), (4,0), (5,0), 
 #   2: (1,-1), (2,-2), (3,-3), (4,-4), (5,-5), 
 #   3: (0,1), (0,2), (0,3), (0,4), (0,5), 
 #   4: (-1,1), (-2,2), (-3,3), (-4,4), (-5,5), 
 #   5: (0,-1), (0,-2), (0,-3), (0,-4), (0,-5), 
 #   6: (-1,0), (-2,0), (-3,0), (-4,0), (-5,0), 
 #   7: (1,1), (1,2), (1,3), (1,4), (1,5), (2,1), (2,2), (2,3), (2,4), (2,5), (3,1), (3,2), (3,3), (3,4), (3,5), (4,1), (4,2), (4,3), (4,4), (4,5), (5,1), (5,2), (5,3), (5,4), (5,5), 
 #   8: (1,-1), (1,-2), (1,-3), (1,-4), (1,-5), (2,-1), (2,-2), (2,-3), (2,-4), (2,-5), (3,-1), (3,-2), (3,-3), (3,-4), (3,-5), (4,-1), (4,-2), (4,-3), (4,-4), (4,-5), (5,-1), (5,-2), (5,-3), (5,-4), (5,-5), 
 #   9: (-1,1), (-1,2), (-1,3), (-1,4), (-1,5), (-2,1), (-2,2), (-2,3), (-2,4), (-2,5), (-3,1), (-3,2), (-3,3), (-3,4), (-3,5), (-4,1), (-4,2), (-4,3), (-4,4), (-4,5), (-5,1), (-5,2), (-5,3), (-5,4), (-5,5), 
 #  10: (-1,-1), (-1,-2), (-1,-3), (-1,-4), (-1,-5), (-2,-1), (-2,-2), (-2,-3), (-2,-4), (-2,-5), (-3,-1), (-3,-2), (-3,-3), (-3,-4), (-3,-5), (-4,-1), (-4,-2), (-4,-3), (-4,-4), (-4,-5), (-5,-1), (-5,-2), (-5,-3), (-5,-4), (-5,-5), 
 #  11: (1,1), (2,2), (3,3), (4,4), (5,5), 
 #  12: (-1,-1), (-2,-2), (-3,-3), (-4,-4), (-5,-5), 
 #===================== fastNLO Table: CoeffAddFlex ====================
 # No. of scale1 nodes (Nscalenode1)   6
 # No. of scale2 nodes (Nscalenode2)   6
 ##################################################################################
LHAPDF 6.2.1 loading /home/rabbertz/local.lx25/share/LHAPDF/CT14nnlo/CT14nnlo_0000.dat
CT14nnlo PDF set, member #0, version 1; LHAPDF ID = 13000
LHAPDF 6.2.1 loading /home/rabbertz/local.lx25/share/LHAPDF/CT14nnlo/CT14nnlo_0000.dat
CT14nnlo PDF set, member #0, version 1; LHAPDF ID = 13000

 ##################################################################################################################################################################
 # [fnlo-tk-cppread] Calculate my cross sections
 ##################################################################################################################################################################
 #=================================================================================================================================================================
 # My Cross Sections
 # The scale factors xmur, xmuf chosen here are:      1.000,      1.000
 #-----------------------------------------------------------------------------------------------------------------------------------------------------------------
 #IObs  BinSize  IODimO  [ Chi               ]  < ptavg_j12_ >  LO_cross_section   NLO_cross_section  NNLO_cross_section   KNLO      KNNLO
 #-----------------------------------------------------------------------------------------------------------------------------------------------------------------
     1  1.000         1   1.000       2.000      3832.          3.13755236509E-02  4.11678717630E-02  4.06121245267E-02    1.31210   0.98650
     2  1.000         2   2.000       3.000      3833.          2.68464890134E-02  3.49467194194E-02  3.57955388051E-02    1.30172   1.02429
     3  1.000         3   3.000       4.000      3832.          2.66600889838E-02  3.46675598515E-02  3.45870723742E-02    1.30035   0.99768
     4  1.000         4   4.000       5.000      3832.          2.69941476106E-02  3.52273569400E-02  3.46693213747E-02    1.30500   0.98416
     5  1.000         5   5.000       6.000      3833.          2.73664821013E-02  3.56557999637E-02  3.66063824611E-02    1.30290   1.02666
     6  1.000         6   6.000       7.000      3833.          2.77124928004E-02  3.60906166166E-02  3.48044665763E-02    1.30232   0.96436
     7  1.000         7   7.000       8.000      3832.          2.80160914649E-02  3.69671167851E-02  3.64086683348E-02    1.31950   0.98489
     8  1.000         8   8.000       9.000      3833.          2.82626323737E-02  3.71383891831E-02  3.86709097668E-02    1.31405   1.04127
     9  1.000         9   9.000       10.00      3831.          2.84576828817E-02  3.76987690624E-02  4.03746956502E-02    1.32473   1.07098
    10  2.000        10   10.00       12.00      3833.          2.87504040763E-02  3.80127606754E-02  3.95453765801E-02    1.32216   1.04032
    11  2.000        11   12.00       14.00      3832.          2.90346577544E-02  3.91270498737E-02  4.17450458821E-02    1.34760   1.06691
    12  2.000        12   14.00       16.00      3833.          2.92629438961E-02  3.94846490494E-02  3.99156416300E-02    1.34931   1.01092
 #=================================================================================================================================================================
 # My Cross Sections
 # The scale factors xmur, xmuf chosen here are:      0.500,      0.500
 #-----------------------------------------------------------------------------------------------------------------------------------------------------------------
 #IObs  BinSize  IODimO  [ Chi               ]  < ptavg_j12_ >  LO_cross_section   NLO_cross_section  NNLO_cross_section   KNLO      KNNLO
 #-----------------------------------------------------------------------------------------------------------------------------------------------------------------
     1  1.000         1   1.000       2.000      1916.          4.13733421737E-02  4.35505593836E-02  3.94512440052E-02    1.05262   0.90587
     2  1.000         2   2.000       3.000      1917.          3.53463557816E-02  3.69094741660E-02  3.53812660706E-02    1.04422   0.95860
     3  1.000         3   3.000       4.000      1916.          3.50683127324E-02  3.66244526101E-02  3.38392398275E-02    1.04437   0.92395
     4  1.000         4   4.000       5.000      1916.          3.54888524249E-02  3.72790169250E-02  3.36528343750E-02    1.05044   0.90273
     5  1.000         5   5.000       6.000      1916.          3.59665123352E-02  3.77244694911E-02  3.62954235729E-02    1.04888   0.96212
     6  1.000         6   6.000       7.000      1917.          3.64133138141E-02  3.81855248980E-02  3.31752316595E-02    1.04867   0.86879
     7  1.000         7   7.000       8.000      1916.          3.68062887211E-02  3.93022028679E-02  3.51627832106E-02    1.06781   0.89468
     8  1.000         8   8.000       9.000      1916.          3.71259437693E-02  3.94395158042E-02  3.80663496091E-02    1.06232   0.96518
     9  1.000         9   9.000       10.00      1915.          3.73785817590E-02  4.01253333330E-02  4.00850936257E-02    1.07348   0.99900
    10  2.000        10   10.00       12.00      1917.          3.77591446919E-02  4.04621716244E-02  4.01246061393E-02    1.07159   0.99166
    11  2.000        11   12.00       14.00      1916.          3.81288053920E-02  4.19061044303E-02  4.12211931370E-02    1.09907   0.98366
    12  2.000        12   14.00       16.00      1917.          3.84257853065E-02  4.23070039537E-02  3.92014677535E-02    1.10101   0.92660
 #=================================================================================================================================================================
 # My Cross Sections
 # The scale factors xmur, xmuf chosen here are:      2.000,      2.000
 #-----------------------------------------------------------------------------------------------------------------------------------------------------------------
 #IObs  BinSize  IODimO  [ Chi               ]  < ptavg_j12_ >  LO_cross_section   NLO_cross_section  NNLO_cross_section   KNLO      KNNLO
 #-----------------------------------------------------------------------------------------------------------------------------------------------------------------
     1  1.000         1   1.000       2.000      7664.          2.42379124823E-02  3.72917346320E-02  4.04694228794E-02    1.53857   1.08521
     2  1.000         2   2.000       3.000      7665.          2.07683949182E-02  3.17055151374E-02  3.52767664966E-02    1.52662   1.11264
     3  1.000         3   3.000       4.000      7664.          2.06416092752E-02  3.14584121055E-02  3.42837057111E-02    1.52403   1.08981
     4  1.000         4   4.000       5.000      7664.          2.09103367133E-02  3.19406831771E-02  3.44992780656E-02    1.52751   1.08010
     5  1.000         5   5.000       6.000      7665.          2.12050851199E-02  3.23374935984E-02  3.59631975746E-02    1.52499   1.11212
     6  1.000         6   6.000       7.000      7666.          2.14774404316E-02  3.27341337810E-02  3.49401985544E-02    1.52412   1.06739
     7  1.000         7   7.000       8.000      7664.          2.17159129357E-02  3.34336786191E-02  3.62476604293E-02    1.53959   1.08417
     8  1.000         8   8.000       9.000      7665.          2.19092843575E-02  3.36134902163E-02  3.80278524398E-02    1.53421   1.13133
     9  1.000         9   9.000       10.00      7662.          2.20624120075E-02  3.40749328538E-02  3.94739138833E-02    1.54448   1.15844
    10  2.000        10   10.00       12.00      7665.          2.22914422599E-02  3.43589686011E-02  3.83450578526E-02    1.54135   1.11601
    11  2.000        11   12.00       14.00      7664.          2.25137960824E-02  3.52344447139E-02  4.08628390231E-02    1.56502   1.15974
    12  2.000        12   14.00       16.00      7666.          2.26923257115E-02  3.55483137556E-02  3.92835843853E-02    1.56653   1.10508
 #=================================================================================================================================================================
 # My Cross Sections
 # The scale factors xmur, xmuf chosen here are:      0.500,      1.000
 #-----------------------------------------------------------------------------------------------------------------------------------------------------------------
 #IObs  BinSize  IODimO  [ Chi               ]  < ptavg_j12_ >  LO_cross_section   NLO_cross_section  NNLO_cross_section   KNLO      KNNLO
 #-----------------------------------------------------------------------------------------------------------------------------------------------------------------
     1  1.000         1   1.000       2.000      1916.          3.59728342785E-02  4.30633048091E-02  4.00668927644E-02    1.19711   0.93042
     2  1.000         2   2.000       3.000      1916.          3.07801267652E-02  3.65047281424E-02  3.56790960473E-02    1.18598   0.97738
     3  1.000         3   3.000       4.000      1916.          3.05663796095E-02  3.62047087287E-02  3.42521619134E-02    1.18446   0.94607
     4  1.000         4   4.000       5.000      1916.          3.09493686815E-02  3.68122728512E-02  3.42097173970E-02    1.18944   0.92930
     5  1.000         5   5.000       6.000      1916.          3.13762441263E-02  3.72478716595E-02  3.65569876771E-02    1.18714   0.98145
     6  1.000         6   6.000       7.000      1917.          3.17729376879E-02  3.76981520400E-02  3.39311873705E-02    1.18649   0.90008
     7  1.000         7   7.000       8.000      1916.          3.21210189322E-02  3.87080500838E-02  3.58947309810E-02    1.20507   0.92732
     8  1.000         8   8.000       9.000      1916.          3.24036735196E-02  3.88606944983E-02  3.85426413343E-02    1.19927   0.99182
     9  1.000         9   9.000       10.00      1915.          3.26273027572E-02  3.94953640582E-02  4.03243544343E-02    1.21050   1.02099
    10  2.000        10   10.00       12.00      1917.          3.29629151103E-02  3.98189918234E-02  3.99653322053E-02    1.20799   1.00368
    11  2.000        11   12.00       14.00      1916.          3.32888091550E-02  4.11152277724E-02  4.16390891140E-02    1.23511   1.01274
    12  2.000        12   14.00       16.00      1917.          3.35505403738E-02  4.15015743932E-02  3.97871515074E-02    1.23699   0.95869
 #=================================================================================================================================================================
 # My Cross Sections
 # The scale factors xmur, xmuf chosen here are:      1.000,      0.500
 #-----------------------------------------------------------------------------------------------------------------------------------------------------------------
 #IObs  BinSize  IODimO  [ Chi               ]  < ptavg_j12_ >  LO_cross_section   NLO_cross_section  NNLO_cross_section   KNLO      KNNLO
 #-----------------------------------------------------------------------------------------------------------------------------------------------------------------
     1  1.000         1   1.000       2.000      3833.          3.60859000906E-02  4.24790195864E-02  4.02743457199E-02    1.17716   0.94810
     2  1.000         2   2.000       3.000      3833.          3.08292064096E-02  3.60494687482E-02  3.57030319499E-02    1.16933   0.99039
     3  1.000         3   3.000       4.000      3832.          3.05867314512E-02  3.57718465527E-02  3.44108442274E-02    1.16952   0.96195
     4  1.000         4   4.000       5.000      3832.          3.09535444197E-02  3.63762228505E-02  3.43929675819E-02    1.17519   0.94548
     5  1.000         5   5.000       6.000      3833.          3.13701757038E-02  3.68215082516E-02  3.65717886937E-02    1.17377   0.99322
     6  1.000         6   6.000       7.000      3833.          3.17598930717E-02  3.72737081842E-02  3.44108660026E-02    1.17361   0.92319
     7  1.000         7   7.000       8.000      3832.          3.21026488150E-02  3.82441120002E-02  3.60409423723E-02    1.19131   0.94239
     8  1.000         8   8.000       9.000      3833.          3.23814632951E-02  3.84089834293E-02  3.85328909750E-02    1.18614   1.00323
     9  1.000         9   9.000       10.00      3831.          3.26018156284E-02  3.90167690101E-02  4.04522815546E-02    1.19677   1.03679
    10  2.000        10   10.00       12.00      3833.          3.29337432735E-02  3.93482113924E-02  3.98352676321E-02    1.19477   1.01238
    11  2.000        11   12.00       14.00      3832.          3.32561718085E-02  4.05907758807E-02  4.17252414180E-02    1.22055   1.02795
    12  2.000        12   14.00       16.00      3834.          3.35152027986E-02  4.09659437476E-02  3.97072272757E-02    1.22231   0.96927
 #=================================================================================================================================================================
 # My Cross Sections
 # The scale factors xmur, xmuf chosen here are:      1.000,      2.000
 #-----------------------------------------------------------------------------------------------------------------------------------------------------------------
 #IObs  BinSize  IODimO  [ Chi               ]  < ptavg_j12_ >  LO_cross_section   NLO_cross_section  NNLO_cross_section   KNLO      KNNLO
 #-----------------------------------------------------------------------------------------------------------------------------------------------------------------
     1  1.000         1   1.000       2.000      3832.          2.75400580028E-02  3.98247220280E-02  4.08704614807E-02    1.44607   1.02626
     2  1.000         2   2.000       3.000      3833.          2.35978218935E-02  3.38232357898E-02  3.58526483120E-02    1.43332   1.06000
     3  1.000         3   3.000       4.000      3832.          2.34537404092E-02  3.35506280128E-02  3.47100233934E-02    1.43050   1.03456
     4  1.000         4   4.000       5.000      3832.          2.37590674488E-02  3.40754088569E-02  3.48697752894E-02    1.43421   1.02331
     5  1.000         5   5.000       6.000      3833.          2.40939619503E-02  3.44898915733E-02  3.66116443874E-02    1.43147   1.06152
     6  1.000         6   6.000       7.000      3833.          2.44034118262E-02  3.49095000981E-02  3.50975668314E-02    1.43052   1.00539
     7  1.000         7   7.000       8.000      3832.          2.46743720542E-02  3.57086768716E-02  3.66694605538E-02    1.44720   1.02691
     8  1.000         8   8.000       9.000      3832.          2.48940811152E-02  3.58846331555E-02  3.87370930143E-02    1.44149   1.07949
     9  1.000         9   9.000       10.00      3831.          2.50680699354E-02  3.64048617535E-02  4.02746691759E-02    1.45224   1.10630
    10  2.000        10   10.00       12.00      3833.          2.53283030971E-02  3.67041423599E-02  3.92912189584E-02    1.44914   1.07048
    11  2.000        11   12.00       14.00      3832.          2.55809435301E-02  3.77126637002E-02  4.17040543689E-02    1.47425   1.10584
    12  2.000        12   14.00       16.00      3833.          2.57837928044E-02  3.80546982775E-02  4.00409548304E-02    1.47592   1.05219
 #=================================================================================================================================================================
 # My Cross Sections
 # The scale factors xmur, xmuf chosen here are:      2.000,      1.000
 #-----------------------------------------------------------------------------------------------------------------------------------------------------------------
 #IObs  BinSize  IODimO  [ Chi               ]  < ptavg_j12_ >  LO_cross_section   NLO_cross_section  NNLO_cross_section   KNLO      KNNLO
 #-----------------------------------------------------------------------------------------------------------------------------------------------------------------
     1  1.000         1   1.000       2.000      7664.          2.76135237740E-02  3.90149319833E-02  4.05617846012E-02    1.41289   1.03965
     2  1.000         2   2.000       3.000      7665.          2.36275665374E-02  3.31534040843E-02  3.54918331417E-02    1.40317   1.07053
     3  1.000         3   3.000       4.000      7664.          2.34635389684E-02  3.28942562730E-02  3.44460533624E-02    1.40193   1.04718
     4  1.000         4   4.000       5.000      7664.          2.37575546435E-02  3.34100048506E-02  3.46082088106E-02    1.40629   1.03586
     5  1.000         5   5.000       6.000      7665.          2.40852554365E-02  3.38244809877E-02  3.62346289222E-02    1.40436   1.07125
     6  1.000         6   6.000       7.000      7666.          2.43897893645E-02  3.42396160072E-02  3.50010733081E-02    1.40385   1.02224
     7  1.000         7   7.000       8.000      7664.          2.46569873460E-02  3.50077712702E-02  3.63396841281E-02    1.41979   1.03805
     8  1.000         8   8.000       9.000      7665.          2.48739744653E-02  3.51878963136E-02  3.82935579351E-02    1.41465   1.08826
     9  1.000         9   9.000       10.00      7662.          2.50456386758E-02  3.56864273368E-02  3.98924791668E-02    1.42486   1.11786
    10  2.000        10   10.00       12.00      7666.          2.53032618635E-02  3.59871819741E-02  3.88265689210E-02    1.42223   1.07890
    11  2.000        11   12.00       14.00      7665.          2.55534393669E-02  3.69554204487E-02  4.12627635236E-02    1.44620   1.11656
    12  2.000        12   14.00       16.00      7667.          2.57543564651E-02  3.72860433345E-02  3.95151473265E-02    1.44776   1.05978
