 ##################################################################################
 # INFO.    [fnlo-tk-cppread] Program to read fastNLO tables and derive
 # INFO.    [fnlo-tk-cppread] QCD cross sections using PDFs e.g. from LHAPDF
 #---------------------------------------------------------------------------------
 # INFO.    [fnlo-tk-cppread] For more explanations type:
 # INFO.    [fnlo-tk-cppread] ./fnlo-tk-cppread -h
 # INFO.    [fnlo-tk-cppread] For version number printout type:
 # INFO.    [fnlo-tk-cppread] ./fnlo-tk-cppread -v
 ##################################################################################

 ##################################################################################
 # [fnlo-tk-cppread] fastNLO Cross-Section Calculator
 #---------------------------------------------------------------------------------
 # [fnlo-tk-cppread] Evaluating table: 2jet.NNLO.fnl5662j_mjj4_chi.tab.gz
 # [fnlo-tk-cppread] Using PDF set   : CT14nlo
 # [fnlo-tk-cppread] If possible, will try to do 7 scale factor variations.
 # [fnlo-tk-cppread] Using alpha_s evolution code: LHAPDF
 # [fnlo-tk-cppread] Preparing unnormalized cross sections,
 # [fnlo-tk-cppread] Using scale definition kScale1
 # [fnlo-tk-cppread] No request given for no. of flavours,
 #             using default value for LHAPDF or Nf = 5.
 # [fnlo-tk-cppread] No request given for no. of loops,
 #             using default value for LHAPDF or NLoop = 2.
 # [fnlo-tk-cppread] No request given for value of alpha_s(M_Z),
 #             using default value for LHAPDF or asMz = 0.1181.
 # [fnlo-tk-cppread] No request given for value of M_Z,
 #             using default value for LHAPDF or Mz = 91.1876.
 ##################################################################################

 ##################################################################################
 #
 # [0;31mfast[0;34mNLO[0m_toolkit
 # Version 2.3.1_2771
 #
 # C++ program and toolkit to read and create fastNLO v2 tables and
 # derive QCD cross sections using PDFs, e.g. from LHAPDF
 #
 #---------------------------------------------------------------------------------
 #
 # Copyright © 2005-2020 [0;31mfast[0;34mNLO[0m Collaboration
 # D. Britzger, T. Kluge, K. Rabbertz, F. Stober, G. Sieber, M. Wobisch
 #
 # This program is free software: you can redistribute it and/or modify
 # it under the terms of the GNU General Public License as published by
 # the Free Software Foundation, either version 3 of the License, or
 # (at your option) any later version.
 #
 # This program is distributed in the hope that it will be useful,
 # but WITHOUT ANY WARRANTY; without even the implied warranty of
 # MERCHANTABILITY or FITNESS FOR A PARTICULAR PURPOSE. See the
 # GNU General Public License for more details.
 #
 # You should have received a copy of the GNU General Public License
 # along with this program. If not, see <http://www.gnu.org/licenses/>.
 #
 #---------------------------------------------------------------------------------
 #
 # The projects web page can be found at:
 #   http://projects.hepforge.org/fastnlo
 #
 # If you use this code, please cite:
 #   T. Kluge, K. Rabbertz, M. Wobisch, hep-ph/0609285
 #   D. Britzger, T. Kluge, K. Rabbertz, F. Stober, M. Wobisch, arXiv:1109.1310
 #
 ##################################################################################

 ##################################################################################
 # Overview on contribution types and numbers contained in table: 2jet.NNLO.fnl5662j_mjj4_chi.tab.gz
 #---------------------------------------------------------------------------------
 # Total number of contributions:  3
 #   No.: 1, type: Fixed order calculation       , Id: 0, order: LO                  , by: NNLOJET_rev_5088
 #   No.: 2, type: Fixed order calculation       , Id: 1, order: NLO                 , by: NNLOJET_rev_5088
 #   No.: 3, type: Fixed order calculation       , Id: 2, order: NNLO                , by: NNLOJET_rev_5088
 ##################################################################################

 ##################################################################################
 # Information on table header
 #---------------------------------------------------------------------------------
 #===================== fastNLO Table: Header ====================
 # Table version (Itabversion)         23600
 # Scenario name (ScenName)            fnl5662j
 # Theory contributions (Ncontrib)     3
 # Data contribution 0/1 (Ndata)       0
 ##################################################################################

 ##################################################################################
 # Information on fastNLO scenario: fnl5662j
 #---------------------------------------------------------------------------------
 #===================== fastNLO Table: Scenario ====================
 # Scenario description (ScDescript)
 #   0	d2sigma-dijet_dChi_dMjj_[pb_GeV]
 #   1	CMS_Collaboration
 #   2	Dijet_Chi
 #   3	anti-kT_R=0.4
 #   4	THEORY_LABEL=NNLOJET
 #   5	provided by:
 #   6	fastNLO_2.3.1
 #   7	If you use this table, please cite:
 #   8	  D. Britzger, T. Kluge, K. Rabbertz, F. Stober, M. Wobisch, arXiv:1109.1310
 #
 # Publ. x section (10^-Ipublunits b)  12
 # Centre-of-mass energy (Ecms/GeV)    13000
 # Power in a_s of LO process (ILOord) 2
 # No. of observable bins (NObsBin)    12
 # Dim. of observable binning (NDim)   1
 #
 # Dimension labels (DimLabel)
 #   0	Chi
 # Differential dimension (IDiffBin)
 #   0	2
 #
 # Total no. of contributions (theory + optional data) in this table: 3
 ##################################################################################

 ##################################################################################
 # Information on table contribution no. 0: LO
 #---------------------------------------------------------------------------------
 #===================== fastNLO Table: CoeffBase ====================
 # Contribution description (CtrbDescript)
 #   0	LO
 # Code description (CodeDescript)
 #   0	NNLOJET_rev_5088
 #   1	Example for single jet inclusive production.
 #   2	Please adapt to selected process: 2jet
 #   3	Please cite:
 #   4	Currie, J.; Glover, E.W.N. & Pires, J., Phys. Rev. Lett., 2017, 118, 072002 [arXiv:1611.01460]
 #   5	2jet
 #   6	PC: Please check and modify NNLOJET references according to selected process.
 #===================== fastNLO Table: CoeffAddBase ====================
 # No. of events (Nevt)                0.000000
 # Weight of table [=Nevt] (fWgtNevt)  0.000000
 # Number of tables merged together    150
 # No. of filled events (WgtNumEv)     68440509723
 # Sum of weights squared (WgtSumW2)   36505466000000.000000
 # Sum of sigma squared (SigSumW2)     182.575550
 # Sum of sigma (SigSum)               346447.770000
 # Sigma / Nevt (SigSum/WgtNevt)       167610816644632882151556847769457272195412656128.000000
 # Abs. order in a_s (Npow)            2
 # No. of hadrons involved (NPDF)      2
 # Type(s) of hadrons (NPDFPDG)
 #   0	2212
 #   1	2212
 # PDF storage format (NPDFDim)        2
 #   --> x-interpolation storage format: Full-Matrix
 # Observable bin no. 1
 #   No. of X1 nodes (XNode1[i].size())          20
 # Observable bin no. 12
 #   No. of X1 nodes (XNode1[i].size())          20
 # No. of scales involved (NScales)    1
 # Scale descriptions (ScaleDescript)
 #   0	ptavg_j12_[GeV]
 #   1	m12_[GeV]
 # No. of subprocess contributions     13
 #ISub  Processes
 #   0: (0,0), 
 #   1: (1,0), (2,0), (3,0), (4,0), (5,0), 
 #   2: (1,-1), (2,-2), (3,-3), (4,-4), (5,-5), 
 #   3: (0,1), (0,2), (0,3), (0,4), (0,5), 
 #   4: (-1,1), (-2,2), (-3,3), (-4,4), (-5,5), 
 #   5: (0,-1), (0,-2), (0,-3), (0,-4), (0,-5), 
 #   6: (-1,0), (-2,0), (-3,0), (-4,0), (-5,0), 
 #   7: (1,-1), (1,-2), (1,-3), (1,-4), (1,-5), (2,-1), (2,-2), (2,-3), (2,-4), (2,-5), (3,-1), (3,-2), (3,-3), (3,-4), (3,-5), (4,-1), (4,-2), (4,-3), (4,-4), (4,-5), (5,-1), (5,-2), (5,-3), (5,-4), (5,-5), 
 #   8: (1,1), (1,2), (1,3), (1,4), (1,5), (2,1), (2,2), (2,3), (2,4), (2,5), (3,1), (3,2), (3,3), (3,4), (3,5), (4,1), (4,2), (4,3), (4,4), (4,5), (5,1), (5,2), (5,3), (5,4), (5,5), 
 #   9: (-1,-1), (-1,-2), (-1,-3), (-1,-4), (-1,-5), (-2,-1), (-2,-2), (-2,-3), (-2,-4), (-2,-5), (-3,-1), (-3,-2), (-3,-3), (-3,-4), (-3,-5), (-4,-1), (-4,-2), (-4,-3), (-4,-4), (-4,-5), (-5,-1), (-5,-2), (-5,-3), (-5,-4), (-5,-5), 
 #  10: (-1,1), (-1,2), (-1,3), (-1,4), (-1,5), (-2,1), (-2,2), (-2,3), (-2,4), (-2,5), (-3,1), (-3,2), (-3,3), (-3,4), (-3,5), (-4,1), (-4,2), (-4,3), (-4,4), (-4,5), (-5,1), (-5,2), (-5,3), (-5,4), (-5,5), 
 #  11: (1,1), (2,2), (3,3), (4,4), (5,5), 
 #  12: (-1,-1), (-2,-2), (-3,-3), (-4,-4), (-5,-5), 
 #===================== fastNLO Table: CoeffAddFlex ====================
 # No. of scale1 nodes (Nscalenode1)   6
 # No. of scale2 nodes (Nscalenode2)   6
 ##################################################################################

 ##################################################################################
 # Information on table contribution no. 1: NLO
 #---------------------------------------------------------------------------------
 #===================== fastNLO Table: CoeffBase ====================
 # Contribution description (CtrbDescript)
 #   0	NLO
 # Code description (CodeDescript)
 #   0	NNLOJET_rev_5088
 #   1	Example for single jet inclusive production.
 #   2	Please adapt to selected process: 2jet
 #   3	Please cite:
 #   4	Currie, J.; Glover, E.W.N. & Pires, J., Phys. Rev. Lett., 2017, 118, 072002 [arXiv:1611.01460]
 #   5	2jet
 #   6	PC: Please check and modify NNLOJET references according to selected process.
 #===================== fastNLO Table: CoeffAddBase ====================
 # No. of events (Nevt)                1.000000
 # Weight of table [=Nevt] (fWgtNevt)  1.000000
 # Number of tables merged together    550
 # No. of filled events (WgtNumEv)     532108947510
 # Sum of weights squared (WgtSumW2)   832905399999999996512436224.000000
 # Sum of sigma squared (SigSumW2)     690676860000.000000
 # Sum of sigma (SigSum)               -6906.980000
 # Sigma / Nevt (SigSum/WgtNevt)       -6906.980000
 # Abs. order in a_s (Npow)            3
 # No. of hadrons involved (NPDF)      2
 # Type(s) of hadrons (NPDFPDG)
 #   0	2212
 #   1	2212
 # PDF storage format (NPDFDim)        2
 #   --> x-interpolation storage format: Full-Matrix
 # Observable bin no. 1
 #   No. of X1 nodes (XNode1[i].size())          20
 # Observable bin no. 12
 #   No. of X1 nodes (XNode1[i].size())          20
 # No. of scales involved (NScales)    1
 # Scale descriptions (ScaleDescript)
 #   0	ptavg_j12_[GeV]
 #   1	m12_[GeV]
 # No. of subprocess contributions     13
 #ISub  Processes
 #   0: (0,0), 
 #   1: (1,0), (2,0), (3,0), (4,0), (5,0), 
 #   2: (1,-1), (2,-2), (3,-3), (4,-4), (5,-5), 
 #   3: (0,1), (0,2), (0,3), (0,4), (0,5), 
 #   4: (-1,1), (-2,2), (-3,3), (-4,4), (-5,5), 
 #   5: (0,-1), (0,-2), (0,-3), (0,-4), (0,-5), 
 #   6: (-1,0), (-2,0), (-3,0), (-4,0), (-5,0), 
 #   7: (1,1), (1,2), (1,3), (1,4), (1,5), (2,1), (2,2), (2,3), (2,4), (2,5), (3,1), (3,2), (3,3), (3,4), (3,5), (4,1), (4,2), (4,3), (4,4), (4,5), (5,1), (5,2), (5,3), (5,4), (5,5), 
 #   8: (1,-1), (1,-2), (1,-3), (1,-4), (1,-5), (2,-1), (2,-2), (2,-3), (2,-4), (2,-5), (3,-1), (3,-2), (3,-3), (3,-4), (3,-5), (4,-1), (4,-2), (4,-3), (4,-4), (4,-5), (5,-1), (5,-2), (5,-3), (5,-4), (5,-5), 
 #   9: (-1,1), (-1,2), (-1,3), (-1,4), (-1,5), (-2,1), (-2,2), (-2,3), (-2,4), (-2,5), (-3,1), (-3,2), (-3,3), (-3,4), (-3,5), (-4,1), (-4,2), (-4,3), (-4,4), (-4,5), (-5,1), (-5,2), (-5,3), (-5,4), (-5,5), 
 #  10: (-1,-1), (-1,-2), (-1,-3), (-1,-4), (-1,-5), (-2,-1), (-2,-2), (-2,-3), (-2,-4), (-2,-5), (-3,-1), (-3,-2), (-3,-3), (-3,-4), (-3,-5), (-4,-1), (-4,-2), (-4,-3), (-4,-4), (-4,-5), (-5,-1), (-5,-2), (-5,-3), (-5,-4), (-5,-5), 
 #  11: (1,1), (2,2), (3,3), (4,4), (5,5), 
 #  12: (-1,-1), (-2,-2), (-3,-3), (-4,-4), (-5,-5), 
 #===================== fastNLO Table: CoeffAddFlex ====================
 # No. of scale1 nodes (Nscalenode1)   6
 # No. of scale2 nodes (Nscalenode2)   6
 ##################################################################################

 ##################################################################################
 # Information on table contribution no. 2: NNLO
 #---------------------------------------------------------------------------------
 #===================== fastNLO Table: CoeffBase ====================
 # Contribution description (CtrbDescript)
 #   0	NNLO
 # Code description (CodeDescript)
 #   0	NNLOJET_rev_5088
 #   1	Example for single jet inclusive production.
 #   2	Please adapt to selected process: 2jet
 #   3	Please cite:
 #   4	Currie, J.; Glover, E.W.N. & Pires, J., Phys. Rev. Lett., 2017, 118, 072002 [arXiv:1611.01460]
 #   5	2jet
 #   6	PC: Please check and modify NNLOJET references according to selected process.
 #===================== fastNLO Table: CoeffAddBase ====================
 # No. of events (Nevt)                1.000000
 # Weight of table [=Nevt] (fWgtNevt)  1.000000
 # Number of tables merged together    7750
 # No. of filled events (WgtNumEv)     2080459672492
 # Sum of weights squared (WgtSumW2)   903193890000000038402948704982007808.000000
 # Sum of sigma squared (SigSumW2)     240834300000000000.000000
 # Sum of sigma (SigSum)               -1531426.400000
 # Sigma / Nevt (SigSum/WgtNevt)       -1531426.400000
 # Abs. order in a_s (Npow)            4
 # No. of hadrons involved (NPDF)      2
 # Type(s) of hadrons (NPDFPDG)
 #   0	2212
 #   1	2212
 # PDF storage format (NPDFDim)        2
 #   --> x-interpolation storage format: Full-Matrix
 # Observable bin no. 1
 #   No. of X1 nodes (XNode1[i].size())          20
 # Observable bin no. 12
 #   No. of X1 nodes (XNode1[i].size())          20
 # No. of scales involved (NScales)    1
 # Scale descriptions (ScaleDescript)
 #   0	ptavg_j12_[GeV]
 #   1	m12_[GeV]
 # No. of subprocess contributions     13
 #ISub  Processes
 #   0: (0,0), 
 #   1: (1,0), (2,0), (3,0), (4,0), (5,0), 
 #   2: (1,-1), (2,-2), (3,-3), (4,-4), (5,-5), 
 #   3: (0,1), (0,2), (0,3), (0,4), (0,5), 
 #   4: (-1,1), (-2,2), (-3,3), (-4,4), (-5,5), 
 #   5: (0,-1), (0,-2), (0,-3), (0,-4), (0,-5), 
 #   6: (-1,0), (-2,0), (-3,0), (-4,0), (-5,0), 
 #   7: (1,1), (1,2), (1,3), (1,4), (1,5), (2,1), (2,2), (2,3), (2,4), (2,5), (3,1), (3,2), (3,3), (3,4), (3,5), (4,1), (4,2), (4,3), (4,4), (4,5), (5,1), (5,2), (5,3), (5,4), (5,5), 
 #   8: (1,-1), (1,-2), (1,-3), (1,-4), (1,-5), (2,-1), (2,-2), (2,-3), (2,-4), (2,-5), (3,-1), (3,-2), (3,-3), (3,-4), (3,-5), (4,-1), (4,-2), (4,-3), (4,-4), (4,-5), (5,-1), (5,-2), (5,-3), (5,-4), (5,-5), 
 #   9: (-1,1), (-1,2), (-1,3), (-1,4), (-1,5), (-2,1), (-2,2), (-2,3), (-2,4), (-2,5), (-3,1), (-3,2), (-3,3), (-3,4), (-3,5), (-4,1), (-4,2), (-4,3), (-4,4), (-4,5), (-5,1), (-5,2), (-5,3), (-5,4), (-5,5), 
 #  10: (-1,-1), (-1,-2), (-1,-3), (-1,-4), (-1,-5), (-2,-1), (-2,-2), (-2,-3), (-2,-4), (-2,-5), (-3,-1), (-3,-2), (-3,-3), (-3,-4), (-3,-5), (-4,-1), (-4,-2), (-4,-3), (-4,-4), (-4,-5), (-5,-1), (-5,-2), (-5,-3), (-5,-4), (-5,-5), 
 #  11: (1,1), (2,2), (3,3), (4,4), (5,5), 
 #  12: (-1,-1), (-2,-2), (-3,-3), (-4,-4), (-5,-5), 
 #===================== fastNLO Table: CoeffAddFlex ====================
 # No. of scale1 nodes (Nscalenode1)   6
 # No. of scale2 nodes (Nscalenode2)   6
 ##################################################################################
LHAPDF 6.3.0 loading /home/rabbertz/local/share/LHAPDF/CT14nlo/CT14nlo_0000.dat
CT14nlo PDF set, member #0, version 1; LHAPDF ID = 13100
LHAPDF 6.3.0 loading /home/rabbertz/local/share/LHAPDF/CT14nlo/CT14nlo_0000.dat
CT14nlo PDF set, member #0, version 1; LHAPDF ID = 13100

 ##################################################################################################################################################################
 # [fnlo-tk-cppread] Calculate my cross sections
 ##################################################################################################################################################################
 #=================================================================================================================================================================
 # My Cross Sections
 # The scale factors xmur, xmuf chosen here are:      1.000,      1.000
 #-----------------------------------------------------------------------------------------------------------------------------------------------------------------
 #IObs  BinSize  IODimO  [ Chi               ]  < ptavg_j12_ >  LO_cross_section   NLO_cross_section  NNLO_cross_section   KNLO      KNNLO
 #-----------------------------------------------------------------------------------------------------------------------------------------------------------------
     1  1.000         1   1.000       2.000      1582.          1.80354208050E-01  1.83925436836E-01  1.67726844198E-01    1.01980   0.91193
     2  1.000         2   2.000       3.000      1462.          1.57474104330E-01  1.55341747531E-01  1.43382564279E-01    0.98646   0.92301
     3  1.000         3   3.000       4.000      1345.          1.60521366492E-01  1.53473671777E-01  1.40747614428E-01    0.95609   0.91708
     4  1.000         4   4.000       5.000      1249.          1.66826771524E-01  1.55243855690E-01  1.40836621085E-01    0.93057   0.90720
     5  1.000         5   5.000       6.000      1168.          1.73393617202E-01  1.57776832359E-01  1.40741963317E-01    0.90993   0.89203
     6  1.000         6   6.000       7.000      1101.          1.79565870296E-01  1.60393925823E-01  1.52715081462E-01    0.89323   0.95213
     7  1.000         7   7.000       8.000      1043.          1.85354194306E-01  1.62466771084E-01  1.48819528115E-01    0.87652   0.91600
     8  1.000         8   8.000       9.000      993.8          1.90649225975E-01  1.64703175067E-01  1.46887374437E-01    0.86391   0.89183
     9  1.000         9   9.000       10.00      951.0          1.95557221045E-01  1.66077175613E-01  1.41599383122E-01    0.84925   0.85261
    10  2.000        10   10.00       12.00      895.8          2.02251605238E-01  1.69158659211E-01  1.52644108099E-01    0.83638   0.90237
    11  2.000        11   12.00       14.00      835.0          2.10269018328E-01  1.71866560177E-01  1.51772117447E-01    0.81737   0.88308
    12  2.000        12   14.00       16.00      785.1          2.17342913227E-01  1.73837940276E-01  1.58250856088E-01    0.79983   0.91034
 #=================================================================================================================================================================
 # My Cross Sections
 # The scale factors xmur, xmuf chosen here are:      0.500,      0.500
 #-----------------------------------------------------------------------------------------------------------------------------------------------------------------
 #IObs  BinSize  IODimO  [ Chi               ]  < ptavg_j12_ >  LO_cross_section   NLO_cross_section  NNLO_cross_section   KNLO      KNNLO
 #-----------------------------------------------------------------------------------------------------------------------------------------------------------------
     1  1.000         1   1.000       2.000      792.0          2.41089273850E-01  1.74659181674E-01  1.61807878867E-01    0.72446   0.92642
     2  1.000         2   2.000       3.000      731.7          2.10729643017E-01  1.45106523095E-01  1.39427818257E-01    0.68859   0.96087
     3  1.000         3   3.000       4.000      673.6          2.15198467295E-01  1.40913669065E-01  1.37195026661E-01    0.65481   0.97361
     4  1.000         4   4.000       5.000      625.3          2.24090329839E-01  1.40218877002E-01  1.35611570313E-01    0.62572   0.96714
     5  1.000         5   5.000       6.000      584.9          2.33352065656E-01  1.40430070451E-01  1.35361790704E-01    0.60179   0.96391
     6  1.000         6   6.000       7.000      551.2          2.42092565725E-01  1.40957396111E-01  1.52776655316E-01    0.58225   1.08385
     7  1.000         7   7.000       8.000      522.8          2.50319286677E-01  1.40813344316E-01  1.46052500523E-01    0.56253   1.03721
     8  1.000         8   8.000       9.000      497.9          2.57883482801E-01  1.41170566651E-01  1.42456373751E-01    0.54742   1.00911
     9  1.000         9   9.000       10.00      476.7          2.64923299310E-01  1.40474737476E-01  1.34434792654E-01    0.53025   0.95700
    10  2.000        10   10.00       12.00      449.1          2.74565995477E-01  1.41195242209E-01  1.51812738632E-01    0.51425   1.07520
    11  2.000        11   12.00       14.00      418.8          2.86164570601E-01  1.40513164838E-01  1.44805357844E-01    0.49102   1.03055
    12  2.000        12   14.00       16.00      394.0          2.96451664742E-01  1.39195377757E-01  1.58736088633E-01    0.46954   1.14038
 #=================================================================================================================================================================
 # My Cross Sections
 # The scale factors xmur, xmuf chosen here are:      2.000,      2.000
 #-----------------------------------------------------------------------------------------------------------------------------------------------------------------
 #IObs  BinSize  IODimO  [ Chi               ]  < ptavg_j12_ >  LO_cross_section   NLO_cross_section  NNLO_cross_section   KNLO      KNNLO
 #-----------------------------------------------------------------------------------------------------------------------------------------------------------------
     1  1.000         1   1.000       2.000      3163.          1.37764890573E-01  1.75610042203E-01  1.72216167069E-01    1.27471   0.98067
     2  1.000         2   2.000       3.000      2922.          1.20196506015E-01  1.49446698196E-01  1.46860059272E-01    1.24335   0.98269
     3  1.000         3   3.000       4.000      2689.          1.22344024951E-01  1.48732139953E-01  1.44474627377E-01    1.21569   0.97137
     4  1.000         4   4.000       5.000      2495.          1.26939559905E-01  1.51435755362E-01  1.45813619590E-01    1.19298   0.96287
     5  1.000         5   5.000       6.000      2334.          1.31718239441E-01  1.54759628242E-01  1.46423451184E-01    1.17493   0.94613
     6  1.000         6   6.000       7.000      2199.          1.36192394677E-01  1.58043203011E-01  1.55474602527E-01    1.16044   0.98375
     7  1.000         7   7.000       8.000      2085.          1.40377086230E-01  1.60884395765E-01  1.53721886446E-01    1.14609   0.95548
     8  1.000         8   8.000       9.000      1986.          1.44191449300E-01  1.63717350068E-01  1.53243659694E-01    1.13542   0.93603
     9  1.000         9   9.000       10.00      1900.          1.47717301716E-01  1.65846396125E-01  1.50112475823E-01    1.12273   0.90513
    10  2.000        10   10.00       12.00      1790.          1.52509790110E-01  1.69630033688E-01  1.58122894573E-01    1.11226   0.93216
    11  2.000        11   12.00       14.00      1668.          1.58223904651E-01  1.73496143997E-01  1.60696218720E-01    1.09652   0.92622
    12  2.000        12   14.00       16.00      1568.          1.63235377162E-01  1.76630605658E-01  1.64222965172E-01    1.08206   0.92975
 #=================================================================================================================================================================
 # My Cross Sections
 # The scale factors xmur, xmuf chosen here are:      0.500,      1.000
 #-----------------------------------------------------------------------------------------------------------------------------------------------------------------
 #IObs  BinSize  IODimO  [ Chi               ]  < ptavg_j12_ >  LO_cross_section   NLO_cross_section  NNLO_cross_section   KNLO      KNNLO
 #-----------------------------------------------------------------------------------------------------------------------------------------------------------------
     1  1.000         1   1.000       2.000      791.6          2.09588825313E-01  1.82433929207E-01  1.62660268694E-01    0.87044   0.89161
     2  1.000         2   2.000       3.000      731.3          1.83251549550E-01  1.52672953321E-01  1.39522506068E-01    0.83313   0.91387
     3  1.000         3   3.000       4.000      673.1          1.87069231160E-01  1.49451887135E-01  1.37036147805E-01    0.79891   0.91692
     4  1.000         4   4.000       5.000      624.8          1.94674334060E-01  1.49879631809E-01  1.35820391783E-01    0.76990   0.90620
     5  1.000         5   5.000       6.000      584.5          2.02576276426E-01  1.51193558786E-01  1.35440075092E-01    0.74635   0.89581
     6  1.000         6   6.000       7.000      550.8          2.10011844540E-01  1.52733795138E-01  1.50535702520E-01    0.72726   0.98561
     7  1.000         7   7.000       8.000      522.2          2.16994906702E-01  1.53638122444E-01  1.44829108549E-01    0.70803   0.94266
     8  1.000         8   8.000       9.000      497.4          2.23397715009E-01  1.54906175041E-01  1.41552794221E-01    0.69341   0.91380
     9  1.000         9   9.000       10.00      476.1          2.29343656495E-01  1.55183745128E-01  1.34531608704E-01    0.67664   0.86692
    10  2.000        10   10.00       12.00      448.5          2.37470591776E-01  1.57063717403E-01  1.49311004047E-01    0.66140   0.95064
    11  2.000        11   12.00       14.00      418.1          2.47224700043E-01  1.58012908363E-01  1.44164632555E-01    0.63915   0.91236
    12  2.000        12   14.00       16.00      393.2          2.55852763324E-01  1.58290729630E-01  1.55624848915E-01    0.61868   0.98316
 #=================================================================================================================================================================
 # My Cross Sections
 # The scale factors xmur, xmuf chosen here are:      1.000,      0.500
 #-----------------------------------------------------------------------------------------------------------------------------------------------------------------
 #IObs  BinSize  IODimO  [ Chi               ]  < ptavg_j12_ >  LO_cross_section   NLO_cross_section  NNLO_cross_section   KNLO      KNNLO
 #-----------------------------------------------------------------------------------------------------------------------------------------------------------------
     1  1.000         1   1.000       2.000      1583.          2.07461281362E-01  1.83474883651E-01  1.65609709630E-01    0.88438   0.90263
     2  1.000         2   2.000       3.000      1462.          1.81087367369E-01  1.54370476285E-01  1.41951246355E-01    0.85246   0.91955
     3  1.000         3   3.000       4.000      1346.          1.84659091410E-01  1.51901053480E-01  1.39306876696E-01    0.82260   0.91709
     4  1.000         4   4.000       5.000      1249.          1.92035361681E-01  1.53071295528E-01  1.39004871600E-01    0.79710   0.90811
     5  1.000         5   5.000       6.000      1169.          1.99736408938E-01  1.55033141576E-01  1.38719676470E-01    0.77619   0.89477
     6  1.000         6   6.000       7.000      1101.          2.06996284693E-01  1.57137872766E-01  1.52249067994E-01    0.75913   0.96889
     7  1.000         7   7.000       8.000      1044.          2.13819995386E-01  1.58665069661E-01  1.47363066616E-01    0.74205   0.92877
     8  1.000         8   8.000       9.000      994.4          2.20080216246E-01  1.60446184965E-01  1.44977925946E-01    0.72904   0.90359
     9  1.000         9   9.000       10.00      951.7          2.25895959358E-01  1.61303620883E-01  1.38713777081E-01    0.71406   0.85995
    10  2.000        10   10.00       12.00      896.5          2.33846058452E-01  1.63824969919E-01  1.51316945964E-01    0.70057   0.92365
    11  2.000        11   12.00       14.00      835.7          2.43388744314E-01  1.65688047839E-01  1.49111197810E-01    0.68075   0.89995
    12  2.000        12   14.00       16.00      785.8          2.51831756196E-01  1.66806666276E-01  1.56687037075E-01    0.66237   0.93933
 #=================================================================================================================================================================
 # My Cross Sections
 # The scale factors xmur, xmuf chosen here are:      1.000,      2.000
 #-----------------------------------------------------------------------------------------------------------------------------------------------------------------
 #IObs  BinSize  IODimO  [ Chi               ]  < ptavg_j12_ >  LO_cross_section   NLO_cross_section  NNLO_cross_section   KNLO      KNNLO
 #-----------------------------------------------------------------------------------------------------------------------------------------------------------------
     1  1.000         1   1.000       2.000      1582.          1.58380416372E-01  1.82860295960E-01  1.69787841640E-01    1.15456   0.92851
     2  1.000         2   2.000       3.000      1461.          1.38340650605E-01  1.54932952347E-01  1.44855543378E-01    1.11994   0.93496
     3  1.000         3   3.000       4.000      1345.          1.40983914283E-01  1.53556165024E-01  1.42251299712E-01    1.08918   0.92638
     4  1.000         4   4.000       5.000      1248.          1.46445395262E-01  1.55774156638E-01  1.42676267716E-01    1.06370   0.91592
     5  1.000         5   5.000       6.000      1168.          1.52115986598E-01  1.58716636447E-01  1.42762055650E-01    1.04339   0.89948
     6  1.000         6   6.000       7.000      1100.          1.57430807729E-01  1.61693789551E-01  1.53517530114E-01    1.02708   0.94943
     7  1.000         7   7.000       8.000      1043.          1.62406150988E-01  1.64155563398E-01  1.50433358758E-01    1.01077   0.91641
     8  1.000         8   8.000       9.000      993.4          1.66947954516E-01  1.66711622992E-01  1.48893710334E-01    0.99858   0.89312
     9  1.000         9   9.000       10.00      950.5          1.71151132236E-01  1.68459703465E-01  1.44441806429E-01    0.98427   0.85743
    10  2.000        10   10.00       12.00      895.4          1.76873949974E-01  1.71929486156E-01  1.54263602290E-01    0.97205   0.89725
    11  2.000        11   12.00       14.00      834.5          1.83712685655E-01  1.75237079941E-01  1.54468269284E-01    0.95386   0.88148
    12  2.000        12   14.00       16.00      784.5          1.89728560603E-01  1.77813831004E-01  1.60113610079E-01    0.93720   0.90046
 #=================================================================================================================================================================
 # My Cross Sections
 # The scale factors xmur, xmuf chosen here are:      2.000,      1.000
 #-----------------------------------------------------------------------------------------------------------------------------------------------------------------
 #IObs  BinSize  IODimO  [ Chi               ]  < ptavg_j12_ >  LO_cross_section   NLO_cross_section  NNLO_cross_section   KNLO      KNNLO
 #-----------------------------------------------------------------------------------------------------------------------------------------------------------------
     1  1.000         1   1.000       2.000      3164.          1.56878770712E-01  1.80256643267E-01  1.71071895768E-01    1.14902   0.94905
     2  1.000         2   2.000       3.000      2922.          1.36820753160E-01  1.53093127289E-01  1.46067540859E-01    1.11893   0.95411
     3  1.000         3   3.000       4.000      2690.          1.39298632350E-01  1.52074213887E-01  1.43573333716E-01    1.09171   0.94410
     4  1.000         4   4.000       5.000      2496.          1.44606508469E-01  1.54587613169E-01  1.44652770386E-01    1.06902   0.93573
     5  1.000         5   5.000       6.000      2335.          1.50142975288E-01  1.57761008697E-01  1.45028130239E-01    1.05074   0.91929
     6  1.000         6   6.000       7.000      2200.          1.55341608577E-01  1.60925563865E-01  1.54976127862E-01    1.03595   0.96303
     7  1.000         7   7.000       8.000      2086.          1.60212741292E-01  1.63620392131E-01  1.52535184774E-01    1.02127   0.93225
     8  1.000         8   8.000       9.000      1986.          1.64662363353E-01  1.66350012878E-01  1.51699068209E-01    1.01025   0.91193
     9  1.000         9   9.000       10.00      1901.          1.68782085332E-01  1.68323637829E-01  1.47852442289E-01    0.99728   0.87838
    10  2.000        10   10.00       12.00      1790.          1.74392062408E-01  1.71998468591E-01  1.56666224649E-01    0.98627   0.91086
    11  2.000        11   12.00       14.00      1669.          1.81096127000E-01  1.75634731642E-01  1.58555394248E-01    0.96984   0.90276
    12  2.000        12   14.00       16.00      1569.          1.86994149348E-01  1.78512892282E-01  1.62391315965E-01    0.95464   0.90969
