 ##################################################################################
 # INFO.    [fnlo-tk-cppread] Program to read fastNLO tables and derive
 # INFO.    [fnlo-tk-cppread] QCD cross sections using PDFs e.g. from LHAPDF
 #---------------------------------------------------------------------------------
 # INFO.    [fnlo-tk-cppread] For more explanations type:
 # INFO.    [fnlo-tk-cppread] ./fnlo-tk-cppread -h
 # INFO.    [fnlo-tk-cppread] For version number printout type:
 # INFO.    [fnlo-tk-cppread] ./fnlo-tk-cppread -v
 ##################################################################################

 ##################################################################################
 # [fnlo-tk-cppread] fastNLO Cross-Section Calculator
 #---------------------------------------------------------------------------------
 # [fnlo-tk-cppread] Evaluating table: 2jet.NNLO.fnl5662j_mjj8_chi.tab.gz
 # [fnlo-tk-cppread] Using PDF set   : CT14nnlo
 # [fnlo-tk-cppread] If possible, will try to do 7 scale factor variations.
 # [fnlo-tk-cppread] Using alpha_s evolution code: LHAPDF
 # [fnlo-tk-cppread] Preparing unnormalized cross sections,
 # [fnlo-tk-cppread] Using scale definition scale1
 # [fnlo-tk-cppread] No request given for no. of flavours,
 #             using default value for LHAPDF or Nf = 5.
 # [fnlo-tk-cppread] No request given for no. of loops,
 #             using default value for LHAPDF or NLoop = 2.
 # [fnlo-tk-cppread] No request given for value of alpha_s(M_Z),
 #             using default value for LHAPDF or asMz = 0.1181.
 # [fnlo-tk-cppread] No request given for value of M_Z,
 #             using default value for LHAPDF or Mz = 91.1876.
 ##################################################################################

 ##################################################################################
 #
 # [0;31mfast[0;34mNLO[0m_toolkit
 # Version 2.3.1_2657-66-gda2fd2f1
 #
 # C++ program and toolkit to read and create fastNLO v2 tables and
 # derive QCD cross sections using PDFs, e.g. from LHAPDF
 #
 #---------------------------------------------------------------------------------
 #
 # Copyright © 2005-2019 [0;31mfast[0;34mNLO[0m Collaboration
 # D. Britzger, T. Kluge, K. Rabbertz, F. Stober, G. Sieber, M. Wobisch
 #
 # This program is free software: you can redistribute it and/or modify
 # it under the terms of the GNU General Public License as published by
 # the Free Software Foundation, either version 3 of the License, or
 # (at your option) any later version.
 #
 # This program is distributed in the hope that it will be useful,
 # but WITHOUT ANY WARRANTY; without even the implied warranty of
 # MERCHANTABILITY or FITNESS FOR A PARTICULAR PURPOSE. See the
 # GNU General Public License for more details.
 #
 # You should have received a copy of the GNU General Public License
 # along with this program. If not, see <http://www.gnu.org/licenses/>.
 #
 #---------------------------------------------------------------------------------
 #
 # The projects web page can be found at:
 #   http://projects.hepforge.org/fastnlo
 #
 # If you use this code, please cite:
 #   T. Kluge, K. Rabbertz, M. Wobisch, hep-ph/0609285
 #   D. Britzger, T. Kluge, K. Rabbertz, F. Stober, M. Wobisch, arXiv:1109.1310
 #
 ##################################################################################

 ##################################################################################
 # Overview on contribution types and numbers contained in table: 2jet.NNLO.fnl5662j_mjj8_chi.tab.gz
 #---------------------------------------------------------------------------------
 # Total number of contributions:  3
 #   No.: 1, type: Fixed order calculation       , Id: 0, order: LO                  , by: NNLOJET_rev_5088
 #   No.: 2, type: Fixed order calculation       , Id: 1, order: NLO                 , by: NNLOJET_rev_5088
 #   No.: 3, type: Fixed order calculation       , Id: 2, order: NNLO                , by: NNLOJET_rev_5088
 ##################################################################################

 ##################################################################################
 # Information on table header
 #---------------------------------------------------------------------------------
 #===================== fastNLO Table: Header ====================
 # Table version (Itabversion)         23600
 # Scenario name (ScenName)            fnl5662j
 # Theory contributions (Ncontrib)     3
 # Data contribution 0/1 (Ndata)       0
 ##################################################################################

 ##################################################################################
 # Information on fastNLO scenario: fnl5662j
 #---------------------------------------------------------------------------------
 #===================== fastNLO Table: Scenario ====================
 # Scenario description (ScDescript)
 #   0	d2sigma-dijet_dChi_dMjj_[pb_GeV]
 #   1	CMS_Collaboration
 #   2	Dijet_Chi
 #   3	anti-kT_R=0.4
 #   4	THEORY_LABEL=NNLOJET
 #   5	provided by:
 #   6	fastNLO_2.3.1
 #   7	If you use this table, please cite:
 #   8	  D. Britzger, T. Kluge, K. Rabbertz, F. Stober, M. Wobisch, arXiv:1109.1310
 #
 # Publ. x section (10^-Ipublunits b)  12
 # Centre-of-mass energy (Ecms/GeV)    13000
 # Power in a_s of LO process (ILOord) 2
 # No. of observable bins (NObsBin)    12
 # Dim. of observable binning (NDim)   1
 #
 # Dimension labels (DimLabel)
 #   0	Chi
 # Differential dimension (IDiffBin)
 #   0	2
 #
 # Total no. of contributions (theory + optional data) in this table: 3
 ##################################################################################

 ##################################################################################
 # Information on table contribution no. 0: LO
 #---------------------------------------------------------------------------------
 #===================== fastNLO Table: CoeffBase ====================
 # Contribution description (CtrbDescript)
 #   0	LO
 # Code description (CodeDescript)
 #   0	NNLOJET_rev_5088
 #   1	Example for single jet inclusive production.
 #   2	Please adapt to selected process: 2jet
 #   3	Please cite:
 #   4	Currie, J.; Glover, E.W.N. & Pires, J., Phys. Rev. Lett., 2017, 118, 072002 [arXiv:1611.01460]
 #   5	2jet
 #   6	PC: Please check and modify NNLOJET references according to selected process.
 #===================== fastNLO Table: CoeffAddBase ====================
 # No. of events (Nevt)                0.000000
 # Weight of table [=Nevt] (fWgtNevt)  0.000000
 # Number of tables merged together    150
 # No. of filled events (WgtNumEv)     10681440180
 # Sum of weights squared (WgtSumW2)   6752169800000.000000
 # Sum of sigma squared (SigSumW2)     0.032665
 # Sum of sigma (SigSum)               1465.684700
 # Sigma / Nevt (SigSum/WgtNevt)       709095658230225391718353494280605799286833152.000000
 # Abs. order in a_s (Npow)            2
 # No. of hadrons involved (NPDF)      2
 # Type(s) of hadrons (NPDFPDG)
 #   0	2212
 #   1	2212
 # PDF storage format (NPDFDim)        2
 #   --> x-interpolation storage format: Full-Matrix
 # Observable bin no. 1
 #   No. of X1 nodes (XNode1[i].size())          20
 # Observable bin no. 12
 #   No. of X1 nodes (XNode1[i].size())          20
 # No. of scales involved (NScales)    1
 # Scale descriptions (ScaleDescript)
 #   0	ptavg_j12_[GeV]
 #   1	m12_[GeV]
 # No. of subprocess contributions     13
 #ISub  Processes
 #   0: (0,0), 
 #   1: (1,0), (2,0), (3,0), (4,0), (5,0), 
 #   2: (1,-1), (2,-2), (3,-3), (4,-4), (5,-5), 
 #   3: (0,1), (0,2), (0,3), (0,4), (0,5), 
 #   4: (-1,1), (-2,2), (-3,3), (-4,4), (-5,5), 
 #   5: (0,-1), (0,-2), (0,-3), (0,-4), (0,-5), 
 #   6: (-1,0), (-2,0), (-3,0), (-4,0), (-5,0), 
 #   7: (1,-1), (1,-2), (1,-3), (1,-4), (1,-5), (2,-1), (2,-2), (2,-3), (2,-4), (2,-5), (3,-1), (3,-2), (3,-3), (3,-4), (3,-5), (4,-1), (4,-2), (4,-3), (4,-4), (4,-5), (5,-1), (5,-2), (5,-3), (5,-4), (5,-5), 
 #   8: (1,1), (1,2), (1,3), (1,4), (1,5), (2,1), (2,2), (2,3), (2,4), (2,5), (3,1), (3,2), (3,3), (3,4), (3,5), (4,1), (4,2), (4,3), (4,4), (4,5), (5,1), (5,2), (5,3), (5,4), (5,5), 
 #   9: (-1,-1), (-1,-2), (-1,-3), (-1,-4), (-1,-5), (-2,-1), (-2,-2), (-2,-3), (-2,-4), (-2,-5), (-3,-1), (-3,-2), (-3,-3), (-3,-4), (-3,-5), (-4,-1), (-4,-2), (-4,-3), (-4,-4), (-4,-5), (-5,-1), (-5,-2), (-5,-3), (-5,-4), (-5,-5), 
 #  10: (-1,1), (-1,2), (-1,3), (-1,4), (-1,5), (-2,1), (-2,2), (-2,3), (-2,4), (-2,5), (-3,1), (-3,2), (-3,3), (-3,4), (-3,5), (-4,1), (-4,2), (-4,3), (-4,4), (-4,5), (-5,1), (-5,2), (-5,3), (-5,4), (-5,5), 
 #  11: (1,1), (2,2), (3,3), (4,4), (5,5), 
 #  12: (-1,-1), (-2,-2), (-3,-3), (-4,-4), (-5,-5), 
 #===================== fastNLO Table: CoeffAddFlex ====================
 # No. of scale1 nodes (Nscalenode1)   6
 # No. of scale2 nodes (Nscalenode2)   6
 ##################################################################################

 ##################################################################################
 # Information on table contribution no. 1: NLO
 #---------------------------------------------------------------------------------
 #===================== fastNLO Table: CoeffBase ====================
 # Contribution description (CtrbDescript)
 #   0	NLO
 # Code description (CodeDescript)
 #   0	NNLOJET_rev_5088
 #   1	Example for single jet inclusive production.
 #   2	Please adapt to selected process: 2jet
 #   3	Please cite:
 #   4	Currie, J.; Glover, E.W.N. & Pires, J., Phys. Rev. Lett., 2017, 118, 072002 [arXiv:1611.01460]
 #   5	2jet
 #   6	PC: Please check and modify NNLOJET references according to selected process.
 #===================== fastNLO Table: CoeffAddBase ====================
 # No. of events (Nevt)                1.000000
 # Weight of table [=Nevt] (fWgtNevt)  1.000000
 # Number of tables merged together    500
 # No. of filled events (WgtNumEv)     64370964841
 # Sum of weights squared (WgtSumW2)   133038709999999991676928000.000000
 # Sum of sigma squared (SigSumW2)     51847153.000000
 # Sum of sigma (SigSum)               385.023200
 # Sigma / Nevt (SigSum/WgtNevt)       385.023200
 # Abs. order in a_s (Npow)            3
 # No. of hadrons involved (NPDF)      2
 # Type(s) of hadrons (NPDFPDG)
 #   0	2212
 #   1	2212
 # PDF storage format (NPDFDim)        2
 #   --> x-interpolation storage format: Full-Matrix
 # Observable bin no. 1
 #   No. of X1 nodes (XNode1[i].size())          20
 # Observable bin no. 12
 #   No. of X1 nodes (XNode1[i].size())          20
 # No. of scales involved (NScales)    1
 # Scale descriptions (ScaleDescript)
 #   0	ptavg_j12_[GeV]
 #   1	m12_[GeV]
 # No. of subprocess contributions     13
 #ISub  Processes
 #   0: (0,0), 
 #   1: (1,0), (2,0), (3,0), (4,0), (5,0), 
 #   2: (1,-1), (2,-2), (3,-3), (4,-4), (5,-5), 
 #   3: (0,1), (0,2), (0,3), (0,4), (0,5), 
 #   4: (-1,1), (-2,2), (-3,3), (-4,4), (-5,5), 
 #   5: (0,-1), (0,-2), (0,-3), (0,-4), (0,-5), 
 #   6: (-1,0), (-2,0), (-3,0), (-4,0), (-5,0), 
 #   7: (1,1), (1,2), (1,3), (1,4), (1,5), (2,1), (2,2), (2,3), (2,4), (2,5), (3,1), (3,2), (3,3), (3,4), (3,5), (4,1), (4,2), (4,3), (4,4), (4,5), (5,1), (5,2), (5,3), (5,4), (5,5), 
 #   8: (1,-1), (1,-2), (1,-3), (1,-4), (1,-5), (2,-1), (2,-2), (2,-3), (2,-4), (2,-5), (3,-1), (3,-2), (3,-3), (3,-4), (3,-5), (4,-1), (4,-2), (4,-3), (4,-4), (4,-5), (5,-1), (5,-2), (5,-3), (5,-4), (5,-5), 
 #   9: (-1,1), (-1,2), (-1,3), (-1,4), (-1,5), (-2,1), (-2,2), (-2,3), (-2,4), (-2,5), (-3,1), (-3,2), (-3,3), (-3,4), (-3,5), (-4,1), (-4,2), (-4,3), (-4,4), (-4,5), (-5,1), (-5,2), (-5,3), (-5,4), (-5,5), 
 #  10: (-1,-1), (-1,-2), (-1,-3), (-1,-4), (-1,-5), (-2,-1), (-2,-2), (-2,-3), (-2,-4), (-2,-5), (-3,-1), (-3,-2), (-3,-3), (-3,-4), (-3,-5), (-4,-1), (-4,-2), (-4,-3), (-4,-4), (-4,-5), (-5,-1), (-5,-2), (-5,-3), (-5,-4), (-5,-5), 
 #  11: (1,1), (2,2), (3,3), (4,4), (5,5), 
 #  12: (-1,-1), (-2,-2), (-3,-3), (-4,-4), (-5,-5), 
 #===================== fastNLO Table: CoeffAddFlex ====================
 # No. of scale1 nodes (Nscalenode1)   6
 # No. of scale2 nodes (Nscalenode2)   6
 ##################################################################################

 ##################################################################################
 # Information on table contribution no. 2: NNLO
 #---------------------------------------------------------------------------------
 #===================== fastNLO Table: CoeffBase ====================
 # Contribution description (CtrbDescript)
 #   0	NNLO
 # Code description (CodeDescript)
 #   0	NNLOJET_rev_5088
 #   1	Example for single jet inclusive production.
 #   2	Please adapt to selected process: 2jet
 #   3	Please cite:
 #   4	Currie, J.; Glover, E.W.N. & Pires, J., Phys. Rev. Lett., 2017, 118, 072002 [arXiv:1611.01460]
 #   5	2jet
 #   6	PC: Please check and modify NNLOJET references according to selected process.
 #===================== fastNLO Table: CoeffAddBase ====================
 # No. of events (Nevt)                1.000000
 # Weight of table [=Nevt] (fWgtNevt)  1.000000
 # Number of tables merged together    6748
 # No. of filled events (WgtNumEv)     185579340548
 # Sum of weights squared (WgtSumW2)   3796872099999999940131840371720192.000000
 # Sum of sigma squared (SigSumW2)     1831880200000.000000
 # Sum of sigma (SigSum)               -8696.463100
 # Sigma / Nevt (SigSum/WgtNevt)       -8696.463100
 # Abs. order in a_s (Npow)            4
 # No. of hadrons involved (NPDF)      2
 # Type(s) of hadrons (NPDFPDG)
 #   0	2212
 #   1	2212
 # PDF storage format (NPDFDim)        2
 #   --> x-interpolation storage format: Full-Matrix
 # Observable bin no. 1
 #   No. of X1 nodes (XNode1[i].size())          20
 # Observable bin no. 12
 #   No. of X1 nodes (XNode1[i].size())          20
 # No. of scales involved (NScales)    1
 # Scale descriptions (ScaleDescript)
 #   0	ptavg_j12_[GeV]
 #   1	m12_[GeV]
 # No. of subprocess contributions     13
 #ISub  Processes
 #   0: (0,0), 
 #   1: (1,0), (2,0), (3,0), (4,0), (5,0), 
 #   2: (1,-1), (2,-2), (3,-3), (4,-4), (5,-5), 
 #   3: (0,1), (0,2), (0,3), (0,4), (0,5), 
 #   4: (-1,1), (-2,2), (-3,3), (-4,4), (-5,5), 
 #   5: (0,-1), (0,-2), (0,-3), (0,-4), (0,-5), 
 #   6: (-1,0), (-2,0), (-3,0), (-4,0), (-5,0), 
 #   7: (1,1), (1,2), (1,3), (1,4), (1,5), (2,1), (2,2), (2,3), (2,4), (2,5), (3,1), (3,2), (3,3), (3,4), (3,5), (4,1), (4,2), (4,3), (4,4), (4,5), (5,1), (5,2), (5,3), (5,4), (5,5), 
 #   8: (1,-1), (1,-2), (1,-3), (1,-4), (1,-5), (2,-1), (2,-2), (2,-3), (2,-4), (2,-5), (3,-1), (3,-2), (3,-3), (3,-4), (3,-5), (4,-1), (4,-2), (4,-3), (4,-4), (4,-5), (5,-1), (5,-2), (5,-3), (5,-4), (5,-5), 
 #   9: (-1,1), (-1,2), (-1,3), (-1,4), (-1,5), (-2,1), (-2,2), (-2,3), (-2,4), (-2,5), (-3,1), (-3,2), (-3,3), (-3,4), (-3,5), (-4,1), (-4,2), (-4,3), (-4,4), (-4,5), (-5,1), (-5,2), (-5,3), (-5,4), (-5,5), 
 #  10: (-1,-1), (-1,-2), (-1,-3), (-1,-4), (-1,-5), (-2,-1), (-2,-2), (-2,-3), (-2,-4), (-2,-5), (-3,-1), (-3,-2), (-3,-3), (-3,-4), (-3,-5), (-4,-1), (-4,-2), (-4,-3), (-4,-4), (-4,-5), (-5,-1), (-5,-2), (-5,-3), (-5,-4), (-5,-5), 
 #  11: (1,1), (2,2), (3,3), (4,4), (5,5), 
 #  12: (-1,-1), (-2,-2), (-3,-3), (-4,-4), (-5,-5), 
 #===================== fastNLO Table: CoeffAddFlex ====================
 # No. of scale1 nodes (Nscalenode1)   6
 # No. of scale2 nodes (Nscalenode2)   6
 ##################################################################################
LHAPDF 6.2.1 loading /home/rabbertz/local/share/LHAPDF/CT14nnlo/CT14nnlo_0000.dat
CT14nnlo PDF set, member #0, version 1; LHAPDF ID = 13000
LHAPDF 6.2.1 loading /home/rabbertz/local/share/LHAPDF/CT14nnlo/CT14nnlo_0000.dat
CT14nnlo PDF set, member #0, version 1; LHAPDF ID = 13000

 ##################################################################################################################################################################
 # [fnlo-tk-cppread] Calculate my cross sections
 ##################################################################################################################################################################
 #=================================================================================================================================================================
 # My Cross Sections
 # The scale factors xmur, xmuf chosen here are:      1.000,      1.000
 #-----------------------------------------------------------------------------------------------------------------------------------------------------------------
 #IObs  BinSize  IODimO  [ Chi               ]  < ptavg_j12_ >  LO_cross_section   NLO_cross_section  NNLO_cross_section   KNLO      KNNLO
 #-----------------------------------------------------------------------------------------------------------------------------------------------------------------
     1  1.000         1   1.000       2.000      2758.          7.32057310244E-04  8.23934824644E-04  7.75842364173E-04    1.12551   0.94163
     2  1.000         2   2.000       3.000      2548.          6.67411540417E-04  7.04109851024E-04  6.57725059121E-04    1.05499   0.93412
     3  1.000         3   3.000       4.000      2345.          6.99475938440E-04  7.04759195611E-04  6.51592862208E-04    1.00755   0.92456
     4  1.000         4   4.000       5.000      2175.          7.39404983826E-04  7.14670985541E-04  6.30706707980E-04    0.96655   0.88251
     5  1.000         5   5.000       6.000      2035.          7.77543005186E-04  7.23803473080E-04  6.35855177579E-04    0.93089   0.87849
     6  1.000         6   6.000       7.000      1917.          8.12330329395E-04  7.33174554561E-04  6.37517238311E-04    0.90256   0.86953
     7  1.000         7   7.000       8.000      1816.          8.43415814711E-04  7.51854649456E-04  6.84794589531E-04    0.89144   0.91081
     8  1.000         8   8.000       9.000      1731.          8.71829375967E-04  7.43513669717E-04  6.47976743252E-04    0.85282   0.87151
     9  1.000         9   9.000       10.00      1656.          8.98699423135E-04  7.66127577520E-04  6.41839145838E-04    0.85248   0.83777
    10  2.000        10   10.00       12.00      1560.          9.34069438400E-04  7.66389205234E-04  6.87747717667E-04    0.82048   0.89739
    11  2.000        11   12.00       14.00      1454.          9.76749175180E-04  7.61487770684E-04  6.30749027807E-04    0.77961   0.82831
    12  2.000        12   14.00       16.00      1365.          1.01378693058E-03  7.80545543422E-04  6.61325606115E-04    0.76993   0.84726
 #=================================================================================================================================================================
 # My Cross Sections
 # The scale factors xmur, xmuf chosen here are:      0.500,      0.500
 #-----------------------------------------------------------------------------------------------------------------------------------------------------------------
 #IObs  BinSize  IODimO  [ Chi               ]  < ptavg_j12_ >  LO_cross_section   NLO_cross_section  NNLO_cross_section   KNLO      KNNLO
 #-----------------------------------------------------------------------------------------------------------------------------------------------------------------
     1  1.000         1   1.000       2.000      1379.          1.00677070333E-03  8.16099683201E-04  7.52174702061E-04    0.81061   0.92167
     2  1.000         2   2.000       3.000      1274.          9.18862354181E-04  6.75648671472E-04  6.40511482007E-04    0.73531   0.94799
     3  1.000         3   3.000       4.000      1173.          9.64908279907E-04  6.59235689831E-04  6.34938238772E-04    0.68321   0.96314
     4  1.000         4   4.000       5.000      1087.          1.02220453321E-03  6.52089154983E-04  6.00822709894E-04    0.63792   0.92138
     5  1.000         5   5.000       6.000      1017.          1.07716983560E-03  6.43930864003E-04  6.04909491767E-04    0.59780   0.93940
     6  1.000         6   6.000       7.000      958.9          1.12752619977E-03  6.38101842715E-04  5.92539426600E-04    0.56593   0.92860
     7  1.000         7   7.000       8.000      908.1          1.17276333833E-03  6.47410236529E-04  6.86644462092E-04    0.55204   1.06060
     8  1.000         8   8.000       9.000      865.8          1.21428019360E-03  6.17738530352E-04  6.28291974404E-04    0.50873   1.01708
     9  1.000         9   9.000       10.00      828.2          1.25367973582E-03  6.36230755570E-04  6.05039411131E-04    0.50749   0.95097
    10  2.000        10   10.00       12.00      780.2          1.30587749745E-03  6.14486895794E-04  6.75963550617E-04    0.47055   1.10005
    11  2.000        11   12.00       14.00      727.7          1.36923828172E-03  5.80650072024E-04  5.87488828893E-04    0.42407   1.01178
    12  2.000        12   14.00       16.00      682.9          1.42458762431E-03  5.85505948133E-04  6.36161057420E-04    0.41100   1.08652
 #=================================================================================================================================================================
 # My Cross Sections
 # The scale factors xmur, xmuf chosen here are:      2.000,      2.000
 #-----------------------------------------------------------------------------------------------------------------------------------------------------------------
 #IObs  BinSize  IODimO  [ Chi               ]  < ptavg_j12_ >  LO_cross_section   NLO_cross_section  NNLO_cross_section   KNLO      KNNLO
 #-----------------------------------------------------------------------------------------------------------------------------------------------------------------
     1  1.000         1   1.000       2.000      5516.          5.44235771773E-04  7.61156983719E-04  7.88942612834E-04    1.39858   1.03650
     2  1.000         2   2.000       3.000      5095.          4.95736633265E-04  6.60406758460E-04  6.71011041071E-04    1.33217   1.01606
     3  1.000         3   3.000       4.000      4689.          5.18731260627E-04  6.68444365443E-04  6.67687815925E-04    1.28861   0.99887
     4  1.000         4   4.000       5.000      4349.          5.47373733526E-04  6.84815659775E-04  6.58233753773E-04    1.25109   0.96118
     5  1.000         5   5.000       6.000      4069.          5.74594330236E-04  7.00463896133E-04  6.67024813962E-04    1.21906   0.95226
     6  1.000         6   6.000       7.000      3834.          5.99293875127E-04  7.15294521322E-04  6.77767414188E-04    1.19356   0.94754
     7  1.000         7   7.000       8.000      3633.          6.21234383867E-04  7.35934339053E-04  7.04282079968E-04    1.18463   0.95699
     8  1.000         8   8.000       9.000      3461.          6.41218118617E-04  7.37316086679E-04  6.83496500192E-04    1.14987   0.92701
     9  1.000         9   9.000       10.00      3311.          6.60076312764E-04  7.59167958259E-04  6.87593553021E-04    1.15012   0.90572
    10  2.000        10   10.00       12.00      3118.          6.84797806934E-04  7.68410799604E-04  7.22915667216E-04    1.12210   0.94079
    11  2.000        11   12.00       14.00      2907.          7.14514437729E-04  7.75773870509E-04  6.90309583314E-04    1.08574   0.88983
    12  2.000        12   14.00       16.00      2730.          7.40148668145E-04  7.98352183308E-04  7.14151422972E-04    1.07864   0.89453
 #=================================================================================================================================================================
 # My Cross Sections
 # The scale factors xmur, xmuf chosen here are:      0.500,      1.000
 #-----------------------------------------------------------------------------------------------------------------------------------------------------------------
 #IObs  BinSize  IODimO  [ Chi               ]  < ptavg_j12_ >  LO_cross_section   NLO_cross_section  NNLO_cross_section   KNLO      KNNLO
 #-----------------------------------------------------------------------------------------------------------------------------------------------------------------
     1  1.000         1   1.000       2.000      1379.          8.43298430146E-04  8.37278587388E-04  7.58308270863E-04    0.99286   0.90568
     2  1.000         2   2.000       3.000      1274.          7.69750599641E-04  7.05092525279E-04  6.42933238473E-04    0.91600   0.91184
     3  1.000         3   3.000       4.000      1173.          8.07769589989E-04  6.97608555755E-04  6.35038277465E-04    0.86362   0.91031
     4  1.000         4   4.000       5.000      1087.          8.54896468054E-04  6.99767629815E-04  6.05964149810E-04    0.81854   0.86595
     5  1.000         5   5.000       6.000      1017.          8.99947838854E-04  7.01095210371E-04  6.06977156418E-04    0.77904   0.86576
     6  1.000         6   6.000       7.000      958.8          9.41104085307E-04  7.03637308740E-04  6.01603329297E-04    0.74767   0.85499
     7  1.000         7   7.000       8.000      908.1          9.77953686911E-04  7.18556921316E-04  6.73284771850E-04    0.73476   0.93700
     8  1.000         8   8.000       9.000      865.6          1.01169417571E-03  7.00108569486E-04  6.22836584604E-04    0.69202   0.88963
     9  1.000         9   9.000       10.00      828.0          1.04363874453E-03  7.21392998288E-04  6.06939660764E-04    0.69123   0.84134
    10  2.000        10   10.00       12.00      779.9          1.08581444595E-03  7.11624097991E-04  6.64439977915E-04    0.65538   0.93370
    11  2.000        11   12.00       14.00      727.2          1.13681991057E-03  6.93416848205E-04  5.88078448219E-04    0.60996   0.84809
    12  2.000        12   14.00       16.00      682.8          1.18121590793E-03  7.06558920138E-04  6.27332834352E-04    0.59816   0.88787
 #=================================================================================================================================================================
 # My Cross Sections
 # The scale factors xmur, xmuf chosen here are:      1.000,      0.500
 #-----------------------------------------------------------------------------------------------------------------------------------------------------------------
 #IObs  BinSize  IODimO  [ Chi               ]  < ptavg_j12_ >  LO_cross_section   NLO_cross_section  NNLO_cross_section   KNLO      KNNLO
 #-----------------------------------------------------------------------------------------------------------------------------------------------------------------
     1  1.000         1   1.000       2.000      2758.          8.73966560044E-04  8.35248393140E-04  7.65334777505E-04    0.95570   0.91630
     2  1.000         2   2.000       3.000      2548.          7.96699557423E-04  7.06458296696E-04  6.49184166350E-04    0.88673   0.91893
     3  1.000         3   3.000       4.000      2345.          8.35548668032E-04  7.01581690651E-04  6.43506490601E-04    0.83967   0.91722
     4  1.000         4   4.000       5.000      2175.          8.84111628698E-04  7.06027883070E-04  6.16984345525E-04    0.79857   0.87388
     5  1.000         5   5.000       6.000      2035.          9.30661453535E-04  7.09551411242E-04  6.23203494621E-04    0.76242   0.87831
     6  1.000         6   6.000       7.000      1917.          9.73244879998E-04  7.14078185636E-04  6.18736656041E-04    0.73371   0.86648
     7  1.000         7   7.000       8.000      1816.          1.01142647543E-03  7.30001883858E-04  6.79576173656E-04    0.72175   0.93092
     8  1.000         8   8.000       9.000      1731.          1.04640946018E-03  7.14352830867E-04  6.35216684154E-04    0.68267   0.88922
     9  1.000         9   9.000       10.00      1656.          1.07957143514E-03  7.36245602197E-04  6.23154294384E-04    0.68198   0.84639
    10  2.000        10   10.00       12.00      1560.          1.12337941385E-03  7.29133255462E-04  6.77025978496E-04    0.64905   0.92854
    11  2.000        11   12.00       14.00      1454.          1.17644309043E-03  7.14458267312E-04  6.07956635413E-04    0.60730   0.85093
    12  2.000        12   14.00       16.00      1366.          1.22266391277E-03  7.29364841809E-04  6.43454516415E-04    0.59654   0.88221
 #=================================================================================================================================================================
 # My Cross Sections
 # The scale factors xmur, xmuf chosen here are:      1.000,      2.000
 #-----------------------------------------------------------------------------------------------------------------------------------------------------------------
 #IObs  BinSize  IODimO  [ Chi               ]  < ptavg_j12_ >  LO_cross_section   NLO_cross_section  NNLO_cross_section   KNLO      KNNLO
 #-----------------------------------------------------------------------------------------------------------------------------------------------------------------
     1  1.000         1   1.000       2.000      2758.          6.20950992704E-04  8.03254120086E-04  7.86432371562E-04    1.29359   0.97906
     2  1.000         2   2.000       3.000      2547.          5.66198638617E-04  6.91777485784E-04  6.66847528079E-04    1.22179   0.96396
     3  1.000         3   3.000       4.000      2345.          5.93100853234E-04  6.96389676228E-04  6.60803642378E-04    1.17415   0.94890
     4  1.000         4   4.000       5.000      2174.          6.26474566493E-04  7.09994357199E-04  6.44729783045E-04    1.13332   0.90808
     5  1.000         5   5.000       6.000      2034.          6.58229037753E-04  7.22858560388E-04  6.49647723435E-04    1.09819   0.89872
     6  1.000         6   6.000       7.000      1917.          6.87096645003E-04  7.35381316894E-04  6.56146674658E-04    1.07027   0.89225
     7  1.000         7   7.000       8.000      1816.          7.12797037398E-04  7.55568973387E-04  6.93510903760E-04    1.06001   0.91787
     8  1.000         8   8.000       9.000      1731.          7.36241001124E-04  7.52338909610E-04  6.63153595676E-04    1.02186   0.88146
     9  1.000         9   9.000       10.00      1656.          7.58378763905E-04  7.74985544609E-04  6.61523943263E-04    1.02190   0.85360
    10  2.000        10   10.00       12.00      1559.          7.87460296086E-04  7.80228427882E-04  7.01868985304E-04    0.99082   0.89957
    11  2.000        11   12.00       14.00      1453.          8.22467472457E-04  7.82033125937E-04  6.54968142211E-04    0.95084   0.83752
    12  2.000        12   14.00       16.00      1365.          8.52747452966E-04  8.03464418909E-04  6.82315439546E-04    0.94221   0.84922
 #=================================================================================================================================================================
 # My Cross Sections
 # The scale factors xmur, xmuf chosen here are:      2.000,      1.000
 #-----------------------------------------------------------------------------------------------------------------------------------------------------------------
 #IObs  BinSize  IODimO  [ Chi               ]  < ptavg_j12_ >  LO_cross_section   NLO_cross_section  NNLO_cross_section   KNLO      KNNLO
 #-----------------------------------------------------------------------------------------------------------------------------------------------------------------
     1  1.000         1   1.000       2.000      5516.          6.41616048822E-04  7.96387436404E-04  7.84688469194E-04    1.24122   0.98531
     2  1.000         2   2.000       3.000      5095.          5.84354331029E-04  6.87251580670E-04  6.66664228786E-04    1.17609   0.97004
     3  1.000         3   3.000       4.000      4690.          6.11768358538E-04  6.93016455306E-04  6.62849843962E-04    1.13281   0.95647
     4  1.000         4   4.000       5.000      4349.          6.46045717859E-04  7.07553973430E-04  6.49089444229E-04    1.09521   0.91737
     5  1.000         5   5.000       6.000      4069.          6.78748841711E-04  7.21335530496E-04  6.57816726280E-04    1.06274   0.91194
     6  1.000         6   6.000       7.000      3834.          7.08524834932E-04  7.34690290344E-04  6.64819507482E-04    1.03693   0.90490
     7  1.000         7   7.000       8.000      3633.          7.35075159276E-04  7.55116526452E-04  6.97491630184E-04    1.02726   0.92369
     8  1.000         8   8.000       9.000      3462.          7.59307518129E-04  7.53313986520E-04  6.71253492749E-04    0.99211   0.89107
     9  1.000         9   9.000       10.00      3311.          7.82209106662E-04  7.76003924527E-04  6.72073346403E-04    0.99207   0.86607
    10  2.000        10   10.00       12.00      3119.          8.12294007084E-04  7.82445998140E-04  7.11057937751E-04    0.96325   0.90876
    11  2.000        11   12.00       14.00      2907.          8.48546687437E-04  7.85876677937E-04  6.69748439399E-04    0.92614   0.85223
    12  2.000        12   14.00       16.00      2731.          8.79924975351E-04  8.07890990194E-04  6.95438473585E-04    0.91814   0.86081
