 ##################################################################################
 # INFO.    [fnlo-tk-cppread] Program to read fastNLO tables and derive
 # INFO.    [fnlo-tk-cppread] QCD cross sections using PDFs e.g. from LHAPDF
 #---------------------------------------------------------------------------------
 # INFO.    [fnlo-tk-cppread] For more explanations type:
 # INFO.    [fnlo-tk-cppread] ./fnlo-tk-cppread -h
 # INFO.    [fnlo-tk-cppread] For version number printout type:
 # INFO.    [fnlo-tk-cppread] ./fnlo-tk-cppread -v
 ##################################################################################

 ##################################################################################
 # [fnlo-tk-cppread] fastNLO Cross-Section Calculator
 #---------------------------------------------------------------------------------
 # [fnlo-tk-cppread] Evaluating table: 2jet.NNLO.fnl5662j_mjj2_chi.tab.gz
 # [fnlo-tk-cppread] Using PDF set   : CT14nnlo
 # [fnlo-tk-cppread] If possible, will try to do 7 scale factor variations.
 # [fnlo-tk-cppread] Using alpha_s evolution code: LHAPDF
 # [fnlo-tk-cppread] Preparing unnormalized cross sections,
 # [fnlo-tk-cppread] Using scale definition scale2
 # [fnlo-tk-cppread] No request given for no. of flavours,
 #             using default value for LHAPDF or Nf = 5.
 # [fnlo-tk-cppread] No request given for no. of loops,
 #             using default value for LHAPDF or NLoop = 2.
 # [fnlo-tk-cppread] No request given for value of alpha_s(M_Z),
 #             using default value for LHAPDF or asMz = 0.1181.
 # [fnlo-tk-cppread] No request given for value of M_Z,
 #             using default value for LHAPDF or Mz = 91.1876.
 ##################################################################################

 ##################################################################################
 #
 # [0;31mfast[0;34mNLO[0m_toolkit
 # Version 2.3.1_2657-66-gda2fd2f1
 #
 # C++ program and toolkit to read and create fastNLO v2 tables and
 # derive QCD cross sections using PDFs, e.g. from LHAPDF
 #
 #---------------------------------------------------------------------------------
 #
 # Copyright © 2005-2019 [0;31mfast[0;34mNLO[0m Collaboration
 # D. Britzger, T. Kluge, K. Rabbertz, F. Stober, G. Sieber, M. Wobisch
 #
 # This program is free software: you can redistribute it and/or modify
 # it under the terms of the GNU General Public License as published by
 # the Free Software Foundation, either version 3 of the License, or
 # (at your option) any later version.
 #
 # This program is distributed in the hope that it will be useful,
 # but WITHOUT ANY WARRANTY; without even the implied warranty of
 # MERCHANTABILITY or FITNESS FOR A PARTICULAR PURPOSE. See the
 # GNU General Public License for more details.
 #
 # You should have received a copy of the GNU General Public License
 # along with this program. If not, see <http://www.gnu.org/licenses/>.
 #
 #---------------------------------------------------------------------------------
 #
 # The projects web page can be found at:
 #   http://projects.hepforge.org/fastnlo
 #
 # If you use this code, please cite:
 #   T. Kluge, K. Rabbertz, M. Wobisch, hep-ph/0609285
 #   D. Britzger, T. Kluge, K. Rabbertz, F. Stober, M. Wobisch, arXiv:1109.1310
 #
 ##################################################################################

 ##################################################################################
 # Overview on contribution types and numbers contained in table: 2jet.NNLO.fnl5662j_mjj2_chi.tab.gz
 #---------------------------------------------------------------------------------
 # Total number of contributions:  3
 #   No.: 1, type: Fixed order calculation       , Id: 0, order: LO                  , by: NNLOJET_rev_5088
 #   No.: 2, type: Fixed order calculation       , Id: 1, order: NLO                 , by: NNLOJET_rev_5088
 #   No.: 3, type: Fixed order calculation       , Id: 2, order: NNLO                , by: NNLOJET_rev_5088
 ##################################################################################

 ##################################################################################
 # Information on table header
 #---------------------------------------------------------------------------------
 #===================== fastNLO Table: Header ====================
 # Table version (Itabversion)         23600
 # Scenario name (ScenName)            fnl5662j
 # Theory contributions (Ncontrib)     3
 # Data contribution 0/1 (Ndata)       0
 ##################################################################################

 ##################################################################################
 # Information on fastNLO scenario: fnl5662j
 #---------------------------------------------------------------------------------
 #===================== fastNLO Table: Scenario ====================
 # Scenario description (ScDescript)
 #   0	d2sigma-dijet_dChi_dMjj_[pb_GeV]
 #   1	CMS_Collaboration
 #   2	Dijet_Chi
 #   3	anti-kT_R=0.4
 #   4	THEORY_LABEL=NNLOJET
 #   5	provided by:
 #   6	fastNLO_2.3.1
 #   7	If you use this table, please cite:
 #   8	  D. Britzger, T. Kluge, K. Rabbertz, F. Stober, M. Wobisch, arXiv:1109.1310
 #
 # Publ. x section (10^-Ipublunits b)  12
 # Centre-of-mass energy (Ecms/GeV)    13000
 # Power in a_s of LO process (ILOord) 2
 # No. of observable bins (NObsBin)    12
 # Dim. of observable binning (NDim)   1
 #
 # Dimension labels (DimLabel)
 #   0	Chi
 # Differential dimension (IDiffBin)
 #   0	2
 #
 # Total no. of contributions (theory + optional data) in this table: 3
 ##################################################################################

 ##################################################################################
 # Information on table contribution no. 0: LO
 #---------------------------------------------------------------------------------
 #===================== fastNLO Table: CoeffBase ====================
 # Contribution description (CtrbDescript)
 #   0	LO
 # Code description (CodeDescript)
 #   0	NNLOJET_rev_5088
 #   1	Example for single jet inclusive production.
 #   2	Please adapt to selected process: 2jet
 #   3	Please cite:
 #   4	Currie, J.; Glover, E.W.N. & Pires, J., Phys. Rev. Lett., 2017, 118, 072002 [arXiv:1611.01460]
 #   5	2jet
 #   6	PC: Please check and modify NNLOJET references according to selected process.
 #===================== fastNLO Table: CoeffAddBase ====================
 # No. of events (Nevt)                0.000000
 # Weight of table [=Nevt] (fWgtNevt)  0.000000
 # Number of tables merged together    150
 # No. of filled events (WgtNumEv)     86328845595
 # Sum of weights squared (WgtSumW2)   86736612000000.000000
 # Sum of sigma squared (SigSumW2)     57089.674000
 # Sum of sigma (SigSum)               7216098.600000
 # Sigma / Nevt (SigSum/WgtNevt)       3491135703757573093542001797720261671153320329216.000000
 # Abs. order in a_s (Npow)            2
 # No. of hadrons involved (NPDF)      2
 # Type(s) of hadrons (NPDFPDG)
 #   0	2212
 #   1	2212
 # PDF storage format (NPDFDim)        2
 #   --> x-interpolation storage format: Full-Matrix
 # Observable bin no. 1
 #   No. of X1 nodes (XNode1[i].size())          20
 # Observable bin no. 12
 #   No. of X1 nodes (XNode1[i].size())          20
 # No. of scales involved (NScales)    1
 # Scale descriptions (ScaleDescript)
 #   0	ptavg_j12_[GeV]
 #   1	m12_[GeV]
 # No. of subprocess contributions     13
 #ISub  Processes
 #   0: (0,0), 
 #   1: (1,0), (2,0), (3,0), (4,0), (5,0), 
 #   2: (1,-1), (2,-2), (3,-3), (4,-4), (5,-5), 
 #   3: (0,1), (0,2), (0,3), (0,4), (0,5), 
 #   4: (-1,1), (-2,2), (-3,3), (-4,4), (-5,5), 
 #   5: (0,-1), (0,-2), (0,-3), (0,-4), (0,-5), 
 #   6: (-1,0), (-2,0), (-3,0), (-4,0), (-5,0), 
 #   7: (1,-1), (1,-2), (1,-3), (1,-4), (1,-5), (2,-1), (2,-2), (2,-3), (2,-4), (2,-5), (3,-1), (3,-2), (3,-3), (3,-4), (3,-5), (4,-1), (4,-2), (4,-3), (4,-4), (4,-5), (5,-1), (5,-2), (5,-3), (5,-4), (5,-5), 
 #   8: (1,1), (1,2), (1,3), (1,4), (1,5), (2,1), (2,2), (2,3), (2,4), (2,5), (3,1), (3,2), (3,3), (3,4), (3,5), (4,1), (4,2), (4,3), (4,4), (4,5), (5,1), (5,2), (5,3), (5,4), (5,5), 
 #   9: (-1,-1), (-1,-2), (-1,-3), (-1,-4), (-1,-5), (-2,-1), (-2,-2), (-2,-3), (-2,-4), (-2,-5), (-3,-1), (-3,-2), (-3,-3), (-3,-4), (-3,-5), (-4,-1), (-4,-2), (-4,-3), (-4,-4), (-4,-5), (-5,-1), (-5,-2), (-5,-3), (-5,-4), (-5,-5), 
 #  10: (-1,1), (-1,2), (-1,3), (-1,4), (-1,5), (-2,1), (-2,2), (-2,3), (-2,4), (-2,5), (-3,1), (-3,2), (-3,3), (-3,4), (-3,5), (-4,1), (-4,2), (-4,3), (-4,4), (-4,5), (-5,1), (-5,2), (-5,3), (-5,4), (-5,5), 
 #  11: (1,1), (2,2), (3,3), (4,4), (5,5), 
 #  12: (-1,-1), (-2,-2), (-3,-3), (-4,-4), (-5,-5), 
 #===================== fastNLO Table: CoeffAddFlex ====================
 # No. of scale1 nodes (Nscalenode1)   6
 # No. of scale2 nodes (Nscalenode2)   6
 ##################################################################################

 ##################################################################################
 # Information on table contribution no. 1: NLO
 #---------------------------------------------------------------------------------
 #===================== fastNLO Table: CoeffBase ====================
 # Contribution description (CtrbDescript)
 #   0	NLO
 # Code description (CodeDescript)
 #   0	NNLOJET_rev_5088
 #   1	Example for single jet inclusive production.
 #   2	Please adapt to selected process: 2jet
 #   3	Please cite:
 #   4	Currie, J.; Glover, E.W.N. & Pires, J., Phys. Rev. Lett., 2017, 118, 072002 [arXiv:1611.01460]
 #   5	2jet
 #   6	PC: Please check and modify NNLOJET references according to selected process.
 #===================== fastNLO Table: CoeffAddBase ====================
 # No. of events (Nevt)                1.000000
 # Weight of table [=Nevt] (fWgtNevt)  1.000000
 # Number of tables merged together    500
 # No. of filled events (WgtNumEv)     700617697165
 # Sum of weights squared (WgtSumW2)   504206789999999979945459712.000000
 # Sum of sigma squared (SigSumW2)     185244040000000.000000
 # Sum of sigma (SigSum)               699936.700000
 # Sigma / Nevt (SigSum/WgtNevt)       699936.700000
 # Abs. order in a_s (Npow)            3
 # No. of hadrons involved (NPDF)      2
 # Type(s) of hadrons (NPDFPDG)
 #   0	2212
 #   1	2212
 # PDF storage format (NPDFDim)        2
 #   --> x-interpolation storage format: Full-Matrix
 # Observable bin no. 1
 #   No. of X1 nodes (XNode1[i].size())          20
 # Observable bin no. 12
 #   No. of X1 nodes (XNode1[i].size())          20
 # No. of scales involved (NScales)    1
 # Scale descriptions (ScaleDescript)
 #   0	ptavg_j12_[GeV]
 #   1	m12_[GeV]
 # No. of subprocess contributions     13
 #ISub  Processes
 #   0: (0,0), 
 #   1: (1,0), (2,0), (3,0), (4,0), (5,0), 
 #   2: (1,-1), (2,-2), (3,-3), (4,-4), (5,-5), 
 #   3: (0,1), (0,2), (0,3), (0,4), (0,5), 
 #   4: (-1,1), (-2,2), (-3,3), (-4,4), (-5,5), 
 #   5: (0,-1), (0,-2), (0,-3), (0,-4), (0,-5), 
 #   6: (-1,0), (-2,0), (-3,0), (-4,0), (-5,0), 
 #   7: (1,1), (1,2), (1,3), (1,4), (1,5), (2,1), (2,2), (2,3), (2,4), (2,5), (3,1), (3,2), (3,3), (3,4), (3,5), (4,1), (4,2), (4,3), (4,4), (4,5), (5,1), (5,2), (5,3), (5,4), (5,5), 
 #   8: (1,-1), (1,-2), (1,-3), (1,-4), (1,-5), (2,-1), (2,-2), (2,-3), (2,-4), (2,-5), (3,-1), (3,-2), (3,-3), (3,-4), (3,-5), (4,-1), (4,-2), (4,-3), (4,-4), (4,-5), (5,-1), (5,-2), (5,-3), (5,-4), (5,-5), 
 #   9: (-1,1), (-1,2), (-1,3), (-1,4), (-1,5), (-2,1), (-2,2), (-2,3), (-2,4), (-2,5), (-3,1), (-3,2), (-3,3), (-3,4), (-3,5), (-4,1), (-4,2), (-4,3), (-4,4), (-4,5), (-5,1), (-5,2), (-5,3), (-5,4), (-5,5), 
 #  10: (-1,-1), (-1,-2), (-1,-3), (-1,-4), (-1,-5), (-2,-1), (-2,-2), (-2,-3), (-2,-4), (-2,-5), (-3,-1), (-3,-2), (-3,-3), (-3,-4), (-3,-5), (-4,-1), (-4,-2), (-4,-3), (-4,-4), (-4,-5), (-5,-1), (-5,-2), (-5,-3), (-5,-4), (-5,-5), 
 #  11: (1,1), (2,2), (3,3), (4,4), (5,5), 
 #  12: (-1,-1), (-2,-2), (-3,-3), (-4,-4), (-5,-5), 
 #===================== fastNLO Table: CoeffAddFlex ====================
 # No. of scale1 nodes (Nscalenode1)   6
 # No. of scale2 nodes (Nscalenode2)   6
 ##################################################################################

 ##################################################################################
 # Information on table contribution no. 2: NNLO
 #---------------------------------------------------------------------------------
 #===================== fastNLO Table: CoeffBase ====================
 # Contribution description (CtrbDescript)
 #   0	NNLO
 # Code description (CodeDescript)
 #   0	NNLOJET_rev_5088
 #   1	Example for single jet inclusive production.
 #   2	Please adapt to selected process: 2jet
 #   3	Please cite:
 #   4	Currie, J.; Glover, E.W.N. & Pires, J., Phys. Rev. Lett., 2017, 118, 072002 [arXiv:1611.01460]
 #   5	2jet
 #   6	PC: Please check and modify NNLOJET references according to selected process.
 #===================== fastNLO Table: CoeffAddBase ====================
 # No. of events (Nevt)                1.000000
 # Weight of table [=Nevt] (fWgtNevt)  1.000000
 # Number of tables merged together    6748
 # No. of filled events (WgtNumEv)     4254944482548
 # Sum of weights squared (WgtSumW2)   3362118599999999881978718685755342848.000000
 # Sum of sigma squared (SigSumW2)     69090486000000000000.000000
 # Sum of sigma (SigSum)               -34163989.000000
 # Sigma / Nevt (SigSum/WgtNevt)       -34163989.000000
 # Abs. order in a_s (Npow)            4
 # No. of hadrons involved (NPDF)      2
 # Type(s) of hadrons (NPDFPDG)
 #   0	2212
 #   1	2212
 # PDF storage format (NPDFDim)        2
 #   --> x-interpolation storage format: Full-Matrix
 # Observable bin no. 1
 #   No. of X1 nodes (XNode1[i].size())          20
 # Observable bin no. 12
 #   No. of X1 nodes (XNode1[i].size())          20
 # No. of scales involved (NScales)    1
 # Scale descriptions (ScaleDescript)
 #   0	ptavg_j12_[GeV]
 #   1	m12_[GeV]
 # No. of subprocess contributions     13
 #ISub  Processes
 #   0: (0,0), 
 #   1: (1,0), (2,0), (3,0), (4,0), (5,0), 
 #   2: (1,-1), (2,-2), (3,-3), (4,-4), (5,-5), 
 #   3: (0,1), (0,2), (0,3), (0,4), (0,5), 
 #   4: (-1,1), (-2,2), (-3,3), (-4,4), (-5,5), 
 #   5: (0,-1), (0,-2), (0,-3), (0,-4), (0,-5), 
 #   6: (-1,0), (-2,0), (-3,0), (-4,0), (-5,0), 
 #   7: (1,1), (1,2), (1,3), (1,4), (1,5), (2,1), (2,2), (2,3), (2,4), (2,5), (3,1), (3,2), (3,3), (3,4), (3,5), (4,1), (4,2), (4,3), (4,4), (4,5), (5,1), (5,2), (5,3), (5,4), (5,5), 
 #   8: (1,-1), (1,-2), (1,-3), (1,-4), (1,-5), (2,-1), (2,-2), (2,-3), (2,-4), (2,-5), (3,-1), (3,-2), (3,-3), (3,-4), (3,-5), (4,-1), (4,-2), (4,-3), (4,-4), (4,-5), (5,-1), (5,-2), (5,-3), (5,-4), (5,-5), 
 #   9: (-1,1), (-1,2), (-1,3), (-1,4), (-1,5), (-2,1), (-2,2), (-2,3), (-2,4), (-2,5), (-3,1), (-3,2), (-3,3), (-3,4), (-3,5), (-4,1), (-4,2), (-4,3), (-4,4), (-4,5), (-5,1), (-5,2), (-5,3), (-5,4), (-5,5), 
 #  10: (-1,-1), (-1,-2), (-1,-3), (-1,-4), (-1,-5), (-2,-1), (-2,-2), (-2,-3), (-2,-4), (-2,-5), (-3,-1), (-3,-2), (-3,-3), (-3,-4), (-3,-5), (-4,-1), (-4,-2), (-4,-3), (-4,-4), (-4,-5), (-5,-1), (-5,-2), (-5,-3), (-5,-4), (-5,-5), 
 #  11: (1,1), (2,2), (3,3), (4,4), (5,5), 
 #  12: (-1,-1), (-2,-2), (-3,-3), (-4,-4), (-5,-5), 
 #===================== fastNLO Table: CoeffAddFlex ====================
 # No. of scale1 nodes (Nscalenode1)   6
 # No. of scale2 nodes (Nscalenode2)   6
 ##################################################################################
LHAPDF 6.2.1 loading /home/rabbertz/local/share/LHAPDF/CT14nnlo/CT14nnlo_0000.dat
CT14nnlo PDF set, member #0, version 1; LHAPDF ID = 13000
LHAPDF 6.2.1 loading /home/rabbertz/local/share/LHAPDF/CT14nnlo/CT14nnlo_0000.dat
CT14nnlo PDF set, member #0, version 1; LHAPDF ID = 13000

 ##################################################################################################################################################################
 # [fnlo-tk-cppread] Calculate my cross sections
 ##################################################################################################################################################################
 #=================================================================================================================================================================
 # My Cross Sections
 # The scale factors xmur, xmuf chosen here are:      1.000,      1.000
 #-----------------------------------------------------------------------------------------------------------------------------------------------------------------
 #IObs  BinSize  IODimO  [ Chi               ]  < ptavg_j12_ >  LO_cross_section   NLO_cross_section  NNLO_cross_section   KNLO      KNNLO
 #-----------------------------------------------------------------------------------------------------------------------------------------------------------------
     1  1.000         1   1.000       2.000      2086.          2.97015056326E+00  3.64555984209E+00  3.54296596898E+00    1.22740   0.97186
     2  1.000         2   2.000       3.000      2086.          2.46206677381E+00  3.03481057032E+00  2.93097997840E+00    1.23263   0.96579
     3  1.000         3   3.000       4.000      2086.          2.39746156437E+00  2.97839546385E+00  2.90388382696E+00    1.24231   0.97498
     4  1.000         4   4.000       5.000      2086.          2.39922856879E+00  2.99953351998E+00  2.88042765148E+00    1.25021   0.96029
     5  1.000         5   5.000       6.000      2087.          2.41562417043E+00  3.04095963014E+00  2.85740001363E+00    1.25887   0.93964
     6  1.000         6   6.000       7.000      2087.          2.43388514429E+00  3.07540826452E+00  3.12955321348E+00    1.26358   1.01761
     7  1.000         7   7.000       8.000      2086.          2.45093213299E+00  3.12545070503E+00  3.09952151517E+00    1.27521   0.99170
     8  1.000         8   8.000       9.000      2086.          2.46598033132E+00  3.15458837398E+00  3.04662660774E+00    1.27924   0.96578
     9  1.000         9   9.000       10.00      2087.          2.47975071419E+00  3.19310230810E+00  3.13338859769E+00    1.28767   0.98130
    10  2.000        10   10.00       12.00      2087.          2.49759391983E+00  3.23667285582E+00  3.18270343267E+00    1.29592   0.98333
    11  2.000        11   12.00       14.00      2086.          2.51590462603E+00  3.29071305352E+00  3.29247267185E+00    1.30796   1.00053
    12  2.000        12   14.00       16.00      2086.          2.53192778307E+00  3.34578980554E+00  3.32819935618E+00    1.32144   0.99474
 #=================================================================================================================================================================
 # My Cross Sections
 # The scale factors xmur, xmuf chosen here are:      0.500,      0.500
 #-----------------------------------------------------------------------------------------------------------------------------------------------------------------
 #IObs  BinSize  IODimO  [ Chi               ]  < ptavg_j12_ >  LO_cross_section   NLO_cross_section  NNLO_cross_section   KNLO      KNNLO
 #-----------------------------------------------------------------------------------------------------------------------------------------------------------------
     1  1.000         1   1.000       2.000      1043.          3.83488078282E+00  3.77080123404E+00  3.45080715131E+00    0.98329   0.91514
     2  1.000         2   2.000       3.000      1043.          3.17511052046E+00  3.14609534544E+00  2.84372924138E+00    0.99086   0.90389
     3  1.000         3   3.000       4.000      1043.          3.08954724249E+00  3.09744116400E+00  2.82965762609E+00    1.00256   0.91355
     4  1.000         4   4.000       5.000      1043.          3.09053854828E+00  3.12700356936E+00  2.78903831291E+00    1.01180   0.89192
     5  1.000         5   5.000       6.000      1043.          3.11084512837E+00  3.17801251663E+00  2.73478725760E+00    1.02159   0.86053
     6  1.000         6   6.000       7.000      1043.          3.13381295505E+00  3.21859646983E+00  3.11149270292E+00    1.02705   0.96672
     7  1.000         7   7.000       8.000      1043.          3.15536490317E+00  3.28112265022E+00  3.05533986393E+00    1.03986   0.93119
     8  1.000         8   8.000       9.000      1043.          3.17444397757E+00  3.31533703611E+00  2.93236954121E+00    1.04438   0.88449
     9  1.000         9   9.000       10.00      1043.          3.19194809674E+00  3.36308516532E+00  3.06412764892E+00    1.05362   0.91111
    10  2.000        10   10.00       12.00      1043.          3.21466073610E+00  3.41629928522E+00  3.09966640842E+00    1.06272   0.90732
    11  2.000        11   12.00       14.00      1043.          3.23798787392E+00  3.48304524360E+00  3.23584612021E+00    1.07568   0.92903
    12  2.000        12   14.00       16.00      1043.          3.25841050852E+00  3.55252898077E+00  3.26831988453E+00    1.09026   0.92000
 #=================================================================================================================================================================
 # My Cross Sections
 # The scale factors xmur, xmuf chosen here are:      2.000,      2.000
 #-----------------------------------------------------------------------------------------------------------------------------------------------------------------
 #IObs  BinSize  IODimO  [ Chi               ]  < ptavg_j12_ >  LO_cross_section   NLO_cross_section  NNLO_cross_section   KNLO      KNNLO
 #-----------------------------------------------------------------------------------------------------------------------------------------------------------------
     1  1.000         1   1.000       2.000      4172.          2.34062060737E+00  3.37067977163E+00  3.54233218082E+00    1.44008   1.05093
     2  1.000         2   2.000       3.000      4172.          1.94235214425E+00  2.80345103068E+00  2.93440678089E+00    1.44333   1.04671
     3  1.000         3   3.000       4.000      4172.          1.89265762762E+00  2.74683038059E+00  2.89707938035E+00    1.45131   1.05470
     4  1.000         4   4.000       5.000      4172.          1.89478227422E+00  2.76270276405E+00  2.88308974311E+00    1.45806   1.04358
     5  1.000         5   5.000       6.000      4173.          1.90819127359E+00  2.79694768048E+00  2.87729656707E+00    1.46576   1.02873
     6  1.000         6   6.000       7.000      4173.          1.92292721436E+00  2.82635733825E+00  3.07972798922E+00    1.46982   1.08965
     7  1.000         7   7.000       8.000      4173.          1.93662080984E+00  2.86706341250E+00  3.06534764994E+00    1.48045   1.06916
     8  1.000         8   8.000       9.000      4172.          1.94867820699E+00  2.89193757793E+00  3.05055459292E+00    1.48405   1.05485
     9  1.000         9   9.000       10.00      4173.          1.95968696737E+00  2.92343431586E+00  3.11022920497E+00    1.49179   1.06390
    10  2.000        10   10.00       12.00      4173.          1.97393288581E+00  2.95949296664E+00  3.16327654046E+00    1.49929   1.06886
    11  2.000        11   12.00       14.00      4173.          1.98854103037E+00  3.00379843561E+00  3.25278808292E+00    1.51055   1.08289
    12  2.000        12   14.00       16.00      4173.          2.00131854024E+00  3.04814165572E+00  3.28867919254E+00    1.52307   1.07891
 #=================================================================================================================================================================
 # My Cross Sections
 # The scale factors xmur, xmuf chosen here are:      0.500,      1.000
 #-----------------------------------------------------------------------------------------------------------------------------------------------------------------
 #IObs  BinSize  IODimO  [ Chi               ]  < ptavg_j12_ >  LO_cross_section   NLO_cross_section  NNLO_cross_section   KNLO      KNNLO
 #-----------------------------------------------------------------------------------------------------------------------------------------------------------------
     1  1.000         1   1.000       2.000      1043.          3.43645099518E+00  3.77446639592E+00  3.48501265012E+00    1.09836   0.92331
     2  1.000         2   2.000       3.000      1043.          2.84859306209E+00  3.14486905783E+00  2.87536725900E+00    1.10401   0.91430
     3  1.000         3   3.000       4.000      1043.          2.77384083998E+00  3.09125646476E+00  2.85805988864E+00    1.11443   0.92456
     4  1.000         4   4.000       5.000      1043.          2.77588291140E+00  3.11706481528E+00  2.82345334558E+00    1.12291   0.90581
     5  1.000         5   5.000       6.000      1043.          2.79485086084E+00  3.16429261834E+00  2.77969537471E+00    1.13219   0.87846
     6  1.000         6   6.000       7.000      1043.          2.81597739245E+00  3.20266031301E+00  3.12231439498E+00    1.13732   0.97491
     7  1.000         7   7.000       8.000      1043.          2.83569969521E+00  3.26055847022E+00  3.07895786690E+00    1.14983   0.94430
     8  1.000         8   8.000       9.000      1043.          2.85310971278E+00  3.29297137108E+00  2.97609723046E+00    1.15417   0.90377
     9  1.000         9   9.000       10.00      1043.          2.86904144276E+00  3.33742877650E+00  3.09321800197E+00    1.16326   0.92683
    10  2.000        10   10.00       12.00      1043.          2.88968533897E+00  3.38710779756E+00  3.13423812210E+00    1.17214   0.92534
    11  2.000        11   12.00       14.00      1043.          2.91086945575E+00  3.44928200261E+00  3.25932741958E+00    1.18497   0.94493
    12  2.000        12   14.00       16.00      1043.          2.92940785839E+00  3.51363345424E+00  3.29871666543E+00    1.19943   0.93883
 #=================================================================================================================================================================
 # My Cross Sections
 # The scale factors xmur, xmuf chosen here are:      1.000,      0.500
 #-----------------------------------------------------------------------------------------------------------------------------------------------------------------
 #IObs  BinSize  IODimO  [ Chi               ]  < ptavg_j12_ >  LO_cross_section   NLO_cross_section  NNLO_cross_section   KNLO      KNNLO
 #-----------------------------------------------------------------------------------------------------------------------------------------------------------------
     1  1.000         1   1.000       2.000      2086.          3.31452658785E+00  3.71363655664E+00  3.52342843280E+00    1.12041   0.94878
     2  1.000         2   2.000       3.000      2086.          2.74428730872E+00  3.09399322009E+00  2.91373457255E+00    1.12743   0.94174
     3  1.000         3   3.000       4.000      2086.          2.67033815982E+00  3.03963362926E+00  2.89024019602E+00    1.13830   0.95085
     4  1.000         4   4.000       5.000      2086.          2.67119717899E+00  3.06360504103E+00  2.86282496033E+00    1.14690   0.93446
     5  1.000         5   5.000       6.000      2087.          2.68874995845E+00  3.10831926732E+00  2.83279369349E+00    1.15605   0.91136
     6  1.000         6   6.000       7.000      2087.          2.70860255452E+00  3.14486072207E+00  3.13188031769E+00    1.16106   0.99587
     7  1.000         7   7.000       8.000      2087.          2.72723105884E+00  3.19894593695E+00  3.09203522874E+00    1.17296   0.96658
     8  1.000         8   8.000       9.000      2086.          2.74372194878E+00  3.22983049707E+00  3.02643000536E+00    1.17717   0.93702
     9  1.000         9   9.000       10.00      2087.          2.75885144411E+00  3.27126301527E+00  3.12372478100E+00    1.18573   0.95490
    10  2.000        10   10.00       12.00      2087.          2.77848278963E+00  3.31803866437E+00  3.17049804183E+00    1.19419   0.95553
    11  2.000        11   12.00       14.00      2087.          2.79864589937E+00  3.37616670505E+00  3.29005888415E+00    1.20636   0.97450
    12  2.000        12   14.00       16.00      2087.          2.81629768704E+00  3.43571456939E+00  3.32073220367E+00    1.21994   0.96653
 #=================================================================================================================================================================
 # My Cross Sections
 # The scale factors xmur, xmuf chosen here are:      1.000,      2.000
 #-----------------------------------------------------------------------------------------------------------------------------------------------------------------
 #IObs  BinSize  IODimO  [ Chi               ]  < ptavg_j12_ >  LO_cross_section   NLO_cross_section  NNLO_cross_section   KNLO      KNNLO
 #-----------------------------------------------------------------------------------------------------------------------------------------------------------------
     1  1.000         1   1.000       2.000      2086.          2.68046953408E+00  3.57839993195E+00  3.56017359584E+00    1.33499   0.99491
     2  1.000         2   2.000       3.000      2086.          2.22436914372E+00  2.97728848874E+00  2.94604348994E+00    1.33849   0.98951
     3  1.000         3   3.000       4.000      2086.          2.16745627467E+00  2.91963446023E+00  2.91579302760E+00    1.34703   0.99868
     4  1.000         4   4.000       5.000      2086.          2.16988782118E+00  2.93855175707E+00  2.89560719785E+00    1.35424   0.98539
     5  1.000         5   5.000       6.000      2086.          2.18524260393E+00  2.97726965467E+00  2.87831280373E+00    1.36244   0.96676
     6  1.000         6   6.000       7.000      2086.          2.20211724048E+00  3.00996743986E+00  3.12804207865E+00    1.36685   1.03923
     7  1.000         7   7.000       8.000      2086.          2.21779842413E+00  3.05661584611E+00  3.10591040710E+00    1.37822   1.01613
     8  1.000         8   8.000       9.000      2086.          2.23160605451E+00  3.08426506203E+00  3.06362826812E+00    1.38208   0.99331
     9  1.000         9   9.000       10.00      2086.          2.24421286294E+00  3.12031161604E+00  3.14166632114E+00    1.39038   1.00684
    10  2.000        10   10.00       12.00      2086.          2.26052681763E+00  3.16116520860E+00  3.19292012561E+00    1.39842   1.01005
    11  2.000        11   12.00       14.00      2086.          2.27725513426E+00  3.21173728880E+00  3.29456536084E+00    1.41035   1.02579
    12  2.000        12   14.00       16.00      2086.          2.29188766526E+00  3.26301012171E+00  3.33432318684E+00    1.42372   1.02185
 #=================================================================================================================================================================
 # My Cross Sections
 # The scale factors xmur, xmuf chosen here are:      2.000,      1.000
 #-----------------------------------------------------------------------------------------------------------------------------------------------------------------
 #IObs  BinSize  IODimO  [ Chi               ]  < ptavg_j12_ >  LO_cross_section   NLO_cross_section  NNLO_cross_section   KNLO      KNNLO
 #-----------------------------------------------------------------------------------------------------------------------------------------------------------------
     1  1.000         1   1.000       2.000      4172.          2.59358002677E+00  3.47419168375E+00  3.54769314360E+00    1.33954   1.02116
     2  1.000         2   2.000       3.000      4173.          2.14991832959E+00  2.89035364734E+00  2.93889170838E+00    1.34440   1.01679
     3  1.000         3   3.000       4.000      4173.          2.09350686169E+00  2.83344943154E+00  2.90426529228E+00    1.35345   1.02499
     4  1.000         4   4.000       5.000      4173.          2.09505135215E+00  2.85102510166E+00  2.88804821335E+00    1.36084   1.01299
     5  1.000         5   5.000       6.000      4173.          2.10936933020E+00  2.88766251855E+00  2.87843794311E+00    1.36897   0.99681
     6  1.000         6   6.000       7.000      4173.          2.12531595144E+00  2.91872278682E+00  3.09895326764E+00    1.37331   1.06175
     7  1.000         7   7.000       8.000      4173.          2.14020227401E+00  2.96242675491E+00  3.07844257998E+00    1.38418   1.03916
     8  1.000         8   8.000       9.000      4173.          2.15334302222E+00  2.98872517017E+00  3.05710372570E+00    1.38795   1.02288
     9  1.000         9   9.000       10.00      4173.          2.16536788563E+00  3.02242673093E+00  3.12320888932E+00    1.39580   1.03334
    10  2.000        10   10.00       12.00      4173.          2.18094923483E+00  3.06095671859E+00  3.17585736353E+00    1.40350   1.03754
    11  2.000        11   12.00       14.00      4173.          2.19693925275E+00  3.10838057042E+00  3.27257635512E+00    1.41487   1.05282
    12  2.000        12   14.00       16.00      4173.          2.21093112289E+00  3.15606905537E+00  3.30555979704E+00    1.42748   1.04737
