 ##################################################################################
 # INFO.    [fnlo-tk-cppread] Program to read fastNLO tables and derive
 # INFO.    [fnlo-tk-cppread] QCD cross sections using PDFs e.g. from LHAPDF
 #---------------------------------------------------------------------------------
 # INFO.    [fnlo-tk-cppread] For more explanations type:
 # INFO.    [fnlo-tk-cppread] ./fnlo-tk-cppread -h
 # INFO.    [fnlo-tk-cppread] For version number printout type:
 # INFO.    [fnlo-tk-cppread] ./fnlo-tk-cppread -v
 ##################################################################################

 ##################################################################################
 # [fnlo-tk-cppread] fastNLO Cross-Section Calculator
 #---------------------------------------------------------------------------------
 # [fnlo-tk-cppread] Evaluating table: 2jet.NNLO.fnl5662j_mjj6_chi.tab.gz
 # [fnlo-tk-cppread] Using PDF set   : CT14nnlo
 # [fnlo-tk-cppread] If possible, will try to do 7 scale factor variations.
 # [fnlo-tk-cppread] Using alpha_s evolution code: LHAPDF
 # [fnlo-tk-cppread] Preparing unnormalized cross sections,
 # [fnlo-tk-cppread] Using scale definition scale2
 # [fnlo-tk-cppread] No request given for no. of flavours,
 #             using default value for LHAPDF or Nf = 5.
 # [fnlo-tk-cppread] No request given for no. of loops,
 #             using default value for LHAPDF or NLoop = 2.
 # [fnlo-tk-cppread] No request given for value of alpha_s(M_Z),
 #             using default value for LHAPDF or asMz = 0.1181.
 # [fnlo-tk-cppread] No request given for value of M_Z,
 #             using default value for LHAPDF or Mz = 91.1876.
 ##################################################################################

 ##################################################################################
 #
 # [0;31mfast[0;34mNLO[0m_toolkit
 # Version 2.3.1_2657-32-g0bd1223
 #
 # C++ program and toolkit to read and create fastNLO v2 tables and
 # derive QCD cross sections using PDFs, e.g. from LHAPDF
 #
 #---------------------------------------------------------------------------------
 #
 # Copyright © 2005-2019 [0;31mfast[0;34mNLO[0m Collaboration
 # D. Britzger, T. Kluge, K. Rabbertz, F. Stober, G. Sieber, M. Wobisch
 #
 # This program is free software: you can redistribute it and/or modify
 # it under the terms of the GNU General Public License as published by
 # the Free Software Foundation, either version 3 of the License, or
 # (at your option) any later version.
 #
 # This program is distributed in the hope that it will be useful,
 # but WITHOUT ANY WARRANTY; without even the implied warranty of
 # MERCHANTABILITY or FITNESS FOR A PARTICULAR PURPOSE. See the
 # GNU General Public License for more details.
 #
 # You should have received a copy of the GNU General Public License
 # along with this program. If not, see <http://www.gnu.org/licenses/>.
 #
 #---------------------------------------------------------------------------------
 #
 # The projects web page can be found at:
 #   http://projects.hepforge.org/fastnlo
 #
 # If you use this code, please cite:
 #   T. Kluge, K. Rabbertz, M. Wobisch, hep-ph/0609285
 #   D. Britzger, T. Kluge, K. Rabbertz, F. Stober, M. Wobisch, arXiv:1109.1310
 #
 ##################################################################################

 ##################################################################################
 # Overview on contribution types and numbers contained in table: 2jet.NNLO.fnl5662j_mjj6_chi.tab.gz
 #---------------------------------------------------------------------------------
 # Total number of contributions:  3
 #   No.: 1, type: Fixed order calculation       , Id: 0, order: LO                  , by: NNLOJET_rev_5088
 #   No.: 2, type: Fixed order calculation       , Id: 1, order: NLO                 , by: NNLOJET_rev_5088
 #   No.: 3, type: Fixed order calculation       , Id: 2, order: NNLO                , by: NNLOJET_rev_5088
 ##################################################################################

 ##################################################################################
 # Information on table header
 #---------------------------------------------------------------------------------
 #===================== fastNLO Table: Header ====================
 # Table version (Itabversion)         23600
 # Scenario name (ScenName)            fnl5662j
 # Theory contributions (Ncontrib)     3
 # Data contribution 0/1 (Ndata)       0
 ##################################################################################

 ##################################################################################
 # Information on fastNLO scenario: fnl5662j
 #---------------------------------------------------------------------------------
 #===================== fastNLO Table: Scenario ====================
 # Scenario description (ScDescript)
 #   0	d2sigma-dijet_dChi_dMjj_[pb_GeV]
 #   1	CMS_Collaboration
 #   2	Dijet_Chi
 #   3	anti-kT_R=0.4
 #   4	THEORY_LABEL=NNLOJET
 #   5	provided by:
 #   6	fastNLO_2.3.1
 #   7	If you use this table, please cite:
 #   8	  D. Britzger, T. Kluge, K. Rabbertz, F. Stober, M. Wobisch, arXiv:1109.1310
 #
 # Publ. x section (10^-Ipublunits b)  12
 # Centre-of-mass energy (Ecms/GeV)    13000
 # Power in a_s of LO process (ILOord) 2
 # No. of observable bins (NObsBin)    12
 # Dim. of observable binning (NDim)   1
 #
 # Dimension labels (DimLabel)
 #   0	Chi
 # Differential dimension (IDiffBin)
 #   0	2
 #
 # Total no. of contributions (theory + optional data) in this table: 3
 ##################################################################################

 ##################################################################################
 # Information on table contribution no. 0: LO
 #---------------------------------------------------------------------------------
 #===================== fastNLO Table: CoeffBase ====================
 # Contribution description (CtrbDescript)
 #   0	LO
 # Code description (CodeDescript)
 #   0	NNLOJET_rev_5088
 #   1	Example for single jet inclusive production.
 #   2	Please adapt to selected process: 2jet
 #   3	Please cite:
 #   4	Currie, J.; Glover, E.W.N. & Pires, J., Phys. Rev. Lett., 2017, 118, 072002 [arXiv:1611.01460]
 #   5	2jet
 #   6	PC: Please check and modify NNLOJET references according to selected process.
 #===================== fastNLO Table: CoeffAddBase ====================
 # No. of events (Nevt)                0.000000
 # Weight of table [=Nevt] (fWgtNevt)  0.000000
 # Number of tables merged together    100
 # No. of filled events (WgtNumEv)     15530258868
 # Sum of weights squared (WgtSumW2)   12757799000000.000000
 # Sum of sigma squared (SigSumW2)     1.332998
 # Sum of sigma (SigSum)               13621.059000
 # Sigma / Nevt (SigSum/WgtNevt)       13179576147982940136921774964482141673203171328.000000
 # Abs. order in a_s (Npow)            2
 # No. of hadrons involved (NPDF)      2
 # Type(s) of hadrons (NPDFPDG)
 #   0	2212
 #   1	2212
 # PDF storage format (NPDFDim)        2
 #   --> x-interpolation storage format: Full-Matrix
 # Observable bin no. 1
 #   No. of X1 nodes (XNode1[i].size())          20
 # Observable bin no. 12
 #   No. of X1 nodes (XNode1[i].size())          20
 # No. of scales involved (NScales)    1
 # Scale descriptions (ScaleDescript)
 #   0	ptavg_j12_[GeV]
 #   1	m12_[GeV]
 # No. of subprocess contributions     13
 #ISub  Processes
 #   0: (0,0), 
 #   1: (1,0), (2,0), (3,0), (4,0), (5,0), 
 #   2: (1,-1), (2,-2), (3,-3), (4,-4), (5,-5), 
 #   3: (0,1), (0,2), (0,3), (0,4), (0,5), 
 #   4: (-1,1), (-2,2), (-3,3), (-4,4), (-5,5), 
 #   5: (0,-1), (0,-2), (0,-3), (0,-4), (0,-5), 
 #   6: (-1,0), (-2,0), (-3,0), (-4,0), (-5,0), 
 #   7: (1,-1), (1,-2), (1,-3), (1,-4), (1,-5), (2,-1), (2,-2), (2,-3), (2,-4), (2,-5), (3,-1), (3,-2), (3,-3), (3,-4), (3,-5), (4,-1), (4,-2), (4,-3), (4,-4), (4,-5), (5,-1), (5,-2), (5,-3), (5,-4), (5,-5), 
 #   8: (1,1), (1,2), (1,3), (1,4), (1,5), (2,1), (2,2), (2,3), (2,4), (2,5), (3,1), (3,2), (3,3), (3,4), (3,5), (4,1), (4,2), (4,3), (4,4), (4,5), (5,1), (5,2), (5,3), (5,4), (5,5), 
 #   9: (-1,-1), (-1,-2), (-1,-3), (-1,-4), (-1,-5), (-2,-1), (-2,-2), (-2,-3), (-2,-4), (-2,-5), (-3,-1), (-3,-2), (-3,-3), (-3,-4), (-3,-5), (-4,-1), (-4,-2), (-4,-3), (-4,-4), (-4,-5), (-5,-1), (-5,-2), (-5,-3), (-5,-4), (-5,-5), 
 #  10: (-1,1), (-1,2), (-1,3), (-1,4), (-1,5), (-2,1), (-2,2), (-2,3), (-2,4), (-2,5), (-3,1), (-3,2), (-3,3), (-3,4), (-3,5), (-4,1), (-4,2), (-4,3), (-4,4), (-4,5), (-5,1), (-5,2), (-5,3), (-5,4), (-5,5), 
 #  11: (1,1), (2,2), (3,3), (4,4), (5,5), 
 #  12: (-1,-1), (-2,-2), (-3,-3), (-4,-4), (-5,-5), 
 #===================== fastNLO Table: CoeffAddFlex ====================
 # No. of scale1 nodes (Nscalenode1)   6
 # No. of scale2 nodes (Nscalenode2)   6
 ##################################################################################

 ##################################################################################
 # Information on table contribution no. 1: NLO
 #---------------------------------------------------------------------------------
 #===================== fastNLO Table: CoeffBase ====================
 # Contribution description (CtrbDescript)
 #   0	NLO
 # Code description (CodeDescript)
 #   0	NNLOJET_rev_5088
 #   1	Example for single jet inclusive production.
 #   2	Please adapt to selected process: 2jet
 #   3	Please cite:
 #   4	Currie, J.; Glover, E.W.N. & Pires, J., Phys. Rev. Lett., 2017, 118, 072002 [arXiv:1611.01460]
 #   5	2jet
 #   6	PC: Please check and modify NNLOJET references according to selected process.
 #===================== fastNLO Table: CoeffAddBase ====================
 # No. of events (Nevt)                1.000000
 # Weight of table [=Nevt] (fWgtNevt)  1.000000
 # Number of tables merged together    200
 # No. of filled events (WgtNumEv)     49744950754
 # Sum of weights squared (WgtSumW2)   6366200899999999484493824.000000
 # Sum of sigma squared (SigSumW2)     867765430.000000
 # Sum of sigma (SigSum)               1835.000300
 # Sigma / Nevt (SigSum/WgtNevt)       1835.000300
 # Abs. order in a_s (Npow)            3
 # No. of hadrons involved (NPDF)      2
 # Type(s) of hadrons (NPDFPDG)
 #   0	2212
 #   1	2212
 # PDF storage format (NPDFDim)        2
 #   --> x-interpolation storage format: Full-Matrix
 # Observable bin no. 1
 #   No. of X1 nodes (XNode1[i].size())          20
 # Observable bin no. 12
 #   No. of X1 nodes (XNode1[i].size())          20
 # No. of scales involved (NScales)    1
 # Scale descriptions (ScaleDescript)
 #   0	ptavg_j12_[GeV]
 #   1	m12_[GeV]
 # No. of subprocess contributions     13
 #ISub  Processes
 #   0: (0,0), 
 #   1: (1,0), (2,0), (3,0), (4,0), (5,0), 
 #   2: (1,-1), (2,-2), (3,-3), (4,-4), (5,-5), 
 #   3: (0,1), (0,2), (0,3), (0,4), (0,5), 
 #   4: (-1,1), (-2,2), (-3,3), (-4,4), (-5,5), 
 #   5: (0,-1), (0,-2), (0,-3), (0,-4), (0,-5), 
 #   6: (-1,0), (-2,0), (-3,0), (-4,0), (-5,0), 
 #   7: (1,1), (1,2), (1,3), (1,4), (1,5), (2,1), (2,2), (2,3), (2,4), (2,5), (3,1), (3,2), (3,3), (3,4), (3,5), (4,1), (4,2), (4,3), (4,4), (4,5), (5,1), (5,2), (5,3), (5,4), (5,5), 
 #   8: (1,-1), (1,-2), (1,-3), (1,-4), (1,-5), (2,-1), (2,-2), (2,-3), (2,-4), (2,-5), (3,-1), (3,-2), (3,-3), (3,-4), (3,-5), (4,-1), (4,-2), (4,-3), (4,-4), (4,-5), (5,-1), (5,-2), (5,-3), (5,-4), (5,-5), 
 #   9: (-1,1), (-1,2), (-1,3), (-1,4), (-1,5), (-2,1), (-2,2), (-2,3), (-2,4), (-2,5), (-3,1), (-3,2), (-3,3), (-3,4), (-3,5), (-4,1), (-4,2), (-4,3), (-4,4), (-4,5), (-5,1), (-5,2), (-5,3), (-5,4), (-5,5), 
 #  10: (-1,-1), (-1,-2), (-1,-3), (-1,-4), (-1,-5), (-2,-1), (-2,-2), (-2,-3), (-2,-4), (-2,-5), (-3,-1), (-3,-2), (-3,-3), (-3,-4), (-3,-5), (-4,-1), (-4,-2), (-4,-3), (-4,-4), (-4,-5), (-5,-1), (-5,-2), (-5,-3), (-5,-4), (-5,-5), 
 #  11: (1,1), (2,2), (3,3), (4,4), (5,5), 
 #  12: (-1,-1), (-2,-2), (-3,-3), (-4,-4), (-5,-5), 
 #===================== fastNLO Table: CoeffAddFlex ====================
 # No. of scale1 nodes (Nscalenode1)   6
 # No. of scale2 nodes (Nscalenode2)   6
 ##################################################################################

 ##################################################################################
 # Information on table contribution no. 2: NNLO
 #---------------------------------------------------------------------------------
 #===================== fastNLO Table: CoeffBase ====================
 # Contribution description (CtrbDescript)
 #   0	NNLO
 # Code description (CodeDescript)
 #   0	NNLOJET_rev_5088
 #   1	Example for single jet inclusive production.
 #   2	Please adapt to selected process: 2jet
 #   3	Please cite:
 #   4	Currie, J.; Glover, E.W.N. & Pires, J., Phys. Rev. Lett., 2017, 118, 072002 [arXiv:1611.01460]
 #   5	2jet
 #   6	PC: Please check and modify NNLOJET references according to selected process.
 #===================== fastNLO Table: CoeffAddBase ====================
 # No. of events (Nevt)                1.000000
 # Weight of table [=Nevt] (fWgtNevt)  1.000000
 # Number of tables merged together    396
 # No. of filled events (WgtNumEv)     34637639372
 # Sum of weights squared (WgtSumW2)   760055610000000021908054899425280.000000
 # Sum of sigma squared (SigSumW2)     6653146900000.000000
 # Sum of sigma (SigSum)               -400.008460
 # Sigma / Nevt (SigSum/WgtNevt)       -400.008460
 # Abs. order in a_s (Npow)            4
 # No. of hadrons involved (NPDF)      2
 # Type(s) of hadrons (NPDFPDG)
 #   0	2212
 #   1	2212
 # PDF storage format (NPDFDim)        2
 #   --> x-interpolation storage format: Full-Matrix
 # Observable bin no. 1
 #   No. of X1 nodes (XNode1[i].size())          20
 # Observable bin no. 12
 #   No. of X1 nodes (XNode1[i].size())          20
 # No. of scales involved (NScales)    1
 # Scale descriptions (ScaleDescript)
 #   0	ptavg_j12_[GeV]
 #   1	m12_[GeV]
 # No. of subprocess contributions     13
 #ISub  Processes
 #   0: (0,0), 
 #   1: (1,0), (2,0), (3,0), (4,0), (5,0), 
 #   2: (1,-1), (2,-2), (3,-3), (4,-4), (5,-5), 
 #   3: (0,1), (0,2), (0,3), (0,4), (0,5), 
 #   4: (-1,1), (-2,2), (-3,3), (-4,4), (-5,5), 
 #   5: (0,-1), (0,-2), (0,-3), (0,-4), (0,-5), 
 #   6: (-1,0), (-2,0), (-3,0), (-4,0), (-5,0), 
 #   7: (1,1), (1,2), (1,3), (1,4), (1,5), (2,1), (2,2), (2,3), (2,4), (2,5), (3,1), (3,2), (3,3), (3,4), (3,5), (4,1), (4,2), (4,3), (4,4), (4,5), (5,1), (5,2), (5,3), (5,4), (5,5), 
 #   8: (1,-1), (1,-2), (1,-3), (1,-4), (1,-5), (2,-1), (2,-2), (2,-3), (2,-4), (2,-5), (3,-1), (3,-2), (3,-3), (3,-4), (3,-5), (4,-1), (4,-2), (4,-3), (4,-4), (4,-5), (5,-1), (5,-2), (5,-3), (5,-4), (5,-5), 
 #   9: (-1,1), (-1,2), (-1,3), (-1,4), (-1,5), (-2,1), (-2,2), (-2,3), (-2,4), (-2,5), (-3,1), (-3,2), (-3,3), (-3,4), (-3,5), (-4,1), (-4,2), (-4,3), (-4,4), (-4,5), (-5,1), (-5,2), (-5,3), (-5,4), (-5,5), 
 #  10: (-1,-1), (-1,-2), (-1,-3), (-1,-4), (-1,-5), (-2,-1), (-2,-2), (-2,-3), (-2,-4), (-2,-5), (-3,-1), (-3,-2), (-3,-3), (-3,-4), (-3,-5), (-4,-1), (-4,-2), (-4,-3), (-4,-4), (-4,-5), (-5,-1), (-5,-2), (-5,-3), (-5,-4), (-5,-5), 
 #  11: (1,1), (2,2), (3,3), (4,4), (5,5), 
 #  12: (-1,-1), (-2,-2), (-3,-3), (-4,-4), (-5,-5), 
 #===================== fastNLO Table: CoeffAddFlex ====================
 # No. of scale1 nodes (Nscalenode1)   6
 # No. of scale2 nodes (Nscalenode2)   6
 ##################################################################################
LHAPDF 6.2.1 loading /home/rabbertz/local.lx25/share/LHAPDF/CT14nnlo/CT14nnlo_0000.dat
CT14nnlo PDF set, member #0, version 1; LHAPDF ID = 13000
LHAPDF 6.2.1 loading /home/rabbertz/local.lx25/share/LHAPDF/CT14nnlo/CT14nnlo_0000.dat
CT14nnlo PDF set, member #0, version 1; LHAPDF ID = 13000

 ##################################################################################################################################################################
 # [fnlo-tk-cppread] Calculate my cross sections
 ##################################################################################################################################################################
 #=================================================================================================================================================================
 # My Cross Sections
 # The scale factors xmur, xmuf chosen here are:      1.000,      1.000
 #-----------------------------------------------------------------------------------------------------------------------------------------------------------------
 #IObs  BinSize  IODimO  [ Chi               ]  < ptavg_j12_ >  LO_cross_section   NLO_cross_section  NNLO_cross_section   KNLO      KNNLO
 #-----------------------------------------------------------------------------------------------------------------------------------------------------------------
     1  1.000         1   1.000       2.000      4435.          7.80102999370E-03  1.04614140731E-02  1.06246647021E-02    1.34103   1.01561
     2  1.000         2   2.000       3.000      4435.          6.74519637882E-03  8.93838545769E-03  8.90045193384E-03    1.32515   0.99576
     3  1.000         3   3.000       4.000      4435.          6.74181546892E-03  8.89136066860E-03  8.99742016764E-03    1.31884   1.01193
     4  1.000         4   4.000       5.000      4435.          6.84932840640E-03  8.99679347760E-03  8.63479790053E-03    1.31353   0.95976
     5  1.000         5   5.000       6.000      4435.          6.96220798019E-03  9.19186202217E-03  9.62436910503E-03    1.32025   1.04705
     6  1.000         6   6.000       7.000      4435.          7.06031170929E-03  9.33722363853E-03  9.40447497258E-03    1.32249   1.00720
     7  1.000         7   7.000       8.000      4436.          7.14467735752E-03  9.41661103584E-03  9.30277382433E-03    1.31799   0.98791
     8  1.000         8   8.000       9.000      4434.          7.21859708021E-03  9.62360466850E-03  1.01547987837E-02    1.33317   1.05520
     9  1.000         9   9.000       10.00      4435.          7.27444615761E-03  9.70224414165E-03  9.19183455036E-03    1.33374   0.94739
    10  2.000        10   10.00       12.00      4434.          7.34947949405E-03  9.88545001862E-03  9.48230527236E-03    1.34505   0.95922
    11  2.000        11   12.00       14.00      4436.          7.42491296439E-03  9.98145074258E-03  1.10864716807E-02    1.34432   1.11071
    12  2.000        12   14.00       16.00      4436.          7.47941395984E-03  1.00645313751E-02  1.00249842059E-02    1.34563   0.99607
 #=================================================================================================================================================================
 # My Cross Sections
 # The scale factors xmur, xmuf chosen here are:      0.500,      0.500
 #-----------------------------------------------------------------------------------------------------------------------------------------------------------------
 #IObs  BinSize  IODimO  [ Chi               ]  < ptavg_j12_ >  LO_cross_section   NLO_cross_section  NNLO_cross_section   KNLO      KNNLO
 #-----------------------------------------------------------------------------------------------------------------------------------------------------------------
     1  1.000         1   1.000       2.000      2218.          1.03520697613E-02  1.11522059845E-02  1.04223956217E-02    1.07729   0.93456
     2  1.000         2   2.000       3.000      2218.          8.93682131880E-03  9.49955355012E-03  8.64506929980E-03    1.06297   0.91005
     3  1.000         3   3.000       4.000      2218.          8.92397960841E-03  9.44258404151E-03  8.82211349977E-03    1.05811   0.93429
     4  1.000         4   4.000       5.000      2218.          9.06147850737E-03  9.54384114449E-03  8.53590312352E-03    1.05323   0.89439
     5  1.000         5   5.000       6.000      2218.          9.20778010746E-03  9.77282105206E-03  9.78747850836E-03    1.06137   1.00150
     6  1.000         6   6.000       7.000      2217.          9.33545401430E-03  9.93493591847E-03  9.04242462592E-03    1.06422   0.91016
     7  1.000         7   7.000       8.000      2218.          9.44544901024E-03  1.00154099437E-02  8.99000823985E-03    1.06034   0.89762
     8  1.000         8   8.000       9.000      2217.          9.54210011433E-03  1.02704608425E-02  1.00354672353E-02    1.07633   0.97712
     9  1.000         9   9.000       10.00      2217.          9.61509666818E-03  1.03577386538E-02  8.91252956402E-03    1.07724   0.86047
    10  2.000        10   10.00       12.00      2217.          9.71324258302E-03  1.05829443656E-02  9.09851438992E-03    1.08954   0.85973
    11  2.000        11   12.00       14.00      2218.          9.81189195643E-03  1.06828388682E-02  1.10111211952E-02    1.08876   1.03073
    12  2.000        12   14.00       16.00      2218.          9.88331787017E-03  1.07791297167E-02  9.67639248706E-03    1.09064   0.89770
 #=================================================================================================================================================================
 # My Cross Sections
 # The scale factors xmur, xmuf chosen here are:      2.000,      2.000
 #-----------------------------------------------------------------------------------------------------------------------------------------------------------------
 #IObs  BinSize  IODimO  [ Chi               ]  < ptavg_j12_ >  LO_cross_section   NLO_cross_section  NNLO_cross_section   KNLO      KNNLO
 #-----------------------------------------------------------------------------------------------------------------------------------------------------------------
     1  1.000         1   1.000       2.000      8869.          5.98965318220E-03  9.41253869389E-03  1.05073489443E-02    1.57147   1.11631
     2  1.000         2   2.000       3.000      8870.          5.18637282128E-03  8.06177172676E-03  8.84884290020E-03    1.55441   1.09763
     3  1.000         3   3.000       4.000      8870.          5.18814681191E-03  8.02584042616E-03  8.89107554501E-03    1.54696   1.10781
     4  1.000         4   4.000       5.000      8870.          5.27340209168E-03  8.12821029475E-03  8.53364868493E-03    1.54136   1.04988
     5  1.000         5   5.000       6.000      8870.          5.36189920035E-03  8.29433521599E-03  9.32311009031E-03    1.54690   1.12403
     6  1.000         6   6.000       7.000      8869.          5.43853794311E-03  8.42243441862E-03  9.36235582799E-03    1.54866   1.11160
     7  1.000         7   7.000       8.000      8871.          5.50434178362E-03  8.49669908060E-03  9.25793912764E-03    1.54364   1.08959
     8  1.000         8   8.000       9.000      8868.          5.56185252936E-03  8.66602205308E-03  9.95303205030E-03    1.55812   1.14851
     9  1.000         9   9.000       10.00      8870.          5.60531890305E-03  8.73553643283E-03  9.14929566288E-03    1.55844   1.04737
    10  2.000        10   10.00       12.00      8869.          5.66367670375E-03  8.88570856597E-03  9.46304927356E-03    1.56889   1.06497
    11  2.000        11   12.00       14.00      8871.          5.72235609050E-03  8.97394174187E-03  1.07976297160E-02    1.56822   1.20322
    12  2.000        12   14.00       16.00      8872.          5.76467025611E-03  9.04509649959E-03  9.96151748831E-03    1.56906   1.10132
 #=================================================================================================================================================================
 # My Cross Sections
 # The scale factors xmur, xmuf chosen here are:      0.500,      1.000
 #-----------------------------------------------------------------------------------------------------------------------------------------------------------------
 #IObs  BinSize  IODimO  [ Chi               ]  < ptavg_j12_ >  LO_cross_section   NLO_cross_section  NNLO_cross_section   KNLO      KNNLO
 #-----------------------------------------------------------------------------------------------------------------------------------------------------------------
     1  1.000         1   1.000       2.000      2218.          8.92603514655E-03  1.09766769799E-02  1.05506287276E-02    1.22974   0.96119
     2  1.000         2   2.000       3.000      2218.          7.71792653361E-03  9.35938777707E-03  8.79264095681E-03    1.21268   0.93945
     3  1.000         3   3.000       4.000      2217.          7.71405120781E-03  9.30330252878E-03  8.92032419623E-03    1.20602   0.95883
     4  1.000         4   4.000       5.000      2218.          7.83706465120E-03  9.40564983634E-03  8.61427449684E-03    1.20015   0.91586
     5  1.000         5   5.000       6.000      2218.          7.96621967172E-03  9.61857866927E-03  9.78208454435E-03    1.20742   1.01700
     6  1.000         6   6.000       7.000      2217.          8.07846931425E-03  9.77309606649E-03  9.23676328775E-03    1.20977   0.94512
     7  1.000         7   7.000       8.000      2218.          8.17500066456E-03  9.85257398435E-03  9.14220260835E-03    1.20521   0.92790
     8  1.000         8   8.000       9.000      2217.          8.25958077073E-03  1.00869109773E-02  1.01203277549E-02    1.22124   1.00331
     9  1.000         9   9.000       10.00      2217.          8.32348179744E-03  1.01692382486E-02  9.07729593953E-03    1.22175   0.89262
    10  2.000        10   10.00       12.00      2217.          8.40933278385E-03  1.03757829421E-02  9.31452375912E-03    1.23384   0.89772
    11  2.000        11   12.00       14.00      2218.          8.49564458341E-03  1.04738390739E-02  1.10748579357E-02    1.23285   1.05738
    12  2.000        12   14.00       16.00      2218.          8.55800353597E-03  1.05649260165E-02  9.89977372388E-03    1.23451   0.93704
 #=================================================================================================================================================================
 # My Cross Sections
 # The scale factors xmur, xmuf chosen here are:      1.000,      0.500
 #-----------------------------------------------------------------------------------------------------------------------------------------------------------------
 #IObs  BinSize  IODimO  [ Chi               ]  < ptavg_j12_ >  LO_cross_section   NLO_cross_section  NNLO_cross_section   KNLO      KNNLO
 #-----------------------------------------------------------------------------------------------------------------------------------------------------------------
     1  1.000         1   1.000       2.000      4435.          9.04734243596E-03  1.08433539769E-02  1.05680445659E-02    1.19851   0.97461
     2  1.000         2   2.000       3.000      4436.          7.81047625545E-03  9.25685621432E-03  8.82535189466E-03    1.18518   0.95339
     3  1.000         3   3.000       4.000      4435.          7.79925999190E-03  9.20752333552E-03  8.96575015959E-03    1.18056   0.97374
     4  1.000         4   4.000       5.000      4435.          7.91943340547E-03  9.31467313275E-03  8.59539246525E-03    1.17618   0.92278
     5  1.000         5   5.000       6.000      4436.          8.04729904578E-03  9.52565631864E-03  9.66073130070E-03    1.18371   1.01418
     6  1.000         6   6.000       7.000      4435.          8.15888339052E-03  9.67984339290E-03  9.31804868746E-03    1.18642   0.96262
     7  1.000         7   7.000       8.000      4436.          8.25501601420E-03  9.76203748483E-03  9.23986826325E-03    1.18256   0.94651
     8  1.000         8   8.000       9.000      4434.          8.33948542460E-03  9.98818325991E-03  1.01547607274E-02    1.19770   1.01668
     9  1.000         9   9.000       10.00      4435.          8.40328402657E-03  1.00725000615E-02  9.10471248160E-03    1.19864   0.90392
    10  2.000        10   10.00       12.00      4434.          8.48906319850E-03  1.02730221349E-02  9.37329359707E-03    1.21015   0.91242
    11  2.000        11   12.00       14.00      4436.          8.57527936364E-03  1.03728079655E-02  1.11274352334E-02    1.20962   1.07275
    12  2.000        12   14.00       16.00      4436.          8.63770487183E-03  1.04613857683E-02  9.91551892927E-03    1.21113   0.94782
 #=================================================================================================================================================================
 # My Cross Sections
 # The scale factors xmur, xmuf chosen here are:      1.000,      2.000
 #-----------------------------------------------------------------------------------------------------------------------------------------------------------------
 #IObs  BinSize  IODimO  [ Chi               ]  < ptavg_j12_ >  LO_cross_section   NLO_cross_section  NNLO_cross_section   KNLO      KNNLO
 #-----------------------------------------------------------------------------------------------------------------------------------------------------------------
     1  1.000         1   1.000       2.000      4435.          6.79395779279E-03  1.00711468419E-02  1.06631813472E-02    1.48237   1.05879
     2  1.000         2   2.000       3.000      4435.          5.88280397708E-03  8.61327493949E-03  8.95434641369E-03    1.46414   1.03960
     3  1.000         3   3.000       4.000      4435.          5.88481165212E-03  8.56996445364E-03  9.01633006603E-03    1.45629   1.05208
     4  1.000         4   4.000       5.000      4435.          5.98151243597E-03  8.67404919064E-03  8.66241796874E-03    1.45014   0.99866
     5  1.000         5   5.000       6.000      4435.          6.08189103349E-03  8.85598462141E-03  9.58702627912E-03    1.45612   1.08255
     6  1.000         6   6.000       7.000      4435.          6.16881976465E-03  8.99379505702E-03  9.46098035958E-03    1.45794   1.05195
     7  1.000         7   7.000       8.000      4436.          6.24345932131E-03  9.07072219980E-03  9.34573599494E-03    1.45284   1.03032
     8  1.000         8   8.000       9.000      4434.          6.30869292033E-03  9.26157020866E-03  1.01429728770E-02    1.46806   1.09517
     9  1.000         9   9.000       10.00      4435.          6.35799460865E-03  9.33552165542E-03  9.25174179519E-03    1.46831   0.99103
    10  2.000        10   10.00       12.00      4434.          6.42418679372E-03  9.50419123581E-03  9.55826981513E-03    1.47944   1.00569
    11  2.000        11   12.00       14.00      4435.          6.49074569429E-03  9.59678831014E-03  1.10381558204E-02    1.47853   1.15019
    12  2.000        12   14.00       16.00      4436.          6.53874073646E-03  9.67511408474E-03  1.00967751219E-02    1.47966   1.04358
 #=================================================================================================================================================================
 # My Cross Sections
 # The scale factors xmur, xmuf chosen here are:      2.000,      1.000
 #-----------------------------------------------------------------------------------------------------------------------------------------------------------------
 #IObs  BinSize  IODimO  [ Chi               ]  < ptavg_j12_ >  LO_cross_section   NLO_cross_section  NNLO_cross_section   KNLO      KNNLO
 #-----------------------------------------------------------------------------------------------------------------------------------------------------------------
     1  1.000         1   1.000       2.000      8870.          6.87750910929E-03  9.89505461962E-03  1.05599312233E-02    1.43876   1.06719
     2  1.000         2   2.000       3.000      8871.          5.94667699201E-03  8.46749111757E-03  8.87805774343E-03    1.42390   1.04849
     3  1.000         3   3.000       4.000      8870.          5.94370092009E-03  8.42757494753E-03  8.95004850136E-03    1.41790   1.06200
     4  1.000         4   4.000       5.000      8870.          6.03848880351E-03  8.53289761359E-03  8.57179678148E-03    1.41308   1.00456
     5  1.000         5   5.000       6.000      8871.          6.13800732090E-03  8.71182653924E-03  9.41958272951E-03    1.41932   1.08124
     6  1.000         6   6.000       7.000      8869.          6.22449834022E-03  8.84797366944E-03  9.40494390992E-03    1.42148   1.06295
     7  1.000         7   7.000       8.000      8872.          6.29887699690E-03  8.92563965633E-03  9.30611984328E-03    1.41702   1.04263
     8  1.000         8   8.000       9.000      8868.          6.36404560379E-03  9.10984518480E-03  1.00515022523E-02    1.43146   1.10337
     9  1.000         9   9.000       10.00      8870.          6.41328448073E-03  9.18435143919E-03  9.17569264486E-03    1.43208   0.99906
    10  2.000        10   10.00       12.00      8869.          6.47943709154E-03  9.34796473703E-03  9.48788492531E-03    1.44271   1.01497
    11  2.000        11   12.00       14.00      8871.          6.54594049792E-03  9.44056820243E-03  1.09410763671E-02    1.44220   1.15894
    12  2.000        12   14.00       16.00      8872.          6.59399060632E-03  9.51650658749E-03  9.99453658513E-03    1.44321   1.05023
