 ##################################################################################
 # INFO.    [fnlo-tk-cppread] Program to read fastNLO tables and derive
 # INFO.    [fnlo-tk-cppread] QCD cross sections using PDFs e.g. from LHAPDF
 #---------------------------------------------------------------------------------
 # INFO.    [fnlo-tk-cppread] For more explanations type:
 # INFO.    [fnlo-tk-cppread] ./fnlo-tk-cppread -h
 # INFO.    [fnlo-tk-cppread] For version number printout type:
 # INFO.    [fnlo-tk-cppread] ./fnlo-tk-cppread -v
 ##################################################################################

 ##################################################################################
 # [fnlo-tk-cppread] fastNLO Cross-Section Calculator
 #---------------------------------------------------------------------------------
 # [fnlo-tk-cppread] Evaluating table: 2jet.NNLO.fnl5662j_mjj7_chi.tab.gz
 # [fnlo-tk-cppread] Using PDF set   : CT14nlo
 # [fnlo-tk-cppread] If possible, will try to do 7 scale factor variations.
 # [fnlo-tk-cppread] Using alpha_s evolution code: LHAPDF
 # [fnlo-tk-cppread] Preparing unnormalized cross sections,
 # [fnlo-tk-cppread] Using scale definition kScale1
 # [fnlo-tk-cppread] No request given for no. of flavours,
 #             using default value for LHAPDF or Nf = 5.
 # [fnlo-tk-cppread] No request given for no. of loops,
 #             using default value for LHAPDF or NLoop = 2.
 # [fnlo-tk-cppread] No request given for value of alpha_s(M_Z),
 #             using default value for LHAPDF or asMz = 0.1181.
 # [fnlo-tk-cppread] No request given for value of M_Z,
 #             using default value for LHAPDF or Mz = 91.1876.
 ##################################################################################

 ##################################################################################
 #
 # [0;31mfast[0;34mNLO[0m_toolkit
 # Version 2.3.1_2771
 #
 # C++ program and toolkit to read and create fastNLO v2 tables and
 # derive QCD cross sections using PDFs, e.g. from LHAPDF
 #
 #---------------------------------------------------------------------------------
 #
 # Copyright © 2005-2020 [0;31mfast[0;34mNLO[0m Collaboration
 # D. Britzger, T. Kluge, K. Rabbertz, F. Stober, G. Sieber, M. Wobisch
 #
 # This program is free software: you can redistribute it and/or modify
 # it under the terms of the GNU General Public License as published by
 # the Free Software Foundation, either version 3 of the License, or
 # (at your option) any later version.
 #
 # This program is distributed in the hope that it will be useful,
 # but WITHOUT ANY WARRANTY; without even the implied warranty of
 # MERCHANTABILITY or FITNESS FOR A PARTICULAR PURPOSE. See the
 # GNU General Public License for more details.
 #
 # You should have received a copy of the GNU General Public License
 # along with this program. If not, see <http://www.gnu.org/licenses/>.
 #
 #---------------------------------------------------------------------------------
 #
 # The projects web page can be found at:
 #   http://projects.hepforge.org/fastnlo
 #
 # If you use this code, please cite:
 #   T. Kluge, K. Rabbertz, M. Wobisch, hep-ph/0609285
 #   D. Britzger, T. Kluge, K. Rabbertz, F. Stober, M. Wobisch, arXiv:1109.1310
 #
 ##################################################################################

 ##################################################################################
 # Overview on contribution types and numbers contained in table: 2jet.NNLO.fnl5662j_mjj7_chi.tab.gz
 #---------------------------------------------------------------------------------
 # Total number of contributions:  3
 #   No.: 1, type: Fixed order calculation       , Id: 0, order: LO                  , by: NNLOJET_rev_5088
 #   No.: 2, type: Fixed order calculation       , Id: 1, order: NLO                 , by: NNLOJET_rev_5088
 #   No.: 3, type: Fixed order calculation       , Id: 2, order: NNLO                , by: NNLOJET_rev_5088
 ##################################################################################

 ##################################################################################
 # Information on table header
 #---------------------------------------------------------------------------------
 #===================== fastNLO Table: Header ====================
 # Table version (Itabversion)         23600
 # Scenario name (ScenName)            fnl5662j
 # Theory contributions (Ncontrib)     3
 # Data contribution 0/1 (Ndata)       0
 ##################################################################################

 ##################################################################################
 # Information on fastNLO scenario: fnl5662j
 #---------------------------------------------------------------------------------
 #===================== fastNLO Table: Scenario ====================
 # Scenario description (ScDescript)
 #   0	d2sigma-dijet_dChi_dMjj_[pb_GeV]
 #   1	CMS_Collaboration
 #   2	Dijet_Chi
 #   3	anti-kT_R=0.4
 #   4	THEORY_LABEL=NNLOJET
 #   5	provided by:
 #   6	fastNLO_2.3.1
 #   7	If you use this table, please cite:
 #   8	  D. Britzger, T. Kluge, K. Rabbertz, F. Stober, M. Wobisch, arXiv:1109.1310
 #
 # Publ. x section (10^-Ipublunits b)  12
 # Centre-of-mass energy (Ecms/GeV)    13000
 # Power in a_s of LO process (ILOord) 2
 # No. of observable bins (NObsBin)    12
 # Dim. of observable binning (NDim)   1
 #
 # Dimension labels (DimLabel)
 #   0	Chi
 # Differential dimension (IDiffBin)
 #   0	2
 #
 # Total no. of contributions (theory + optional data) in this table: 3
 ##################################################################################

 ##################################################################################
 # Information on table contribution no. 0: LO
 #---------------------------------------------------------------------------------
 #===================== fastNLO Table: CoeffBase ====================
 # Contribution description (CtrbDescript)
 #   0	LO
 # Code description (CodeDescript)
 #   0	NNLOJET_rev_5088
 #   1	Example for single jet inclusive production.
 #   2	Please adapt to selected process: 2jet
 #   3	Please cite:
 #   4	Currie, J.; Glover, E.W.N. & Pires, J., Phys. Rev. Lett., 2017, 118, 072002 [arXiv:1611.01460]
 #   5	2jet
 #   6	PC: Please check and modify NNLOJET references according to selected process.
 #===================== fastNLO Table: CoeffAddBase ====================
 # No. of events (Nevt)                0.000000
 # Weight of table [=Nevt] (fWgtNevt)  0.000000
 # Number of tables merged together    150
 # No. of filled events (WgtNumEv)     18785771932
 # Sum of weights squared (WgtSumW2)   9687950100000.000000
 # Sum of sigma squared (SigSumW2)     0.221002
 # Sum of sigma (SigSum)               5430.099500
 # Sigma / Nevt (SigSum/WgtNevt)       2627072506936940882238740022568521737602859008.000000
 # Abs. order in a_s (Npow)            2
 # No. of hadrons involved (NPDF)      2
 # Type(s) of hadrons (NPDFPDG)
 #   0	2212
 #   1	2212
 # PDF storage format (NPDFDim)        2
 #   --> x-interpolation storage format: Full-Matrix
 # Observable bin no. 1
 #   No. of X1 nodes (XNode1[i].size())          20
 # Observable bin no. 12
 #   No. of X1 nodes (XNode1[i].size())          20
 # No. of scales involved (NScales)    1
 # Scale descriptions (ScaleDescript)
 #   0	ptavg_j12_[GeV]
 #   1	m12_[GeV]
 # No. of subprocess contributions     13
 #ISub  Processes
 #   0: (0,0), 
 #   1: (1,0), (2,0), (3,0), (4,0), (5,0), 
 #   2: (1,-1), (2,-2), (3,-3), (4,-4), (5,-5), 
 #   3: (0,1), (0,2), (0,3), (0,4), (0,5), 
 #   4: (-1,1), (-2,2), (-3,3), (-4,4), (-5,5), 
 #   5: (0,-1), (0,-2), (0,-3), (0,-4), (0,-5), 
 #   6: (-1,0), (-2,0), (-3,0), (-4,0), (-5,0), 
 #   7: (1,-1), (1,-2), (1,-3), (1,-4), (1,-5), (2,-1), (2,-2), (2,-3), (2,-4), (2,-5), (3,-1), (3,-2), (3,-3), (3,-4), (3,-5), (4,-1), (4,-2), (4,-3), (4,-4), (4,-5), (5,-1), (5,-2), (5,-3), (5,-4), (5,-5), 
 #   8: (1,1), (1,2), (1,3), (1,4), (1,5), (2,1), (2,2), (2,3), (2,4), (2,5), (3,1), (3,2), (3,3), (3,4), (3,5), (4,1), (4,2), (4,3), (4,4), (4,5), (5,1), (5,2), (5,3), (5,4), (5,5), 
 #   9: (-1,-1), (-1,-2), (-1,-3), (-1,-4), (-1,-5), (-2,-1), (-2,-2), (-2,-3), (-2,-4), (-2,-5), (-3,-1), (-3,-2), (-3,-3), (-3,-4), (-3,-5), (-4,-1), (-4,-2), (-4,-3), (-4,-4), (-4,-5), (-5,-1), (-5,-2), (-5,-3), (-5,-4), (-5,-5), 
 #  10: (-1,1), (-1,2), (-1,3), (-1,4), (-1,5), (-2,1), (-2,2), (-2,3), (-2,4), (-2,5), (-3,1), (-3,2), (-3,3), (-3,4), (-3,5), (-4,1), (-4,2), (-4,3), (-4,4), (-4,5), (-5,1), (-5,2), (-5,3), (-5,4), (-5,5), 
 #  11: (1,1), (2,2), (3,3), (4,4), (5,5), 
 #  12: (-1,-1), (-2,-2), (-3,-3), (-4,-4), (-5,-5), 
 #===================== fastNLO Table: CoeffAddFlex ====================
 # No. of scale1 nodes (Nscalenode1)   6
 # No. of scale2 nodes (Nscalenode2)   6
 ##################################################################################

 ##################################################################################
 # Information on table contribution no. 1: NLO
 #---------------------------------------------------------------------------------
 #===================== fastNLO Table: CoeffBase ====================
 # Contribution description (CtrbDescript)
 #   0	NLO
 # Code description (CodeDescript)
 #   0	NNLOJET_rev_5088
 #   1	Example for single jet inclusive production.
 #   2	Please adapt to selected process: 2jet
 #   3	Please cite:
 #   4	Currie, J.; Glover, E.W.N. & Pires, J., Phys. Rev. Lett., 2017, 118, 072002 [arXiv:1611.01460]
 #   5	2jet
 #   6	PC: Please check and modify NNLOJET references according to selected process.
 #===================== fastNLO Table: CoeffAddBase ====================
 # No. of events (Nevt)                1.000000
 # Weight of table [=Nevt] (fWgtNevt)  1.000000
 # Number of tables merged together    550
 # No. of filled events (WgtNumEv)     129401029197
 # Sum of weights squared (WgtSumW2)   9824237900000000043122688.000000
 # Sum of sigma squared (SigSumW2)     1118096700.000000
 # Sum of sigma (SigSum)               353.622400
 # Sigma / Nevt (SigSum/WgtNevt)       353.622400
 # Abs. order in a_s (Npow)            3
 # No. of hadrons involved (NPDF)      2
 # Type(s) of hadrons (NPDFPDG)
 #   0	2212
 #   1	2212
 # PDF storage format (NPDFDim)        2
 #   --> x-interpolation storage format: Full-Matrix
 # Observable bin no. 1
 #   No. of X1 nodes (XNode1[i].size())          20
 # Observable bin no. 12
 #   No. of X1 nodes (XNode1[i].size())          20
 # No. of scales involved (NScales)    1
 # Scale descriptions (ScaleDescript)
 #   0	ptavg_j12_[GeV]
 #   1	m12_[GeV]
 # No. of subprocess contributions     13
 #ISub  Processes
 #   0: (0,0), 
 #   1: (1,0), (2,0), (3,0), (4,0), (5,0), 
 #   2: (1,-1), (2,-2), (3,-3), (4,-4), (5,-5), 
 #   3: (0,1), (0,2), (0,3), (0,4), (0,5), 
 #   4: (-1,1), (-2,2), (-3,3), (-4,4), (-5,5), 
 #   5: (0,-1), (0,-2), (0,-3), (0,-4), (0,-5), 
 #   6: (-1,0), (-2,0), (-3,0), (-4,0), (-5,0), 
 #   7: (1,1), (1,2), (1,3), (1,4), (1,5), (2,1), (2,2), (2,3), (2,4), (2,5), (3,1), (3,2), (3,3), (3,4), (3,5), (4,1), (4,2), (4,3), (4,4), (4,5), (5,1), (5,2), (5,3), (5,4), (5,5), 
 #   8: (1,-1), (1,-2), (1,-3), (1,-4), (1,-5), (2,-1), (2,-2), (2,-3), (2,-4), (2,-5), (3,-1), (3,-2), (3,-3), (3,-4), (3,-5), (4,-1), (4,-2), (4,-3), (4,-4), (4,-5), (5,-1), (5,-2), (5,-3), (5,-4), (5,-5), 
 #   9: (-1,1), (-1,2), (-1,3), (-1,4), (-1,5), (-2,1), (-2,2), (-2,3), (-2,4), (-2,5), (-3,1), (-3,2), (-3,3), (-3,4), (-3,5), (-4,1), (-4,2), (-4,3), (-4,4), (-4,5), (-5,1), (-5,2), (-5,3), (-5,4), (-5,5), 
 #  10: (-1,-1), (-1,-2), (-1,-3), (-1,-4), (-1,-5), (-2,-1), (-2,-2), (-2,-3), (-2,-4), (-2,-5), (-3,-1), (-3,-2), (-3,-3), (-3,-4), (-3,-5), (-4,-1), (-4,-2), (-4,-3), (-4,-4), (-4,-5), (-5,-1), (-5,-2), (-5,-3), (-5,-4), (-5,-5), 
 #  11: (1,1), (2,2), (3,3), (4,4), (5,5), 
 #  12: (-1,-1), (-2,-2), (-3,-3), (-4,-4), (-5,-5), 
 #===================== fastNLO Table: CoeffAddFlex ====================
 # No. of scale1 nodes (Nscalenode1)   6
 # No. of scale2 nodes (Nscalenode2)   6
 ##################################################################################

 ##################################################################################
 # Information on table contribution no. 2: NNLO
 #---------------------------------------------------------------------------------
 #===================== fastNLO Table: CoeffBase ====================
 # Contribution description (CtrbDescript)
 #   0	NNLO
 # Code description (CodeDescript)
 #   0	NNLOJET_rev_5088
 #   1	Example for single jet inclusive production.
 #   2	Please adapt to selected process: 2jet
 #   3	Please cite:
 #   4	Currie, J.; Glover, E.W.N. & Pires, J., Phys. Rev. Lett., 2017, 118, 072002 [arXiv:1611.01460]
 #   5	2jet
 #   6	PC: Please check and modify NNLOJET references according to selected process.
 #===================== fastNLO Table: CoeffAddBase ====================
 # No. of events (Nevt)                1.000000
 # Weight of table [=Nevt] (fWgtNevt)  1.000000
 # Number of tables merged together    7750
 # No. of filled events (WgtNumEv)     435285750077
 # Sum of weights squared (WgtSumW2)   4905526000000000231378577222795264.000000
 # Sum of sigma squared (SigSumW2)     44863529000000.000000
 # Sum of sigma (SigSum)               -24389.956000
 # Sigma / Nevt (SigSum/WgtNevt)       -24389.956000
 # Abs. order in a_s (Npow)            4
 # No. of hadrons involved (NPDF)      2
 # Type(s) of hadrons (NPDFPDG)
 #   0	2212
 #   1	2212
 # PDF storage format (NPDFDim)        2
 #   --> x-interpolation storage format: Full-Matrix
 # Observable bin no. 1
 #   No. of X1 nodes (XNode1[i].size())          20
 # Observable bin no. 12
 #   No. of X1 nodes (XNode1[i].size())          20
 # No. of scales involved (NScales)    1
 # Scale descriptions (ScaleDescript)
 #   0	ptavg_j12_[GeV]
 #   1	m12_[GeV]
 # No. of subprocess contributions     13
 #ISub  Processes
 #   0: (0,0), 
 #   1: (1,0), (2,0), (3,0), (4,0), (5,0), 
 #   2: (1,-1), (2,-2), (3,-3), (4,-4), (5,-5), 
 #   3: (0,1), (0,2), (0,3), (0,4), (0,5), 
 #   4: (-1,1), (-2,2), (-3,3), (-4,4), (-5,5), 
 #   5: (0,-1), (0,-2), (0,-3), (0,-4), (0,-5), 
 #   6: (-1,0), (-2,0), (-3,0), (-4,0), (-5,0), 
 #   7: (1,1), (1,2), (1,3), (1,4), (1,5), (2,1), (2,2), (2,3), (2,4), (2,5), (3,1), (3,2), (3,3), (3,4), (3,5), (4,1), (4,2), (4,3), (4,4), (4,5), (5,1), (5,2), (5,3), (5,4), (5,5), 
 #   8: (1,-1), (1,-2), (1,-3), (1,-4), (1,-5), (2,-1), (2,-2), (2,-3), (2,-4), (2,-5), (3,-1), (3,-2), (3,-3), (3,-4), (3,-5), (4,-1), (4,-2), (4,-3), (4,-4), (4,-5), (5,-1), (5,-2), (5,-3), (5,-4), (5,-5), 
 #   9: (-1,1), (-1,2), (-1,3), (-1,4), (-1,5), (-2,1), (-2,2), (-2,3), (-2,4), (-2,5), (-3,1), (-3,2), (-3,3), (-3,4), (-3,5), (-4,1), (-4,2), (-4,3), (-4,4), (-4,5), (-5,1), (-5,2), (-5,3), (-5,4), (-5,5), 
 #  10: (-1,-1), (-1,-2), (-1,-3), (-1,-4), (-1,-5), (-2,-1), (-2,-2), (-2,-3), (-2,-4), (-2,-5), (-3,-1), (-3,-2), (-3,-3), (-3,-4), (-3,-5), (-4,-1), (-4,-2), (-4,-3), (-4,-4), (-4,-5), (-5,-1), (-5,-2), (-5,-3), (-5,-4), (-5,-5), 
 #  11: (1,1), (2,2), (3,3), (4,4), (5,5), 
 #  12: (-1,-1), (-2,-2), (-3,-3), (-4,-4), (-5,-5), 
 #===================== fastNLO Table: CoeffAddFlex ====================
 # No. of scale1 nodes (Nscalenode1)   6
 # No. of scale2 nodes (Nscalenode2)   6
 ##################################################################################
LHAPDF 6.3.0 loading /home/rabbertz/local/share/LHAPDF/CT14nlo/CT14nlo_0000.dat
CT14nlo PDF set, member #0, version 1; LHAPDF ID = 13100
LHAPDF 6.3.0 loading /home/rabbertz/local/share/LHAPDF/CT14nlo/CT14nlo_0000.dat
CT14nlo PDF set, member #0, version 1; LHAPDF ID = 13100

 ##################################################################################################################################################################
 # [fnlo-tk-cppread] Calculate my cross sections
 ##################################################################################################################################################################
 #=================================================================================================================================================================
 # My Cross Sections
 # The scale factors xmur, xmuf chosen here are:      1.000,      1.000
 #-----------------------------------------------------------------------------------------------------------------------------------------------------------------
 #IObs  BinSize  IODimO  [ Chi               ]  < ptavg_j12_ >  LO_cross_section   NLO_cross_section  NNLO_cross_section   KNLO      KNNLO
 #-----------------------------------------------------------------------------------------------------------------------------------------------------------------
     1  1.000         1   1.000       2.000      2465.          2.76089436871E-03  3.02524112504E-03  2.85092789040E-03    1.09575   0.94238
     2  1.000         2   2.000       3.000      2277.          2.49351886687E-03  2.59577069712E-03  2.43279278368E-03    1.04101   0.93721
     3  1.000         3   3.000       4.000      2095.          2.59774302847E-03  2.58329942216E-03  2.34397892724E-03    0.99444   0.90736
     4  1.000         4   4.000       5.000      1944.          2.73548830510E-03  2.61259110677E-03  2.39104724754E-03    0.95507   0.91520
     5  1.000         5   5.000       6.000      1819.          2.86733095129E-03  2.66185395976E-03  2.46273720678E-03    0.92834   0.92520
     6  1.000         6   6.000       7.000      1714.          2.98997997520E-03  2.69973599176E-03  2.45889567548E-03    0.90293   0.91079
     7  1.000         7   7.000       8.000      1624.          3.10056794541E-03  2.71353553212E-03  2.51272075545E-03    0.87517   0.92600
     8  1.000         8   8.000       9.000      1547.          3.20185767670E-03  2.78104026923E-03  2.48237166294E-03    0.86857   0.89261
     9  1.000         9   9.000       10.00      1480.          3.29677860109E-03  2.79191599250E-03  2.54628491595E-03    0.84686   0.91202
    10  2.000        10   10.00       12.00      1394.          3.42089619352E-03  2.85073892237E-03  2.54491425217E-03    0.83333   0.89272
    11  2.000        11   12.00       14.00      1300.          3.57319969542E-03  2.86519253021E-03  2.45608518099E-03    0.80186   0.85721
    12  2.000        12   14.00       16.00      1221.          3.70396392267E-03  2.94450971259E-03  2.62561313485E-03    0.79496   0.89170
 #=================================================================================================================================================================
 # My Cross Sections
 # The scale factors xmur, xmuf chosen here are:      0.500,      0.500
 #-----------------------------------------------------------------------------------------------------------------------------------------------------------------
 #IObs  BinSize  IODimO  [ Chi               ]  < ptavg_j12_ >  LO_cross_section   NLO_cross_section  NNLO_cross_section   KNLO      KNNLO
 #-----------------------------------------------------------------------------------------------------------------------------------------------------------------
     1  1.000         1   1.000       2.000      1233.          3.76400058833E-03  2.96247721705E-03  2.77420813427E-03    0.78706   0.93645
     2  1.000         2   2.000       3.000      1139.          3.40314423080E-03  2.48002647434E-03  2.37035406870E-03    0.72875   0.95578
     3  1.000         3   3.000       4.000      1048.          3.55210787050E-03  2.40763280514E-03  2.25640502975E-03    0.67780   0.93719
     4  1.000         4   4.000       5.000      972.5          3.74808579219E-03  2.37565864949E-03  2.32204296222E-03    0.63383   0.97743
     5  1.000         5   5.000       6.000      909.6          3.93644252995E-03  2.37474994819E-03  2.40818527118E-03    0.60327   1.01408
     6  1.000         6   6.000       7.000      857.4          4.11244723122E-03  2.36263886684E-03  2.38459281813E-03    0.57451   1.00929
     7  1.000         7   7.000       8.000      812.7          4.27202415525E-03  2.32013886201E-03  2.48711234190E-03    0.54310   1.07197
     8  1.000         8   8.000       9.000      774.2          4.41897384722E-03  2.36266339967E-03  2.43188392489E-03    0.53466   1.02930
     9  1.000         9   9.000       10.00      740.3          4.55720046925E-03  2.32129376668E-03  2.47960752927E-03    0.50937   1.06820
    10  2.000        10   10.00       12.00      697.7          4.73908690022E-03  2.33556423722E-03  2.49366495955E-03    0.49283   1.06769
    11  2.000        11   12.00       14.00      650.9          4.96293127638E-03  2.26610955939E-03  2.35623794031E-03    0.45661   1.03977
    12  2.000        12   14.00       16.00      610.8          5.15642304508E-03  2.30211751632E-03  2.54711328512E-03    0.44646   1.10642
 #=================================================================================================================================================================
 # My Cross Sections
 # The scale factors xmur, xmuf chosen here are:      2.000,      2.000
 #-----------------------------------------------------------------------------------------------------------------------------------------------------------------
 #IObs  BinSize  IODimO  [ Chi               ]  < ptavg_j12_ >  LO_cross_section   NLO_cross_section  NNLO_cross_section   KNLO      KNNLO
 #-----------------------------------------------------------------------------------------------------------------------------------------------------------------
     1  1.000         1   1.000       2.000      4930.          2.06964105170E-03  2.82124706797E-03  2.89903970704E-03    1.36316   1.02757
     2  1.000         2   2.000       3.000      4553.          1.86773609948E-03  2.44941218923E-03  2.48139956970E-03    1.31143   1.01306
     3  1.000         3   3.000       4.000      4190.          1.94279840656E-03  2.46437923670E-03  2.41938803222E-03    1.26847   0.98174
     4  1.000         4   4.000       5.000      3888.          2.04222620627E-03  2.51777064900E-03  2.46608979940E-03    1.23286   0.97947
     5  1.000         5   5.000       6.000      3637.          2.13691837554E-03  2.58395639580E-03  2.53763533723E-03    1.20920   0.98207
     6  1.000         6   6.000       7.000      3427.          2.22466870686E-03  2.63950697796E-03  2.55432949594E-03    1.18647   0.96773
     7  1.000         7   7.000       8.000      3248.          2.30347901289E-03  2.67582427440E-03  2.59468625854E-03    1.16164   0.96968
     8  1.000         8   8.000       9.000      3094.          2.37541018879E-03  2.74696464619E-03  2.58871105793E-03    1.15642   0.94239
     9  1.000         9   9.000       10.00      2959.          2.44266364469E-03  2.77883599825E-03  2.66249142080E-03    1.13763   0.95813
    10  2.000        10   10.00       12.00      2788.          2.53011956812E-03  2.84995013903E-03  2.66873065828E-03    1.12641   0.93641
    11  2.000        11   12.00       14.00      2598.          2.63703490186E-03  2.89725447282E-03  2.62665236416E-03    1.09868   0.90660
    12  2.000        12   14.00       16.00      2441.          2.72810438861E-03  2.98526643940E-03  2.78373100227E-03    1.09426   0.93249
 #=================================================================================================================================================================
 # My Cross Sections
 # The scale factors xmur, xmuf chosen here are:      0.500,      1.000
 #-----------------------------------------------------------------------------------------------------------------------------------------------------------------
 #IObs  BinSize  IODimO  [ Chi               ]  < ptavg_j12_ >  LO_cross_section   NLO_cross_section  NNLO_cross_section   KNLO      KNNLO
 #-----------------------------------------------------------------------------------------------------------------------------------------------------------------
     1  1.000         1   1.000       2.000      1233.          3.18560548094E-03  3.05575456972E-03  2.78919059365E-03    0.95924   0.91277
     2  1.000         2   2.000       3.000      1139.          2.88069476336E-03  2.59049783913E-03  2.37338596604E-03    0.89926   0.91619
     3  1.000         3   3.000       4.000      1048.          3.00504987149E-03  2.54800145471E-03  2.26804757899E-03    0.84791   0.89013
     4  1.000         4   4.000       5.000      972.3          3.16816063575E-03  2.54802760878E-03  2.32110671988E-03    0.80426   0.91094
     5  1.000         5   5.000       6.000      909.5          3.32438029753E-03  2.57404409305E-03  2.39706357639E-03    0.77429   0.93124
     6  1.000         6   6.000       7.000      857.1          3.46991473086E-03  2.58849109692E-03  2.38027576809E-03    0.74598   0.91956
     7  1.000         7   7.000       8.000      812.4          3.60143984919E-03  2.57557828552E-03  2.45004921090E-03    0.71515   0.95126
     8  1.000         8   8.000       9.000      774.0          3.72215071998E-03  2.63264022119E-03  2.40856219448E-03    0.70729   0.91488
     9  1.000         9   9.000       10.00      740.1          3.83543784524E-03  2.61854630132E-03  2.45114524590E-03    0.68272   0.93607
    10  2.000        10   10.00       12.00      697.4          3.98402341112E-03  2.65738047799E-03  2.45194927601E-03    0.66701   0.92269
    11  2.000        11   12.00       14.00      650.4          4.16657203004E-03  2.63227510693E-03  2.33543988695E-03    0.63176   0.88723
    12  2.000        12   14.00       16.00      610.5          4.32377509638E-03  2.69346878724E-03  2.50928518537E-03    0.62294   0.93162
 #=================================================================================================================================================================
 # My Cross Sections
 # The scale factors xmur, xmuf chosen here are:      1.000,      0.500
 #-----------------------------------------------------------------------------------------------------------------------------------------------------------------
 #IObs  BinSize  IODimO  [ Chi               ]  < ptavg_j12_ >  LO_cross_section   NLO_cross_section  NNLO_cross_section   KNLO      KNNLO
 #-----------------------------------------------------------------------------------------------------------------------------------------------------------------
     1  1.000         1   1.000       2.000      2465.          3.26218062711E-03  3.05160525994E-03  2.81692317799E-03    0.93545   0.92310
     2  1.000         2   2.000       3.000      2277.          2.94575264400E-03  2.59921789456E-03  2.40779132300E-03    0.88236   0.92635
     3  1.000         3   3.000       4.000      2096.          3.07065586957E-03  2.56793167770E-03  2.30695592442E-03    0.83628   0.89837
     4  1.000         4   4.000       5.000      1944.          3.23621747418E-03  2.57831940524E-03  2.35828723881E-03    0.79671   0.91466
     5  1.000         5   5.000       6.000      1819.          3.39524842851E-03  2.61267098448E-03  2.43290106112E-03    0.76951   0.93119
     6  1.000         6   6.000       7.000      1714.          3.54364616004E-03  2.63558823513E-03  2.41900183665E-03    0.74375   0.91782
     7  1.000         7   7.000       8.000      1625.          3.67789512142E-03  2.63166065011E-03  2.49098688911E-03    0.71553   0.94655
     8  1.000         8   8.000       9.000      1548.          3.80128180105E-03  2.69307081314E-03  2.44449270891E-03    0.70846   0.90770
     9  1.000         9   9.000       10.00      1480.          3.91718017452E-03  2.68770520949E-03  2.51246350812E-03    0.68613   0.93480
    10  2.000        10   10.00       12.00      1395.          4.06923932113E-03  2.73421714864E-03  2.51333464995E-03    0.67192   0.91922
    11  2.000        11   12.00       14.00      1300.          4.25615296205E-03  2.72246335368E-03  2.39862669236E-03    0.63965   0.88105
    12  2.000        12   14.00       16.00      1221.          4.41725819951E-03  2.79001267544E-03  2.57984844229E-03    0.63162   0.92467
 #=================================================================================================================================================================
 # My Cross Sections
 # The scale factors xmur, xmuf chosen here are:      1.000,      2.000
 #-----------------------------------------------------------------------------------------------------------------------------------------------------------------
 #IObs  BinSize  IODimO  [ Chi               ]  < ptavg_j12_ >  LO_cross_section   NLO_cross_section  NNLO_cross_section   KNLO      KNNLO
 #-----------------------------------------------------------------------------------------------------------------------------------------------------------------
     1  1.000         1   1.000       2.000      2465.          2.36469779798E-03  2.96648456636E-03  2.88597736853E-03    1.25449   0.97286
     2  1.000         2   2.000       3.000      2277.          2.13623877146E-03  2.55993498597E-03  2.46078903384E-03    1.19834   0.96127
     3  1.000         3   3.000       4.000      2095.          2.22457217699E-03  2.56143221091E-03  2.38233654360E-03    1.15143   0.93008
     4  1.000         4   4.000       5.000      1944.          2.34084957857E-03  2.60383254366E-03  2.42720321517E-03    1.11235   0.93217
     5  1.000         5   5.000       6.000      1819.          2.45170869716E-03  2.66285204746E-03  2.49739819171E-03    1.08612   0.93787
     6  1.000         6   6.000       7.000      1714.          2.55456605160E-03  2.71063063120E-03  2.50241997202E-03    1.06109   0.92319
     7  1.000         7   7.000       8.000      1624.          2.64709680574E-03  2.73660482485E-03  2.54416269597E-03    1.03381   0.92968
     8  1.000         8   8.000       9.000      1547.          2.73165708187E-03  2.80729090401E-03  2.52720590748E-03    1.02769   0.90023
     9  1.000         9   9.000       10.00      1480.          2.81078655604E-03  2.82937647071E-03  2.58890837455E-03    1.00661   0.91501
    10  2.000        10   10.00       12.00      1394.          2.91396346227E-03  2.89579879664E-03  2.58777515962E-03    0.99377   0.89363
    11  2.000        11   12.00       14.00      1300.          3.04028954861E-03  2.92808260517E-03  2.52064088440E-03    0.96309   0.86085
    12  2.000        12   14.00       16.00      1220.          3.14826695603E-03  3.01390572514E-03  2.68153015435E-03    0.95732   0.88972
 #=================================================================================================================================================================
 # My Cross Sections
 # The scale factors xmur, xmuf chosen here are:      2.000,      1.000
 #-----------------------------------------------------------------------------------------------------------------------------------------------------------------
 #IObs  BinSize  IODimO  [ Chi               ]  < ptavg_j12_ >  LO_cross_section   NLO_cross_section  NNLO_cross_section   KNLO      KNNLO
 #-----------------------------------------------------------------------------------------------------------------------------------------------------------------
     1  1.000         1   1.000       2.000      4930.          2.41640426521E-03  2.93508022809E-03  2.88407934333E-03    1.21465   0.98262
     2  1.000         2   2.000       3.000      4553.          2.18011191807E-03  2.53834981982E-03  2.46916991504E-03    1.16432   0.97275
     3  1.000         3   3.000       4.000      4191.          2.26870398891E-03  2.54493624074E-03  2.39696724108E-03    1.12176   0.94186
     4  1.000         4   4.000       5.000      3888.          2.38652298606E-03  2.59165977806E-03  2.44386770000E-03    1.08596   0.94297
     5  1.000         5   5.000       6.000      3637.          2.49917876971E-03  2.65385611765E-03  2.51548491369E-03    1.06189   0.94786
     6  1.000         6   6.000       7.000      3427.          2.60385582294E-03  2.70506472107E-03  2.52404565200E-03    1.03887   0.93308
     7  1.000         7   7.000       8.000      3248.          2.69808819264E-03  2.73494359333E-03  2.57148446106E-03    1.01366   0.94023
     8  1.000         8   8.000       9.000      3094.          2.78429287052E-03  2.80667449648E-03  2.55325438153E-03    1.00804   0.90971
     9  1.000         9   9.000       10.00      2959.          2.86500936833E-03  2.83262345125E-03  2.63021748033E-03    0.98870   0.92854
    10  2.000        10   10.00       12.00      2788.          2.97027925115E-03  2.90168962206E-03  2.63366453334E-03    0.97691   0.90763
    11  2.000        11   12.00       14.00      2599.          3.09926480580E-03  2.93969884096E-03  2.57149312360E-03    0.94851   0.87475
    12  2.000        12   14.00       16.00      2441.          3.20964253678E-03  3.02710550471E-03  2.73679914566E-03    0.94313   0.90410
