 ##################################################################################
 # INFO.    [fnlo-tk-cppread] Program to read fastNLO tables and derive
 # INFO.    [fnlo-tk-cppread] QCD cross sections using PDFs e.g. from LHAPDF
 #---------------------------------------------------------------------------------
 # INFO.    [fnlo-tk-cppread] For more explanations type:
 # INFO.    [fnlo-tk-cppread] ./fnlo-tk-cppread -h
 # INFO.    [fnlo-tk-cppread] For version number printout type:
 # INFO.    [fnlo-tk-cppread] ./fnlo-tk-cppread -v
 ##################################################################################

 ##################################################################################
 # [fnlo-tk-cppread] fastNLO Cross-Section Calculator
 #---------------------------------------------------------------------------------
 # [fnlo-tk-cppread] Evaluating table: 2jet.NNLO.fnl5662j_mjj3_chi.tab.gz
 # [fnlo-tk-cppread] Using PDF set   : CT14nnlo
 # [fnlo-tk-cppread] If possible, will try to do 7 scale factor variations.
 # [fnlo-tk-cppread] Using alpha_s evolution code: LHAPDF
 # [fnlo-tk-cppread] Preparing unnormalized cross sections,
 # [fnlo-tk-cppread] Using scale definition scale1
 # [fnlo-tk-cppread] No request given for no. of flavours,
 #             using default value for LHAPDF or Nf = 5.
 # [fnlo-tk-cppread] No request given for no. of loops,
 #             using default value for LHAPDF or NLoop = 2.
 # [fnlo-tk-cppread] No request given for value of alpha_s(M_Z),
 #             using default value for LHAPDF or asMz = 0.1181.
 # [fnlo-tk-cppread] No request given for value of M_Z,
 #             using default value for LHAPDF or Mz = 91.1876.
 ##################################################################################

 ##################################################################################
 #
 # [0;31mfast[0;34mNLO[0m_toolkit
 # Version 2.3.1_2657-66-gda2fd2f1
 #
 # C++ program and toolkit to read and create fastNLO v2 tables and
 # derive QCD cross sections using PDFs, e.g. from LHAPDF
 #
 #---------------------------------------------------------------------------------
 #
 # Copyright © 2005-2019 [0;31mfast[0;34mNLO[0m Collaboration
 # D. Britzger, T. Kluge, K. Rabbertz, F. Stober, G. Sieber, M. Wobisch
 #
 # This program is free software: you can redistribute it and/or modify
 # it under the terms of the GNU General Public License as published by
 # the Free Software Foundation, either version 3 of the License, or
 # (at your option) any later version.
 #
 # This program is distributed in the hope that it will be useful,
 # but WITHOUT ANY WARRANTY; without even the implied warranty of
 # MERCHANTABILITY or FITNESS FOR A PARTICULAR PURPOSE. See the
 # GNU General Public License for more details.
 #
 # You should have received a copy of the GNU General Public License
 # along with this program. If not, see <http://www.gnu.org/licenses/>.
 #
 #---------------------------------------------------------------------------------
 #
 # The projects web page can be found at:
 #   http://projects.hepforge.org/fastnlo
 #
 # If you use this code, please cite:
 #   T. Kluge, K. Rabbertz, M. Wobisch, hep-ph/0609285
 #   D. Britzger, T. Kluge, K. Rabbertz, F. Stober, M. Wobisch, arXiv:1109.1310
 #
 ##################################################################################

 ##################################################################################
 # Overview on contribution types and numbers contained in table: 2jet.NNLO.fnl5662j_mjj3_chi.tab.gz
 #---------------------------------------------------------------------------------
 # Total number of contributions:  3
 #   No.: 1, type: Fixed order calculation       , Id: 0, order: LO                  , by: NNLOJET_rev_5088
 #   No.: 2, type: Fixed order calculation       , Id: 1, order: NLO                 , by: NNLOJET_rev_5088
 #   No.: 3, type: Fixed order calculation       , Id: 2, order: NNLO                , by: NNLOJET_rev_5088
 ##################################################################################

 ##################################################################################
 # Information on table header
 #---------------------------------------------------------------------------------
 #===================== fastNLO Table: Header ====================
 # Table version (Itabversion)         23600
 # Scenario name (ScenName)            fnl5662j
 # Theory contributions (Ncontrib)     3
 # Data contribution 0/1 (Ndata)       0
 ##################################################################################

 ##################################################################################
 # Information on fastNLO scenario: fnl5662j
 #---------------------------------------------------------------------------------
 #===================== fastNLO Table: Scenario ====================
 # Scenario description (ScDescript)
 #   0	d2sigma-dijet_dChi_dMjj_[pb_GeV]
 #   1	CMS_Collaboration
 #   2	Dijet_Chi
 #   3	anti-kT_R=0.4
 #   4	THEORY_LABEL=NNLOJET
 #   5	provided by:
 #   6	fastNLO_2.3.1
 #   7	If you use this table, please cite:
 #   8	  D. Britzger, T. Kluge, K. Rabbertz, F. Stober, M. Wobisch, arXiv:1109.1310
 #
 # Publ. x section (10^-Ipublunits b)  12
 # Centre-of-mass energy (Ecms/GeV)    13000
 # Power in a_s of LO process (ILOord) 2
 # No. of observable bins (NObsBin)    12
 # Dim. of observable binning (NDim)   1
 #
 # Dimension labels (DimLabel)
 #   0	Chi
 # Differential dimension (IDiffBin)
 #   0	2
 #
 # Total no. of contributions (theory + optional data) in this table: 3
 ##################################################################################

 ##################################################################################
 # Information on table contribution no. 0: LO
 #---------------------------------------------------------------------------------
 #===================== fastNLO Table: CoeffBase ====================
 # Contribution description (CtrbDescript)
 #   0	LO
 # Code description (CodeDescript)
 #   0	NNLOJET_rev_5088
 #   1	Example for single jet inclusive production.
 #   2	Please adapt to selected process: 2jet
 #   3	Please cite:
 #   4	Currie, J.; Glover, E.W.N. & Pires, J., Phys. Rev. Lett., 2017, 118, 072002 [arXiv:1611.01460]
 #   5	2jet
 #   6	PC: Please check and modify NNLOJET references according to selected process.
 #===================== fastNLO Table: CoeffAddBase ====================
 # No. of events (Nevt)                0.000000
 # Weight of table [=Nevt] (fWgtNevt)  0.000000
 # Number of tables merged together    150
 # No. of filled events (WgtNumEv)     90114232236
 # Sum of weights squared (WgtSumW2)   49789686000000.000000
 # Sum of sigma squared (SigSumW2)     3294.742900
 # Sum of sigma (SigSum)               1715610.100000
 # Sigma / Nevt (SigSum/WgtNevt)       830009123466952361030443681656373515957506670592.000000
 # Abs. order in a_s (Npow)            2
 # No. of hadrons involved (NPDF)      2
 # Type(s) of hadrons (NPDFPDG)
 #   0	2212
 #   1	2212
 # PDF storage format (NPDFDim)        2
 #   --> x-interpolation storage format: Full-Matrix
 # Observable bin no. 1
 #   No. of X1 nodes (XNode1[i].size())          20
 # Observable bin no. 12
 #   No. of X1 nodes (XNode1[i].size())          20
 # No. of scales involved (NScales)    1
 # Scale descriptions (ScaleDescript)
 #   0	ptavg_j12_[GeV]
 #   1	m12_[GeV]
 # No. of subprocess contributions     13
 #ISub  Processes
 #   0: (0,0), 
 #   1: (1,0), (2,0), (3,0), (4,0), (5,0), 
 #   2: (1,-1), (2,-2), (3,-3), (4,-4), (5,-5), 
 #   3: (0,1), (0,2), (0,3), (0,4), (0,5), 
 #   4: (-1,1), (-2,2), (-3,3), (-4,4), (-5,5), 
 #   5: (0,-1), (0,-2), (0,-3), (0,-4), (0,-5), 
 #   6: (-1,0), (-2,0), (-3,0), (-4,0), (-5,0), 
 #   7: (1,-1), (1,-2), (1,-3), (1,-4), (1,-5), (2,-1), (2,-2), (2,-3), (2,-4), (2,-5), (3,-1), (3,-2), (3,-3), (3,-4), (3,-5), (4,-1), (4,-2), (4,-3), (4,-4), (4,-5), (5,-1), (5,-2), (5,-3), (5,-4), (5,-5), 
 #   8: (1,1), (1,2), (1,3), (1,4), (1,5), (2,1), (2,2), (2,3), (2,4), (2,5), (3,1), (3,2), (3,3), (3,4), (3,5), (4,1), (4,2), (4,3), (4,4), (4,5), (5,1), (5,2), (5,3), (5,4), (5,5), 
 #   9: (-1,-1), (-1,-2), (-1,-3), (-1,-4), (-1,-5), (-2,-1), (-2,-2), (-2,-3), (-2,-4), (-2,-5), (-3,-1), (-3,-2), (-3,-3), (-3,-4), (-3,-5), (-4,-1), (-4,-2), (-4,-3), (-4,-4), (-4,-5), (-5,-1), (-5,-2), (-5,-3), (-5,-4), (-5,-5), 
 #  10: (-1,1), (-1,2), (-1,3), (-1,4), (-1,5), (-2,1), (-2,2), (-2,3), (-2,4), (-2,5), (-3,1), (-3,2), (-3,3), (-3,4), (-3,5), (-4,1), (-4,2), (-4,3), (-4,4), (-4,5), (-5,1), (-5,2), (-5,3), (-5,4), (-5,5), 
 #  11: (1,1), (2,2), (3,3), (4,4), (5,5), 
 #  12: (-1,-1), (-2,-2), (-3,-3), (-4,-4), (-5,-5), 
 #===================== fastNLO Table: CoeffAddFlex ====================
 # No. of scale1 nodes (Nscalenode1)   6
 # No. of scale2 nodes (Nscalenode2)   6
 ##################################################################################

 ##################################################################################
 # Information on table contribution no. 1: NLO
 #---------------------------------------------------------------------------------
 #===================== fastNLO Table: CoeffBase ====================
 # Contribution description (CtrbDescript)
 #   0	NLO
 # Code description (CodeDescript)
 #   0	NNLOJET_rev_5088
 #   1	Example for single jet inclusive production.
 #   2	Please adapt to selected process: 2jet
 #   3	Please cite:
 #   4	Currie, J.; Glover, E.W.N. & Pires, J., Phys. Rev. Lett., 2017, 118, 072002 [arXiv:1611.01460]
 #   5	2jet
 #   6	PC: Please check and modify NNLOJET references according to selected process.
 #===================== fastNLO Table: CoeffAddBase ====================
 # No. of events (Nevt)                1.000000
 # Weight of table [=Nevt] (fWgtNevt)  1.000000
 # Number of tables merged together    500
 # No. of filled events (WgtNumEv)     664387717798
 # Sum of weights squared (WgtSumW2)   155157010000000006223822848.000000
 # Sum of sigma squared (SigSumW2)     4127390600000.000000
 # Sum of sigma (SigSum)               230778.300000
 # Sigma / Nevt (SigSum/WgtNevt)       230778.300000
 # Abs. order in a_s (Npow)            3
 # No. of hadrons involved (NPDF)      2
 # Type(s) of hadrons (NPDFPDG)
 #   0	2212
 #   1	2212
 # PDF storage format (NPDFDim)        2
 #   --> x-interpolation storage format: Full-Matrix
 # Observable bin no. 1
 #   No. of X1 nodes (XNode1[i].size())          20
 # Observable bin no. 12
 #   No. of X1 nodes (XNode1[i].size())          20
 # No. of scales involved (NScales)    1
 # Scale descriptions (ScaleDescript)
 #   0	ptavg_j12_[GeV]
 #   1	m12_[GeV]
 # No. of subprocess contributions     13
 #ISub  Processes
 #   0: (0,0), 
 #   1: (1,0), (2,0), (3,0), (4,0), (5,0), 
 #   2: (1,-1), (2,-2), (3,-3), (4,-4), (5,-5), 
 #   3: (0,1), (0,2), (0,3), (0,4), (0,5), 
 #   4: (-1,1), (-2,2), (-3,3), (-4,4), (-5,5), 
 #   5: (0,-1), (0,-2), (0,-3), (0,-4), (0,-5), 
 #   6: (-1,0), (-2,0), (-3,0), (-4,0), (-5,0), 
 #   7: (1,1), (1,2), (1,3), (1,4), (1,5), (2,1), (2,2), (2,3), (2,4), (2,5), (3,1), (3,2), (3,3), (3,4), (3,5), (4,1), (4,2), (4,3), (4,4), (4,5), (5,1), (5,2), (5,3), (5,4), (5,5), 
 #   8: (1,-1), (1,-2), (1,-3), (1,-4), (1,-5), (2,-1), (2,-2), (2,-3), (2,-4), (2,-5), (3,-1), (3,-2), (3,-3), (3,-4), (3,-5), (4,-1), (4,-2), (4,-3), (4,-4), (4,-5), (5,-1), (5,-2), (5,-3), (5,-4), (5,-5), 
 #   9: (-1,1), (-1,2), (-1,3), (-1,4), (-1,5), (-2,1), (-2,2), (-2,3), (-2,4), (-2,5), (-3,1), (-3,2), (-3,3), (-3,4), (-3,5), (-4,1), (-4,2), (-4,3), (-4,4), (-4,5), (-5,1), (-5,2), (-5,3), (-5,4), (-5,5), 
 #  10: (-1,-1), (-1,-2), (-1,-3), (-1,-4), (-1,-5), (-2,-1), (-2,-2), (-2,-3), (-2,-4), (-2,-5), (-3,-1), (-3,-2), (-3,-3), (-3,-4), (-3,-5), (-4,-1), (-4,-2), (-4,-3), (-4,-4), (-4,-5), (-5,-1), (-5,-2), (-5,-3), (-5,-4), (-5,-5), 
 #  11: (1,1), (2,2), (3,3), (4,4), (5,5), 
 #  12: (-1,-1), (-2,-2), (-3,-3), (-4,-4), (-5,-5), 
 #===================== fastNLO Table: CoeffAddFlex ====================
 # No. of scale1 nodes (Nscalenode1)   6
 # No. of scale2 nodes (Nscalenode2)   6
 ##################################################################################

 ##################################################################################
 # Information on table contribution no. 2: NNLO
 #---------------------------------------------------------------------------------
 #===================== fastNLO Table: CoeffBase ====================
 # Contribution description (CtrbDescript)
 #   0	NNLO
 # Code description (CodeDescript)
 #   0	NNLOJET_rev_5088
 #   1	Example for single jet inclusive production.
 #   2	Please adapt to selected process: 2jet
 #   3	Please cite:
 #   4	Currie, J.; Glover, E.W.N. & Pires, J., Phys. Rev. Lett., 2017, 118, 072002 [arXiv:1611.01460]
 #   5	2jet
 #   6	PC: Please check and modify NNLOJET references according to selected process.
 #===================== fastNLO Table: CoeffAddBase ====================
 # No. of events (Nevt)                1.000000
 # Weight of table [=Nevt] (fWgtNevt)  1.000000
 # Number of tables merged together    6748
 # No. of filled events (WgtNumEv)     4247642914995
 # Sum of weights squared (WgtSumW2)   208016479999999996876391957747728384.000000
 # Sum of sigma squared (SigSumW2)     2141567700000000000.000000
 # Sum of sigma (SigSum)               -9094636.300000
 # Sigma / Nevt (SigSum/WgtNevt)       -9094636.300000
 # Abs. order in a_s (Npow)            4
 # No. of hadrons involved (NPDF)      2
 # Type(s) of hadrons (NPDFPDG)
 #   0	2212
 #   1	2212
 # PDF storage format (NPDFDim)        2
 #   --> x-interpolation storage format: Full-Matrix
 # Observable bin no. 1
 #   No. of X1 nodes (XNode1[i].size())          20
 # Observable bin no. 12
 #   No. of X1 nodes (XNode1[i].size())          20
 # No. of scales involved (NScales)    1
 # Scale descriptions (ScaleDescript)
 #   0	ptavg_j12_[GeV]
 #   1	m12_[GeV]
 # No. of subprocess contributions     13
 #ISub  Processes
 #   0: (0,0), 
 #   1: (1,0), (2,0), (3,0), (4,0), (5,0), 
 #   2: (1,-1), (2,-2), (3,-3), (4,-4), (5,-5), 
 #   3: (0,1), (0,2), (0,3), (0,4), (0,5), 
 #   4: (-1,1), (-2,2), (-3,3), (-4,4), (-5,5), 
 #   5: (0,-1), (0,-2), (0,-3), (0,-4), (0,-5), 
 #   6: (-1,0), (-2,0), (-3,0), (-4,0), (-5,0), 
 #   7: (1,1), (1,2), (1,3), (1,4), (1,5), (2,1), (2,2), (2,3), (2,4), (2,5), (3,1), (3,2), (3,3), (3,4), (3,5), (4,1), (4,2), (4,3), (4,4), (4,5), (5,1), (5,2), (5,3), (5,4), (5,5), 
 #   8: (1,-1), (1,-2), (1,-3), (1,-4), (1,-5), (2,-1), (2,-2), (2,-3), (2,-4), (2,-5), (3,-1), (3,-2), (3,-3), (3,-4), (3,-5), (4,-1), (4,-2), (4,-3), (4,-4), (4,-5), (5,-1), (5,-2), (5,-3), (5,-4), (5,-5), 
 #   9: (-1,1), (-1,2), (-1,3), (-1,4), (-1,5), (-2,1), (-2,2), (-2,3), (-2,4), (-2,5), (-3,1), (-3,2), (-3,3), (-3,4), (-3,5), (-4,1), (-4,2), (-4,3), (-4,4), (-4,5), (-5,1), (-5,2), (-5,3), (-5,4), (-5,5), 
 #  10: (-1,-1), (-1,-2), (-1,-3), (-1,-4), (-1,-5), (-2,-1), (-2,-2), (-2,-3), (-2,-4), (-2,-5), (-3,-1), (-3,-2), (-3,-3), (-3,-4), (-3,-5), (-4,-1), (-4,-2), (-4,-3), (-4,-4), (-4,-5), (-5,-1), (-5,-2), (-5,-3), (-5,-4), (-5,-5), 
 #  11: (1,1), (2,2), (3,3), (4,4), (5,5), 
 #  12: (-1,-1), (-2,-2), (-3,-3), (-4,-4), (-5,-5), 
 #===================== fastNLO Table: CoeffAddFlex ====================
 # No. of scale1 nodes (Nscalenode1)   6
 # No. of scale2 nodes (Nscalenode2)   6
 ##################################################################################
LHAPDF 6.2.1 loading /home/rabbertz/local/share/LHAPDF/CT14nnlo/CT14nnlo_0000.dat
CT14nnlo PDF set, member #0, version 1; LHAPDF ID = 13000
LHAPDF 6.2.1 loading /home/rabbertz/local/share/LHAPDF/CT14nnlo/CT14nnlo_0000.dat
CT14nnlo PDF set, member #0, version 1; LHAPDF ID = 13000

 ##################################################################################################################################################################
 # [fnlo-tk-cppread] Calculate my cross sections
 ##################################################################################################################################################################
 #=================================================================================================================================================================
 # My Cross Sections
 # The scale factors xmur, xmuf chosen here are:      1.000,      1.000
 #-----------------------------------------------------------------------------------------------------------------------------------------------------------------
 #IObs  BinSize  IODimO  [ Chi               ]  < ptavg_j12_ >  LO_cross_section   NLO_cross_section  NNLO_cross_section   KNLO      KNNLO
 #-----------------------------------------------------------------------------------------------------------------------------------------------------------------
     1  1.000         1   1.000       2.000      1286.          9.11477957667E-01  9.06374338408E-01  8.32134643589E-01    0.99440   0.91809
     2  1.000         2   2.000       3.000      1188.          7.86095148943E-01  7.60580003376E-01  6.98326611289E-01    0.96754   0.91815
     3  1.000         3   3.000       4.000      1093.          7.95291473945E-01  7.48408547812E-01  6.73007920811E-01    0.94105   0.89925
     4  1.000         4   4.000       5.000      1015.          8.22642810207E-01  7.56371056922E-01  6.83010062489E-01    0.91944   0.90301
     5  1.000         5   5.000       6.000      949.0          8.52198451466E-01  7.68404821630E-01  6.92514754551E-01    0.90167   0.90124
     6  1.000         6   6.000       7.000      894.5          8.80897292463E-01  7.81326495327E-01  6.87747832178E-01    0.88697   0.88023
     7  1.000         7   7.000       8.000      847.9          9.07486358204E-01  7.91965226692E-01  6.97338686677E-01    0.87270   0.88052
     8  1.000         8   8.000       9.000      807.6          9.32156329715E-01  8.02680958954E-01  7.72160448251E-01    0.86110   0.96198
     9  1.000         9   9.000       10.00      772.8          9.55247342293E-01  8.11406786584E-01  7.14890583979E-01    0.84942   0.88105
    10  2.000        10   10.00       12.00      727.9          9.86735215779E-01  8.25549313688E-01  7.26624876199E-01    0.83665   0.88017
    11  2.000        11   12.00       14.00      678.6          1.02434456291E+00  8.38686443041E-01  7.29930391676E-01    0.81875   0.87033
    12  2.000        12   14.00       16.00      637.9          1.05764447326E+00  8.45550984611E-01  7.43700230459E-01    0.79947   0.87955
 #=================================================================================================================================================================
 # My Cross Sections
 # The scale factors xmur, xmuf chosen here are:      0.500,      0.500
 #-----------------------------------------------------------------------------------------------------------------------------------------------------------------
 #IObs  BinSize  IODimO  [ Chi               ]  < ptavg_j12_ >  LO_cross_section   NLO_cross_section  NNLO_cross_section   KNLO      KNNLO
 #-----------------------------------------------------------------------------------------------------------------------------------------------------------------
     1  1.000         1   1.000       2.000      643.9          1.21083277625E+00  8.51831021040E-01  8.06345651372E-01    0.70351   0.94660
     2  1.000         2   2.000       3.000      595.0          1.04541868746E+00  7.04959818973E-01  6.79011851291E-01    0.67433   0.96319
     3  1.000         3   3.000       4.000      547.7          1.05953356993E+00  6.82956790806E-01  6.47923109539E-01    0.64458   0.94870
     4  1.000         4   4.000       5.000      508.5          1.09812371651E+00  6.80408349867E-01  6.56459654472E-01    0.61961   0.96480
     5  1.000         5   5.000       6.000      475.6          1.13978072485E+00  6.82423940280E-01  6.72211946454E-01    0.59873   0.98504
     6  1.000         6   6.000       7.000      448.4          1.18031313369E+00  6.85966764571E-01  6.54054832946E-01    0.58117   0.95348
     7  1.000         7   7.000       8.000      425.2          1.21801001571E+00  6.87111823576E-01  6.71970945467E-01    0.56413   0.97796
     8  1.000         8   8.000       9.000      404.9          1.25309994402E+00  6.89367835493E-01  7.82939584797E-01    0.55013   1.13574
     9  1.000         9   9.000       10.00      387.7          1.28602060260E+00  6.89410391694E-01  6.82936641322E-01    0.53608   0.99061
    10  2.000        10   10.00       12.00      365.1          1.33110309559E+00  6.92588835794E-01  7.00991766526E-01    0.52031   1.01213
    11  2.000        11   12.00       14.00      340.7          1.38524447379E+00  6.90372062561E-01  6.96665779155E-01    0.49838   1.00912
    12  2.000        12   14.00       16.00      320.4          1.43347672644E+00  6.81139756418E-01  7.19211804671E-01    0.47517   1.05589
 #=================================================================================================================================================================
 # My Cross Sections
 # The scale factors xmur, xmuf chosen here are:      2.000,      2.000
 #-----------------------------------------------------------------------------------------------------------------------------------------------------------------
 #IObs  BinSize  IODimO  [ Chi               ]  < ptavg_j12_ >  LO_cross_section   NLO_cross_section  NNLO_cross_section   KNLO      KNNLO
 #-----------------------------------------------------------------------------------------------------------------------------------------------------------------
     1  1.000         1   1.000       2.000      2570.          7.00477485703E-01  8.72280780123E-01  8.53121971750E-01    1.24527   0.97804
     2  1.000         2   2.000       3.000      2374.          6.03572346567E-01  7.36469766544E-01  7.16146580299E-01    1.22018   0.97240
     3  1.000         3   3.000       4.000      2185.          6.09691882619E-01  7.29334800952E-01  6.96073406903E-01    1.19624   0.95439
     4  1.000         4   4.000       5.000      2027.          6.29609135766E-01  7.41206493424E-01  7.08017943749E-01    1.17725   0.95522
     5  1.000         5   5.000       6.000      1896.          6.51182331594E-01  7.56611972143E-01  7.16744276817E-01    1.16190   0.94731
     6  1.000         6   6.000       7.000      1787.          6.72095695456E-01  7.72510132536E-01  7.20683010604E-01    1.14940   0.93291
     7  1.000         7   7.000       8.000      1694.          6.91396531381E-01  7.86333127448E-01  7.28597813405E-01    1.13731   0.92658
     8  1.000         8   8.000       9.000      1613.          7.09238304610E-01  7.99708329659E-01  7.83091649923E-01    1.12756   0.97922
     9  1.000         9   9.000       10.00      1544.          7.25890322505E-01  8.11340121381E-01  7.51840655858E-01    1.11772   0.92667
    10  2.000        10   10.00       12.00      1454.          7.48501852356E-01  8.28772908373E-01  7.62924134164E-01    1.10724   0.92055
    11  2.000        11   12.00       14.00      1355.          7.75387558564E-01  8.47095760173E-01  7.73001704714E-01    1.09248   0.91253
    12  2.000        12   14.00       16.00      1274.          7.99084090273E-01  8.60005443349E-01  7.85284497349E-01    1.07624   0.91312
 #=================================================================================================================================================================
 # My Cross Sections
 # The scale factors xmur, xmuf chosen here are:      0.500,      1.000
 #-----------------------------------------------------------------------------------------------------------------------------------------------------------------
 #IObs  BinSize  IODimO  [ Chi               ]  < ptavg_j12_ >  LO_cross_section   NLO_cross_section  NNLO_cross_section   KNLO      KNNLO
 #-----------------------------------------------------------------------------------------------------------------------------------------------------------------
     1  1.000         1   1.000       2.000      643.5          1.06321985672E+00  8.92496843920E-01  8.08462978204E-01    0.83943   0.90584
     2  1.000         2   2.000       3.000      594.5          9.18258542829E-01  7.42837064125E-01  6.79340676530E-01    0.80896   0.91452
     3  1.000         3   3.000       4.000      547.2          9.30390228472E-01  7.24556721801E-01  6.50080924704E-01    0.77877   0.89721
     4  1.000         4   4.000       5.000      507.9          9.63728628662E-01  7.26550125708E-01  6.57895270811E-01    0.75389   0.90551
     5  1.000         5   5.000       6.000      475.1          9.99627034448E-01  7.33035082731E-01  6.70291642125E-01    0.73331   0.91441
     6  1.000         6   6.000       7.000      447.8          1.03448460117E+00  7.40890877408E-01  6.57455694348E-01    0.71619   0.88739
     7  1.000         7   7.000       8.000      424.6          1.06682693124E+00  7.46270849128E-01  6.70258405573E-01    0.69952   0.89814
     8  1.000         8   8.000       9.000      404.4          1.09687754075E+00  7.52484816333E-01  7.68242496618E-01    0.68602   1.02094
     9  1.000         9   9.000       10.00      387.1          1.12503709000E+00  7.56417468981E-01  6.82960705342E-01    0.67235   0.90289
    10  2.000        10   10.00       12.00      364.6          1.16351971868E+00  7.64720765569E-01  6.97191793580E-01    0.65725   0.91169
    11  2.000        11   12.00       14.00      340.0          1.20961673296E+00  7.69452006179E-01  6.95523674377E-01    0.63611   0.90392
    12  2.000        12   14.00       16.00      319.7          1.25056755416E+00  7.67501074585E-01  7.14310134906E-01    0.61372   0.93070
 #=================================================================================================================================================================
 # My Cross Sections
 # The scale factors xmur, xmuf chosen here are:      1.000,      0.500
 #-----------------------------------------------------------------------------------------------------------------------------------------------------------------
 #IObs  BinSize  IODimO  [ Chi               ]  < ptavg_j12_ >  LO_cross_section   NLO_cross_section  NNLO_cross_section   KNLO      KNNLO
 #-----------------------------------------------------------------------------------------------------------------------------------------------------------------
     1  1.000         1   1.000       2.000      1286.          1.03802743228E+00  9.01575169043E-01  8.23396481911E-01    0.86855   0.91329
     2  1.000         2   2.000       3.000      1189.          8.94956528641E-01  7.54421422044E-01  6.91448394185E-01    0.84297   0.91653
     3  1.000         3   3.000       4.000      1094.          9.05685602086E-01  7.39929468755E-01  6.64072484479E-01    0.81698   0.89748
     4  1.000         4   4.000       5.000      1015.          9.37366491641E-01  7.45550118435E-01  6.74112040320E-01    0.79537   0.90418
     5  1.000         5   5.000       6.000      949.6          9.71685489600E-01  7.55397350180E-01  6.84833900354E-01    0.77741   0.90659
     6  1.000         6   6.000       7.000      895.1          1.00507896124E+00  7.66237887563E-01  6.75588587561E-01    0.76237   0.88170
     7  1.000         7   7.000       8.000      848.6          1.03609295386E+00  7.74809016919E-01  6.87631618319E-01    0.74782   0.88749
     8  1.000         8   8.000       9.000      808.2          1.06492266513E+00  7.83589462153E-01  7.71277162805E-01    0.73582   0.98429
     9  1.000         9   9.000       10.00      773.5          1.09193980911E+00  7.90399912685E-01  7.02853115374E-01    0.72385   0.88924
    10  2.000        10   10.00       12.00      728.5          1.12886068855E+00  8.02095680746E-01  7.15977168979E-01    0.71054   0.89263
    11  2.000        11   12.00       14.00      679.3          1.17307711001E+00  8.11764537649E-01  7.16040471261E-01    0.69200   0.88208
    12  2.000        12   14.00       16.00      638.6          1.21234190270E+00  8.14734653520E-01  7.30820195616E-01    0.67203   0.89700
 #=================================================================================================================================================================
 # My Cross Sections
 # The scale factors xmur, xmuf chosen here are:      1.000,      2.000
 #-----------------------------------------------------------------------------------------------------------------------------------------------------------------
 #IObs  BinSize  IODimO  [ Chi               ]  < ptavg_j12_ >  LO_cross_section   NLO_cross_section  NNLO_cross_section   KNLO      KNNLO
 #-----------------------------------------------------------------------------------------------------------------------------------------------------------------
     1  1.000         1   1.000       2.000      1285.          8.07824143788E-01  9.05024115113E-01  8.40725614801E-01    1.12032   0.92895
     2  1.000         2   2.000       3.000      1187.          6.96926866185E-01  7.61261919244E-01  7.05209363357E-01    1.09231   0.92637
     3  1.000         3   3.000       4.000      1093.          7.04917383425E-01  7.51034039218E-01  6.81530903991E-01    1.06542   0.90746
     4  1.000         4   4.000       5.000      1014.          7.28814155536E-01  7.60805895782E-01  6.91572045950E-01    1.04390   0.90900
     5  1.000         5   5.000       6.000      948.6          7.54588511071E-01  7.74497915314E-01  7.00251618760E-01    1.02638   0.90414
     6  1.000         6   6.000       7.000      894.0          7.79570326921E-01  7.88975155909E-01  6.99052848582E-01    1.01206   0.88603
     7  1.000         7   7.000       8.000      847.4          8.02661223899E-01  8.01161202916E-01  7.06941023282E-01    0.99813   0.88240
     8  1.000         8   8.000       9.000      807.1          8.24043375801E-01  8.13302880470E-01  7.74609647873E-01    0.98697   0.95242
     9  1.000         9   9.000       10.00      772.3          8.44029536272E-01  8.23446518573E-01  7.26427090810E-01    0.97561   0.88218
    10  2.000        10   10.00       12.00      727.4          8.71228148306E-01  8.39363200979E-01  7.37146730435E-01    0.96343   0.87822
    11  2.000        11   12.00       14.00      678.1          9.03641719251E-01  8.55058076297E-01  7.43052486821E-01    0.94624   0.86901
    12  2.000        12   14.00       16.00      637.4          9.32277778995E-01  8.64840659763E-01  7.56124094088E-01    0.92766   0.87429
 #=================================================================================================================================================================
 # My Cross Sections
 # The scale factors xmur, xmuf chosen here are:      2.000,      1.000
 #-----------------------------------------------------------------------------------------------------------------------------------------------------------------
 #IObs  BinSize  IODimO  [ Chi               ]  < ptavg_j12_ >  LO_cross_section   NLO_cross_section  NNLO_cross_section   KNLO      KNNLO
 #-----------------------------------------------------------------------------------------------------------------------------------------------------------------
     1  1.000         1   1.000       2.000      2570.          7.90359544783E-01  8.91528240161E-01  8.48327154882E-01    1.12800   0.95154
     2  1.000         2   2.000       3.000      2374.          6.80798291939E-01  7.51646509194E-01  7.12154058114E-01    1.10407   0.94746
     3  1.000         3   3.000       4.000      2185.          6.87859511811E-01  7.43275685243E-01  6.90551998426E-01    1.08056   0.92907
     4  1.000         4   4.000       5.000      2028.          7.10668013155E-01  7.54422789901E-01  7.02445056172E-01    1.06157   0.93110
     5  1.000         5   5.000       6.000      1897.          7.35418273639E-01  7.69282803532E-01  7.11348478386E-01    1.04605   0.92469
     6  1.000         6   6.000       7.000      1788.          7.59455565795E-01  7.84704215079E-01  7.12551255962E-01    1.03325   0.90805
     7  1.000         7   7.000       8.000      1694.          7.81693193828E-01  7.98026675555E-01  7.21270336017E-01    1.02090   0.90382
     8  1.000         8   8.000       9.000      1614.          8.02291532361E-01  8.10944884145E-01  7.81009136753E-01    1.01079   0.96309
     9  1.000         9   9.000       10.00      1544.          8.21543526025E-01  8.22106201159E-01  7.42984205343E-01    1.00068   0.90376
    10  2.000        10   10.00       12.00      1454.          8.47740619160E-01  8.39032034930E-01  7.54378472561E-01    0.98973   0.89911
    11  2.000        11   12.00       14.00      1356.          8.78961894065E-01  8.56448046798E-01  7.62229679531E-01    0.97439   0.88999
    12  2.000        12   14.00       16.00      1274.          9.06542788917E-01  8.68053780660E-01  7.74457683891E-01    0.95754   0.89218
