 ##################################################################################
 # INFO.    [fnlo-tk-cppread] Program to read fastNLO tables and derive
 # INFO.    [fnlo-tk-cppread] QCD cross sections using PDFs e.g. from LHAPDF
 #---------------------------------------------------------------------------------
 # INFO.    [fnlo-tk-cppread] For more explanations type:
 # INFO.    [fnlo-tk-cppread] ./fnlo-tk-cppread -h
 # INFO.    [fnlo-tk-cppread] For version number printout type:
 # INFO.    [fnlo-tk-cppread] ./fnlo-tk-cppread -v
 ##################################################################################

 ##################################################################################
 # [fnlo-tk-cppread] fastNLO Cross-Section Calculator
 #---------------------------------------------------------------------------------
 # [fnlo-tk-cppread] Evaluating table: 2jet.NNLO.fnl5662j_mjj6_chi.tab.gz
 # [fnlo-tk-cppread] Using PDF set   : CT14nnlo
 # [fnlo-tk-cppread] If possible, will try to do 7 scale factor variations.
 # [fnlo-tk-cppread] Using alpha_s evolution code: LHAPDF
 # [fnlo-tk-cppread] Preparing unnormalized cross sections,
 # [fnlo-tk-cppread] Using scale definition kScale1
 # [fnlo-tk-cppread] No request given for no. of flavours,
 #             using default value for LHAPDF or Nf = 5.
 # [fnlo-tk-cppread] No request given for no. of loops,
 #             using default value for LHAPDF or NLoop = 2.
 # [fnlo-tk-cppread] No request given for value of alpha_s(M_Z),
 #             using default value for LHAPDF or asMz = 0.1181.
 # [fnlo-tk-cppread] No request given for value of M_Z,
 #             using default value for LHAPDF or Mz = 91.1876.
 ##################################################################################

 ##################################################################################
 #
 # [0;31mfast[0;34mNLO[0m_toolkit
 # Version 2.3.1_2771
 #
 # C++ program and toolkit to read and create fastNLO v2 tables and
 # derive QCD cross sections using PDFs, e.g. from LHAPDF
 #
 #---------------------------------------------------------------------------------
 #
 # Copyright © 2005-2020 [0;31mfast[0;34mNLO[0m Collaboration
 # D. Britzger, T. Kluge, K. Rabbertz, F. Stober, G. Sieber, M. Wobisch
 #
 # This program is free software: you can redistribute it and/or modify
 # it under the terms of the GNU General Public License as published by
 # the Free Software Foundation, either version 3 of the License, or
 # (at your option) any later version.
 #
 # This program is distributed in the hope that it will be useful,
 # but WITHOUT ANY WARRANTY; without even the implied warranty of
 # MERCHANTABILITY or FITNESS FOR A PARTICULAR PURPOSE. See the
 # GNU General Public License for more details.
 #
 # You should have received a copy of the GNU General Public License
 # along with this program. If not, see <http://www.gnu.org/licenses/>.
 #
 #---------------------------------------------------------------------------------
 #
 # The projects web page can be found at:
 #   http://projects.hepforge.org/fastnlo
 #
 # If you use this code, please cite:
 #   T. Kluge, K. Rabbertz, M. Wobisch, hep-ph/0609285
 #   D. Britzger, T. Kluge, K. Rabbertz, F. Stober, M. Wobisch, arXiv:1109.1310
 #
 ##################################################################################

 ##################################################################################
 # Overview on contribution types and numbers contained in table: 2jet.NNLO.fnl5662j_mjj6_chi.tab.gz
 #---------------------------------------------------------------------------------
 # Total number of contributions:  3
 #   No.: 1, type: Fixed order calculation       , Id: 0, order: LO                  , by: NNLOJET_rev_5088
 #   No.: 2, type: Fixed order calculation       , Id: 1, order: NLO                 , by: NNLOJET_rev_5088
 #   No.: 3, type: Fixed order calculation       , Id: 2, order: NNLO                , by: NNLOJET_rev_5088
 ##################################################################################

 ##################################################################################
 # Information on table header
 #---------------------------------------------------------------------------------
 #===================== fastNLO Table: Header ====================
 # Table version (Itabversion)         23600
 # Scenario name (ScenName)            fnl5662j
 # Theory contributions (Ncontrib)     3
 # Data contribution 0/1 (Ndata)       0
 ##################################################################################

 ##################################################################################
 # Information on fastNLO scenario: fnl5662j
 #---------------------------------------------------------------------------------
 #===================== fastNLO Table: Scenario ====================
 # Scenario description (ScDescript)
 #   0	d2sigma-dijet_dChi_dMjj_[pb_GeV]
 #   1	CMS_Collaboration
 #   2	Dijet_Chi
 #   3	anti-kT_R=0.4
 #   4	THEORY_LABEL=NNLOJET
 #   5	provided by:
 #   6	fastNLO_2.3.1
 #   7	If you use this table, please cite:
 #   8	  D. Britzger, T. Kluge, K. Rabbertz, F. Stober, M. Wobisch, arXiv:1109.1310
 #
 # Publ. x section (10^-Ipublunits b)  12
 # Centre-of-mass energy (Ecms/GeV)    13000
 # Power in a_s of LO process (ILOord) 2
 # No. of observable bins (NObsBin)    12
 # Dim. of observable binning (NDim)   1
 #
 # Dimension labels (DimLabel)
 #   0	Chi
 # Differential dimension (IDiffBin)
 #   0	2
 #
 # Total no. of contributions (theory + optional data) in this table: 3
 ##################################################################################

 ##################################################################################
 # Information on table contribution no. 0: LO
 #---------------------------------------------------------------------------------
 #===================== fastNLO Table: CoeffBase ====================
 # Contribution description (CtrbDescript)
 #   0	LO
 # Code description (CodeDescript)
 #   0	NNLOJET_rev_5088
 #   1	Example for single jet inclusive production.
 #   2	Please adapt to selected process: 2jet
 #   3	Please cite:
 #   4	Currie, J.; Glover, E.W.N. & Pires, J., Phys. Rev. Lett., 2017, 118, 072002 [arXiv:1611.01460]
 #   5	2jet
 #   6	PC: Please check and modify NNLOJET references according to selected process.
 #===================== fastNLO Table: CoeffAddBase ====================
 # No. of events (Nevt)                0.000000
 # Weight of table [=Nevt] (fWgtNevt)  0.000000
 # Number of tables merged together    150
 # No. of filled events (WgtNumEv)     31060566305
 # Sum of weights squared (WgtSumW2)   15944326000000.000000
 # Sum of sigma squared (SigSumW2)     1.666314
 # Sum of sigma (SigSum)               20432.877000
 # Sigma / Nevt (SigSum/WgtNevt)       9885389651575290305338336798061727641665273856.000000
 # Abs. order in a_s (Npow)            2
 # No. of hadrons involved (NPDF)      2
 # Type(s) of hadrons (NPDFPDG)
 #   0	2212
 #   1	2212
 # PDF storage format (NPDFDim)        2
 #   --> x-interpolation storage format: Full-Matrix
 # Observable bin no. 1
 #   No. of X1 nodes (XNode1[i].size())          20
 # Observable bin no. 12
 #   No. of X1 nodes (XNode1[i].size())          20
 # No. of scales involved (NScales)    1
 # Scale descriptions (ScaleDescript)
 #   0	ptavg_j12_[GeV]
 #   1	m12_[GeV]
 # No. of subprocess contributions     13
 #ISub  Processes
 #   0: (0,0), 
 #   1: (1,0), (2,0), (3,0), (4,0), (5,0), 
 #   2: (1,-1), (2,-2), (3,-3), (4,-4), (5,-5), 
 #   3: (0,1), (0,2), (0,3), (0,4), (0,5), 
 #   4: (-1,1), (-2,2), (-3,3), (-4,4), (-5,5), 
 #   5: (0,-1), (0,-2), (0,-3), (0,-4), (0,-5), 
 #   6: (-1,0), (-2,0), (-3,0), (-4,0), (-5,0), 
 #   7: (1,-1), (1,-2), (1,-3), (1,-4), (1,-5), (2,-1), (2,-2), (2,-3), (2,-4), (2,-5), (3,-1), (3,-2), (3,-3), (3,-4), (3,-5), (4,-1), (4,-2), (4,-3), (4,-4), (4,-5), (5,-1), (5,-2), (5,-3), (5,-4), (5,-5), 
 #   8: (1,1), (1,2), (1,3), (1,4), (1,5), (2,1), (2,2), (2,3), (2,4), (2,5), (3,1), (3,2), (3,3), (3,4), (3,5), (4,1), (4,2), (4,3), (4,4), (4,5), (5,1), (5,2), (5,3), (5,4), (5,5), 
 #   9: (-1,-1), (-1,-2), (-1,-3), (-1,-4), (-1,-5), (-2,-1), (-2,-2), (-2,-3), (-2,-4), (-2,-5), (-3,-1), (-3,-2), (-3,-3), (-3,-4), (-3,-5), (-4,-1), (-4,-2), (-4,-3), (-4,-4), (-4,-5), (-5,-1), (-5,-2), (-5,-3), (-5,-4), (-5,-5), 
 #  10: (-1,1), (-1,2), (-1,3), (-1,4), (-1,5), (-2,1), (-2,2), (-2,3), (-2,4), (-2,5), (-3,1), (-3,2), (-3,3), (-3,4), (-3,5), (-4,1), (-4,2), (-4,3), (-4,4), (-4,5), (-5,1), (-5,2), (-5,3), (-5,4), (-5,5), 
 #  11: (1,1), (2,2), (3,3), (4,4), (5,5), 
 #  12: (-1,-1), (-2,-2), (-3,-3), (-4,-4), (-5,-5), 
 #===================== fastNLO Table: CoeffAddFlex ====================
 # No. of scale1 nodes (Nscalenode1)   6
 # No. of scale2 nodes (Nscalenode2)   6
 ##################################################################################

 ##################################################################################
 # Information on table contribution no. 1: NLO
 #---------------------------------------------------------------------------------
 #===================== fastNLO Table: CoeffBase ====================
 # Contribution description (CtrbDescript)
 #   0	NLO
 # Code description (CodeDescript)
 #   0	NNLOJET_rev_5088
 #   1	Example for single jet inclusive production.
 #   2	Please adapt to selected process: 2jet
 #   3	Please cite:
 #   4	Currie, J.; Glover, E.W.N. & Pires, J., Phys. Rev. Lett., 2017, 118, 072002 [arXiv:1611.01460]
 #   5	2jet
 #   6	PC: Please check and modify NNLOJET references according to selected process.
 #===================== fastNLO Table: CoeffAddBase ====================
 # No. of events (Nevt)                1.000000
 # Weight of table [=Nevt] (fWgtNevt)  1.000000
 # Number of tables merged together    550
 # No. of filled events (WgtNumEv)     219549340180
 # Sum of weights squared (WgtSumW2)   23714751999999999614124032.000000
 # Sum of sigma squared (SigSumW2)     1320206400.000000
 # Sum of sigma (SigSum)               800.465000
 # Sigma / Nevt (SigSum/WgtNevt)       800.465000
 # Abs. order in a_s (Npow)            3
 # No. of hadrons involved (NPDF)      2
 # Type(s) of hadrons (NPDFPDG)
 #   0	2212
 #   1	2212
 # PDF storage format (NPDFDim)        2
 #   --> x-interpolation storage format: Full-Matrix
 # Observable bin no. 1
 #   No. of X1 nodes (XNode1[i].size())          20
 # Observable bin no. 12
 #   No. of X1 nodes (XNode1[i].size())          20
 # No. of scales involved (NScales)    1
 # Scale descriptions (ScaleDescript)
 #   0	ptavg_j12_[GeV]
 #   1	m12_[GeV]
 # No. of subprocess contributions     13
 #ISub  Processes
 #   0: (0,0), 
 #   1: (1,0), (2,0), (3,0), (4,0), (5,0), 
 #   2: (1,-1), (2,-2), (3,-3), (4,-4), (5,-5), 
 #   3: (0,1), (0,2), (0,3), (0,4), (0,5), 
 #   4: (-1,1), (-2,2), (-3,3), (-4,4), (-5,5), 
 #   5: (0,-1), (0,-2), (0,-3), (0,-4), (0,-5), 
 #   6: (-1,0), (-2,0), (-3,0), (-4,0), (-5,0), 
 #   7: (1,1), (1,2), (1,3), (1,4), (1,5), (2,1), (2,2), (2,3), (2,4), (2,5), (3,1), (3,2), (3,3), (3,4), (3,5), (4,1), (4,2), (4,3), (4,4), (4,5), (5,1), (5,2), (5,3), (5,4), (5,5), 
 #   8: (1,-1), (1,-2), (1,-3), (1,-4), (1,-5), (2,-1), (2,-2), (2,-3), (2,-4), (2,-5), (3,-1), (3,-2), (3,-3), (3,-4), (3,-5), (4,-1), (4,-2), (4,-3), (4,-4), (4,-5), (5,-1), (5,-2), (5,-3), (5,-4), (5,-5), 
 #   9: (-1,1), (-1,2), (-1,3), (-1,4), (-1,5), (-2,1), (-2,2), (-2,3), (-2,4), (-2,5), (-3,1), (-3,2), (-3,3), (-3,4), (-3,5), (-4,1), (-4,2), (-4,3), (-4,4), (-4,5), (-5,1), (-5,2), (-5,3), (-5,4), (-5,5), 
 #  10: (-1,-1), (-1,-2), (-1,-3), (-1,-4), (-1,-5), (-2,-1), (-2,-2), (-2,-3), (-2,-4), (-2,-5), (-3,-1), (-3,-2), (-3,-3), (-3,-4), (-3,-5), (-4,-1), (-4,-2), (-4,-3), (-4,-4), (-4,-5), (-5,-1), (-5,-2), (-5,-3), (-5,-4), (-5,-5), 
 #  11: (1,1), (2,2), (3,3), (4,4), (5,5), 
 #  12: (-1,-1), (-2,-2), (-3,-3), (-4,-4), (-5,-5), 
 #===================== fastNLO Table: CoeffAddFlex ====================
 # No. of scale1 nodes (Nscalenode1)   6
 # No. of scale2 nodes (Nscalenode2)   6
 ##################################################################################

 ##################################################################################
 # Information on table contribution no. 2: NNLO
 #---------------------------------------------------------------------------------
 #===================== fastNLO Table: CoeffBase ====================
 # Contribution description (CtrbDescript)
 #   0	NNLO
 # Code description (CodeDescript)
 #   0	NNLOJET_rev_5088
 #   1	Example for single jet inclusive production.
 #   2	Please adapt to selected process: 2jet
 #   3	Please cite:
 #   4	Currie, J.; Glover, E.W.N. & Pires, J., Phys. Rev. Lett., 2017, 118, 072002 [arXiv:1611.01460]
 #   5	2jet
 #   6	PC: Please check and modify NNLOJET references according to selected process.
 #===================== fastNLO Table: CoeffAddBase ====================
 # No. of events (Nevt)                1.000000
 # Weight of table [=Nevt] (fWgtNevt)  1.000000
 # Number of tables merged together    7750
 # No. of filled events (WgtNumEv)     801355369255
 # Sum of weights squared (WgtSumW2)   17500174999999999946129627110440960.000000
 # Sum of sigma squared (SigSumW2)     293034590000000.000000
 # Sum of sigma (SigSum)               -117969.180000
 # Sigma / Nevt (SigSum/WgtNevt)       -117969.180000
 # Abs. order in a_s (Npow)            4
 # No. of hadrons involved (NPDF)      2
 # Type(s) of hadrons (NPDFPDG)
 #   0	2212
 #   1	2212
 # PDF storage format (NPDFDim)        2
 #   --> x-interpolation storage format: Full-Matrix
 # Observable bin no. 1
 #   No. of X1 nodes (XNode1[i].size())          20
 # Observable bin no. 12
 #   No. of X1 nodes (XNode1[i].size())          20
 # No. of scales involved (NScales)    1
 # Scale descriptions (ScaleDescript)
 #   0	ptavg_j12_[GeV]
 #   1	m12_[GeV]
 # No. of subprocess contributions     13
 #ISub  Processes
 #   0: (0,0), 
 #   1: (1,0), (2,0), (3,0), (4,0), (5,0), 
 #   2: (1,-1), (2,-2), (3,-3), (4,-4), (5,-5), 
 #   3: (0,1), (0,2), (0,3), (0,4), (0,5), 
 #   4: (-1,1), (-2,2), (-3,3), (-4,4), (-5,5), 
 #   5: (0,-1), (0,-2), (0,-3), (0,-4), (0,-5), 
 #   6: (-1,0), (-2,0), (-3,0), (-4,0), (-5,0), 
 #   7: (1,1), (1,2), (1,3), (1,4), (1,5), (2,1), (2,2), (2,3), (2,4), (2,5), (3,1), (3,2), (3,3), (3,4), (3,5), (4,1), (4,2), (4,3), (4,4), (4,5), (5,1), (5,2), (5,3), (5,4), (5,5), 
 #   8: (1,-1), (1,-2), (1,-3), (1,-4), (1,-5), (2,-1), (2,-2), (2,-3), (2,-4), (2,-5), (3,-1), (3,-2), (3,-3), (3,-4), (3,-5), (4,-1), (4,-2), (4,-3), (4,-4), (4,-5), (5,-1), (5,-2), (5,-3), (5,-4), (5,-5), 
 #   9: (-1,1), (-1,2), (-1,3), (-1,4), (-1,5), (-2,1), (-2,2), (-2,3), (-2,4), (-2,5), (-3,1), (-3,2), (-3,3), (-3,4), (-3,5), (-4,1), (-4,2), (-4,3), (-4,4), (-4,5), (-5,1), (-5,2), (-5,3), (-5,4), (-5,5), 
 #  10: (-1,-1), (-1,-2), (-1,-3), (-1,-4), (-1,-5), (-2,-1), (-2,-2), (-2,-3), (-2,-4), (-2,-5), (-3,-1), (-3,-2), (-3,-3), (-3,-4), (-3,-5), (-4,-1), (-4,-2), (-4,-3), (-4,-4), (-4,-5), (-5,-1), (-5,-2), (-5,-3), (-5,-4), (-5,-5), 
 #  11: (1,1), (2,2), (3,3), (4,4), (5,5), 
 #  12: (-1,-1), (-2,-2), (-3,-3), (-4,-4), (-5,-5), 
 #===================== fastNLO Table: CoeffAddFlex ====================
 # No. of scale1 nodes (Nscalenode1)   6
 # No. of scale2 nodes (Nscalenode2)   6
 ##################################################################################
LHAPDF 6.3.0 loading /home/rabbertz/local/share/LHAPDF/CT14nnlo/CT14nnlo_0000.dat
CT14nnlo PDF set, member #0, version 1; LHAPDF ID = 13000
LHAPDF 6.3.0 loading /home/rabbertz/local/share/LHAPDF/CT14nnlo/CT14nnlo_0000.dat
CT14nnlo PDF set, member #0, version 1; LHAPDF ID = 13000

 ##################################################################################################################################################################
 # [fnlo-tk-cppread] Calculate my cross sections
 ##################################################################################################################################################################
 #=================================================================================================================================================================
 # My Cross Sections
 # The scale factors xmur, xmuf chosen here are:      1.000,      1.000
 #-----------------------------------------------------------------------------------------------------------------------------------------------------------------
 #IObs  BinSize  IODimO  [ Chi               ]  < ptavg_j12_ >  LO_cross_section   NLO_cross_section  NNLO_cross_section   KNLO      KNNLO
 #-----------------------------------------------------------------------------------------------------------------------------------------------------------------
     1  1.000         1   1.000       2.000      2172.          1.04470586723E-02  1.11695671257E-02  1.05344487168E-02    1.06916   0.94314
     2  1.000         2   2.000       3.000      2006.          9.32777830237E-03  9.53113040398E-03  8.72067646507E-03    1.02180   0.91497
     3  1.000         3   3.000       4.000      1846.          9.64801684055E-03  9.47152714096E-03  8.81308875202E-03    0.98171   0.93048
     4  1.000         4   4.000       5.000      1713.          1.01168633742E-02  9.58641974683E-03  8.62271486830E-03    0.94757   0.89947
     5  1.000         5   5.000       6.000      1603.          1.05790010771E-02  9.76361067953E-03  8.90155897117E-03    0.92292   0.91171
     6  1.000         6   6.000       7.000      1510.          1.10076118577E-02  9.92569027241E-03  9.27396024781E-03    0.90171   0.93434
     7  1.000         7   7.000       8.000      1431.          1.13962082537E-02  1.00097827387E-02  9.07713026360E-03    0.87834   0.90683
     8  1.000         8   8.000       9.000      1363.          1.17566645630E-02  1.02127649962E-02  9.29806119865E-03    0.86868   0.91044
     9  1.000         9   9.000       10.00      1304.          1.20862089174E-02  1.02749752000E-02  9.18785335376E-03    0.85014   0.89420
    10  2.000        10   10.00       12.00      1229.          1.25329495065E-02  1.03999046335E-02  9.16163831198E-03    0.82981   0.88093
    11  2.000        11   12.00       14.00      1145.          1.30750823127E-02  1.05858811386E-02  9.68070924608E-03    0.80962   0.91449
    12  2.000        12   14.00       16.00      1077.          1.35383910428E-02  1.07745882362E-02  1.00913223949E-02    0.79585   0.93659
 #=================================================================================================================================================================
 # My Cross Sections
 # The scale factors xmur, xmuf chosen here are:      0.500,      0.500
 #-----------------------------------------------------------------------------------------------------------------------------------------------------------------
 #IObs  BinSize  IODimO  [ Chi               ]  < ptavg_j12_ >  LO_cross_section   NLO_cross_section  NNLO_cross_section   KNLO      KNNLO
 #-----------------------------------------------------------------------------------------------------------------------------------------------------------------
     1  1.000         1   1.000       2.000      1086.          1.41787471159E-02  1.08142665495E-02  1.02751702084E-02    0.76271   0.95015
     2  1.000         2   2.000       3.000      1004.          1.26717421838E-02  9.02423161207E-03  8.41155036472E-03    0.71215   0.93211
     3  1.000         3   3.000       4.000      923.6          1.31298002798E-02  8.77399282126E-03  8.62126657020E-03    0.66825   0.98259
     4  1.000         4   4.000       5.000      857.0          1.37949263020E-02  8.68985112591E-03  8.33110503330E-03    0.62993   0.95872
     5  1.000         5   5.000       6.000      802.0          1.44534833235E-02  8.69818009638E-03  8.66066266197E-03    0.60181   0.99569
     6  1.000         6   6.000       7.000      755.6          1.50677277101E-02  8.69909056446E-03  9.23335672516E-03    0.57733   1.06142
     7  1.000         7   7.000       8.000      716.4          1.56276428892E-02  8.60696567402E-03  8.93616684650E-03    0.55075   1.03825
     8  1.000         8   8.000       9.000      681.9          1.61490096093E-02  8.70021629626E-03  9.11698856075E-03    0.53875   1.04790
     9  1.000         9   9.000       10.00      652.9          1.66275173434E-02  8.60031419550E-03  8.96698198090E-03    0.51723   1.04263
    10  2.000        10   10.00       12.00      615.5          1.72786864217E-02  8.52174195977E-03  8.98545702597E-03    0.49319   1.05442
    11  2.000        11   12.00       14.00      573.7          1.80716994905E-02  8.47850040908E-03  9.66230749527E-03    0.46916   1.13962
    12  2.000        12   14.00       16.00      539.6          1.87546519269E-02  8.46758605766E-03  1.01910955992E-02    0.45149   1.20354
 #=================================================================================================================================================================
 # My Cross Sections
 # The scale factors xmur, xmuf chosen here are:      2.000,      2.000
 #-----------------------------------------------------------------------------------------------------------------------------------------------------------------
 #IObs  BinSize  IODimO  [ Chi               ]  < ptavg_j12_ >  LO_cross_section   NLO_cross_section  NNLO_cross_section   KNLO      KNNLO
 #-----------------------------------------------------------------------------------------------------------------------------------------------------------------
     1  1.000         1   1.000       2.000      4342.          7.86771685068E-03  1.04960870434E-02  1.07109572992E-02    1.33407   1.02047
     2  1.000         2   2.000       3.000      4011.          7.01951568768E-03  9.05071131929E-03  8.95987029266E-03    1.28936   0.98996
     3  1.000         3   3.000       4.000      3691.          7.24936937962E-03  9.07881484250E-03  9.01422641811E-03    1.25236   0.99289
     4  1.000         4   4.000       5.000      3425.          7.58848094374E-03  9.27005541209E-03  8.92746637869E-03    1.22160   0.96304
     5  1.000         5   5.000       6.000      3204.          7.92182602205E-03  9.50397921204E-03  9.20051195376E-03    1.19972   0.96807
     6  1.000         6   6.000       7.000      3019.          8.22987914937E-03  9.72020577923E-03  9.49380934480E-03    1.18109   0.97671
     7  1.000         7   7.000       8.000      2861.          8.50799669837E-03  9.87160497423E-03  9.39934985062E-03    1.16027   0.95216
     8  1.000         8   8.000       9.000      2725.          8.76499515690E-03  1.01008461382E-02  9.65092035045E-03    1.15241   0.95546
     9  1.000         9   9.000       10.00      2607.          8.99891009880E-03  1.02249736962E-02  9.60613400802E-03    1.13625   0.93948
    10  2.000        10   10.00       12.00      2456.          9.31450245856E-03  1.04211255388E-02  9.61343465186E-03    1.11881   0.92249
    11  2.000        11   12.00       14.00      2289.          9.69578648892E-03  1.06809991645E-02  1.00738458265E-02    1.10161   0.94316
    12  2.000        12   14.00       16.00      2152.          1.00192862605E-02  1.09299761803E-02  1.04469172635E-02    1.09089   0.95580
 #=================================================================================================================================================================
 # My Cross Sections
 # The scale factors xmur, xmuf chosen here are:      0.500,      1.000
 #-----------------------------------------------------------------------------------------------------------------------------------------------------------------
 #IObs  BinSize  IODimO  [ Chi               ]  < ptavg_j12_ >  LO_cross_section   NLO_cross_section  NNLO_cross_section   KNLO      KNNLO
 #-----------------------------------------------------------------------------------------------------------------------------------------------------------------
     1  1.000         1   1.000       2.000      1086.          1.20793022310E-02  1.12191949748E-02  1.03034156109E-02    0.92879   0.91837
     2  1.000         2   2.000       3.000      1003.          1.07988473205E-02  9.46592729421E-03  8.45978829778E-03    0.87657   0.89371
     3  1.000         3   3.000       4.000      923.3          1.11843789782E-02  9.30712943192E-03  8.59480296615E-03    0.83215   0.92346
     4  1.000         4   4.000       5.000      856.7          1.17421119110E-02  9.32350623865E-03  8.34053901797E-03    0.79402   0.89457
     5  1.000         5   5.000       6.000      801.7          1.22921169065E-02  9.41933669874E-03  8.62721738029E-03    0.76629   0.91590
     6  1.000         6   6.000       7.000      755.2          1.28031836173E-02  9.50460114978E-03  9.10481453685E-03    0.74236   0.95794
     7  1.000         7   7.000       8.000      716.0          1.32675827709E-02  9.50296944115E-03  8.83779512070E-03    0.71625   0.93000
     8  1.000         8   8.000       9.000      681.6          1.36989655042E-02  9.65648808066E-03  9.02538378044E-03    0.70491   0.93464
     9  1.000         9   9.000       10.00      652.5          1.40940173325E-02  9.63902939088E-03  8.85954444226E-03    0.68391   0.91913
    10  2.000        10   10.00       12.00      614.9          1.46305166203E-02  9.66814197129E-03  8.85998549638E-03    0.66082   0.91641
    11  2.000        11   12.00       14.00      573.1          1.52825783893E-02  9.74513099634E-03  9.44975379500E-03    0.63766   0.96969
    12  2.000        12   14.00       16.00      538.9          1.58418703512E-02  9.84186170512E-03  9.93578270101E-03    0.62126   1.00954
 #=================================================================================================================================================================
 # My Cross Sections
 # The scale factors xmur, xmuf chosen here are:      1.000,      0.500
 #-----------------------------------------------------------------------------------------------------------------------------------------------------------------
 #IObs  BinSize  IODimO  [ Chi               ]  < ptavg_j12_ >  LO_cross_section   NLO_cross_section  NNLO_cross_section   KNLO      KNNLO
 #-----------------------------------------------------------------------------------------------------------------------------------------------------------------
     1  1.000         1   1.000       2.000      2172.          1.22628293117E-02  1.12167950328E-02  1.04281930765E-02    0.91470   0.92969
     2  1.000         2   2.000       3.000      2006.          1.09455542865E-02  9.51159949130E-03  8.59690041317E-03    0.86899   0.90383
     3  1.000         3   3.000       4.000      1846.          1.13262176432E-02  9.39479910410E-03  8.73266120047E-03    0.82947   0.92952
     4  1.000         4   4.000       5.000      1713.          1.18855606451E-02  9.45203136587E-03  8.49293625369E-03    0.79525   0.89853
     5  1.000         5   5.000       6.000      1603.          1.24391625993E-02  9.58223075713E-03  8.79151917440E-03    0.77033   0.91748
     6  1.000         6   6.000       7.000      1510.          1.29545866039E-02  9.69893446524E-03  9.21530896125E-03    0.74869   0.95014
     7  1.000         7   7.000       8.000      1432.          1.34234061493E-02  9.73131990712E-03  8.97537432413E-03    0.72495   0.92232
     8  1.000         8   8.000       9.000      1363.          1.38593525401E-02  9.90591482987E-03  9.18527201795E-03    0.71475   0.92725
     9  1.000         9   9.000       10.00      1305.          1.42588141695E-02  9.92116216938E-03  9.06896592658E-03    0.69579   0.91410
    10  2.000        10   10.00       12.00      1230.          1.48014758186E-02  9.98591983265E-03  9.02436565180E-03    0.67466   0.90371
    11  2.000        11   12.00       14.00      1146.          1.54613529164E-02  1.01080238063E-02  9.58797391906E-03    0.65376   0.94855
    12  2.000        12   14.00       16.00      1077.          1.60276679038E-02  1.02402899267E-02  1.00091381583E-02    0.63891   0.97743
 #=================================================================================================================================================================
 # My Cross Sections
 # The scale factors xmur, xmuf chosen here are:      1.000,      2.000
 #-----------------------------------------------------------------------------------------------------------------------------------------------------------------
 #IObs  BinSize  IODimO  [ Chi               ]  < ptavg_j12_ >  LO_cross_section   NLO_cross_section  NNLO_cross_section   KNLO      KNNLO
 #-----------------------------------------------------------------------------------------------------------------------------------------------------------------
     1  1.000         1   1.000       2.000      2171.          9.00497123947E-03  1.10042754110E-02  1.06476588444E-02    1.22202   0.96759
     2  1.000         2   2.000       3.000      2006.          8.04297018972E-03  9.43622063927E-03  8.84589434544E-03    1.17323   0.93744
     3  1.000         3   3.000       4.000      1846.          8.31607503673E-03  9.41954721042E-03  8.90762460598E-03    1.13269   0.94565
     4  1.000         4   4.000       5.000      1713.          8.71446161585E-03  9.57466323742E-03  8.75879619518E-03    1.09871   0.91479
     5  1.000         5   5.000       6.000      1602.          9.10598884051E-03  9.78343447872E-03  9.02520597549E-03    1.07440   0.92250
     6  1.000         6   6.000       7.000      1510.          9.46817330054E-03  9.97600302132E-03  9.36146895639E-03    1.05364   0.93840
     7  1.000         7   7.000       8.000      1431.          9.79572902540E-03  1.00960754131E-02  9.20330787421E-03    1.03066   0.91157
     8  1.000         8   8.000       9.000      1363.          1.00988383059E-02  1.03164010831E-02  9.43391325639E-03    1.02154   0.91446
     9  1.000         9   9.000       10.00      1304.          1.03752533323E-02  1.04110246876E-02  9.33405398881E-03    1.00345   0.89655
    10  2.000        10   10.00       12.00      1229.          1.07489997163E-02  1.05759640725E-02  9.32525403009E-03    0.98390   0.88174
    11  2.000        11   12.00       14.00      1145.          1.12014088746E-02  1.08032160416E-02  9.81365141960E-03    0.96445   0.90840
    12  2.000        12   14.00       16.00      1076.          1.15865601228E-02  1.10277130273E-02  1.02178797991E-02    0.95177   0.92656
 #=================================================================================================================================================================
 # My Cross Sections
 # The scale factors xmur, xmuf chosen here are:      2.000,      1.000
 #-----------------------------------------------------------------------------------------------------------------------------------------------------------------
 #IObs  BinSize  IODimO  [ Chi               ]  < ptavg_j12_ >  LO_cross_section   NLO_cross_section  NNLO_cross_section   KNLO      KNNLO
 #-----------------------------------------------------------------------------------------------------------------------------------------------------------------
     1  1.000         1   1.000       2.000      4343.          9.12769103782E-03  1.08727491116E-02  1.06645640751E-02    1.19118   0.98085
     2  1.000         2   2.000       3.000      4011.          8.14084350734E-03  9.34486416978E-03  8.89254317872E-03    1.14790   0.95160
     3  1.000         3   3.000       4.000      3692.          8.41047223334E-03  9.34730226156E-03  8.96629400957E-03    1.11139   0.95924
     4  1.000         4   4.000       5.000      3425.          8.80969103282E-03  9.51935426169E-03  8.83990977500E-03    1.08055   0.92862
     5  1.000         5   5.000       6.000      3205.          9.20329540750E-03  9.74112698718E-03  9.12073408236E-03    1.05844   0.93631
     6  1.000         6   6.000       7.000      3019.          9.56799391020E-03  9.94538620761E-03  9.43530739711E-03    1.03944   0.94871
     7  1.000         7   7.000       8.000      2862.          9.89809144541E-03  1.00793900746E-02  9.30423047490E-03    1.01832   0.92309
     8  1.000         8   8.000       9.000      2725.          1.02038704768E-02  1.03058455099E-02  9.54980442611E-03    1.00999   0.92664
     9  1.000         9   9.000       10.00      2608.          1.04829100864E-02  1.04144327288E-02  9.49144251220E-03    0.99347   0.91137
    10  2.000        10   10.00       12.00      2457.          1.08603905016E-02  1.05927683557E-02  9.47368219779E-03    0.97536   0.89435
    11  2.000        11   12.00       14.00      2289.          1.13176274017E-02  1.08373363479E-02  9.95435770881E-03    0.95756   0.91852
    12  2.000        12   14.00       16.00      2152.          1.17071155820E-02  1.10738190515E-02  1.03279408523E-02    0.94590   0.93264
