 ##################################################################################
 # INFO.    [fnlo-tk-cppread] Program to read fastNLO tables and derive
 # INFO.    [fnlo-tk-cppread] QCD cross sections using PDFs e.g. from LHAPDF
 #---------------------------------------------------------------------------------
 # INFO.    [fnlo-tk-cppread] For more explanations type:
 # INFO.    [fnlo-tk-cppread] ./fnlo-tk-cppread -h
 # INFO.    [fnlo-tk-cppread] For version number printout type:
 # INFO.    [fnlo-tk-cppread] ./fnlo-tk-cppread -v
 ##################################################################################

 ##################################################################################
 # [fnlo-tk-cppread] fastNLO Cross-Section Calculator
 #---------------------------------------------------------------------------------
 # [fnlo-tk-cppread] Evaluating table: 2jet.NNLO.fnl5662j_mjj8_chi.tab.gz
 # [fnlo-tk-cppread] Using PDF set   : CT14nnlo
 # [fnlo-tk-cppread] If possible, will try to do 7 scale factor variations.
 # [fnlo-tk-cppread] Using alpha_s evolution code: LHAPDF
 # [fnlo-tk-cppread] Preparing unnormalized cross sections,
 # [fnlo-tk-cppread] Using scale definition scale2
 # [fnlo-tk-cppread] No request given for no. of flavours,
 #             using default value for LHAPDF or Nf = 5.
 # [fnlo-tk-cppread] No request given for no. of loops,
 #             using default value for LHAPDF or NLoop = 2.
 # [fnlo-tk-cppread] No request given for value of alpha_s(M_Z),
 #             using default value for LHAPDF or asMz = 0.1181.
 # [fnlo-tk-cppread] No request given for value of M_Z,
 #             using default value for LHAPDF or Mz = 91.1876.
 ##################################################################################

 ##################################################################################
 #
 # [0;31mfast[0;34mNLO[0m_toolkit
 # Version 2.3.1_2657-66-gda2fd2f1
 #
 # C++ program and toolkit to read and create fastNLO v2 tables and
 # derive QCD cross sections using PDFs, e.g. from LHAPDF
 #
 #---------------------------------------------------------------------------------
 #
 # Copyright © 2005-2019 [0;31mfast[0;34mNLO[0m Collaboration
 # D. Britzger, T. Kluge, K. Rabbertz, F. Stober, G. Sieber, M. Wobisch
 #
 # This program is free software: you can redistribute it and/or modify
 # it under the terms of the GNU General Public License as published by
 # the Free Software Foundation, either version 3 of the License, or
 # (at your option) any later version.
 #
 # This program is distributed in the hope that it will be useful,
 # but WITHOUT ANY WARRANTY; without even the implied warranty of
 # MERCHANTABILITY or FITNESS FOR A PARTICULAR PURPOSE. See the
 # GNU General Public License for more details.
 #
 # You should have received a copy of the GNU General Public License
 # along with this program. If not, see <http://www.gnu.org/licenses/>.
 #
 #---------------------------------------------------------------------------------
 #
 # The projects web page can be found at:
 #   http://projects.hepforge.org/fastnlo
 #
 # If you use this code, please cite:
 #   T. Kluge, K. Rabbertz, M. Wobisch, hep-ph/0609285
 #   D. Britzger, T. Kluge, K. Rabbertz, F. Stober, M. Wobisch, arXiv:1109.1310
 #
 ##################################################################################

 ##################################################################################
 # Overview on contribution types and numbers contained in table: 2jet.NNLO.fnl5662j_mjj8_chi.tab.gz
 #---------------------------------------------------------------------------------
 # Total number of contributions:  3
 #   No.: 1, type: Fixed order calculation       , Id: 0, order: LO                  , by: NNLOJET_rev_5088
 #   No.: 2, type: Fixed order calculation       , Id: 1, order: NLO                 , by: NNLOJET_rev_5088
 #   No.: 3, type: Fixed order calculation       , Id: 2, order: NNLO                , by: NNLOJET_rev_5088
 ##################################################################################

 ##################################################################################
 # Information on table header
 #---------------------------------------------------------------------------------
 #===================== fastNLO Table: Header ====================
 # Table version (Itabversion)         23600
 # Scenario name (ScenName)            fnl5662j
 # Theory contributions (Ncontrib)     3
 # Data contribution 0/1 (Ndata)       0
 ##################################################################################

 ##################################################################################
 # Information on fastNLO scenario: fnl5662j
 #---------------------------------------------------------------------------------
 #===================== fastNLO Table: Scenario ====================
 # Scenario description (ScDescript)
 #   0	d2sigma-dijet_dChi_dMjj_[pb_GeV]
 #   1	CMS_Collaboration
 #   2	Dijet_Chi
 #   3	anti-kT_R=0.4
 #   4	THEORY_LABEL=NNLOJET
 #   5	provided by:
 #   6	fastNLO_2.3.1
 #   7	If you use this table, please cite:
 #   8	  D. Britzger, T. Kluge, K. Rabbertz, F. Stober, M. Wobisch, arXiv:1109.1310
 #
 # Publ. x section (10^-Ipublunits b)  12
 # Centre-of-mass energy (Ecms/GeV)    13000
 # Power in a_s of LO process (ILOord) 2
 # No. of observable bins (NObsBin)    12
 # Dim. of observable binning (NDim)   1
 #
 # Dimension labels (DimLabel)
 #   0	Chi
 # Differential dimension (IDiffBin)
 #   0	2
 #
 # Total no. of contributions (theory + optional data) in this table: 3
 ##################################################################################

 ##################################################################################
 # Information on table contribution no. 0: LO
 #---------------------------------------------------------------------------------
 #===================== fastNLO Table: CoeffBase ====================
 # Contribution description (CtrbDescript)
 #   0	LO
 # Code description (CodeDescript)
 #   0	NNLOJET_rev_5088
 #   1	Example for single jet inclusive production.
 #   2	Please adapt to selected process: 2jet
 #   3	Please cite:
 #   4	Currie, J.; Glover, E.W.N. & Pires, J., Phys. Rev. Lett., 2017, 118, 072002 [arXiv:1611.01460]
 #   5	2jet
 #   6	PC: Please check and modify NNLOJET references according to selected process.
 #===================== fastNLO Table: CoeffAddBase ====================
 # No. of events (Nevt)                0.000000
 # Weight of table [=Nevt] (fWgtNevt)  0.000000
 # Number of tables merged together    150
 # No. of filled events (WgtNumEv)     10681440180
 # Sum of weights squared (WgtSumW2)   6752169800000.000000
 # Sum of sigma squared (SigSumW2)     0.032665
 # Sum of sigma (SigSum)               1465.684700
 # Sigma / Nevt (SigSum/WgtNevt)       709095658230225391718353494280605799286833152.000000
 # Abs. order in a_s (Npow)            2
 # No. of hadrons involved (NPDF)      2
 # Type(s) of hadrons (NPDFPDG)
 #   0	2212
 #   1	2212
 # PDF storage format (NPDFDim)        2
 #   --> x-interpolation storage format: Full-Matrix
 # Observable bin no. 1
 #   No. of X1 nodes (XNode1[i].size())          20
 # Observable bin no. 12
 #   No. of X1 nodes (XNode1[i].size())          20
 # No. of scales involved (NScales)    1
 # Scale descriptions (ScaleDescript)
 #   0	ptavg_j12_[GeV]
 #   1	m12_[GeV]
 # No. of subprocess contributions     13
 #ISub  Processes
 #   0: (0,0), 
 #   1: (1,0), (2,0), (3,0), (4,0), (5,0), 
 #   2: (1,-1), (2,-2), (3,-3), (4,-4), (5,-5), 
 #   3: (0,1), (0,2), (0,3), (0,4), (0,5), 
 #   4: (-1,1), (-2,2), (-3,3), (-4,4), (-5,5), 
 #   5: (0,-1), (0,-2), (0,-3), (0,-4), (0,-5), 
 #   6: (-1,0), (-2,0), (-3,0), (-4,0), (-5,0), 
 #   7: (1,-1), (1,-2), (1,-3), (1,-4), (1,-5), (2,-1), (2,-2), (2,-3), (2,-4), (2,-5), (3,-1), (3,-2), (3,-3), (3,-4), (3,-5), (4,-1), (4,-2), (4,-3), (4,-4), (4,-5), (5,-1), (5,-2), (5,-3), (5,-4), (5,-5), 
 #   8: (1,1), (1,2), (1,3), (1,4), (1,5), (2,1), (2,2), (2,3), (2,4), (2,5), (3,1), (3,2), (3,3), (3,4), (3,5), (4,1), (4,2), (4,3), (4,4), (4,5), (5,1), (5,2), (5,3), (5,4), (5,5), 
 #   9: (-1,-1), (-1,-2), (-1,-3), (-1,-4), (-1,-5), (-2,-1), (-2,-2), (-2,-3), (-2,-4), (-2,-5), (-3,-1), (-3,-2), (-3,-3), (-3,-4), (-3,-5), (-4,-1), (-4,-2), (-4,-3), (-4,-4), (-4,-5), (-5,-1), (-5,-2), (-5,-3), (-5,-4), (-5,-5), 
 #  10: (-1,1), (-1,2), (-1,3), (-1,4), (-1,5), (-2,1), (-2,2), (-2,3), (-2,4), (-2,5), (-3,1), (-3,2), (-3,3), (-3,4), (-3,5), (-4,1), (-4,2), (-4,3), (-4,4), (-4,5), (-5,1), (-5,2), (-5,3), (-5,4), (-5,5), 
 #  11: (1,1), (2,2), (3,3), (4,4), (5,5), 
 #  12: (-1,-1), (-2,-2), (-3,-3), (-4,-4), (-5,-5), 
 #===================== fastNLO Table: CoeffAddFlex ====================
 # No. of scale1 nodes (Nscalenode1)   6
 # No. of scale2 nodes (Nscalenode2)   6
 ##################################################################################

 ##################################################################################
 # Information on table contribution no. 1: NLO
 #---------------------------------------------------------------------------------
 #===================== fastNLO Table: CoeffBase ====================
 # Contribution description (CtrbDescript)
 #   0	NLO
 # Code description (CodeDescript)
 #   0	NNLOJET_rev_5088
 #   1	Example for single jet inclusive production.
 #   2	Please adapt to selected process: 2jet
 #   3	Please cite:
 #   4	Currie, J.; Glover, E.W.N. & Pires, J., Phys. Rev. Lett., 2017, 118, 072002 [arXiv:1611.01460]
 #   5	2jet
 #   6	PC: Please check and modify NNLOJET references according to selected process.
 #===================== fastNLO Table: CoeffAddBase ====================
 # No. of events (Nevt)                1.000000
 # Weight of table [=Nevt] (fWgtNevt)  1.000000
 # Number of tables merged together    500
 # No. of filled events (WgtNumEv)     64370964841
 # Sum of weights squared (WgtSumW2)   133038709999999991676928000.000000
 # Sum of sigma squared (SigSumW2)     51847153.000000
 # Sum of sigma (SigSum)               385.023200
 # Sigma / Nevt (SigSum/WgtNevt)       385.023200
 # Abs. order in a_s (Npow)            3
 # No. of hadrons involved (NPDF)      2
 # Type(s) of hadrons (NPDFPDG)
 #   0	2212
 #   1	2212
 # PDF storage format (NPDFDim)        2
 #   --> x-interpolation storage format: Full-Matrix
 # Observable bin no. 1
 #   No. of X1 nodes (XNode1[i].size())          20
 # Observable bin no. 12
 #   No. of X1 nodes (XNode1[i].size())          20
 # No. of scales involved (NScales)    1
 # Scale descriptions (ScaleDescript)
 #   0	ptavg_j12_[GeV]
 #   1	m12_[GeV]
 # No. of subprocess contributions     13
 #ISub  Processes
 #   0: (0,0), 
 #   1: (1,0), (2,0), (3,0), (4,0), (5,0), 
 #   2: (1,-1), (2,-2), (3,-3), (4,-4), (5,-5), 
 #   3: (0,1), (0,2), (0,3), (0,4), (0,5), 
 #   4: (-1,1), (-2,2), (-3,3), (-4,4), (-5,5), 
 #   5: (0,-1), (0,-2), (0,-3), (0,-4), (0,-5), 
 #   6: (-1,0), (-2,0), (-3,0), (-4,0), (-5,0), 
 #   7: (1,1), (1,2), (1,3), (1,4), (1,5), (2,1), (2,2), (2,3), (2,4), (2,5), (3,1), (3,2), (3,3), (3,4), (3,5), (4,1), (4,2), (4,3), (4,4), (4,5), (5,1), (5,2), (5,3), (5,4), (5,5), 
 #   8: (1,-1), (1,-2), (1,-3), (1,-4), (1,-5), (2,-1), (2,-2), (2,-3), (2,-4), (2,-5), (3,-1), (3,-2), (3,-3), (3,-4), (3,-5), (4,-1), (4,-2), (4,-3), (4,-4), (4,-5), (5,-1), (5,-2), (5,-3), (5,-4), (5,-5), 
 #   9: (-1,1), (-1,2), (-1,3), (-1,4), (-1,5), (-2,1), (-2,2), (-2,3), (-2,4), (-2,5), (-3,1), (-3,2), (-3,3), (-3,4), (-3,5), (-4,1), (-4,2), (-4,3), (-4,4), (-4,5), (-5,1), (-5,2), (-5,3), (-5,4), (-5,5), 
 #  10: (-1,-1), (-1,-2), (-1,-3), (-1,-4), (-1,-5), (-2,-1), (-2,-2), (-2,-3), (-2,-4), (-2,-5), (-3,-1), (-3,-2), (-3,-3), (-3,-4), (-3,-5), (-4,-1), (-4,-2), (-4,-3), (-4,-4), (-4,-5), (-5,-1), (-5,-2), (-5,-3), (-5,-4), (-5,-5), 
 #  11: (1,1), (2,2), (3,3), (4,4), (5,5), 
 #  12: (-1,-1), (-2,-2), (-3,-3), (-4,-4), (-5,-5), 
 #===================== fastNLO Table: CoeffAddFlex ====================
 # No. of scale1 nodes (Nscalenode1)   6
 # No. of scale2 nodes (Nscalenode2)   6
 ##################################################################################

 ##################################################################################
 # Information on table contribution no. 2: NNLO
 #---------------------------------------------------------------------------------
 #===================== fastNLO Table: CoeffBase ====================
 # Contribution description (CtrbDescript)
 #   0	NNLO
 # Code description (CodeDescript)
 #   0	NNLOJET_rev_5088
 #   1	Example for single jet inclusive production.
 #   2	Please adapt to selected process: 2jet
 #   3	Please cite:
 #   4	Currie, J.; Glover, E.W.N. & Pires, J., Phys. Rev. Lett., 2017, 118, 072002 [arXiv:1611.01460]
 #   5	2jet
 #   6	PC: Please check and modify NNLOJET references according to selected process.
 #===================== fastNLO Table: CoeffAddBase ====================
 # No. of events (Nevt)                1.000000
 # Weight of table [=Nevt] (fWgtNevt)  1.000000
 # Number of tables merged together    6748
 # No. of filled events (WgtNumEv)     185579340548
 # Sum of weights squared (WgtSumW2)   3796872099999999940131840371720192.000000
 # Sum of sigma squared (SigSumW2)     1831880200000.000000
 # Sum of sigma (SigSum)               -8696.463100
 # Sigma / Nevt (SigSum/WgtNevt)       -8696.463100
 # Abs. order in a_s (Npow)            4
 # No. of hadrons involved (NPDF)      2
 # Type(s) of hadrons (NPDFPDG)
 #   0	2212
 #   1	2212
 # PDF storage format (NPDFDim)        2
 #   --> x-interpolation storage format: Full-Matrix
 # Observable bin no. 1
 #   No. of X1 nodes (XNode1[i].size())          20
 # Observable bin no. 12
 #   No. of X1 nodes (XNode1[i].size())          20
 # No. of scales involved (NScales)    1
 # Scale descriptions (ScaleDescript)
 #   0	ptavg_j12_[GeV]
 #   1	m12_[GeV]
 # No. of subprocess contributions     13
 #ISub  Processes
 #   0: (0,0), 
 #   1: (1,0), (2,0), (3,0), (4,0), (5,0), 
 #   2: (1,-1), (2,-2), (3,-3), (4,-4), (5,-5), 
 #   3: (0,1), (0,2), (0,3), (0,4), (0,5), 
 #   4: (-1,1), (-2,2), (-3,3), (-4,4), (-5,5), 
 #   5: (0,-1), (0,-2), (0,-3), (0,-4), (0,-5), 
 #   6: (-1,0), (-2,0), (-3,0), (-4,0), (-5,0), 
 #   7: (1,1), (1,2), (1,3), (1,4), (1,5), (2,1), (2,2), (2,3), (2,4), (2,5), (3,1), (3,2), (3,3), (3,4), (3,5), (4,1), (4,2), (4,3), (4,4), (4,5), (5,1), (5,2), (5,3), (5,4), (5,5), 
 #   8: (1,-1), (1,-2), (1,-3), (1,-4), (1,-5), (2,-1), (2,-2), (2,-3), (2,-4), (2,-5), (3,-1), (3,-2), (3,-3), (3,-4), (3,-5), (4,-1), (4,-2), (4,-3), (4,-4), (4,-5), (5,-1), (5,-2), (5,-3), (5,-4), (5,-5), 
 #   9: (-1,1), (-1,2), (-1,3), (-1,4), (-1,5), (-2,1), (-2,2), (-2,3), (-2,4), (-2,5), (-3,1), (-3,2), (-3,3), (-3,4), (-3,5), (-4,1), (-4,2), (-4,3), (-4,4), (-4,5), (-5,1), (-5,2), (-5,3), (-5,4), (-5,5), 
 #  10: (-1,-1), (-1,-2), (-1,-3), (-1,-4), (-1,-5), (-2,-1), (-2,-2), (-2,-3), (-2,-4), (-2,-5), (-3,-1), (-3,-2), (-3,-3), (-3,-4), (-3,-5), (-4,-1), (-4,-2), (-4,-3), (-4,-4), (-4,-5), (-5,-1), (-5,-2), (-5,-3), (-5,-4), (-5,-5), 
 #  11: (1,1), (2,2), (3,3), (4,4), (5,5), 
 #  12: (-1,-1), (-2,-2), (-3,-3), (-4,-4), (-5,-5), 
 #===================== fastNLO Table: CoeffAddFlex ====================
 # No. of scale1 nodes (Nscalenode1)   6
 # No. of scale2 nodes (Nscalenode2)   6
 ##################################################################################
LHAPDF 6.2.1 loading /home/rabbertz/local/share/LHAPDF/CT14nnlo/CT14nnlo_0000.dat
CT14nnlo PDF set, member #0, version 1; LHAPDF ID = 13000
LHAPDF 6.2.1 loading /home/rabbertz/local/share/LHAPDF/CT14nnlo/CT14nnlo_0000.dat
CT14nnlo PDF set, member #0, version 1; LHAPDF ID = 13000

 ##################################################################################################################################################################
 # [fnlo-tk-cppread] Calculate my cross sections
 ##################################################################################################################################################################
 #=================================================================================================================================================================
 # My Cross Sections
 # The scale factors xmur, xmuf chosen here are:      1.000,      1.000
 #-----------------------------------------------------------------------------------------------------------------------------------------------------------------
 #IObs  BinSize  IODimO  [ Chi               ]  < ptavg_j12_ >  LO_cross_section   NLO_cross_section  NNLO_cross_section   KNLO      KNNLO
 #-----------------------------------------------------------------------------------------------------------------------------------------------------------------
     1  1.000         1   1.000       2.000      5636.          5.39387971862E-04  7.58641341773E-04  7.88876644439E-04    1.40649   1.03985
     2  1.000         2   2.000       3.000      5637.          4.75414098397E-04  6.51207326748E-04  6.71315812008E-04    1.36977   1.03088
     3  1.000         3   3.000       4.000      5637.          4.80679126670E-04  6.52432738472E-04  6.68384998280E-04    1.35731   1.02445
     4  1.000         4   4.000       5.000      5636.          4.91651365337E-04  6.62786099406E-04  6.62210681774E-04    1.34808   0.99913
     5  1.000         5   5.000       6.000      5636.          5.01902146965E-04  6.73455949436E-04  6.73261169942E-04    1.34181   0.99971
     6  1.000         6   6.000       7.000      5637.          5.10528544443E-04  6.83749684348E-04  6.87742119756E-04    1.33930   1.00584
     7  1.000         7   7.000       8.000      5635.          5.17357040701E-04  6.98899522427E-04  7.07657708552E-04    1.35090   1.01253
     8  1.000         8   8.000       9.000      5637.          5.23073585574E-04  6.98854760625E-04  6.95104882210E-04    1.33605   0.99463
     9  1.000         9   9.000       10.00      5636.          5.28321859400E-04  7.14720163739E-04  7.04127826046E-04    1.35281   0.98518
    10  2.000        10   10.00       12.00      5637.          5.34159548225E-04  7.20666143786E-04  7.34691561298E-04    1.34916   1.01946
    11  2.000        11   12.00       14.00      5637.          5.40553031099E-04  7.25349798683E-04  7.18379208527E-04    1.34187   0.99039
    12  2.000        12   14.00       16.00      5635.          5.45032914084E-04  7.40842611782E-04  7.40232163638E-04    1.35926   0.99918
 #=================================================================================================================================================================
 # My Cross Sections
 # The scale factors xmur, xmuf chosen here are:      0.500,      0.500
 #-----------------------------------------------------------------------------------------------------------------------------------------------------------------
 #IObs  BinSize  IODimO  [ Chi               ]  < ptavg_j12_ >  LO_cross_section   NLO_cross_section  NNLO_cross_section   KNLO      KNNLO
 #-----------------------------------------------------------------------------------------------------------------------------------------------------------------
     1  1.000         1   1.000       2.000      2818.          7.25067192452E-04  8.22638286353E-04  7.76538218543E-04    1.13457   0.94396
     2  1.000         2   2.000       3.000      2819.          6.38135446498E-04  7.00720510508E-04  6.60919622890E-04    1.09807   0.94320
     3  1.000         3   3.000       4.000      2819.          6.44654533919E-04  7.00280621824E-04  6.57295039576E-04    1.08629   0.93862
     4  1.000         4   4.000       5.000      2818.          6.59055316246E-04  7.10275661887E-04  6.43105344645E-04    1.07772   0.90543
     5  1.000         5   5.000       6.000      2818.          6.72598828288E-04  7.20764058200E-04  6.53306478044E-04    1.07161   0.90641
     6  1.000         6   6.000       7.000      2818.          6.84021879598E-04  7.31681949533E-04  6.63548871356E-04    1.06968   0.90688
     7  1.000         7   7.000       8.000      2818.          6.93078958228E-04  7.50019191973E-04  6.98230993824E-04    1.08216   0.93095
     8  1.000         8   8.000       9.000      2819.          7.00662243267E-04  7.47206190386E-04  6.75079563727E-04    1.06643   0.90347
     9  1.000         9   9.000       10.00      2818.          7.07640996306E-04  7.67845667045E-04  6.79470732852E-04    1.08508   0.88491
    10  2.000        10   10.00       12.00      2818.          7.15387141268E-04  7.73436305030E-04  7.18263607681E-04    1.08114   0.92867
    11  2.000        11   12.00       14.00      2819.          7.23890834004E-04  7.77287484627E-04  6.88081086913E-04    1.07376   0.88523
    12  2.000        12   14.00       16.00      2817.          7.29841077317E-04  7.97250079782E-04  7.16493612109E-04    1.09236   0.89871
 #=================================================================================================================================================================
 # My Cross Sections
 # The scale factors xmur, xmuf chosen here are:      2.000,      2.000
 #-----------------------------------------------------------------------------------------------------------------------------------------------------------------
 #IObs  BinSize  IODimO  [ Chi               ]  < ptavg_j12_ >  LO_cross_section   NLO_cross_section  NNLO_cross_section   KNLO      KNNLO
 #-----------------------------------------------------------------------------------------------------------------------------------------------------------------
     1  1.000         1   1.000       2.000      1.127e+04      4.09089866556E-04  6.72879793013E-04  7.75869817164E-04    1.64482   1.15306
     2  1.000         2   2.000       3.000      1.127e+04      3.61037144343E-04  5.80606528885E-04  6.60617514002E-04    1.60816   1.13781
     3  1.000         3   3.000       4.000      1.127e+04      3.65309369617E-04  5.82771683731E-04  6.57986389360E-04    1.59528   1.12906
     4  1.000         4   4.000       5.000      1.127e+04      3.73805342955E-04  5.92691162927E-04  6.56507267074E-04    1.58556   1.10767
     5  1.000         5   5.000       6.000      1.127e+04      3.81697869954E-04  6.02778728559E-04  6.67523965668E-04    1.57920   1.10741
     6  1.000         6   6.000       7.000      1.127e+04      3.88326991785E-04  6.12093384264E-04  6.83127654808E-04    1.57623   1.11605
     7  1.000         7   7.000       8.000      1.127e+04      3.93566998164E-04  6.24633441294E-04  6.95134635857E-04    1.58711   1.11287
     8  1.000         8   8.000       9.000      1.127e+04      3.97953156614E-04  6.26005709489E-04  6.88902028647E-04    1.57306   1.10047
     9  1.000         9   9.000       10.00      1.127e+04      4.01971605497E-04  6.38406874385E-04  6.99383230237E-04    1.58819   1.09551
    10  2.000        10   10.00       12.00      1.127e+04      4.06449896740E-04  6.44144914075E-04  7.24079075095E-04    1.58481   1.12409
    11  2.000        11   12.00       14.00      1.127e+04      4.11344475009E-04  6.48947881959E-04  7.16012254262E-04    1.57763   1.10334
    12  2.000        12   14.00       16.00      1.127e+04      4.14777941153E-04  6.61148018599E-04  7.32961020220E-04    1.59398   1.10862
 #=================================================================================================================================================================
 # My Cross Sections
 # The scale factors xmur, xmuf chosen here are:      0.500,      1.000
 #-----------------------------------------------------------------------------------------------------------------------------------------------------------------
 #IObs  BinSize  IODimO  [ Chi               ]  < ptavg_j12_ >  LO_cross_section   NLO_cross_section  NNLO_cross_section   KNLO      KNNLO
 #-----------------------------------------------------------------------------------------------------------------------------------------------------------------
     1  1.000         1   1.000       2.000      2818.          6.15246286813E-04  8.01205739819E-04  7.86948021542E-04    1.30225   0.98220
     2  1.000         2   2.000       3.000      2819.          5.42274766507E-04  6.84918700015E-04  6.69432959312E-04    1.26305   0.97739
     3  1.000         3   3.000       4.000      2819.          5.48279966296E-04  6.85128569767E-04  6.65594717975E-04    1.24960   0.97149
     4  1.000         4   4.000       5.000      2818.          5.60795076711E-04  6.95327389520E-04  6.55251871955E-04    1.23990   0.94236
     5  1.000         5   5.000       6.000      2818.          5.72487368668E-04  7.05962342217E-04  6.64823346203E-04    1.23315   0.94173
     6  1.000         6   6.000       7.000      2818.          5.82326963859E-04  7.16603898140E-04  6.78098062589E-04    1.23059   0.94627
     7  1.000         7   7.000       8.000      2818.          5.90115748343E-04  7.33486364803E-04  7.06105785359E-04    1.24295   0.96267
     8  1.000         8   8.000       9.000      2819.          5.96636054995E-04  7.31978937210E-04  6.87618764177E-04    1.22684   0.93940
     9  1.000         9   9.000       10.00      2818.          6.02622390821E-04  7.50309780134E-04  6.94360385553E-04    1.24507   0.92543
    10  2.000        10   10.00       12.00      2818.          6.09281016022E-04  7.56091859577E-04  7.29507073328E-04    1.24096   0.96484
    11  2.000        11   12.00       14.00      2819.          6.16573826421E-04  7.60349452440E-04  7.05581464506E-04    1.23318   0.92797
    12  2.000        12   14.00       16.00      2817.          6.21683447584E-04  7.78130718139E-04  7.31574838107E-04    1.25165   0.94017
 #=================================================================================================================================================================
 # My Cross Sections
 # The scale factors xmur, xmuf chosen here are:      1.000,      0.500
 #-----------------------------------------------------------------------------------------------------------------------------------------------------------------
 #IObs  BinSize  IODimO  [ Chi               ]  < ptavg_j12_ >  LO_cross_section   NLO_cross_section  NNLO_cross_section   KNLO      KNNLO
 #-----------------------------------------------------------------------------------------------------------------------------------------------------------------
     1  1.000         1   1.000       2.000      5636.          6.35668769581E-04  7.94253573709E-04  7.84918008707E-04    1.24948   0.98825
     2  1.000         2   2.000       3.000      5637.          5.59455952540E-04  6.79905786085E-04  6.68137665579E-04    1.21530   0.98269
     3  1.000         3   3.000       4.000      5637.          5.65171561059E-04  6.80693955420E-04  6.65578896408E-04    1.20440   0.97779
     4  1.000         4   4.000       5.000      5636.          5.77797023748E-04  6.91177485805E-04  6.56505280806E-04    1.19623   0.94984
     5  1.000         5   5.000       6.000      5636.          5.89670807324E-04  7.02033386490E-04  6.68393793682E-04    1.19055   0.95208
     6  1.000         6   6.000       7.000      5637.          5.99685434956E-04  7.12806556403E-04  6.81004123973E-04    1.18863   0.95538
     7  1.000         7   7.000       8.000      5635.          6.07625863793E-04  7.29359817807E-04  7.05528160063E-04    1.20034   0.96733
     8  1.000         8   8.000       9.000      5637.          6.14274360055E-04  7.28438437823E-04  6.89481430246E-04    1.18585   0.94652
     9  1.000         9   9.000       10.00      5636.          6.20392700363E-04  7.46333074722E-04  6.97240619466E-04    1.20300   0.93422
    10  2.000        10   10.00       12.00      5637.          6.27183839358E-04  7.52318493807E-04  7.30893095948E-04    1.19952   0.97152
    11  2.000        11   12.00       14.00      5637.          6.34638889831E-04  7.56867427520E-04  7.09871345803E-04    1.19260   0.93791
    12  2.000        12   14.00       16.00      5634.          6.39855794416E-04  7.74297972658E-04  7.33880611227E-04    1.21011   0.94780
 #=================================================================================================================================================================
 # My Cross Sections
 # The scale factors xmur, xmuf chosen here are:      1.000,      2.000
 #-----------------------------------------------------------------------------------------------------------------------------------------------------------------
 #IObs  BinSize  IODimO  [ Chi               ]  < ptavg_j12_ >  LO_cross_section   NLO_cross_section  NNLO_cross_section   KNLO      KNNLO
 #-----------------------------------------------------------------------------------------------------------------------------------------------------------------
     1  1.000         1   1.000       2.000      5636.          4.62729065624E-04  7.22927605658E-04  7.91149803537E-04    1.56231   1.09437
     2  1.000         2   2.000       3.000      5637.          4.08375420977E-04  6.22091705716E-04  6.73102526340E-04    1.52333   1.08200
     3  1.000         3   3.000       4.000      5637.          4.13207625037E-04  6.23734259766E-04  6.69847437175E-04    1.50949   1.07393
     4  1.000         4   4.000       5.000      5636.          4.22817421055E-04  6.33932274924E-04  6.65909919521E-04    1.49931   1.05044
     5  1.000         5   5.000       6.000      5636.          4.31744714635E-04  6.44378762476E-04  6.76312582488E-04    1.49250   1.04956
     6  1.000         6   6.000       7.000      5636.          4.39243037776E-04  6.54232031051E-04  6.92078818474E-04    1.48945   1.05785
     7  1.000         7   7.000       8.000      5635.          4.45170067957E-04  6.68196378889E-04  7.08384182200E-04    1.50099   1.06014
     8  1.000         8   8.000       9.000      5637.          4.50131200811E-04  6.68813630998E-04  6.98658984082E-04    1.48582   1.04462
     9  1.000         9   9.000       10.00      5636.          4.54676513398E-04  6.83023211477E-04  7.08483239674E-04    1.50222   1.03728
    10  2.000        10   10.00       12.00      5637.          4.59741951563E-04  6.88886202189E-04  7.36513793617E-04    1.49842   1.06914
    11  2.000        11   12.00       14.00      5637.          4.65278407630E-04  6.93636703777E-04  7.23888823027E-04    1.49080   1.04361
    12  2.000        12   14.00       16.00      5635.          4.69161862074E-04  7.07535621190E-04  7.43949727587E-04    1.50808   1.05147
 #=================================================================================================================================================================
 # My Cross Sections
 # The scale factors xmur, xmuf chosen here are:      2.000,      1.000
 #-----------------------------------------------------------------------------------------------------------------------------------------------------------------
 #IObs  BinSize  IODimO  [ Chi               ]  < ptavg_j12_ >  LO_cross_section   NLO_cross_section  NNLO_cross_section   KNLO      KNNLO
 #-----------------------------------------------------------------------------------------------------------------------------------------------------------------
     1  1.000         1   1.000       2.000      1.127e+04      4.76862864022E-04  7.14484632446E-04  7.81116885338E-04    1.49830   1.09326
     2  1.000         2   2.000       3.000      1.127e+04      4.20305095170E-04  6.15230367279E-04  6.65159168000E-04    1.46377   1.08115
     3  1.000         3   3.000       4.000      1.127e+04      4.24960005137E-04  6.17123921038E-04  6.62873719246E-04    1.45219   1.07413
     4  1.000         4   4.000       5.000      1.127e+04      4.34660519085E-04  6.27376369817E-04  6.59719875401E-04    1.44337   1.05155
     5  1.000         5   5.000       6.000      1.127e+04      4.43723136622E-04  6.37857227489E-04  6.71508328698E-04    1.43751   1.05276
     6  1.000         6   6.000       7.000      1.127e+04      4.51349573521E-04  6.47708286781E-04  6.86440120401E-04    1.43505   1.05980
     7  1.000         7   7.000       8.000      1.127e+04      4.57386558704E-04  6.61374881860E-04  7.00983586207E-04    1.44599   1.05989
     8  1.000         8   8.000       9.000      1.127e+04      4.62440584480E-04  6.62328053687E-04  6.92625853866E-04    1.43224   1.04574
     9  1.000         9   9.000       10.00      1.127e+04      4.67080515252E-04  6.76195844417E-04  7.02846397433E-04    1.44771   1.03941
    10  2.000        10   10.00       12.00      1.127e+04      4.72241549865E-04  6.82135087694E-04  7.29748779130E-04    1.44446   1.06980
    11  2.000        11   12.00       14.00      1.127e+04      4.77893798974E-04  6.87015687200E-04  7.18910495306E-04    1.43759   1.04643
    12  2.000        12   14.00       16.00      1.127e+04      4.81854585212E-04  7.00639804484E-04  7.37445002199E-04    1.45405   1.05253
