 ##################################################################################
 # INFO.    [fnlo-tk-cppread] Program to read fastNLO tables and derive
 # INFO.    [fnlo-tk-cppread] QCD cross sections using PDFs e.g. from LHAPDF
 #---------------------------------------------------------------------------------
 # INFO.    [fnlo-tk-cppread] For more explanations type:
 # INFO.    [fnlo-tk-cppread] ./fnlo-tk-cppread -h
 # INFO.    [fnlo-tk-cppread] For version number printout type:
 # INFO.    [fnlo-tk-cppread] ./fnlo-tk-cppread -v
 ##################################################################################

 ##################################################################################
 # [fnlo-tk-cppread] fastNLO Cross-Section Calculator
 #---------------------------------------------------------------------------------
 # [fnlo-tk-cppread] Evaluating table: 2jet.NNLO.fnl5662j_mjja_chi.tab.gz
 # [fnlo-tk-cppread] Using PDF set   : CT14nnlo
 # [fnlo-tk-cppread] If possible, will try to do 7 scale factor variations.
 # [fnlo-tk-cppread] Using alpha_s evolution code: LHAPDF
 # [fnlo-tk-cppread] Preparing unnormalized cross sections,
 # [fnlo-tk-cppread] Using scale definition scale1
 # [fnlo-tk-cppread] No request given for no. of flavours,
 #             using default value for LHAPDF or Nf = 5.
 # [fnlo-tk-cppread] No request given for no. of loops,
 #             using default value for LHAPDF or NLoop = 2.
 # [fnlo-tk-cppread] No request given for value of alpha_s(M_Z),
 #             using default value for LHAPDF or asMz = 0.1181.
 # [fnlo-tk-cppread] No request given for value of M_Z,
 #             using default value for LHAPDF or Mz = 91.1876.
 ##################################################################################

 ##################################################################################
 #
 # [0;31mfast[0;34mNLO[0m_toolkit
 # Version 2.3.1_2657-66-gda2fd2f1
 #
 # C++ program and toolkit to read and create fastNLO v2 tables and
 # derive QCD cross sections using PDFs, e.g. from LHAPDF
 #
 #---------------------------------------------------------------------------------
 #
 # Copyright © 2005-2019 [0;31mfast[0;34mNLO[0m Collaboration
 # D. Britzger, T. Kluge, K. Rabbertz, F. Stober, G. Sieber, M. Wobisch
 #
 # This program is free software: you can redistribute it and/or modify
 # it under the terms of the GNU General Public License as published by
 # the Free Software Foundation, either version 3 of the License, or
 # (at your option) any later version.
 #
 # This program is distributed in the hope that it will be useful,
 # but WITHOUT ANY WARRANTY; without even the implied warranty of
 # MERCHANTABILITY or FITNESS FOR A PARTICULAR PURPOSE. See the
 # GNU General Public License for more details.
 #
 # You should have received a copy of the GNU General Public License
 # along with this program. If not, see <http://www.gnu.org/licenses/>.
 #
 #---------------------------------------------------------------------------------
 #
 # The projects web page can be found at:
 #   http://projects.hepforge.org/fastnlo
 #
 # If you use this code, please cite:
 #   T. Kluge, K. Rabbertz, M. Wobisch, hep-ph/0609285
 #   D. Britzger, T. Kluge, K. Rabbertz, F. Stober, M. Wobisch, arXiv:1109.1310
 #
 ##################################################################################

 ##################################################################################
 # Overview on contribution types and numbers contained in table: 2jet.NNLO.fnl5662j_mjja_chi.tab.gz
 #---------------------------------------------------------------------------------
 # Total number of contributions:  3
 #   No.: 1, type: Fixed order calculation       , Id: 0, order: LO                  , by: NNLOJET_rev_5088
 #   No.: 2, type: Fixed order calculation       , Id: 1, order: NLO                 , by: NNLOJET_rev_5088
 #   No.: 3, type: Fixed order calculation       , Id: 2, order: NNLO                , by: NNLOJET_rev_5088
 ##################################################################################

 ##################################################################################
 # Information on table header
 #---------------------------------------------------------------------------------
 #===================== fastNLO Table: Header ====================
 # Table version (Itabversion)         23600
 # Scenario name (ScenName)            fnl5662j
 # Theory contributions (Ncontrib)     3
 # Data contribution 0/1 (Ndata)       0
 ##################################################################################

 ##################################################################################
 # Information on fastNLO scenario: fnl5662j
 #---------------------------------------------------------------------------------
 #===================== fastNLO Table: Scenario ====================
 # Scenario description (ScDescript)
 #   0	d2sigma-dijet_dChi_dMjj_[pb_GeV]
 #   1	CMS_Collaboration
 #   2	Dijet_Chi
 #   3	anti-kT_R=0.4
 #   4	THEORY_LABEL=NNLOJET
 #   5	provided by:
 #   6	fastNLO_2.3.1
 #   7	If you use this table, please cite:
 #   8	  D. Britzger, T. Kluge, K. Rabbertz, F. Stober, M. Wobisch, arXiv:1109.1310
 #
 # Publ. x section (10^-Ipublunits b)  12
 # Centre-of-mass energy (Ecms/GeV)    13000
 # Power in a_s of LO process (ILOord) 2
 # No. of observable bins (NObsBin)    12
 # Dim. of observable binning (NDim)   1
 #
 # Dimension labels (DimLabel)
 #   0	Chi
 # Differential dimension (IDiffBin)
 #   0	2
 #
 # Total no. of contributions (theory + optional data) in this table: 3
 ##################################################################################

 ##################################################################################
 # Information on table contribution no. 0: LO
 #---------------------------------------------------------------------------------
 #===================== fastNLO Table: CoeffBase ====================
 # Contribution description (CtrbDescript)
 #   0	LO
 # Code description (CodeDescript)
 #   0	NNLOJET_rev_5088
 #   1	Example for single jet inclusive production.
 #   2	Please adapt to selected process: 2jet
 #   3	Please cite:
 #   4	Currie, J.; Glover, E.W.N. & Pires, J., Phys. Rev. Lett., 2017, 118, 072002 [arXiv:1611.01460]
 #   5	2jet
 #   6	PC: Please check and modify NNLOJET references according to selected process.
 #===================== fastNLO Table: CoeffAddBase ====================
 # No. of events (Nevt)                0.000000
 # Weight of table [=Nevt] (fWgtNevt)  0.000000
 # Number of tables merged together    150
 # No. of filled events (WgtNumEv)     5793290376
 # Sum of weights squared (WgtSumW2)   20664269000000.000000
 # Sum of sigma squared (SigSumW2)     0.000517
 # Sum of sigma (SigSum)               51.786236
 # Sigma / Nevt (SigSum/WgtNevt)       25054089125502775261978885791951351189602304.000000
 # Abs. order in a_s (Npow)            2
 # No. of hadrons involved (NPDF)      2
 # Type(s) of hadrons (NPDFPDG)
 #   0	2212
 #   1	2212
 # PDF storage format (NPDFDim)        2
 #   --> x-interpolation storage format: Full-Matrix
 # Observable bin no. 1
 #   No. of X1 nodes (XNode1[i].size())          20
 # Observable bin no. 12
 #   No. of X1 nodes (XNode1[i].size())          20
 # No. of scales involved (NScales)    1
 # Scale descriptions (ScaleDescript)
 #   0	ptavg_j12_[GeV]
 #   1	m12_[GeV]
 # No. of subprocess contributions     13
 #ISub  Processes
 #   0: (0,0), 
 #   1: (1,0), (2,0), (3,0), (4,0), (5,0), 
 #   2: (1,-1), (2,-2), (3,-3), (4,-4), (5,-5), 
 #   3: (0,1), (0,2), (0,3), (0,4), (0,5), 
 #   4: (-1,1), (-2,2), (-3,3), (-4,4), (-5,5), 
 #   5: (0,-1), (0,-2), (0,-3), (0,-4), (0,-5), 
 #   6: (-1,0), (-2,0), (-3,0), (-4,0), (-5,0), 
 #   7: (1,-1), (1,-2), (1,-3), (1,-4), (1,-5), (2,-1), (2,-2), (2,-3), (2,-4), (2,-5), (3,-1), (3,-2), (3,-3), (3,-4), (3,-5), (4,-1), (4,-2), (4,-3), (4,-4), (4,-5), (5,-1), (5,-2), (5,-3), (5,-4), (5,-5), 
 #   8: (1,1), (1,2), (1,3), (1,4), (1,5), (2,1), (2,2), (2,3), (2,4), (2,5), (3,1), (3,2), (3,3), (3,4), (3,5), (4,1), (4,2), (4,3), (4,4), (4,5), (5,1), (5,2), (5,3), (5,4), (5,5), 
 #   9: (-1,-1), (-1,-2), (-1,-3), (-1,-4), (-1,-5), (-2,-1), (-2,-2), (-2,-3), (-2,-4), (-2,-5), (-3,-1), (-3,-2), (-3,-3), (-3,-4), (-3,-5), (-4,-1), (-4,-2), (-4,-3), (-4,-4), (-4,-5), (-5,-1), (-5,-2), (-5,-3), (-5,-4), (-5,-5), 
 #  10: (-1,1), (-1,2), (-1,3), (-1,4), (-1,5), (-2,1), (-2,2), (-2,3), (-2,4), (-2,5), (-3,1), (-3,2), (-3,3), (-3,4), (-3,5), (-4,1), (-4,2), (-4,3), (-4,4), (-4,5), (-5,1), (-5,2), (-5,3), (-5,4), (-5,5), 
 #  11: (1,1), (2,2), (3,3), (4,4), (5,5), 
 #  12: (-1,-1), (-2,-2), (-3,-3), (-4,-4), (-5,-5), 
 #===================== fastNLO Table: CoeffAddFlex ====================
 # No. of scale1 nodes (Nscalenode1)   6
 # No. of scale2 nodes (Nscalenode2)   6
 ##################################################################################

 ##################################################################################
 # Information on table contribution no. 1: NLO
 #---------------------------------------------------------------------------------
 #===================== fastNLO Table: CoeffBase ====================
 # Contribution description (CtrbDescript)
 #   0	NLO
 # Code description (CodeDescript)
 #   0	NNLOJET_rev_5088
 #   1	Example for single jet inclusive production.
 #   2	Please adapt to selected process: 2jet
 #   3	Please cite:
 #   4	Currie, J.; Glover, E.W.N. & Pires, J., Phys. Rev. Lett., 2017, 118, 072002 [arXiv:1611.01460]
 #   5	2jet
 #   6	PC: Please check and modify NNLOJET references according to selected process.
 #===================== fastNLO Table: CoeffAddBase ====================
 # No. of events (Nevt)                1.000000
 # Weight of table [=Nevt] (fWgtNevt)  1.000000
 # Number of tables merged together    500
 # No. of filled events (WgtNumEv)     42054497882
 # Sum of weights squared (WgtSumW2)   5297526500000000271974400.000000
 # Sum of sigma squared (SigSumW2)     301603.570000
 # Sum of sigma (SigSum)               17.496705
 # Sigma / Nevt (SigSum/WgtNevt)       17.496705
 # Abs. order in a_s (Npow)            3
 # No. of hadrons involved (NPDF)      2
 # Type(s) of hadrons (NPDFPDG)
 #   0	2212
 #   1	2212
 # PDF storage format (NPDFDim)        2
 #   --> x-interpolation storage format: Full-Matrix
 # Observable bin no. 1
 #   No. of X1 nodes (XNode1[i].size())          20
 # Observable bin no. 12
 #   No. of X1 nodes (XNode1[i].size())          20
 # No. of scales involved (NScales)    1
 # Scale descriptions (ScaleDescript)
 #   0	ptavg_j12_[GeV]
 #   1	m12_[GeV]
 # No. of subprocess contributions     13
 #ISub  Processes
 #   0: (0,0), 
 #   1: (1,0), (2,0), (3,0), (4,0), (5,0), 
 #   2: (1,-1), (2,-2), (3,-3), (4,-4), (5,-5), 
 #   3: (0,1), (0,2), (0,3), (0,4), (0,5), 
 #   4: (-1,1), (-2,2), (-3,3), (-4,4), (-5,5), 
 #   5: (0,-1), (0,-2), (0,-3), (0,-4), (0,-5), 
 #   6: (-1,0), (-2,0), (-3,0), (-4,0), (-5,0), 
 #   7: (1,1), (1,2), (1,3), (1,4), (1,5), (2,1), (2,2), (2,3), (2,4), (2,5), (3,1), (3,2), (3,3), (3,4), (3,5), (4,1), (4,2), (4,3), (4,4), (4,5), (5,1), (5,2), (5,3), (5,4), (5,5), 
 #   8: (1,-1), (1,-2), (1,-3), (1,-4), (1,-5), (2,-1), (2,-2), (2,-3), (2,-4), (2,-5), (3,-1), (3,-2), (3,-3), (3,-4), (3,-5), (4,-1), (4,-2), (4,-3), (4,-4), (4,-5), (5,-1), (5,-2), (5,-3), (5,-4), (5,-5), 
 #   9: (-1,1), (-1,2), (-1,3), (-1,4), (-1,5), (-2,1), (-2,2), (-2,3), (-2,4), (-2,5), (-3,1), (-3,2), (-3,3), (-3,4), (-3,5), (-4,1), (-4,2), (-4,3), (-4,4), (-4,5), (-5,1), (-5,2), (-5,3), (-5,4), (-5,5), 
 #  10: (-1,-1), (-1,-2), (-1,-3), (-1,-4), (-1,-5), (-2,-1), (-2,-2), (-2,-3), (-2,-4), (-2,-5), (-3,-1), (-3,-2), (-3,-3), (-3,-4), (-3,-5), (-4,-1), (-4,-2), (-4,-3), (-4,-4), (-4,-5), (-5,-1), (-5,-2), (-5,-3), (-5,-4), (-5,-5), 
 #  11: (1,1), (2,2), (3,3), (4,4), (5,5), 
 #  12: (-1,-1), (-2,-2), (-3,-3), (-4,-4), (-5,-5), 
 #===================== fastNLO Table: CoeffAddFlex ====================
 # No. of scale1 nodes (Nscalenode1)   6
 # No. of scale2 nodes (Nscalenode2)   6
 ##################################################################################

 ##################################################################################
 # Information on table contribution no. 2: NNLO
 #---------------------------------------------------------------------------------
 #===================== fastNLO Table: CoeffBase ====================
 # Contribution description (CtrbDescript)
 #   0	NNLO
 # Code description (CodeDescript)
 #   0	NNLOJET_rev_5088
 #   1	Example for single jet inclusive production.
 #   2	Please adapt to selected process: 2jet
 #   3	Please cite:
 #   4	Currie, J.; Glover, E.W.N. & Pires, J., Phys. Rev. Lett., 2017, 118, 072002 [arXiv:1611.01460]
 #   5	2jet
 #   6	PC: Please check and modify NNLOJET references according to selected process.
 #===================== fastNLO Table: CoeffAddBase ====================
 # No. of events (Nevt)                1.000000
 # Weight of table [=Nevt] (fWgtNevt)  1.000000
 # Number of tables merged together    6748
 # No. of filled events (WgtNumEv)     231883230006
 # Sum of weights squared (WgtSumW2)   55384529999999995489384808497283072.000000
 # Sum of sigma squared (SigSumW2)     10837759000.000000
 # Sum of sigma (SigSum)               -307.996420
 # Sigma / Nevt (SigSum/WgtNevt)       -307.996420
 # Abs. order in a_s (Npow)            4
 # No. of hadrons involved (NPDF)      2
 # Type(s) of hadrons (NPDFPDG)
 #   0	2212
 #   1	2212
 # PDF storage format (NPDFDim)        2
 #   --> x-interpolation storage format: Full-Matrix
 # Observable bin no. 1
 #   No. of X1 nodes (XNode1[i].size())          20
 # Observable bin no. 12
 #   No. of X1 nodes (XNode1[i].size())          20
 # No. of scales involved (NScales)    1
 # Scale descriptions (ScaleDescript)
 #   0	ptavg_j12_[GeV]
 #   1	m12_[GeV]
 # No. of subprocess contributions     13
 #ISub  Processes
 #   0: (0,0), 
 #   1: (1,0), (2,0), (3,0), (4,0), (5,0), 
 #   2: (1,-1), (2,-2), (3,-3), (4,-4), (5,-5), 
 #   3: (0,1), (0,2), (0,3), (0,4), (0,5), 
 #   4: (-1,1), (-2,2), (-3,3), (-4,4), (-5,5), 
 #   5: (0,-1), (0,-2), (0,-3), (0,-4), (0,-5), 
 #   6: (-1,0), (-2,0), (-3,0), (-4,0), (-5,0), 
 #   7: (1,1), (1,2), (1,3), (1,4), (1,5), (2,1), (2,2), (2,3), (2,4), (2,5), (3,1), (3,2), (3,3), (3,4), (3,5), (4,1), (4,2), (4,3), (4,4), (4,5), (5,1), (5,2), (5,3), (5,4), (5,5), 
 #   8: (1,-1), (1,-2), (1,-3), (1,-4), (1,-5), (2,-1), (2,-2), (2,-3), (2,-4), (2,-5), (3,-1), (3,-2), (3,-3), (3,-4), (3,-5), (4,-1), (4,-2), (4,-3), (4,-4), (4,-5), (5,-1), (5,-2), (5,-3), (5,-4), (5,-5), 
 #   9: (-1,1), (-1,2), (-1,3), (-1,4), (-1,5), (-2,1), (-2,2), (-2,3), (-2,4), (-2,5), (-3,1), (-3,2), (-3,3), (-3,4), (-3,5), (-4,1), (-4,2), (-4,3), (-4,4), (-4,5), (-5,1), (-5,2), (-5,3), (-5,4), (-5,5), 
 #  10: (-1,-1), (-1,-2), (-1,-3), (-1,-4), (-1,-5), (-2,-1), (-2,-2), (-2,-3), (-2,-4), (-2,-5), (-3,-1), (-3,-2), (-3,-3), (-3,-4), (-3,-5), (-4,-1), (-4,-2), (-4,-3), (-4,-4), (-4,-5), (-5,-1), (-5,-2), (-5,-3), (-5,-4), (-5,-5), 
 #  11: (1,1), (2,2), (3,3), (4,4), (5,5), 
 #  12: (-1,-1), (-2,-2), (-3,-3), (-4,-4), (-5,-5), 
 #===================== fastNLO Table: CoeffAddFlex ====================
 # No. of scale1 nodes (Nscalenode1)   6
 # No. of scale2 nodes (Nscalenode2)   6
 ##################################################################################
LHAPDF 6.2.1 loading /home/rabbertz/local/share/LHAPDF/CT14nnlo/CT14nnlo_0000.dat
CT14nnlo PDF set, member #0, version 1; LHAPDF ID = 13000
LHAPDF 6.2.1 loading /home/rabbertz/local/share/LHAPDF/CT14nnlo/CT14nnlo_0000.dat
CT14nnlo PDF set, member #0, version 1; LHAPDF ID = 13000

 ##################################################################################################################################################################
 # [fnlo-tk-cppread] Calculate my cross sections
 ##################################################################################################################################################################
 #=================================================================================================================================================================
 # My Cross Sections
 # The scale factors xmur, xmuf chosen here are:      1.000,      1.000
 #-----------------------------------------------------------------------------------------------------------------------------------------------------------------
 #IObs  BinSize  IODimO  [ Chi               ]  < ptavg_j12_ >  LO_cross_section   NLO_cross_section  NNLO_cross_section   KNLO      KNNLO
 #-----------------------------------------------------------------------------------------------------------------------------------------------------------------
     1  1.000         1   1.000       2.000      3621.          2.53264012467E-05  3.07266619793E-05  2.99607804178E-05    1.21323   0.97507
     2  1.000         2   2.000       3.000      3344.          2.37185715776E-05  2.65897627453E-05  2.48580448040E-05    1.12105   0.93487
     3  1.000         3   3.000       4.000      3077.          2.52615388725E-05  2.63867730509E-05  2.39913614306E-05    1.04454   0.90922
     4  1.000         4   4.000       5.000      2855.          2.69677777955E-05  2.66475321495E-05  2.38144880283E-05    0.98812   0.89368
     5  1.000         5   5.000       6.000      2671.          2.85882337814E-05  2.69437092429E-05  2.42163152084E-05    0.94248   0.89877
     6  1.000         6   6.000       7.000      2513.          3.00115174994E-05  2.77758548297E-05  2.41281778077E-05    0.92551   0.86867
     7  1.000         7   7.000       8.000      2381.          3.13090434998E-05  2.86664068685E-05  2.55065127285E-05    0.91560   0.88977
     8  1.000         8   8.000       9.000      2270.          3.24349559607E-05  2.73178151712E-05  2.44845414253E-05    0.84223   0.89628
     9  1.000         9   9.000       10.00      2171.          3.35894502517E-05  2.82054937739E-05  2.35006686089E-05    0.83971   0.83319
    10  2.000        10   10.00       12.00      2045.          3.49613387250E-05  2.80831457823E-05  2.35332080606E-05    0.80326   0.83798
    11  2.000        11   12.00       14.00      1904.          3.67724436922E-05  2.85276369817E-05  2.41090847384E-05    0.77579   0.84511
    12  2.000        12   14.00       16.00      1789.          3.81766426116E-05  2.87871417935E-05  2.28145639911E-05    0.75405   0.79253
 #=================================================================================================================================================================
 # My Cross Sections
 # The scale factors xmur, xmuf chosen here are:      0.500,      0.500
 #-----------------------------------------------------------------------------------------------------------------------------------------------------------------
 #IObs  BinSize  IODimO  [ Chi               ]  < ptavg_j12_ >  LO_cross_section   NLO_cross_section  NNLO_cross_section   KNLO      KNNLO
 #-----------------------------------------------------------------------------------------------------------------------------------------------------------------
     1  1.000         1   1.000       2.000      1811.          3.56296454517E-05  3.14750480415E-05  2.90910053746E-05    0.88339   0.92426
     2  1.000         2   2.000       3.000      1672.          3.34260218882E-05  2.62393881797E-05  2.33473291234E-05    0.78500   0.88978
     3  1.000         3   3.000       4.000      1539.          3.56826222361E-05  2.50094184199E-05  2.25756728964E-05    0.70089   0.90269
     4  1.000         4   4.000       5.000      1427.          3.81806745984E-05  2.43599888888E-05  2.21665540453E-05    0.63802   0.90996
     5  1.000         5   5.000       6.000      1335.          4.05640120198E-05  2.38477709074E-05  2.21522431168E-05    0.58790   0.92890
     6  1.000         6   6.000       7.000      1254.          4.26730969908E-05  2.42559577222E-05  2.19347846116E-05    0.56841   0.90431
     7  1.000         7   7.000       8.000      1189.          4.46050025626E-05  2.47801087275E-05  2.46703655200E-05    0.55555   0.99557
     8  1.000         8   8.000       9.000      1134.          4.62941601082E-05  2.19311089397E-05  2.21522340944E-05    0.47373   1.01008
     9  1.000         9   9.000       10.00      1084.          4.80249663203E-05  2.26788568134E-05  2.02541149711E-05    0.47223   0.89308
    10  2.000        10   10.00       12.00      1021.          5.01029775906E-05  2.14531461585E-05  2.09501041683E-05    0.42818   0.97655
    11  2.000        11   12.00       14.00      949.6          5.28415118994E-05  2.10097079762E-05  2.26577217742E-05    0.39760   1.07844
    12  2.000        12   14.00       16.00      892.0          5.49932883839E-05  2.04008618498E-05  2.00476628618E-05    0.37097   0.98269
 #=================================================================================================================================================================
 # My Cross Sections
 # The scale factors xmur, xmuf chosen here are:      2.000,      2.000
 #-----------------------------------------------------------------------------------------------------------------------------------------------------------------
 #IObs  BinSize  IODimO  [ Chi               ]  < ptavg_j12_ >  LO_cross_section   NLO_cross_section  NNLO_cross_section   KNLO      KNNLO
 #-----------------------------------------------------------------------------------------------------------------------------------------------------------------
     1  1.000         1   1.000       2.000      7240.          1.84216948947E-05  2.76531610977E-05  3.02140047933E-05    1.50112   1.09261
     2  1.000         2   2.000       3.000      6686.          1.72263505406E-05  2.43636910504E-05  2.56177679738E-05    1.41433   1.05147
     3  1.000         3   3.000       4.000      6154.          1.83090298207E-05  2.46125978478E-05  2.49435482118E-05    1.34429   1.01345
     4  1.000         4   4.000       5.000      5710.          1.95043674773E-05  2.52244660848E-05  2.50477843267E-05    1.29327   0.99300
     5  1.000         5   5.000       6.000      5342.          2.06359561318E-05  2.58205082931E-05  2.57361990285E-05    1.25124   0.99673
     6  1.000         6   6.000       7.000      5028.          2.16247963483E-05  2.67331445641E-05  2.58971330400E-05    1.23623   0.96873
     7  1.000         7   7.000       8.000      4765.          2.25236353585E-05  2.76748998530E-05  2.67113196605E-05    1.22870   0.96518
     8  1.000         8   8.000       9.000      4541.          2.32985526973E-05  2.70838471366E-05  2.65453706276E-05    1.16247   0.98012
     9  1.000         9   9.000       10.00      4344.          2.40934973015E-05  2.79209455603E-05  2.61367780791E-05    1.15886   0.93610
    10  2.000        10   10.00       12.00      4091.          2.50280733988E-05  2.82492376575E-05  2.61354073227E-05    1.12870   0.92517
    11  2.000        11   12.00       14.00      3810.          2.62622452385E-05  2.89823738919E-05  2.63800449516E-05    1.10358   0.91021
    12  2.000        12   14.00       16.00      3581.          2.72057904521E-05  2.95402218463E-05  2.59952794785E-05    1.08581   0.88000
 #=================================================================================================================================================================
 # My Cross Sections
 # The scale factors xmur, xmuf chosen here are:      0.500,      1.000
 #-----------------------------------------------------------------------------------------------------------------------------------------------------------------
 #IObs  BinSize  IODimO  [ Chi               ]  < ptavg_j12_ >  LO_cross_section   NLO_cross_section  NNLO_cross_section   KNLO      KNNLO
 #-----------------------------------------------------------------------------------------------------------------------------------------------------------------
     1  1.000         1   1.000       2.000      1810.          2.90610835435E-05  3.16898754548E-05  2.94670098344E-05    1.09046   0.92986
     2  1.000         2   2.000       3.000      1672.          2.72474307634E-05  2.70012901097E-05  2.39396993285E-05    0.99097   0.88661
     3  1.000         3   3.000       4.000      1539.          2.90544898245E-05  2.63667411950E-05  2.30209872596E-05    0.90749   0.87311
     4  1.000         4   4.000       5.000      1428.          3.10504039156E-05  2.62582311195E-05  2.26876556496E-05    0.84566   0.86402
     5  1.000         5   5.000       6.000      1336.          3.29484765801E-05  2.62219818163E-05  2.27627978599E-05    0.79585   0.86808
     6  1.000         6   6.000       7.000      1256.          3.46200317676E-05  2.69057107372E-05  2.25657613540E-05    0.77717   0.83870
     7  1.000         7   7.000       8.000      1190.          3.61467454077E-05  2.76667793613E-05  2.45736900055E-05    0.76540   0.88820
     8  1.000         8   8.000       9.000      1135.          3.74752861887E-05  2.56662534437E-05  2.26840933325E-05    0.68488   0.88381
     9  1.000         9   9.000       10.00      1085.          3.88367396645E-05  2.65196933459E-05  2.12032677579E-05    0.68285   0.79953
    10  2.000        10   10.00       12.00      1022.          4.04617341598E-05  2.59635387200E-05  2.14999349553E-05    0.64168   0.82808
    11  2.000        11   12.00       14.00      951.4          4.26057783756E-05  2.60534345215E-05  2.26513764258E-05    0.61150   0.86942
    12  2.000        12   14.00       16.00      894.0          4.42764906747E-05  2.59733342362E-05  2.04997879285E-05    0.58662   0.78926
 #=================================================================================================================================================================
 # My Cross Sections
 # The scale factors xmur, xmuf chosen here are:      1.000,      0.500
 #-----------------------------------------------------------------------------------------------------------------------------------------------------------------
 #IObs  BinSize  IODimO  [ Chi               ]  < ptavg_j12_ >  LO_cross_section   NLO_cross_section  NNLO_cross_section   KNLO      KNNLO
 #-----------------------------------------------------------------------------------------------------------------------------------------------------------------
     1  1.000         1   1.000       2.000      3621.          3.10509747342E-05  3.16693906781E-05  2.95185761940E-05    1.01992   0.93209
     2  1.000         2   2.000       3.000      3344.          2.90971062788E-05  2.70275675602E-05  2.42328308341E-05    0.92887   0.89660
     3  1.000         3   3.000       4.000      3077.          3.10245503740E-05  2.64291691783E-05  2.33641032129E-05    0.85188   0.88403
     4  1.000         4   4.000       5.000      2855.          3.31607022303E-05  2.63492606207E-05  2.30474728808E-05    0.79459   0.87469
     5  1.000         5   5.000       6.000      2671.          3.51961494229E-05  2.63536941521E-05  2.33581835302E-05    0.74877   0.88633
     6  1.000         6   6.000       7.000      2511.          3.69927820838E-05  2.70465105354E-05  2.31563917376E-05    0.73113   0.85617
     7  1.000         7   7.000       8.000      2380.          3.86355040864E-05  2.78278515718E-05  2.49789100162E-05    0.72027   0.89762
     8  1.000         8   8.000       9.000      2269.          4.00679436236E-05  2.58750020342E-05  2.34833162398E-05    0.64578   0.90757
     9  1.000         9   9.000       10.00      2170.          4.15364852832E-05  2.67423542255E-05  2.21522429369E-05    0.64383   0.82836
    10  2.000        10   10.00       12.00      2043.          4.32921987084E-05  2.61825521677E-05  2.23065056668E-05    0.60479   0.85196
    11  2.000        11   12.00       14.00      1902.          4.56070341653E-05  2.63179835948E-05  2.31246994584E-05    0.57706   0.87867
    12  2.000        12   14.00       16.00      1788.          4.74173018297E-05  2.62594733838E-05  2.14006945519E-05    0.55380   0.81497
 #=================================================================================================================================================================
 # My Cross Sections
 # The scale factors xmur, xmuf chosen here are:      1.000,      2.000
 #-----------------------------------------------------------------------------------------------------------------------------------------------------------------
 #IObs  BinSize  IODimO  [ Chi               ]  < ptavg_j12_ >  LO_cross_section   NLO_cross_section  NNLO_cross_section   KNLO      KNNLO
 #-----------------------------------------------------------------------------------------------------------------------------------------------------------------
     1  1.000         1   1.000       2.000      3620.          2.09460638631E-05  2.94410276314E-05  3.03907727345E-05    1.40556   1.03226
     2  1.000         2   2.000       3.000      3343.          1.96063104265E-05  2.57339590308E-05  2.54339885911E-05    1.31253   0.98834
     3  1.000         3   3.000       4.000      3077.          2.08604850379E-05  2.57978023597E-05  2.46075600222E-05    1.23668   0.95386
     4  1.000         4   4.000       5.000      2855.          2.22439624953E-05  2.62750771966E-05  2.45589030184E-05    1.18122   0.93468
     5  1.000         5   5.000       6.000      2671.          2.35548766380E-05  2.67529712476E-05  2.50485178849E-05    1.13577   0.93629
     6  1.000         6   6.000       7.000      2513.          2.47026258573E-05  2.76544274418E-05  2.50736908373E-05    1.11949   0.90668
     7  1.000         7   7.000       8.000      2382.          2.57472509260E-05  2.85941683750E-05  2.61540639072E-05    1.11057   0.91466
     8  1.000         8   8.000       9.000      2271.          2.66500972294E-05  2.76722151331E-05  2.55004878738E-05    1.03835   0.92152
     9  1.000         9   9.000       10.00      2172.          2.75758324120E-05  2.85487191801E-05  2.47963983579E-05    1.03528   0.86856
    10  2.000        10   10.00       12.00      2045.          2.86690589829E-05  2.87089834085E-05  2.47915697859E-05    1.00139   0.86355
    11  2.000        11   12.00       14.00      1905.          3.01125347675E-05  2.93351662060E-05  2.52297820560E-05    0.97418   0.86005
    12  2.000        12   14.00       16.00      1790.          3.12218536303E-05  2.97858270961E-05  2.42949803618E-05    0.95401   0.81566
 #=================================================================================================================================================================
 # My Cross Sections
 # The scale factors xmur, xmuf chosen here are:      2.000,      1.000
 #-----------------------------------------------------------------------------------------------------------------------------------------------------------------
 #IObs  BinSize  IODimO  [ Chi               ]  < ptavg_j12_ >  LO_cross_section   NLO_cross_section  NNLO_cross_section   KNLO      KNNLO
 #-----------------------------------------------------------------------------------------------------------------------------------------------------------------
     1  1.000         1   1.000       2.000      7241.          2.22742095521E-05  2.94183567123E-05  3.01040304645E-05    1.32074   1.02331
     2  1.000         2   2.000       3.000      6687.          2.08395177731E-05  2.57333610625E-05  2.53588005446E-05    1.23483   0.98544
     3  1.000         3   3.000       4.000      6155.          2.21718810079E-05  2.58140683830E-05  2.46069662839E-05    1.16427   0.95324
     4  1.000         4   4.000       5.000      5711.          2.36464936839E-05  2.63053504903E-05  2.45888305344E-05    1.11244   0.93475
     5  1.000         5   5.000       6.000      5343.          2.50456903781E-05  2.68065193604E-05  2.52200404890E-05    1.07030   0.94082
     6  1.000         6   6.000       7.000      5027.          2.62723428390E-05  2.77099510755E-05  2.52622164879E-05    1.05472   0.91167
     7  1.000         7   7.000       8.000      4764.          2.73892015398E-05  2.86580409711E-05  2.62639072506E-05    1.04633   0.91646
     8  1.000         8   8.000       9.000      4541.          2.83560303509E-05  2.77629083389E-05  2.58363117831E-05    0.97908   0.93061
     9  1.000         9   9.000       10.00      4343.          2.93478380253E-05  2.86449271055E-05  2.52099076213E-05    0.97605   0.88008
    10  2.000        10   10.00       12.00      4090.          3.05213729515E-05  2.87989642677E-05  2.51662782563E-05    0.94357   0.87386
    11  2.000        11   12.00       14.00      3809.          3.20707529814E-05  2.94502564048E-05  2.54449181819E-05    0.91829   0.86400
    12  2.000        12   14.00       16.00      3580.          3.32661524436E-05  2.99110615106E-05  2.47732364050E-05    0.89914   0.82823
