 ##################################################################################
 # INFO.    [fnlo-tk-cppread] Program to read fastNLO tables and derive
 # INFO.    [fnlo-tk-cppread] QCD cross sections using PDFs e.g. from LHAPDF
 #---------------------------------------------------------------------------------
 # INFO.    [fnlo-tk-cppread] For more explanations type:
 # INFO.    [fnlo-tk-cppread] ./fnlo-tk-cppread -h
 # INFO.    [fnlo-tk-cppread] For version number printout type:
 # INFO.    [fnlo-tk-cppread] ./fnlo-tk-cppread -v
 ##################################################################################

 ##################################################################################
 # [fnlo-tk-cppread] fastNLO Cross-Section Calculator
 #---------------------------------------------------------------------------------
 # [fnlo-tk-cppread] Evaluating table: 2jet.NNLO.fnl5662j_mjj8_chi.tab.gz
 # [fnlo-tk-cppread] Using PDF set   : CT14nlo
 # [fnlo-tk-cppread] If possible, will try to do 7 scale factor variations.
 # [fnlo-tk-cppread] Using alpha_s evolution code: LHAPDF
 # [fnlo-tk-cppread] Preparing unnormalized cross sections,
 # [fnlo-tk-cppread] Using scale definition scale1
 # [fnlo-tk-cppread] No request given for no. of flavours,
 #             using default value for LHAPDF or Nf = 5.
 # [fnlo-tk-cppread] No request given for no. of loops,
 #             using default value for LHAPDF or NLoop = 2.
 # [fnlo-tk-cppread] No request given for value of alpha_s(M_Z),
 #             using default value for LHAPDF or asMz = 0.1181.
 # [fnlo-tk-cppread] No request given for value of M_Z,
 #             using default value for LHAPDF or Mz = 91.1876.
 ##################################################################################

 ##################################################################################
 #
 # [0;31mfast[0;34mNLO[0m_toolkit
 # Version 2.3.1_2657-32-g0bd1223
 #
 # C++ program and toolkit to read and create fastNLO v2 tables and
 # derive QCD cross sections using PDFs, e.g. from LHAPDF
 #
 #---------------------------------------------------------------------------------
 #
 # Copyright © 2005-2019 [0;31mfast[0;34mNLO[0m Collaboration
 # D. Britzger, T. Kluge, K. Rabbertz, F. Stober, G. Sieber, M. Wobisch
 #
 # This program is free software: you can redistribute it and/or modify
 # it under the terms of the GNU General Public License as published by
 # the Free Software Foundation, either version 3 of the License, or
 # (at your option) any later version.
 #
 # This program is distributed in the hope that it will be useful,
 # but WITHOUT ANY WARRANTY; without even the implied warranty of
 # MERCHANTABILITY or FITNESS FOR A PARTICULAR PURPOSE. See the
 # GNU General Public License for more details.
 #
 # You should have received a copy of the GNU General Public License
 # along with this program. If not, see <http://www.gnu.org/licenses/>.
 #
 #---------------------------------------------------------------------------------
 #
 # The projects web page can be found at:
 #   http://projects.hepforge.org/fastnlo
 #
 # If you use this code, please cite:
 #   T. Kluge, K. Rabbertz, M. Wobisch, hep-ph/0609285
 #   D. Britzger, T. Kluge, K. Rabbertz, F. Stober, M. Wobisch, arXiv:1109.1310
 #
 ##################################################################################

 ##################################################################################
 # Overview on contribution types and numbers contained in table: 2jet.NNLO.fnl5662j_mjj8_chi.tab.gz
 #---------------------------------------------------------------------------------
 # Total number of contributions:  3
 #   No.: 1, type: Fixed order calculation       , Id: 0, order: LO                  , by: NNLOJET_rev_5088
 #   No.: 2, type: Fixed order calculation       , Id: 1, order: NLO                 , by: NNLOJET_rev_5088
 #   No.: 3, type: Fixed order calculation       , Id: 2, order: NNLO                , by: NNLOJET_rev_5088
 ##################################################################################

 ##################################################################################
 # Information on table header
 #---------------------------------------------------------------------------------
 #===================== fastNLO Table: Header ====================
 # Table version (Itabversion)         23600
 # Scenario name (ScenName)            fnl5662j
 # Theory contributions (Ncontrib)     3
 # Data contribution 0/1 (Ndata)       0
 ##################################################################################

 ##################################################################################
 # Information on fastNLO scenario: fnl5662j
 #---------------------------------------------------------------------------------
 #===================== fastNLO Table: Scenario ====================
 # Scenario description (ScDescript)
 #   0	d2sigma-dijet_dChi_dMjj_[pb_GeV]
 #   1	CMS_Collaboration
 #   2	Dijet_Chi
 #   3	anti-kT_R=0.4
 #   4	THEORY_LABEL=NNLOJET
 #   5	provided by:
 #   6	fastNLO_2.3.1
 #   7	If you use this table, please cite:
 #   8	  D. Britzger, T. Kluge, K. Rabbertz, F. Stober, M. Wobisch, arXiv:1109.1310
 #
 # Publ. x section (10^-Ipublunits b)  12
 # Centre-of-mass energy (Ecms/GeV)    13000
 # Power in a_s of LO process (ILOord) 2
 # No. of observable bins (NObsBin)    12
 # Dim. of observable binning (NDim)   1
 #
 # Dimension labels (DimLabel)
 #   0	Chi
 # Differential dimension (IDiffBin)
 #   0	2
 #
 # Total no. of contributions (theory + optional data) in this table: 3
 ##################################################################################

 ##################################################################################
 # Information on table contribution no. 0: LO
 #---------------------------------------------------------------------------------
 #===================== fastNLO Table: CoeffBase ====================
 # Contribution description (CtrbDescript)
 #   0	LO
 # Code description (CodeDescript)
 #   0	NNLOJET_rev_5088
 #   1	Example for single jet inclusive production.
 #   2	Please adapt to selected process: 2jet
 #   3	Please cite:
 #   4	Currie, J.; Glover, E.W.N. & Pires, J., Phys. Rev. Lett., 2017, 118, 072002 [arXiv:1611.01460]
 #   5	2jet
 #   6	PC: Please check and modify NNLOJET references according to selected process.
 #===================== fastNLO Table: CoeffAddBase ====================
 # No. of events (Nevt)                0.000000
 # Weight of table [=Nevt] (fWgtNevt)  0.000000
 # Number of tables merged together    100
 # No. of filled events (WgtNumEv)     5340658819
 # Sum of weights squared (WgtSumW2)   5390379200000.000000
 # Sum of sigma squared (SigSumW2)     0.026133
 # Sum of sigma (SigSum)               977.147180
 # Sigma / Nevt (SigSum/WgtNevt)       945476094523692673521054451357839931509571584.000000
 # Abs. order in a_s (Npow)            2
 # No. of hadrons involved (NPDF)      2
 # Type(s) of hadrons (NPDFPDG)
 #   0	2212
 #   1	2212
 # PDF storage format (NPDFDim)        2
 #   --> x-interpolation storage format: Full-Matrix
 # Observable bin no. 1
 #   No. of X1 nodes (XNode1[i].size())          20
 # Observable bin no. 12
 #   No. of X1 nodes (XNode1[i].size())          20
 # No. of scales involved (NScales)    1
 # Scale descriptions (ScaleDescript)
 #   0	ptavg_j12_[GeV]
 #   1	m12_[GeV]
 # No. of subprocess contributions     13
 #ISub  Processes
 #   0: (0,0), 
 #   1: (1,0), (2,0), (3,0), (4,0), (5,0), 
 #   2: (1,-1), (2,-2), (3,-3), (4,-4), (5,-5), 
 #   3: (0,1), (0,2), (0,3), (0,4), (0,5), 
 #   4: (-1,1), (-2,2), (-3,3), (-4,4), (-5,5), 
 #   5: (0,-1), (0,-2), (0,-3), (0,-4), (0,-5), 
 #   6: (-1,0), (-2,0), (-3,0), (-4,0), (-5,0), 
 #   7: (1,-1), (1,-2), (1,-3), (1,-4), (1,-5), (2,-1), (2,-2), (2,-3), (2,-4), (2,-5), (3,-1), (3,-2), (3,-3), (3,-4), (3,-5), (4,-1), (4,-2), (4,-3), (4,-4), (4,-5), (5,-1), (5,-2), (5,-3), (5,-4), (5,-5), 
 #   8: (1,1), (1,2), (1,3), (1,4), (1,5), (2,1), (2,2), (2,3), (2,4), (2,5), (3,1), (3,2), (3,3), (3,4), (3,5), (4,1), (4,2), (4,3), (4,4), (4,5), (5,1), (5,2), (5,3), (5,4), (5,5), 
 #   9: (-1,-1), (-1,-2), (-1,-3), (-1,-4), (-1,-5), (-2,-1), (-2,-2), (-2,-3), (-2,-4), (-2,-5), (-3,-1), (-3,-2), (-3,-3), (-3,-4), (-3,-5), (-4,-1), (-4,-2), (-4,-3), (-4,-4), (-4,-5), (-5,-1), (-5,-2), (-5,-3), (-5,-4), (-5,-5), 
 #  10: (-1,1), (-1,2), (-1,3), (-1,4), (-1,5), (-2,1), (-2,2), (-2,3), (-2,4), (-2,5), (-3,1), (-3,2), (-3,3), (-3,4), (-3,5), (-4,1), (-4,2), (-4,3), (-4,4), (-4,5), (-5,1), (-5,2), (-5,3), (-5,4), (-5,5), 
 #  11: (1,1), (2,2), (3,3), (4,4), (5,5), 
 #  12: (-1,-1), (-2,-2), (-3,-3), (-4,-4), (-5,-5), 
 #===================== fastNLO Table: CoeffAddFlex ====================
 # No. of scale1 nodes (Nscalenode1)   6
 # No. of scale2 nodes (Nscalenode2)   6
 ##################################################################################

 ##################################################################################
 # Information on table contribution no. 1: NLO
 #---------------------------------------------------------------------------------
 #===================== fastNLO Table: CoeffBase ====================
 # Contribution description (CtrbDescript)
 #   0	NLO
 # Code description (CodeDescript)
 #   0	NNLOJET_rev_5088
 #   1	Example for single jet inclusive production.
 #   2	Please adapt to selected process: 2jet
 #   3	Please cite:
 #   4	Currie, J.; Glover, E.W.N. & Pires, J., Phys. Rev. Lett., 2017, 118, 072002 [arXiv:1611.01460]
 #   5	2jet
 #   6	PC: Please check and modify NNLOJET references according to selected process.
 #===================== fastNLO Table: CoeffAddBase ====================
 # No. of events (Nevt)                1.000000
 # Weight of table [=Nevt] (fWgtNevt)  1.000000
 # Number of tables merged together    200
 # No. of filled events (WgtNumEv)     16090960919
 # Sum of weights squared (WgtSumW2)   54184981999999999688048640.000000
 # Sum of sigma squared (SigSumW2)     5094719.800000
 # Sum of sigma (SigSum)               156.725520
 # Sigma / Nevt (SigSum/WgtNevt)       156.725520
 # Abs. order in a_s (Npow)            3
 # No. of hadrons involved (NPDF)      2
 # Type(s) of hadrons (NPDFPDG)
 #   0	2212
 #   1	2212
 # PDF storage format (NPDFDim)        2
 #   --> x-interpolation storage format: Full-Matrix
 # Observable bin no. 1
 #   No. of X1 nodes (XNode1[i].size())          20
 # Observable bin no. 12
 #   No. of X1 nodes (XNode1[i].size())          20
 # No. of scales involved (NScales)    1
 # Scale descriptions (ScaleDescript)
 #   0	ptavg_j12_[GeV]
 #   1	m12_[GeV]
 # No. of subprocess contributions     13
 #ISub  Processes
 #   0: (0,0), 
 #   1: (1,0), (2,0), (3,0), (4,0), (5,0), 
 #   2: (1,-1), (2,-2), (3,-3), (4,-4), (5,-5), 
 #   3: (0,1), (0,2), (0,3), (0,4), (0,5), 
 #   4: (-1,1), (-2,2), (-3,3), (-4,4), (-5,5), 
 #   5: (0,-1), (0,-2), (0,-3), (0,-4), (0,-5), 
 #   6: (-1,0), (-2,0), (-3,0), (-4,0), (-5,0), 
 #   7: (1,1), (1,2), (1,3), (1,4), (1,5), (2,1), (2,2), (2,3), (2,4), (2,5), (3,1), (3,2), (3,3), (3,4), (3,5), (4,1), (4,2), (4,3), (4,4), (4,5), (5,1), (5,2), (5,3), (5,4), (5,5), 
 #   8: (1,-1), (1,-2), (1,-3), (1,-4), (1,-5), (2,-1), (2,-2), (2,-3), (2,-4), (2,-5), (3,-1), (3,-2), (3,-3), (3,-4), (3,-5), (4,-1), (4,-2), (4,-3), (4,-4), (4,-5), (5,-1), (5,-2), (5,-3), (5,-4), (5,-5), 
 #   9: (-1,1), (-1,2), (-1,3), (-1,4), (-1,5), (-2,1), (-2,2), (-2,3), (-2,4), (-2,5), (-3,1), (-3,2), (-3,3), (-3,4), (-3,5), (-4,1), (-4,2), (-4,3), (-4,4), (-4,5), (-5,1), (-5,2), (-5,3), (-5,4), (-5,5), 
 #  10: (-1,-1), (-1,-2), (-1,-3), (-1,-4), (-1,-5), (-2,-1), (-2,-2), (-2,-3), (-2,-4), (-2,-5), (-3,-1), (-3,-2), (-3,-3), (-3,-4), (-3,-5), (-4,-1), (-4,-2), (-4,-3), (-4,-4), (-4,-5), (-5,-1), (-5,-2), (-5,-3), (-5,-4), (-5,-5), 
 #  11: (1,1), (2,2), (3,3), (4,4), (5,5), 
 #  12: (-1,-1), (-2,-2), (-3,-3), (-4,-4), (-5,-5), 
 #===================== fastNLO Table: CoeffAddFlex ====================
 # No. of scale1 nodes (Nscalenode1)   6
 # No. of scale2 nodes (Nscalenode2)   6
 ##################################################################################

 ##################################################################################
 # Information on table contribution no. 2: NNLO
 #---------------------------------------------------------------------------------
 #===================== fastNLO Table: CoeffBase ====================
 # Contribution description (CtrbDescript)
 #   0	NNLO
 # Code description (CodeDescript)
 #   0	NNLOJET_rev_5088
 #   1	Example for single jet inclusive production.
 #   2	Please adapt to selected process: 2jet
 #   3	Please cite:
 #   4	Currie, J.; Glover, E.W.N. & Pires, J., Phys. Rev. Lett., 2017, 118, 072002 [arXiv:1611.01460]
 #   5	2jet
 #   6	PC: Please check and modify NNLOJET references according to selected process.
 #===================== fastNLO Table: CoeffAddBase ====================
 # No. of events (Nevt)                1.000000
 # Weight of table [=Nevt] (fWgtNevt)  1.000000
 # Number of tables merged together    396
 # No. of filled events (WgtNumEv)     9773525331
 # Sum of weights squared (WgtSumW2)   2538946900000000089780785913004032.000000
 # Sum of sigma squared (SigSumW2)     1470338900000.000000
 # Sum of sigma (SigSum)               -270.300440
 # Sigma / Nevt (SigSum/WgtNevt)       -270.300440
 # Abs. order in a_s (Npow)            4
 # No. of hadrons involved (NPDF)      2
 # Type(s) of hadrons (NPDFPDG)
 #   0	2212
 #   1	2212
 # PDF storage format (NPDFDim)        2
 #   --> x-interpolation storage format: Full-Matrix
 # Observable bin no. 1
 #   No. of X1 nodes (XNode1[i].size())          20
 # Observable bin no. 12
 #   No. of X1 nodes (XNode1[i].size())          20
 # No. of scales involved (NScales)    1
 # Scale descriptions (ScaleDescript)
 #   0	ptavg_j12_[GeV]
 #   1	m12_[GeV]
 # No. of subprocess contributions     13
 #ISub  Processes
 #   0: (0,0), 
 #   1: (1,0), (2,0), (3,0), (4,0), (5,0), 
 #   2: (1,-1), (2,-2), (3,-3), (4,-4), (5,-5), 
 #   3: (0,1), (0,2), (0,3), (0,4), (0,5), 
 #   4: (-1,1), (-2,2), (-3,3), (-4,4), (-5,5), 
 #   5: (0,-1), (0,-2), (0,-3), (0,-4), (0,-5), 
 #   6: (-1,0), (-2,0), (-3,0), (-4,0), (-5,0), 
 #   7: (1,1), (1,2), (1,3), (1,4), (1,5), (2,1), (2,2), (2,3), (2,4), (2,5), (3,1), (3,2), (3,3), (3,4), (3,5), (4,1), (4,2), (4,3), (4,4), (4,5), (5,1), (5,2), (5,3), (5,4), (5,5), 
 #   8: (1,-1), (1,-2), (1,-3), (1,-4), (1,-5), (2,-1), (2,-2), (2,-3), (2,-4), (2,-5), (3,-1), (3,-2), (3,-3), (3,-4), (3,-5), (4,-1), (4,-2), (4,-3), (4,-4), (4,-5), (5,-1), (5,-2), (5,-3), (5,-4), (5,-5), 
 #   9: (-1,1), (-1,2), (-1,3), (-1,4), (-1,5), (-2,1), (-2,2), (-2,3), (-2,4), (-2,5), (-3,1), (-3,2), (-3,3), (-3,4), (-3,5), (-4,1), (-4,2), (-4,3), (-4,4), (-4,5), (-5,1), (-5,2), (-5,3), (-5,4), (-5,5), 
 #  10: (-1,-1), (-1,-2), (-1,-3), (-1,-4), (-1,-5), (-2,-1), (-2,-2), (-2,-3), (-2,-4), (-2,-5), (-3,-1), (-3,-2), (-3,-3), (-3,-4), (-3,-5), (-4,-1), (-4,-2), (-4,-3), (-4,-4), (-4,-5), (-5,-1), (-5,-2), (-5,-3), (-5,-4), (-5,-5), 
 #  11: (1,1), (2,2), (3,3), (4,4), (5,5), 
 #  12: (-1,-1), (-2,-2), (-3,-3), (-4,-4), (-5,-5), 
 #===================== fastNLO Table: CoeffAddFlex ====================
 # No. of scale1 nodes (Nscalenode1)   6
 # No. of scale2 nodes (Nscalenode2)   6
 ##################################################################################
LHAPDF 6.2.1 loading /home/rabbertz/local.lx25/share/LHAPDF/CT14nlo/CT14nlo_0000.dat
CT14nlo PDF set, member #0, version 1; LHAPDF ID = 13100
LHAPDF 6.2.1 loading /home/rabbertz/local.lx25/share/LHAPDF/CT14nlo/CT14nlo_0000.dat
CT14nlo PDF set, member #0, version 1; LHAPDF ID = 13100

 ##################################################################################################################################################################
 # [fnlo-tk-cppread] Calculate my cross sections
 ##################################################################################################################################################################
 #=================================================================================================================================================================
 # My Cross Sections
 # The scale factors xmur, xmuf chosen here are:      1.000,      1.000
 #-----------------------------------------------------------------------------------------------------------------------------------------------------------------
 #IObs  BinSize  IODimO  [ Chi               ]  < ptavg_j12_ >  LO_cross_section   NLO_cross_section  NNLO_cross_section   KNLO      KNNLO
 #-----------------------------------------------------------------------------------------------------------------------------------------------------------------
     1  1.000         1   1.000       2.000      2758.          7.42515861154E-04  8.36000295737E-04  7.69826647754E-04    1.12590   0.92084
     2  1.000         2   2.000       3.000      2548.          6.77452966901E-04  7.13125358490E-04  6.23908676973E-04    1.05266   0.87489
     3  1.000         3   3.000       4.000      2345.          7.10301802523E-04  7.12652994766E-04  6.49840220008E-04    1.00331   0.91186
     4  1.000         4   4.000       5.000      2175.          7.50698679100E-04  7.25204991925E-04  6.41242294283E-04    0.96604   0.88422
     5  1.000         5   5.000       6.000      2036.          7.89862049827E-04  7.33031002622E-04  6.25292674634E-04    0.92805   0.85302
     6  1.000         6   6.000       7.000      1916.          8.25339685425E-04  7.42395764635E-04  6.52936529214E-04    0.89950   0.87950
     7  1.000         7   7.000       8.000      1816.          8.56240100069E-04  7.58100210019E-04  6.53515111291E-04    0.88538   0.86204
     8  1.000         8   8.000       9.000      1731.          8.85170966705E-04  7.61741938083E-04  6.92879522311E-04    0.86056   0.90960
     9  1.000         9   9.000       10.00      1655.          9.12698899344E-04  7.62403357817E-04  8.45997273104E-04    0.83533   1.10965
    10  2.000        10   10.00       12.00      1559.          9.48198247957E-04  7.84164318209E-04  7.25550260139E-04    0.82700   0.92525
    11  2.000        11   12.00       14.00      1455.          9.91293185779E-04  7.74263134044E-04  5.50743547757E-04    0.78106   0.71131
    12  2.000        12   14.00       16.00      1365.          1.02940830951E-03  8.02152455823E-04  7.53496297424E-04    0.77924   0.93934
 #=================================================================================================================================================================
 # My Cross Sections
 # The scale factors xmur, xmuf chosen here are:      0.500,      0.500
 #-----------------------------------------------------------------------------------------------------------------------------------------------------------------
 #IObs  BinSize  IODimO  [ Chi               ]  < ptavg_j12_ >  LO_cross_section   NLO_cross_section  NNLO_cross_section   KNLO      KNNLO
 #-----------------------------------------------------------------------------------------------------------------------------------------------------------------
     1  1.000         1   1.000       2.000      1379.          1.01900478075E-03  8.28673583847E-04  7.36810056220E-04    0.81322   0.88914
     2  1.000         2   2.000       3.000      1275.          9.30761180788E-04  6.83891485188E-04  5.70909430281E-04    0.73477   0.83480
     3  1.000         3   3.000       4.000      1173.          9.77827088173E-04  6.65532819121E-04  6.36769171268E-04    0.68062   0.95678
     4  1.000         4   4.000       5.000      1087.          1.03567398507E-03  6.62221891566E-04  6.13132919144E-04    0.63941   0.92587
     5  1.000         5   5.000       6.000      1018.          1.09195916082E-03  6.51804538964E-04  6.07509767843E-04    0.59691   0.93204
     6  1.000         6   6.000       7.000      958.1          1.14317239214E-03  6.45889533103E-04  5.40325125768E-04    0.56500   0.83656
     7  1.000         7   7.000       8.000      908.0          1.18807673428E-03  6.49941130870E-04  6.16695070818E-04    0.54705   0.94885
     8  1.000         8   8.000       9.000      865.5          1.23022530856E-03  6.38675838288E-04  6.23823173759E-04    0.51915   0.97674
     9  1.000         9   9.000       10.00      827.8          1.27047093338E-03  6.24373197467E-04  8.15141178810E-04    0.49145   1.30554
    10  2.000        10   10.00       12.00      779.4          1.32274792115E-03  6.34309683693E-04  6.36943142800E-04    0.47954   1.00415
    11  2.000        11   12.00       14.00      728.4          1.38655627323E-03  5.93922195687E-04  4.92181221894E-04    0.42834   0.82870
    12  2.000        12   14.00       16.00      682.6          1.44327708527E-03  6.11585325776E-04  8.75085735156E-04    0.42375   1.43085
 #=================================================================================================================================================================
 # My Cross Sections
 # The scale factors xmur, xmuf chosen here are:      2.000,      2.000
 #-----------------------------------------------------------------------------------------------------------------------------------------------------------------
 #IObs  BinSize  IODimO  [ Chi               ]  < ptavg_j12_ >  LO_cross_section   NLO_cross_section  NNLO_cross_section   KNLO      KNNLO
 #-----------------------------------------------------------------------------------------------------------------------------------------------------------------
     1  1.000         1   1.000       2.000      5516.          5.53022191135E-04  7.72732153064E-04  7.88858149219E-04    1.39729   1.02087
     2  1.000         2   2.000       3.000      5096.          5.04097797712E-04  6.69703545807E-04  6.56874287838E-04    1.32852   0.98084
     3  1.000         3   3.000       4.000      4690.          5.27698353056E-04  6.77123154635E-04  6.66132431191E-04    1.28316   0.98377
     4  1.000         4   4.000       5.000      4349.          5.56726657621E-04  6.95395648762E-04  6.68731282999E-04    1.24908   0.96166
     5  1.000         5   5.000       6.000      4070.          5.84746545524E-04  7.10337137926E-04  6.54022645853E-04    1.21478   0.92072
     6  1.000         6   6.000       7.000      3833.          6.09997584445E-04  7.25221459599E-04  7.19109427189E-04    1.18889   0.99157
     7  1.000         7   7.000       8.000      3633.          6.31831802472E-04  7.44211527750E-04  6.93812552021E-04    1.17786   0.93228
     8  1.000         8   8.000       9.000      3461.          6.52232554751E-04  7.53663664573E-04  7.43851279995E-04    1.15551   0.98698
     9  1.000         9   9.000       10.00      3310.          6.71601906177E-04  7.60417217059E-04  8.68267555042E-04    1.13224   1.14183
    10  2.000        10   10.00       12.00      3117.          6.96457127123E-04  7.84753259820E-04  7.88544377647E-04    1.12678   1.00483
    11  2.000        11   12.00       14.00      2908.          7.26529060531E-04  7.88256193647E-04  6.26854491535E-04    1.08496   0.79524
    12  2.000        12   14.00       16.00      2730.          7.53004899979E-04  8.17169186357E-04  7.40354845236E-04    1.08521   0.90600
 #=================================================================================================================================================================
 # My Cross Sections
 # The scale factors xmur, xmuf chosen here are:      0.500,      1.000
 #-----------------------------------------------------------------------------------------------------------------------------------------------------------------
 #IObs  BinSize  IODimO  [ Chi               ]  < ptavg_j12_ >  LO_cross_section   NLO_cross_section  NNLO_cross_section   KNLO      KNNLO
 #-----------------------------------------------------------------------------------------------------------------------------------------------------------------
     1  1.000         1   1.000       2.000      1379.          8.55285039846E-04  8.49494709758E-04  7.47486584993E-04    0.99323   0.87992
     2  1.000         2   2.000       3.000      1274.          7.81273181845E-04  7.13587895129E-04  5.90888245128E-04    0.91337   0.82805
     3  1.000         3   3.000       4.000      1173.          8.20206735774E-04  7.04492429220E-04  6.35901249501E-04    0.85892   0.90264
     4  1.000         4   4.000       5.000      1087.          8.67882170068E-04  7.09869488431E-04  6.20073962049E-04    0.81793   0.87350
     5  1.000         5   5.000       6.000      1018.          9.14127092175E-04  7.09304701782E-04  6.02277419583E-04    0.77594   0.84911
     6  1.000         6   6.000       7.000      958.2          9.56090163499E-04  7.11779166404E-04  5.78137534381E-04    0.74447   0.81224
     7  1.000         7   7.000       8.000      908.1          9.92731702480E-04  7.22613368548E-04  6.16295421939E-04    0.72790   0.85287
     8  1.000         8   8.000       9.000      865.4          1.02707776532E-03  7.19237173570E-04  6.35269541815E-04    0.70028   0.88325
     9  1.000         9   9.000       10.00      827.7          1.05979200847E-03  7.13142741794E-04  8.07535109359E-04    0.67291   1.13236
    10  2.000        10   10.00       12.00      779.4          1.10212593621E-03  7.29726816472E-04  6.56901717727E-04    0.66211   0.90020
    11  2.000        11   12.00       14.00      727.7          1.15362412286E-03  7.06052297093E-04  4.94451635967E-04    0.61203   0.70030
    12  2.000        12   14.00       16.00      682.6          1.19928372515E-03  7.29767866309E-04  7.90775762666E-04    0.60850   1.08360
 #=================================================================================================================================================================
 # My Cross Sections
 # The scale factors xmur, xmuf chosen here are:      1.000,      0.500
 #-----------------------------------------------------------------------------------------------------------------------------------------------------------------
 #IObs  BinSize  IODimO  [ Chi               ]  < ptavg_j12_ >  LO_cross_section   NLO_cross_section  NNLO_cross_section   KNLO      KNNLO
 #-----------------------------------------------------------------------------------------------------------------------------------------------------------------
     1  1.000         1   1.000       2.000      2758.          8.84650102985E-04  8.47648905917E-04  7.55652088206E-04    0.95817   0.89147
     2  1.000         2   2.000       3.000      2549.          8.07076923826E-04  7.15348123307E-04  6.02589392716E-04    0.88634   0.84237
     3  1.000         3   3.000       4.000      2345.          8.46802406680E-04  7.09099797193E-04  6.41369181960E-04    0.83739   0.90448
     4  1.000         4   4.000       5.000      2175.          8.95835769374E-04  7.16674302359E-04  6.25286448680E-04    0.80001   0.87248
     5  1.000         5   5.000       6.000      2036.          9.43520894205E-04  7.18614363838E-04  6.16038974194E-04    0.76163   0.85726
     6  1.000         6   6.000       7.000      1916.          9.86838482475E-04  7.23113771479E-04  6.19034455162E-04    0.73276   0.85607
     7  1.000         7   7.000       8.000      1816.          1.02472809415E-03  7.35161811648E-04  6.39925903362E-04    0.71742   0.87046
     8  1.000         8   8.000       9.000      1731.          1.06025171496E-03  7.34132514125E-04  6.74706377927E-04    0.69241   0.91905
     9  1.000         9   9.000       10.00      1655.          1.09413805663E-03  7.29713762428E-04  8.44429869553E-04    0.66693   1.15721
    10  2.000        10   10.00       12.00      1559.          1.13800845108E-03  7.48415912292E-04  6.99315406225E-04    0.65765   0.93439
    11  2.000        11   12.00       14.00      1455.          1.19144993886E-03  7.27723426203E-04  5.23992044986E-04    0.61079   0.72004
    12  2.000        12   14.00       16.00      1365.          1.23884212774E-03  7.53291489205E-04  7.84451089679E-04    0.60806   1.04136
 #=================================================================================================================================================================
 # My Cross Sections
 # The scale factors xmur, xmuf chosen here are:      1.000,      2.000
 #-----------------------------------------------------------------------------------------------------------------------------------------------------------------
 #IObs  BinSize  IODimO  [ Chi               ]  < ptavg_j12_ >  LO_cross_section   NLO_cross_section  NNLO_cross_section   KNLO      KNNLO
 #-----------------------------------------------------------------------------------------------------------------------------------------------------------------
     1  1.000         1   1.000       2.000      2758.          6.30946425879E-04  8.15274560402E-04  7.83221911232E-04    1.29215   0.96068
     2  1.000         2   2.000       3.000      2548.          5.75719980349E-04  7.01085110364E-04  6.42784866792E-04    1.21775   0.91684
     3  1.000         3   3.000       4.000      2345.          6.03322369739E-04  7.04786616256E-04  6.59631256594E-04    1.16818   0.93593
     4  1.000         4   4.000       5.000      2175.          6.37144498992E-04  7.20668994258E-04  6.56914638877E-04    1.13109   0.91153
     5  1.000         5   5.000       6.000      2035.          6.69820988777E-04  7.32476104719E-04  6.37325922491E-04    1.09354   0.87010
     6  1.000         6   6.000       7.000      1916.          6.99327539419E-04  7.45017562839E-04  6.81867487306E-04    1.06533   0.91524
     7  1.000         7   7.000       8.000      1816.          7.24912272154E-04  7.62919916933E-04  6.68652981491E-04    1.05243   0.87644
     8  1.000         8   8.000       9.000      1731.          7.48840476880E-04  7.69676909987E-04  7.11759604638E-04    1.02782   0.92475
     9  1.000         9   9.000       10.00      1655.          7.71571090269E-04  7.73785469330E-04  8.51451398342E-04    1.00287   1.10037
    10  2.000        10   10.00       12.00      1559.          8.00813982284E-04  7.97230102917E-04  7.50482125281E-04    0.99552   0.94136
    11  2.000        11   12.00       14.00      1454.          8.36239194779E-04  7.94805133016E-04  5.79571398933E-04    0.95045   0.72920
    12  2.000        12   14.00       16.00      1365.          8.67496849511E-04  8.23696745216E-04  7.39249479875E-04    0.94951   0.89748
 #=================================================================================================================================================================
 # My Cross Sections
 # The scale factors xmur, xmuf chosen here are:      2.000,      1.000
 #-----------------------------------------------------------------------------------------------------------------------------------------------------------------
 #IObs  BinSize  IODimO  [ Chi               ]  < ptavg_j12_ >  LO_cross_section   NLO_cross_section  NNLO_cross_section   KNLO      KNNLO
 #-----------------------------------------------------------------------------------------------------------------------------------------------------------------
     1  1.000         1   1.000       2.000      5516.          6.50812948040E-04  8.08080481662E-04  7.82283593209E-04    1.24165   0.96808
     2  1.000         2   2.000       3.000      5096.          5.93175229967E-04  6.96405974459E-04  6.45283586689E-04    1.17403   0.92659
     3  1.000         3   3.000       4.000      4690.          6.21268858059E-04  7.01395845398E-04  6.60173727211E-04    1.12897   0.94123
     4  1.000         4   4.000       5.000      4349.          6.55949037074E-04  7.18128815967E-04  6.57821682457E-04    1.09479   0.91602
     5  1.000         5   5.000       6.000      4071.          6.89541710743E-04  7.31015766550E-04  6.44908006703E-04    1.06015   0.88221
     6  1.000         6   6.000       7.000      3833.          7.19913981058E-04  7.44403411260E-04  7.01958844643E-04    1.03402   0.94298
     7  1.000         7   7.000       8.000      3633.          7.46297518948E-04  7.62646086109E-04  6.82893205318E-04    1.02191   0.89543
     8  1.000         8   8.000       9.000      3461.          7.70975780111E-04  7.70520036949E-04  7.32873220968E-04    0.99941   0.95114
     9  1.000         9   9.000       10.00      3311.          7.94445148687E-04  7.75323006228E-04  8.69452149266E-04    0.97593   1.12141
    10  2.000        10   10.00       12.00      3117.          8.24635979074E-04  7.99578623230E-04  7.73031271047E-04    0.96961   0.96680
    11  2.000        11   12.00       14.00      2908.          8.61241608849E-04  7.98434048308E-04  6.01037422091E-04    0.92707   0.75277
    12  2.000        12   14.00       16.00      2730.          8.93548206257E-04  8.27933030638E-04  7.44168250622E-04    0.92657   0.89883
