 ##################################################################################
 # INFO.    [fnlo-tk-cppread] Program to read fastNLO tables and derive
 # INFO.    [fnlo-tk-cppread] QCD cross sections using PDFs e.g. from LHAPDF
 #---------------------------------------------------------------------------------
 # INFO.    [fnlo-tk-cppread] For more explanations type:
 # INFO.    [fnlo-tk-cppread] ./fnlo-tk-cppread -h
 # INFO.    [fnlo-tk-cppread] For version number printout type:
 # INFO.    [fnlo-tk-cppread] ./fnlo-tk-cppread -v
 ##################################################################################

 ##################################################################################
 # [fnlo-tk-cppread] fastNLO Cross-Section Calculator
 #---------------------------------------------------------------------------------
 # [fnlo-tk-cppread] Evaluating table: 2jet.NNLO.fnl5662j_mjj1_chi.tab.gz
 # [fnlo-tk-cppread] Using PDF set   : CT14nnlo
 # [fnlo-tk-cppread] If possible, will try to do 7 scale factor variations.
 # [fnlo-tk-cppread] Using alpha_s evolution code: LHAPDF
 # [fnlo-tk-cppread] Preparing unnormalized cross sections,
 # [fnlo-tk-cppread] Using scale definition kScale2
 # [fnlo-tk-cppread] No request given for no. of flavours,
 #             using default value for LHAPDF or Nf = 5.
 # [fnlo-tk-cppread] No request given for no. of loops,
 #             using default value for LHAPDF or NLoop = 2.
 # [fnlo-tk-cppread] No request given for value of alpha_s(M_Z),
 #             using default value for LHAPDF or asMz = 0.1181.
 # [fnlo-tk-cppread] No request given for value of M_Z,
 #             using default value for LHAPDF or Mz = 91.1876.
 ##################################################################################

 ##################################################################################
 #
 # [0;31mfast[0;34mNLO[0m_toolkit
 # Version 2.3.1_2771
 #
 # C++ program and toolkit to read and create fastNLO v2 tables and
 # derive QCD cross sections using PDFs, e.g. from LHAPDF
 #
 #---------------------------------------------------------------------------------
 #
 # Copyright © 2005-2020 [0;31mfast[0;34mNLO[0m Collaboration
 # D. Britzger, T. Kluge, K. Rabbertz, F. Stober, G. Sieber, M. Wobisch
 #
 # This program is free software: you can redistribute it and/or modify
 # it under the terms of the GNU General Public License as published by
 # the Free Software Foundation, either version 3 of the License, or
 # (at your option) any later version.
 #
 # This program is distributed in the hope that it will be useful,
 # but WITHOUT ANY WARRANTY; without even the implied warranty of
 # MERCHANTABILITY or FITNESS FOR A PARTICULAR PURPOSE. See the
 # GNU General Public License for more details.
 #
 # You should have received a copy of the GNU General Public License
 # along with this program. If not, see <http://www.gnu.org/licenses/>.
 #
 #---------------------------------------------------------------------------------
 #
 # The projects web page can be found at:
 #   http://projects.hepforge.org/fastnlo
 #
 # If you use this code, please cite:
 #   T. Kluge, K. Rabbertz, M. Wobisch, hep-ph/0609285
 #   D. Britzger, T. Kluge, K. Rabbertz, F. Stober, M. Wobisch, arXiv:1109.1310
 #
 ##################################################################################

 ##################################################################################
 # Overview on contribution types and numbers contained in table: 2jet.NNLO.fnl5662j_mjj1_chi.tab.gz
 #---------------------------------------------------------------------------------
 # Total number of contributions:  3
 #   No.: 1, type: Fixed order calculation       , Id: 0, order: LO                  , by: NNLOJET_rev_5088
 #   No.: 2, type: Fixed order calculation       , Id: 1, order: NLO                 , by: NNLOJET_rev_5088
 #   No.: 3, type: Fixed order calculation       , Id: 2, order: NNLO                , by: NNLOJET_rev_5088
 ##################################################################################

 ##################################################################################
 # Information on table header
 #---------------------------------------------------------------------------------
 #===================== fastNLO Table: Header ====================
 # Table version (Itabversion)         23600
 # Scenario name (ScenName)            fnl5662j
 # Theory contributions (Ncontrib)     3
 # Data contribution 0/1 (Ndata)       0
 ##################################################################################

 ##################################################################################
 # Information on fastNLO scenario: fnl5662j
 #---------------------------------------------------------------------------------
 #===================== fastNLO Table: Scenario ====================
 # Scenario description (ScDescript)
 #   0	d2sigma-dijet_dChi_dMjj_[pb_GeV]
 #   1	CMS_Collaboration
 #   2	Dijet_Chi
 #   3	anti-kT_R=0.4
 #   4	THEORY_LABEL=NNLOJET
 #   5	provided by:
 #   6	fastNLO_2.3.1
 #   7	If you use this table, please cite:
 #   8	  D. Britzger, T. Kluge, K. Rabbertz, F. Stober, M. Wobisch, arXiv:1109.1310
 #
 # Publ. x section (10^-Ipublunits b)  12
 # Centre-of-mass energy (Ecms/GeV)    13000
 # Power in a_s of LO process (ILOord) 2
 # No. of observable bins (NObsBin)    12
 # Dim. of observable binning (NDim)   1
 #
 # Dimension labels (DimLabel)
 #   0	Chi
 # Differential dimension (IDiffBin)
 #   0	2
 #
 # Total no. of contributions (theory + optional data) in this table: 3
 ##################################################################################

 ##################################################################################
 # Information on table contribution no. 0: LO
 #---------------------------------------------------------------------------------
 #===================== fastNLO Table: CoeffBase ====================
 # Contribution description (CtrbDescript)
 #   0	LO
 # Code description (CodeDescript)
 #   0	NNLOJET_rev_5088
 #   1	Example for single jet inclusive production.
 #   2	Please adapt to selected process: 2jet
 #   3	Please cite:
 #   4	Currie, J.; Glover, E.W.N. & Pires, J., Phys. Rev. Lett., 2017, 118, 072002 [arXiv:1611.01460]
 #   5	2jet
 #   6	PC: Please check and modify NNLOJET references according to selected process.
 #===================== fastNLO Table: CoeffAddBase ====================
 # No. of events (Nevt)                0.000000
 # Weight of table [=Nevt] (fWgtNevt)  0.000000
 # Number of tables merged together    150
 # No. of filled events (WgtNumEv)     69375582203
 # Sum of weights squared (WgtSumW2)   246340940000000.000000
 # Sum of sigma squared (SigSumW2)     907794.420000
 # Sum of sigma (SigSum)               26743556.000000
 # Sigma / Nevt (SigSum/WgtNevt)       12938484958761521670251388211597753109489421123584.000000
 # Abs. order in a_s (Npow)            2
 # No. of hadrons involved (NPDF)      2
 # Type(s) of hadrons (NPDFPDG)
 #   0	2212
 #   1	2212
 # PDF storage format (NPDFDim)        2
 #   --> x-interpolation storage format: Full-Matrix
 # Observable bin no. 1
 #   No. of X1 nodes (XNode1[i].size())          20
 # Observable bin no. 12
 #   No. of X1 nodes (XNode1[i].size())          20
 # No. of scales involved (NScales)    1
 # Scale descriptions (ScaleDescript)
 #   0	ptavg_j12_[GeV]
 #   1	m12_[GeV]
 # No. of subprocess contributions     13
 #ISub  Processes
 #   0: (0,0), 
 #   1: (1,0), (2,0), (3,0), (4,0), (5,0), 
 #   2: (1,-1), (2,-2), (3,-3), (4,-4), (5,-5), 
 #   3: (0,1), (0,2), (0,3), (0,4), (0,5), 
 #   4: (-1,1), (-2,2), (-3,3), (-4,4), (-5,5), 
 #   5: (0,-1), (0,-2), (0,-3), (0,-4), (0,-5), 
 #   6: (-1,0), (-2,0), (-3,0), (-4,0), (-5,0), 
 #   7: (1,-1), (1,-2), (1,-3), (1,-4), (1,-5), (2,-1), (2,-2), (2,-3), (2,-4), (2,-5), (3,-1), (3,-2), (3,-3), (3,-4), (3,-5), (4,-1), (4,-2), (4,-3), (4,-4), (4,-5), (5,-1), (5,-2), (5,-3), (5,-4), (5,-5), 
 #   8: (1,1), (1,2), (1,3), (1,4), (1,5), (2,1), (2,2), (2,3), (2,4), (2,5), (3,1), (3,2), (3,3), (3,4), (3,5), (4,1), (4,2), (4,3), (4,4), (4,5), (5,1), (5,2), (5,3), (5,4), (5,5), 
 #   9: (-1,-1), (-1,-2), (-1,-3), (-1,-4), (-1,-5), (-2,-1), (-2,-2), (-2,-3), (-2,-4), (-2,-5), (-3,-1), (-3,-2), (-3,-3), (-3,-4), (-3,-5), (-4,-1), (-4,-2), (-4,-3), (-4,-4), (-4,-5), (-5,-1), (-5,-2), (-5,-3), (-5,-4), (-5,-5), 
 #  10: (-1,1), (-1,2), (-1,3), (-1,4), (-1,5), (-2,1), (-2,2), (-2,3), (-2,4), (-2,5), (-3,1), (-3,2), (-3,3), (-3,4), (-3,5), (-4,1), (-4,2), (-4,3), (-4,4), (-4,5), (-5,1), (-5,2), (-5,3), (-5,4), (-5,5), 
 #  11: (1,1), (2,2), (3,3), (4,4), (5,5), 
 #  12: (-1,-1), (-2,-2), (-3,-3), (-4,-4), (-5,-5), 
 #===================== fastNLO Table: CoeffAddFlex ====================
 # No. of scale1 nodes (Nscalenode1)   6
 # No. of scale2 nodes (Nscalenode2)   6
 ##################################################################################

 ##################################################################################
 # Information on table contribution no. 1: NLO
 #---------------------------------------------------------------------------------
 #===================== fastNLO Table: CoeffBase ====================
 # Contribution description (CtrbDescript)
 #   0	NLO
 # Code description (CodeDescript)
 #   0	NNLOJET_rev_5088
 #   1	Example for single jet inclusive production.
 #   2	Please adapt to selected process: 2jet
 #   3	Please cite:
 #   4	Currie, J.; Glover, E.W.N. & Pires, J., Phys. Rev. Lett., 2017, 118, 072002 [arXiv:1611.01460]
 #   5	2jet
 #   6	PC: Please check and modify NNLOJET references according to selected process.
 #===================== fastNLO Table: CoeffAddBase ====================
 # No. of events (Nevt)                1.000000
 # Weight of table [=Nevt] (fWgtNevt)  1.000000
 # Number of tables merged together    550
 # No. of filled events (WgtNumEv)     742485722421
 # Sum of weights squared (WgtSumW2)   1180014200000000004045406208.000000
 # Sum of sigma squared (SigSumW2)     1409842400000000.000000
 # Sum of sigma (SigSum)               -3742164.000000
 # Sigma / Nevt (SigSum/WgtNevt)       -3742164.000000
 # Abs. order in a_s (Npow)            3
 # No. of hadrons involved (NPDF)      2
 # Type(s) of hadrons (NPDFPDG)
 #   0	2212
 #   1	2212
 # PDF storage format (NPDFDim)        2
 #   --> x-interpolation storage format: Full-Matrix
 # Observable bin no. 1
 #   No. of X1 nodes (XNode1[i].size())          20
 # Observable bin no. 12
 #   No. of X1 nodes (XNode1[i].size())          20
 # No. of scales involved (NScales)    1
 # Scale descriptions (ScaleDescript)
 #   0	ptavg_j12_[GeV]
 #   1	m12_[GeV]
 # No. of subprocess contributions     13
 #ISub  Processes
 #   0: (0,0), 
 #   1: (1,0), (2,0), (3,0), (4,0), (5,0), 
 #   2: (1,-1), (2,-2), (3,-3), (4,-4), (5,-5), 
 #   3: (0,1), (0,2), (0,3), (0,4), (0,5), 
 #   4: (-1,1), (-2,2), (-3,3), (-4,4), (-5,5), 
 #   5: (0,-1), (0,-2), (0,-3), (0,-4), (0,-5), 
 #   6: (-1,0), (-2,0), (-3,0), (-4,0), (-5,0), 
 #   7: (1,1), (1,2), (1,3), (1,4), (1,5), (2,1), (2,2), (2,3), (2,4), (2,5), (3,1), (3,2), (3,3), (3,4), (3,5), (4,1), (4,2), (4,3), (4,4), (4,5), (5,1), (5,2), (5,3), (5,4), (5,5), 
 #   8: (1,-1), (1,-2), (1,-3), (1,-4), (1,-5), (2,-1), (2,-2), (2,-3), (2,-4), (2,-5), (3,-1), (3,-2), (3,-3), (3,-4), (3,-5), (4,-1), (4,-2), (4,-3), (4,-4), (4,-5), (5,-1), (5,-2), (5,-3), (5,-4), (5,-5), 
 #   9: (-1,1), (-1,2), (-1,3), (-1,4), (-1,5), (-2,1), (-2,2), (-2,3), (-2,4), (-2,5), (-3,1), (-3,2), (-3,3), (-3,4), (-3,5), (-4,1), (-4,2), (-4,3), (-4,4), (-4,5), (-5,1), (-5,2), (-5,3), (-5,4), (-5,5), 
 #  10: (-1,-1), (-1,-2), (-1,-3), (-1,-4), (-1,-5), (-2,-1), (-2,-2), (-2,-3), (-2,-4), (-2,-5), (-3,-1), (-3,-2), (-3,-3), (-3,-4), (-3,-5), (-4,-1), (-4,-2), (-4,-3), (-4,-4), (-4,-5), (-5,-1), (-5,-2), (-5,-3), (-5,-4), (-5,-5), 
 #  11: (1,1), (2,2), (3,3), (4,4), (5,5), 
 #  12: (-1,-1), (-2,-2), (-3,-3), (-4,-4), (-5,-5), 
 #===================== fastNLO Table: CoeffAddFlex ====================
 # No. of scale1 nodes (Nscalenode1)   6
 # No. of scale2 nodes (Nscalenode2)   6
 ##################################################################################

 ##################################################################################
 # Information on table contribution no. 2: NNLO
 #---------------------------------------------------------------------------------
 #===================== fastNLO Table: CoeffBase ====================
 # Contribution description (CtrbDescript)
 #   0	NNLO
 # Code description (CodeDescript)
 #   0	NNLOJET_rev_5088
 #   1	Example for single jet inclusive production.
 #   2	Please adapt to selected process: 2jet
 #   3	Please cite:
 #   4	Currie, J.; Glover, E.W.N. & Pires, J., Phys. Rev. Lett., 2017, 118, 072002 [arXiv:1611.01460]
 #   5	2jet
 #   6	PC: Please check and modify NNLOJET references according to selected process.
 #===================== fastNLO Table: CoeffAddBase ====================
 # No. of events (Nevt)                1.000000
 # Weight of table [=Nevt] (fWgtNevt)  1.000000
 # Number of tables merged together    7750
 # No. of filled events (WgtNumEv)     5272908085124
 # Sum of weights squared (WgtSumW2)   3017312800000000273761264182033907712.000000
 # Sum of sigma squared (SigSumW2)     230139619999999983616.000000
 # Sum of sigma (SigSum)               -136215810.000000
 # Sigma / Nevt (SigSum/WgtNevt)       -136215810.000000
 # Abs. order in a_s (Npow)            4
 # No. of hadrons involved (NPDF)      2
 # Type(s) of hadrons (NPDFPDG)
 #   0	2212
 #   1	2212
 # PDF storage format (NPDFDim)        2
 #   --> x-interpolation storage format: Full-Matrix
 # Observable bin no. 1
 #   No. of X1 nodes (XNode1[i].size())          20
 # Observable bin no. 12
 #   No. of X1 nodes (XNode1[i].size())          20
 # No. of scales involved (NScales)    1
 # Scale descriptions (ScaleDescript)
 #   0	ptavg_j12_[GeV]
 #   1	m12_[GeV]
 # No. of subprocess contributions     13
 #ISub  Processes
 #   0: (0,0), 
 #   1: (1,0), (2,0), (3,0), (4,0), (5,0), 
 #   2: (1,-1), (2,-2), (3,-3), (4,-4), (5,-5), 
 #   3: (0,1), (0,2), (0,3), (0,4), (0,5), 
 #   4: (-1,1), (-2,2), (-3,3), (-4,4), (-5,5), 
 #   5: (0,-1), (0,-2), (0,-3), (0,-4), (0,-5), 
 #   6: (-1,0), (-2,0), (-3,0), (-4,0), (-5,0), 
 #   7: (1,1), (1,2), (1,3), (1,4), (1,5), (2,1), (2,2), (2,3), (2,4), (2,5), (3,1), (3,2), (3,3), (3,4), (3,5), (4,1), (4,2), (4,3), (4,4), (4,5), (5,1), (5,2), (5,3), (5,4), (5,5), 
 #   8: (1,-1), (1,-2), (1,-3), (1,-4), (1,-5), (2,-1), (2,-2), (2,-3), (2,-4), (2,-5), (3,-1), (3,-2), (3,-3), (3,-4), (3,-5), (4,-1), (4,-2), (4,-3), (4,-4), (4,-5), (5,-1), (5,-2), (5,-3), (5,-4), (5,-5), 
 #   9: (-1,1), (-1,2), (-1,3), (-1,4), (-1,5), (-2,1), (-2,2), (-2,3), (-2,4), (-2,5), (-3,1), (-3,2), (-3,3), (-3,4), (-3,5), (-4,1), (-4,2), (-4,3), (-4,4), (-4,5), (-5,1), (-5,2), (-5,3), (-5,4), (-5,5), 
 #  10: (-1,-1), (-1,-2), (-1,-3), (-1,-4), (-1,-5), (-2,-1), (-2,-2), (-2,-3), (-2,-4), (-2,-5), (-3,-1), (-3,-2), (-3,-3), (-3,-4), (-3,-5), (-4,-1), (-4,-2), (-4,-3), (-4,-4), (-4,-5), (-5,-1), (-5,-2), (-5,-3), (-5,-4), (-5,-5), 
 #  11: (1,1), (2,2), (3,3), (4,4), (5,5), 
 #  12: (-1,-1), (-2,-2), (-3,-3), (-4,-4), (-5,-5), 
 #===================== fastNLO Table: CoeffAddFlex ====================
 # No. of scale1 nodes (Nscalenode1)   6
 # No. of scale2 nodes (Nscalenode2)   6
 ##################################################################################
LHAPDF 6.3.0 loading /home/rabbertz/local/share/LHAPDF/CT14nnlo/CT14nnlo_0000.dat
CT14nnlo PDF set, member #0, version 1; LHAPDF ID = 13000
LHAPDF 6.3.0 loading /home/rabbertz/local/share/LHAPDF/CT14nnlo/CT14nnlo_0000.dat
CT14nnlo PDF set, member #0, version 1; LHAPDF ID = 13000

 ##################################################################################################################################################################
 # [fnlo-tk-cppread] Calculate my cross sections
 ##################################################################################################################################################################
 #=================================================================================================================================================================
 # My Cross Sections
 # The scale factors xmur, xmuf chosen here are:      1.000,      1.000
 #-----------------------------------------------------------------------------------------------------------------------------------------------------------------
 #IObs  BinSize  IODimO  [ Chi               ]  < ptavg_j12_ >  LO_cross_section   NLO_cross_section  NNLO_cross_section   KNLO      KNNLO
 #-----------------------------------------------------------------------------------------------------------------------------------------------------------------
     1  1.000         1   1.000       2.000      1652.          1.11310026146E+01  1.33976999060E+01  1.28793279538E+01    1.20364   0.96131
     2  1.000         2   2.000       3.000      1652.          9.15473836089E+00  1.11084419179E+01  1.07715879057E+01    1.21341   0.96968
     3  1.000         3   3.000       4.000      1652.          8.87152385004E+00  1.08498874052E+01  1.04554278578E+01    1.22300   0.96364
     4  1.000         4   4.000       5.000      1652.          8.85401497576E+00  1.09070801313E+01  1.04947704833E+01    1.23188   0.96220
     5  1.000         5   5.000       6.000      1652.          8.89639000668E+00  1.10446395867E+01  1.09061898433E+01    1.24147   0.98746
     6  1.000         6   6.000       7.000      1652.          8.95234942784E+00  1.11932639318E+01  1.09930543862E+01    1.25032   0.98211
     7  1.000         7   7.000       8.000      1652.          9.00702208025E+00  1.13234953303E+01  1.09841546565E+01    1.25719   0.97003
     8  1.000         8   8.000       9.000      1652.          9.05856398706E+00  1.14982799216E+01  1.15371058543E+01    1.26933   1.00338
     9  1.000         9   9.000       10.00      1652.          9.10458679855E+00  1.15578455034E+01  1.13359052302E+01    1.26945   0.98080
    10  2.000        10   10.00       12.00      1652.          9.16383373246E+00  1.17843479149E+01  1.15295498421E+01    1.28596   0.97838
    11  2.000        11   12.00       14.00      1652.          9.22519194280E+00  1.19542768755E+01  1.18143662944E+01    1.29583   0.98830
    12  2.000        12   14.00       16.00      1652.          9.28136177599E+00  1.21370552767E+01  1.18363441678E+01    1.30768   0.97522
 #=================================================================================================================================================================
 # My Cross Sections
 # The scale factors xmur, xmuf chosen here are:      0.500,      0.500
 #-----------------------------------------------------------------------------------------------------------------------------------------------------------------
 #IObs  BinSize  IODimO  [ Chi               ]  < ptavg_j12_ >  LO_cross_section   NLO_cross_section  NNLO_cross_section   KNLO      KNNLO
 #-----------------------------------------------------------------------------------------------------------------------------------------------------------------
     1  1.000         1   1.000       2.000      826.0          1.42712094874E+01  1.37685802138E+01  1.25114833289E+01    0.96478   0.90870
     2  1.000         2   2.000       3.000      826.0          1.17249231094E+01  1.14546981909E+01  1.05184252984E+01    0.97695   0.91826
     3  1.000         3   3.000       4.000      826.1          1.13546490314E+01  1.12226665029E+01  1.01626779280E+01    0.98838   0.90555
     4  1.000         4   4.000       5.000      826.1          1.13279515684E+01  1.13124763944E+01  1.02014898788E+01    0.99863   0.90179
     5  1.000         5   5.000       6.000      826.1          1.13795277055E+01  1.14851690723E+01  1.06902250887E+01    1.00928   0.93079
     6  1.000         6   6.000       7.000      826.2          1.14493027682E+01  1.16681839817E+01  1.07534927165E+01    1.01912   0.92161
     7  1.000         7   7.000       8.000      826.2          1.15179352846E+01  1.18257033571E+01  1.06773702328E+01    1.02672   0.90290
     8  1.000         8   8.000       9.000      825.9          1.15828826463E+01  1.20462462033E+01  1.13852730293E+01    1.04000   0.94513
     9  1.000         9   9.000       10.00      826.3          1.16410031661E+01  1.21084820615E+01  1.10771577949E+01    1.04016   0.91483
    10  2.000        10   10.00       12.00      826.0          1.17159559527E+01  1.23972114384E+01  1.12924854462E+01    1.05815   0.91089
    11  2.000        11   12.00       14.00      825.9          1.17936217741E+01  1.26056206716E+01  1.15378184936E+01    1.06885   0.91529
    12  2.000        12   14.00       16.00      826.0          1.18648853788E+01  1.28351276847E+01  1.15587782251E+01    1.08177   0.90056
 #=================================================================================================================================================================
 # My Cross Sections
 # The scale factors xmur, xmuf chosen here are:      2.000,      2.000
 #-----------------------------------------------------------------------------------------------------------------------------------------------------------------
 #IObs  BinSize  IODimO  [ Chi               ]  < ptavg_j12_ >  LO_cross_section   NLO_cross_section  NNLO_cross_section   KNLO      KNNLO
 #-----------------------------------------------------------------------------------------------------------------------------------------------------------------
     1  1.000         1   1.000       2.000      3303.          8.82843076212E+00  1.24638174129E+01  1.29178195035E+01    1.41178   1.03643
     2  1.000         2   2.000       3.000      3303.          7.26815640629E+00  1.03171779583E+01  1.07615700612E+01    1.41950   1.04307
     3  1.000         3   3.000       4.000      3304.          7.04763640603E+00  1.00607209740E+01  1.04633567364E+01    1.42753   1.04002
     4  1.000         4   4.000       5.000      3304.          7.03619497782E+00  1.00985345290E+01  1.04968511612E+01    1.43523   1.03944
     5  1.000         5   5.000       6.000      3304.          7.07139117799E+00  1.02104856551E+01  1.08414500321E+01    1.44391   1.06180
     6  1.000         6   6.000       7.000      3304.          7.11691065065E+00  1.03330632660E+01  1.09357656311E+01    1.45190   1.05833
     7  1.000         7   7.000       8.000      3304.          7.16111673379E+00  1.04418775753E+01  1.09626147126E+01    1.45814   1.04987
     8  1.000         8   8.000       9.000      3303.          7.20265092778E+00  1.05827977357E+01  1.14016216191E+01    1.46929   1.07737
     9  1.000         9   9.000       10.00      3304.          7.23966422112E+00  1.06378950341E+01  1.12709787187E+01    1.46939   1.05951
    10  2.000        10   10.00       12.00      3304.          7.28723626696E+00  1.08187893646E+01  1.14433698951E+01    1.48462   1.05773
    11  2.000        11   12.00       14.00      3304.          7.33648538341E+00  1.09589455832E+01  1.17285326600E+01    1.49376   1.07022
    12  2.000        12   14.00       16.00      3304.          7.38146980646E+00  1.11067392011E+01  1.17526985436E+01    1.50468   1.05816
 #=================================================================================================================================================================
 # My Cross Sections
 # The scale factors xmur, xmuf chosen here are:      0.500,      1.000
 #-----------------------------------------------------------------------------------------------------------------------------------------------------------------
 #IObs  BinSize  IODimO  [ Chi               ]  < ptavg_j12_ >  LO_cross_section   NLO_cross_section  NNLO_cross_section   KNLO      KNNLO
 #-----------------------------------------------------------------------------------------------------------------------------------------------------------------
     1  1.000         1   1.000       2.000      825.9          1.29271794013E+01  1.38242230449E+01  1.26254286338E+01    1.06939   0.91328
     2  1.000         2   2.000       3.000      826.0          1.06319884295E+01  1.14816225686E+01  1.06015293067E+01    1.07991   0.92335
     3  1.000         3   3.000       4.000      826.1          1.03030587571E+01  1.12332254650E+01  1.02617480778E+01    1.09028   0.91352
     4  1.000         4   4.000       5.000      826.0          1.02827171848E+01  1.13095244393E+01  1.02980976364E+01    1.09986   0.91057
     5  1.000         5   5.000       6.000      826.1          1.03319251613E+01  1.14700470215E+01  1.07662273760E+01    1.11016   0.93864
     6  1.000         6   6.000       7.000      826.2          1.03969101494E+01  1.16412970613E+01  1.08440651400E+01    1.11969   0.93152
     7  1.000         7   7.000       8.000      826.2          1.04604028127E+01  1.17895240445E+01  1.07866955308E+01    1.12706   0.91494
     8  1.000         8   8.000       9.000      825.9          1.05202598225E+01  1.19951360069E+01  1.14495244474E+01    1.14019   0.95451
     9  1.000         9   9.000       10.00      826.3          1.05737058642E+01  1.20566536608E+01  1.11759105818E+01    1.14025   0.92695
    10  2.000        10   10.00       12.00      826.0          1.06425099495E+01  1.23249768762E+01  1.13944870261E+01    1.15809   0.92450
    11  2.000        11   12.00       14.00      825.9          1.07137672262E+01  1.25215460711E+01  1.16469613446E+01    1.16873   0.93015
    12  2.000        12   14.00       16.00      826.0          1.07790062838E+01  1.27355680057E+01  1.16856820315E+01    1.18152   0.91756
 #=================================================================================================================================================================
 # My Cross Sections
 # The scale factors xmur, xmuf chosen here are:      1.000,      0.500
 #-----------------------------------------------------------------------------------------------------------------------------------------------------------------
 #IObs  BinSize  IODimO  [ Chi               ]  < ptavg_j12_ >  LO_cross_section   NLO_cross_section  NNLO_cross_section   KNLO      KNNLO
 #-----------------------------------------------------------------------------------------------------------------------------------------------------------------
     1  1.000         1   1.000       2.000      1652.          1.22883256414E+01  1.35977484739E+01  1.28098491092E+01    1.10656   0.94206
     2  1.000         2   2.000       3.000      1652.          1.00958491544E+01  1.12857653324E+01  1.07264187746E+01    1.11786   0.95044
     3  1.000         3   3.000       4.000      1652.          9.77703483919E+00  1.10327433268E+01  1.04024257306E+01    1.12843   0.94287
     4  1.000         4   4.000       5.000      1652.          9.75405364675E+00  1.10995642834E+01  1.04464078506E+01    1.13794   0.94115
     5  1.000         5   5.000       6.000      1652.          9.79846830660E+00  1.12473110706E+01  1.08789315471E+01    1.14786   0.96725
     6  1.000         6   6.000       7.000      1652.          9.85855276213E+00  1.14062115730E+01  1.09566788891E+01    1.15699   0.96059
     7  1.000         7   7.000       8.000      1652.          9.91765147290E+00  1.15448255401E+01  1.09362871602E+01    1.16407   0.94729
     8  1.000         8   8.000       9.000      1652.          9.97357679337E+00  1.17324255730E+01  1.15274913606E+01    1.17635   0.98253
     9  1.000         9   9.000       10.00      1653.          1.00236249881E+01  1.17934804809E+01  1.12991706143E+01    1.17657   0.95809
    10  2.000        10   10.00       12.00      1652.          1.00881667524E+01  1.20373674001E+01  1.14918840415E+01    1.19322   0.95468
    11  2.000        11   12.00       14.00      1652.          1.01550434431E+01  1.22179070470E+01  1.17798909755E+01    1.20314   0.96415
    12  2.000        12   14.00       16.00      1652.          1.02164004841E+01  1.24141579838E+01  1.17863687181E+01    1.21512   0.94943
 #=================================================================================================================================================================
 # My Cross Sections
 # The scale factors xmur, xmuf chosen here are:      1.000,      2.000
 #-----------------------------------------------------------------------------------------------------------------------------------------------------------------
 #IObs  BinSize  IODimO  [ Chi               ]  < ptavg_j12_ >  LO_cross_section   NLO_cross_section  NNLO_cross_section   KNLO      KNNLO
 #-----------------------------------------------------------------------------------------------------------------------------------------------------------------
     1  1.000         1   1.000       2.000      1652.          1.01437832533E+01  1.32086611712E+01  1.29437392045E+01    1.30214   0.97994
     2  1.000         2   2.000       3.000      1652.          8.35102703632E+00  1.09432905128E+01  1.08142392242E+01    1.31041   0.98821
     3  1.000         3   3.000       4.000      1652.          8.09764219538E+00  1.06811551067E+01  1.05047538676E+01    1.31905   0.98348
     4  1.000         4   4.000       5.000      1652.          8.08449099727E+00  1.07305600774E+01  1.05399912852E+01    1.32730   0.98224
     5  1.000         5   5.000       6.000      1652.          8.12492765443E+00  1.08595823765E+01  1.09334631251E+01    1.33658   1.00680
     6  1.000         6   6.000       7.000      1652.          8.17722602569E+00  1.09995385670E+01  1.10277096847E+01    1.34514   1.00256
     7  1.000         7   7.000       8.000      1652.          8.22801675931E+00  1.11226052523E+01  1.10289373727E+01    1.35180   0.99158
     8  1.000         8   8.000       9.000      1652.          8.27573771394E+00  1.12864334870E+01  1.15491578282E+01    1.36380   1.02328
     9  1.000         9   9.000       10.00      1652.          8.31826334348E+00  1.13446918617E+01  1.13710035064E+01    1.36383   1.00232
    10  2.000        10   10.00       12.00      1652.          8.37292086672E+00  1.15563035415E+01  1.15643943894E+01    1.38020   1.00070
    11  2.000        11   12.00       14.00      1652.          8.42950614650E+00  1.17170553236E+01  1.18470048393E+01    1.39000   1.01109
    12  2.000        12   14.00       16.00      1652.          8.48119641374E+00  1.18882655981E+01  1.18814884139E+01    1.40172   0.99943
 #=================================================================================================================================================================
 # My Cross Sections
 # The scale factors xmur, xmuf chosen here are:      2.000,      1.000
 #-----------------------------------------------------------------------------------------------------------------------------------------------------------------
 #IObs  BinSize  IODimO  [ Chi               ]  < ptavg_j12_ >  LO_cross_section   NLO_cross_section  NNLO_cross_section   KNLO      KNNLO
 #-----------------------------------------------------------------------------------------------------------------------------------------------------------------
     1  1.000         1   1.000       2.000      3303.          9.68766135435E+00  1.27865445467E+01  1.29270091792E+01    1.31988   1.01099
     2  1.000         2   2.000       3.000      3304.          7.96767132920E+00  1.05890574115E+01  1.07788571368E+01    1.32900   1.01792
     3  1.000         3   3.000       4.000      3304.          7.72118973851E+00  1.03303787235E+01  1.04764890609E+01    1.33793   1.01414
     4  1.000         4   4.000       5.000      3304.          7.70595600757E+00  1.03737615980E+01  1.05146058123E+01    1.34620   1.01358
     5  1.000         5   5.000       6.000      3304.          7.74283956897E+00  1.04929992837E+01  1.08765999932E+01    1.35519   1.03656
     6  1.000         6   6.000       7.000      3305.          7.79154569935E+00  1.06232453437E+01  1.09665342428E+01    1.36343   1.03231
     7  1.000         7   7.000       8.000      3304.          7.83913056612E+00  1.07385583839E+01  1.09874001240E+01    1.36987   1.02317
     8  1.000         8   8.000       9.000      3304.          7.88399046827E+00  1.08890022672E+01  1.14544654515E+01    1.38115   1.05193
     9  1.000         9   9.000       10.00      3305.          7.92404772181E+00  1.09458050112E+01  1.13055930071E+01    1.38134   1.03287
    10  2.000        10   10.00       12.00      3304.          7.97561436430E+00  1.11395504857E+01  1.14793741268E+01    1.39670   1.03051
    11  2.000        11   12.00       14.00      3304.          8.02901774164E+00  1.12879656886E+01  1.17719115125E+01    1.40590   1.04287
    12  2.000        12   14.00       16.00      3304.          8.07790069237E+00  1.14459221495E+01  1.17852886468E+01    1.41694   1.02965
